INFO: Running with entropic power schedule (0xFF, 100).
INFO: Seed: 3931260442
INFO: Loaded 1 modules   (121640 inline 8-bit counters): 121640 [0x5643af22ab00, 0x5643af248628), 
INFO: Loaded 1 PC tables (121640 PCs): 121640 [0x5643af248628,0x5643af4238a8), 
INFO: -fork=5: fuzzing in separate process(s)
INFO: -fork=5: 0 seed inputs, starting to fuzz in /tmp/libFuzzerTemp.FuzzWithFork10030.dir
#512: cov: 0 ft: 0 corp: 0 exec/s: 512 oom/timeout/crash: 0/0/0 time: 1s job: 2 dft_time: 0
  NEW_FUNC: 0x5643ae3fa6b0 in LLVMFuzzerTestOneInput /src/h5_dataspace_encode_decode_fuzzer.c:47
  NEW_FUNC: 0x5643ae3fabe0 in null_error_handler /src/h5_dataspace_encode_decode_fuzzer.c:39
  NEW_FUNC: 0x5643ae401cc0 in H5Eset_auto2 /src/hdf5/src/H5E.c:767
  NEW_FUNC: 0x5643ae404480 in H5E_init /src/hdf5/src/H5Eint.c:217
  NEW_FUNC: 0x5643ae404610 in H5E__init_package /src/hdf5/src/H5Eint.c:241
  NEW_FUNC: 0x5643ae408fd0 in H5E_printf_stack /src/hdf5/src/H5Eint.c:1547
  NEW_FUNC: 0x5643ae40a3c0 in H5E_clear_stack /src/hdf5/src/H5Eint.c:1844
  NEW_FUNC: 0x5643ae40a680 in H5E_user_cb_prepare /src/hdf5/src/H5Eint.c:367
  NEW_FUNC: 0x5643ae40a9a0 in H5E_user_cb_restore /src/hdf5/src/H5Eint.c:406
  NEW_FUNC: 0x5643ae40e8a0 in H5E__get_auto /src/hdf5/src/H5Eint.c:1453
  NEW_FUNC: 0x5643ae40eca0 in H5E__set_auto /src/hdf5/src/H5Eint.c:1523
  NEW_FUNC: 0x5643ae40f340 in H5E__clear_entries /src/hdf5/src/H5Eint.c:1775
  NEW_FUNC: 0x5643ae40f980 in H5E_dump_api_stack /src/hdf5/src/H5Eint.c:1939
  NEW_FUNC: 0x5643ae4119a0 in H5FL_reg_free /src/hdf5/src/H5FL.c:277
  NEW_FUNC: 0x5643ae411fb0 in H5FL_reg_malloc /src/hdf5/src/H5FL.c:334
  NEW_FUNC: 0x5643ae412640 in H5FL_reg_calloc /src/hdf5/src/H5FL.c:386
  NEW_FUNC: 0x5643ae416950 in H5FL_fac_init /src/hdf5/src/H5FL.c:1695
  NEW_FUNC: 0x5643ae416e30 in H5FL_fac_free /src/hdf5/src/H5FL.c:1758
  NEW_FUNC: 0x5643ae417440 in H5FL_fac_malloc /src/hdf5/src/H5FL.c:1814
  NEW_FUNC: 0x5643ae4193f0 in H5I_register_type /src/hdf5/src/H5Iint.c:242
  NEW_FUNC: 0x5643ae41b1e0 in H5I__register /src/hdf5/src/H5Iint.c:581
  NEW_FUNC: 0x5643ae41ccb0 in H5I_register /src/hdf5/src/H5Iint.c:639
  NEW_FUNC: 0x5643ae41ea30 in H5I__find_id /src/hdf5/src/H5Iint.c:1666
  NEW_FUNC: 0x5643ae41f600 in H5I_object /src/hdf5/src/H5Iint.c:779
  NEW_FUNC: 0x5643ae41f740 in H5I_object_verify /src/hdf5/src/H5Iint.c:807
  NEW_FUNC: 0x5643ae41f8c0 in H5I_get_type /src/hdf5/src/H5Iint.c:840
  NEW_FUNC: 0x5643ae422300 in H5I_inc_ref /src/hdf5/src/H5Iint.c:1357
  NEW_FUNC: 0x5643ae4249e0 in H5MM_realloc /src/hdf5/src/H5MM.c:77
  NEW_FUNC: 0x5643ae424a70 in H5MM_xstrdup /src/hdf5/src/H5MM.c:109
  NEW_FUNC: 0x5643ae424b30 in H5MM_strdup /src/hdf5/src/H5MM.c:136
  NEW_FUNC: 0x5643ae424d90 in H5MM_xfree /src/hdf5/src/H5MM.c:197
  NEW_FUNC: 0x5643ae424dc0 in H5MM_xfree_const /src/hdf5/src/H5MM.c:219
  NEW_FUNC: 0x5643ae424df0 in H5S_init /src/hdf5/src/H5S.c:114
  NEW_FUNC: 0x5643ae424f20 in H5S__init_package /src/hdf5/src/H5S.c:136
  NEW_FUNC: 0x5643ae426490 in H5S__extent_release /src/hdf5/src/H5S.c:408
  NEW_FUNC: 0x5643ae430260 in H5Sdecode /src/hdf5/src/H5S.c:1533
  NEW_FUNC: 0x5643ae430910 in H5S_decode /src/hdf5/src/H5S.c:1567
  NEW_FUNC: 0x5643ae44bce0 in H5T_init /src/hdf5/src/H5T.c:794
  NEW_FUNC: 0x5643ae44be10 in H5T__init_package /src/hdf5/src/H5T.c:1025
  NEW_FUNC: 0x5643ae45a690 in H5T_copy /src/hdf5/src/H5T.c:4430
  NEW_FUNC: 0x5643ae45acc0 in H5T__alloc /src/hdf5/src/H5T.c:4649
  NEW_FUNC: 0x5643ae45afc0 in H5T_set_loc /src/hdf5/src/H5T.c:6907
  NEW_FUNC: 0x5643ae45c160 in H5T__create /src/hdf5/src/H5T.c:3997
  NEW_FUNC: 0x5643ae45ce20 in H5T__register_int /src/hdf5/src/H5T.c:3201
  NEW_FUNC: 0x5643ae45cf70 in H5T__init_inf /src/hdf5/src/H5T.c:817
  NEW_FUNC: 0x5643ae45ee50 in H5T_close_real /src/hdf5/src/H5T.c:4787
  NEW_FUNC: 0x5643ae462d80 in H5T_cmp /src/hdf5/src/H5T.c:5133
  NEW_FUNC: 0x5643ae46c1c0 in H5T__register /src/hdf5/src/H5T.c:3245
  NEW_FUNC: 0x5643ae473c50 in H5T__initiate_copy /src/hdf5/src/H5T.c:4124
  NEW_FUNC: 0x5643ae474190 in H5T__copy_all /src/hdf5/src/H5T.c:4200
  NEW_FUNC: 0x5643ae4742c0 in H5T__complete_copy /src/hdf5/src/H5T.c:4229
  NEW_FUNC: 0x5643ae476b10 in H5T__free /src/hdf5/src/H5T.c:4699
  NEW_FUNC: 0x5643ae478120 in H5T__path_find_real /src/hdf5/src/H5T.c:5755
  NEW_FUNC: 0x5643ae4806b0 in H5T__array_create /src/hdf5/src/H5Tarray.c:133
  NEW_FUNC: 0x5643ae484a00 in H5T__bit_set /src/hdf5/src/H5Tbit.c:328
  NEW_FUNC: 0x5643ae493430 in H5T__complex_create /src/hdf5/src/H5Tcomplex.c:111
  NEW_FUNC: 0x5643ae49bb20 in H5T__conv_noop /src/hdf5/src/H5Tconv.c:242
  NEW_FUNC: 0x5643ae4ae2d0 in H5T__conv_fcomplex_schar /src/hdf5/src/H5Tconv_complex.c:1436
  NEW_FUNC: 0x5643ae4b2190 in H5T__conv_fcomplex_uchar /src/hdf5/src/H5Tconv_complex.c:1455
  NEW_FUNC: 0x5643ae4b6000 in H5T__conv_fcomplex_short /src/hdf5/src/H5Tconv_complex.c:1474
  NEW_FUNC: 0x5643ae4ba150 in H5T__conv_fcomplex_ushort /src/hdf5/src/H5Tconv_complex.c:1493
  NEW_FUNC: 0x5643ae4be230 in H5T__conv_fcomplex_int /src/hdf5/src/H5Tconv_complex.c:1512
  NEW_FUNC: 0x5643ae4c2410 in H5T__conv_fcomplex_uint /src/hdf5/src/H5Tconv_complex.c:1531
  NEW_FUNC: 0x5643ae4c64f0 in H5T__conv_fcomplex_long /src/hdf5/src/H5Tconv_complex.c:1550
  NEW_FUNC: 0x5643ae4ca070 in H5T__conv_fcomplex_ulong /src/hdf5/src/H5Tconv_complex.c:1569
  NEW_FUNC: 0x5643ae4d5610 in H5T__conv_fcomplex_float /src/hdf5/src/H5Tconv_complex.c:1649
  NEW_FUNC: 0x5643ae4da6a0 in H5T__conv_fcomplex_double /src/hdf5/src/H5Tconv_complex.c:1666
  NEW_FUNC: 0x5643ae4dce70 in H5T__conv_fcomplex_ldouble /src/hdf5/src/H5Tconv_complex.c:1683
  NEW_FUNC: 0x5643ae4e0640 in H5T__conv_fcomplex_dcomplex /src/hdf5/src/H5Tconv_complex.c:1701
  NEW_FUNC: 0x5643ae4e3ca0 in H5T__conv_fcomplex_lcomplex /src/hdf5/src/H5Tconv_complex.c:1719
  NEW_FUNC: 0x5643ae4e7840 in H5T__conv_dcomplex_schar /src/hdf5/src/H5Tconv_complex.c:1736
  NEW_FUNC: 0x5643ae4eb260 in H5T__conv_dcomplex_uchar /src/hdf5/src/H5Tconv_complex.c:1755
  NEW_FUNC: 0x5643ae4eec40 in H5T__conv_dcomplex_short /src/hdf5/src/H5Tconv_complex.c:1774
  NEW_FUNC: 0x5643ae4f27b0 in H5T__conv_dcomplex_ushort /src/hdf5/src/H5Tconv_complex.c:1794
  NEW_FUNC: 0x5643ae4f62b0 in H5T__conv_dcomplex_int /src/hdf5/src/H5Tconv_complex.c:1813
  NEW_FUNC: 0x5643ae4f9e60 in H5T__conv_dcomplex_uint /src/hdf5/src/H5Tconv_complex.c:1832
  NEW_FUNC: 0x5643ae4fd970 in H5T__conv_dcomplex_long /src/hdf5/src/H5Tconv_complex.c:1851
  NEW_FUNC: 0x5643ae5014b0 in H5T__conv_dcomplex_ulong /src/hdf5/src/H5Tconv_complex.c:1870
  NEW_FUNC: 0x5643ae50c930 in H5T__conv_dcomplex_float /src/hdf5/src/H5Tconv_complex.c:1950
  NEW_FUNC: 0x5643ae50f930 in H5T__conv_dcomplex_double /src/hdf5/src/H5Tconv_complex.c:1967
  NEW_FUNC: 0x5643ae5142b0 in H5T__conv_dcomplex_ldouble /src/hdf5/src/H5Tconv_complex.c:1984
  NEW_FUNC: 0x5643ae516ec0 in H5T__conv_dcomplex_fcomplex /src/hdf5/src/H5Tconv_complex.c:2002
  NEW_FUNC: 0x5643ae51a680 in H5T__conv_dcomplex_lcomplex /src/hdf5/src/H5Tconv_complex.c:2020
  NEW_FUNC: 0x5643ae51e050 in H5T__conv_lcomplex_schar /src/hdf5/src/H5Tconv_complex.c:2038
  NEW_FUNC: 0x5643ae521f70 in H5T__conv_lcomplex_uchar /src/hdf5/src/H5Tconv_complex.c:2058
  NEW_FUNC: 0x5643ae525e50 in H5T__conv_lcomplex_short /src/hdf5/src/H5Tconv_complex.c:2077
  NEW_FUNC: 0x5643ae529f10 in H5T__conv_lcomplex_ushort /src/hdf5/src/H5Tconv_complex.c:2097
  NEW_FUNC: 0x5643ae52df20 in H5T__conv_lcomplex_int /src/hdf5/src/H5Tconv_complex.c:2116
  NEW_FUNC: 0x5643ae531fb0 in H5T__conv_lcomplex_uint /src/hdf5/src/H5Tconv_complex.c:2136
  NEW_FUNC: 0x5643ae535f60 in H5T__conv_lcomplex_long /src/hdf5/src/H5Tconv_complex.c:2155
  NEW_FUNC: 0x5643ae53a010 in H5T__conv_lcomplex_ulong /src/hdf5/src/H5Tconv_complex.c:2175
  NEW_FUNC: 0x5643ae5462c0 in H5T__conv_lcomplex_float /src/hdf5/src/H5Tconv_complex.c:2262
  NEW_FUNC: 0x5643ae5495d0 in H5T__conv_lcomplex_double /src/hdf5/src/H5Tconv_complex.c:2279
  NEW_FUNC: 0x5643ae54c670 in H5T__conv_lcomplex_ldouble /src/hdf5/src/H5Tconv_complex.c:2297
  NEW_FUNC: 0x5643ae552ad0 in H5T__conv_lcomplex_fcomplex /src/hdf5/src/H5Tconv_complex.c:2315
  NEW_FUNC: 0x5643ae5567c0 in H5T__conv_lcomplex_dcomplex /src/hdf5/src/H5Tconv_complex.c:2333
  NEW_FUNC: 0x5643ae56f720 in H5T__conv_float_schar /src/hdf5/src/H5Tconv_float.c:1741
  NEW_FUNC: 0x5643ae573720 in H5T__conv_float_uchar /src/hdf5/src/H5Tconv_float.c:1761
  NEW_FUNC: 0x5643ae5776d0 in H5T__conv_float_short /src/hdf5/src/H5Tconv_float.c:1781
  NEW_FUNC: 0x5643ae57b920 in H5T__conv_float_ushort /src/hdf5/src/H5Tconv_float.c:1801
  NEW_FUNC: 0x5643ae57faf0 in H5T__conv_float_int /src/hdf5/src/H5Tconv_float.c:1821
  NEW_FUNC: 0x5643ae5836f0 in H5T__conv_float_uint /src/hdf5/src/H5Tconv_float.c:1841
  NEW_FUNC: 0x5643ae5872b0 in H5T__conv_float_long /src/hdf5/src/H5Tconv_float.c:1861
  NEW_FUNC: 0x5643ae58b540 in H5T__conv_float_ulong /src/hdf5/src/H5Tconv_float.c:1881
  NEW_FUNC: 0x5643ae598010 in H5T__conv_float_double /src/hdf5/src/H5Tconv_float.c:1964
  NEW_FUNC: 0x5643ae59b170 in H5T__conv_float_ldouble /src/hdf5/src/H5Tconv_float.c:1982
  NEW_FUNC: 0x5643ae59e940 in H5T__conv_float_fcomplex /src/hdf5/src/H5Tconv_float.c:2002
  NEW_FUNC: 0x5643ae5a20e0 in H5T__conv_float_dcomplex /src/hdf5/src/H5Tconv_float.c:2021
  NEW_FUNC: 0x5643ae5a6240 in H5T__conv_float_lcomplex /src/hdf5/src/H5Tconv_float.c:2040
  NEW_FUNC: 0x5643ae5ab2d0 in H5T__conv_double_schar /src/hdf5/src/H5Tconv_float.c:2059
  NEW_FUNC: 0x5643ae5af2a0 in H5T__conv_double_uchar /src/hdf5/src/H5Tconv_float.c:2079
  NEW_FUNC: 0x5643ae5b3230 in H5T__conv_double_short /src/hdf5/src/H5Tconv_float.c:2099
  NEW_FUNC: 0x5643ae5b7440 in H5T__conv_double_ushort /src/hdf5/src/H5Tconv_float.c:2119
  NEW_FUNC: 0x5643ae5bb5f0 in H5T__conv_double_int /src/hdf5/src/H5Tconv_float.c:2139
  NEW_FUNC: 0x5643ae5bf810 in H5T__conv_double_uint /src/hdf5/src/H5Tconv_float.c:2159
  NEW_FUNC: 0x5643ae5c39d0 in H5T__conv_double_long /src/hdf5/src/H5Tconv_float.c:2179
  NEW_FUNC: 0x5643ae5c76a0 in H5T__conv_double_ulong /src/hdf5/src/H5Tconv_float.c:2199
  NEW_FUNC: 0x5643ae5d2ed0 in H5T__conv_double_float /src/hdf5/src/H5Tconv_float.c:2282
  NEW_FUNC: 0x5643ae5d5ff0 in H5T__conv_double_ldouble /src/hdf5/src/H5Tconv_float.c:2300
  NEW_FUNC: 0x5643ae5d9640 in H5T__conv_double_fcomplex /src/hdf5/src/H5Tconv_float.c:2320
  NEW_FUNC: 0x5643ae5dc8e0 in H5T__conv_double_dcomplex /src/hdf5/src/H5Tconv_float.c:2339
  NEW_FUNC: 0x5643ae5df7d0 in H5T__conv_double_lcomplex /src/hdf5/src/H5Tconv_float.c:2358
  NEW_FUNC: 0x5643ae5e4520 in H5T__conv_ldouble_schar /src/hdf5/src/H5Tconv_float.c:2377
  NEW_FUNC: 0x5643ae5e85c0 in H5T__conv_ldouble_uchar /src/hdf5/src/H5Tconv_float.c:2397
  NEW_FUNC: 0x5643ae5ec620 in H5T__conv_ldouble_short /src/hdf5/src/H5Tconv_float.c:2417
  NEW_FUNC: 0x5643ae5f08c0 in H5T__conv_ldouble_ushort /src/hdf5/src/H5Tconv_float.c:2437
  NEW_FUNC: 0x5643ae5f4a80 in H5T__conv_ldouble_int /src/hdf5/src/H5Tconv_float.c:2457
  NEW_FUNC: 0x5643ae5f8ca0 in H5T__conv_ldouble_uint /src/hdf5/src/H5Tconv_float.c:2477
  NEW_FUNC: 0x5643ae5fcf30 in H5T__conv_ldouble_long /src/hdf5/src/H5Tconv_float.c:2497
  NEW_FUNC: 0x5643ae601200 in H5T__conv_ldouble_ulong /src/hdf5/src/H5Tconv_float.c:2517
  NEW_FUNC: 0x5643ae60de50 in H5T__conv_ldouble_float /src/hdf5/src/H5Tconv_float.c:2606
  NEW_FUNC: 0x5643ae611080 in H5T__conv_ldouble_double /src/hdf5/src/H5Tconv_float.c:2624
  NEW_FUNC: 0x5643ae6140c0 in H5T__conv_ldouble_fcomplex /src/hdf5/src/H5Tconv_float.c:2644
  NEW_FUNC: 0x5643ae617540 in H5T__conv_ldouble_dcomplex /src/hdf5/src/H5Tconv_float.c:2663
  NEW_FUNC: 0x5643ae619d50 in H5T__conv_ldouble_lcomplex /src/hdf5/src/H5Tconv_float.c:2682
  NEW_FUNC: 0x5643ae626960 in H5T__conv_schar_uchar /src/hdf5/src/H5Tconv_integer.c:1074
  NEW_FUNC: 0x5643ae628fe0 in H5T__conv_schar_short /src/hdf5/src/H5Tconv_integer.c:1091
  NEW_FUNC: 0x5643ae62d690 in H5T__conv_schar_ushort /src/hdf5/src/H5Tconv_integer.c:1108
  NEW_FUNC: 0x5643ae630720 in H5T__conv_schar_int /src/hdf5/src/H5Tconv_integer.c:1125
  NEW_FUNC: 0x5643ae634dd0 in H5T__conv_schar_uint /src/hdf5/src/H5Tconv_integer.c:1142
  NEW_FUNC: 0x5643ae63f050 in H5T__conv_schar_llong /src/hdf5/src/H5Tconv_integer.c:1193
  NEW_FUNC: 0x5643ae643360 in H5T__conv_schar_ullong /src/hdf5/src/H5Tconv_integer.c:1210
  NEW_FUNC: 0x5643ae6462a0 in H5T__conv_schar_float /src/hdf5/src/H5Tconv_integer.c:1247
  NEW_FUNC: 0x5643ae64b530 in H5T__conv_schar_double /src/hdf5/src/H5Tconv_integer.c:1265
  NEW_FUNC: 0x5643ae650480 in H5T__conv_schar_ldouble /src/hdf5/src/H5Tconv_integer.c:1283
  NEW_FUNC: 0x5643ae654d20 in H5T__conv_schar_fcomplex /src/hdf5/src/H5Tconv_integer.c:1303
  NEW_FUNC: 0x5643ae659f40 in H5T__conv_schar_dcomplex /src/hdf5/src/H5Tconv_integer.c:1322
  NEW_FUNC: 0x5643ae65e3a0 in H5T__conv_schar_lcomplex /src/hdf5/src/H5Tconv_integer.c:1341
  NEW_FUNC: 0x5643ae663d10 in H5T__conv_uchar_schar /src/hdf5/src/H5Tconv_integer.c:1359
  NEW_FUNC: 0x5643ae666380 in H5T__conv_uchar_short /src/hdf5/src/H5Tconv_integer.c:1376
  NEW_FUNC: 0x5643ae66aa30 in H5T__conv_uchar_ushort /src/hdf5/src/H5Tconv_integer.c:1393
  NEW_FUNC: 0x5643ae66f0e0 in H5T__conv_uchar_int /src/hdf5/src/H5Tconv_integer.c:1410
  NEW_FUNC: 0x5643ae673790 in H5T__conv_uchar_uint /src/hdf5/src/H5Tconv_integer.c:1427
  NEW_FUNC: 0x5643ae680460 in H5T__conv_uchar_llong /src/hdf5/src/H5Tconv_integer.c:1478
  NEW_FUNC: 0x5643ae684770 in H5T__conv_uchar_ullong /src/hdf5/src/H5Tconv_integer.c:1495
  NEW_FUNC: 0x5643ae688a80 in H5T__conv_uchar_float /src/hdf5/src/H5Tconv_integer.c:1532
  NEW_FUNC: 0x5643ae68dd10 in H5T__conv_uchar_double /src/hdf5/src/H5Tconv_integer.c:1550
  NEW_FUNC: 0x5643ae692c60 in H5T__conv_uchar_ldouble /src/hdf5/src/H5Tconv_integer.c:1568
  NEW_FUNC: 0x5643ae697500 in H5T__conv_uchar_fcomplex /src/hdf5/src/H5Tconv_integer.c:1588
  NEW_FUNC: 0x5643ae69c720 in H5T__conv_uchar_dcomplex /src/hdf5/src/H5Tconv_integer.c:1607
  NEW_FUNC: 0x5643ae6a0b80 in H5T__conv_uchar_lcomplex /src/hdf5/src/H5Tconv_integer.c:1626
  NEW_FUNC: 0x5643ae6a64f0 in H5T__conv_short_schar /src/hdf5/src/H5Tconv_integer.c:1644
  NEW_FUNC: 0x5643ae6a97c0 in H5T__conv_short_uchar /src/hdf5/src/H5Tconv_integer.c:1661
  NEW_FUNC: 0x5643ae6aca00 in H5T__conv_short_ushort /src/hdf5/src/H5Tconv_integer.c:1678
  NEW_FUNC: 0x5643ae6af770 in H5T__conv_short_int /src/hdf5/src/H5Tconv_integer.c:1695
  NEW_FUNC: 0x5643ae6b47d0 in H5T__conv_short_uint /src/hdf5/src/H5Tconv_integer.c:1712
  NEW_FUNC: 0x5643ae6bfa40 in H5T__conv_short_llong /src/hdf5/src/H5Tconv_integer.c:1763
  NEW_FUNC: 0x5643ae6c4680 in H5T__conv_short_ullong /src/hdf5/src/H5Tconv_integer.c:1780
  NEW_FUNC: 0x5643ae6c7920 in H5T__conv_short_float /src/hdf5/src/H5Tconv_integer.c:1817
  NEW_FUNC: 0x5643ae6cd400 in H5T__conv_short_double /src/hdf5/src/H5Tconv_integer.c:1835
  NEW_FUNC: 0x5643ae6d2b60 in H5T__conv_short_ldouble /src/hdf5/src/H5Tconv_integer.c:1853
  NEW_FUNC: 0x5643ae6d7b00 in H5T__conv_short_fcomplex /src/hdf5/src/H5Tconv_integer.c:1873
  NEW_FUNC: 0x5643ae6dd470 in H5T__conv_short_dcomplex /src/hdf5/src/H5Tconv_integer.c:1892
  NEW_FUNC: 0x5643ae6e1f20 in H5T__conv_short_lcomplex /src/hdf5/src/H5Tconv_integer.c:1911
  NEW_FUNC: 0x5643ae6e8040 in H5T__conv_ushort_schar /src/hdf5/src/H5Tconv_integer.c:1929
  NEW_FUNC: 0x5643ae6eb130 in H5T__conv_ushort_uchar /src/hdf5/src/H5Tconv_integer.c:1946
  NEW_FUNC: 0x5643ae6ee220 in H5T__conv_ushort_short /src/hdf5/src/H5Tconv_integer.c:1963
  NEW_FUNC: 0x5643ae6f0fb0 in H5T__conv_ushort_int /src/hdf5/src/H5Tconv_integer.c:1980
  NEW_FUNC: 0x5643ae6f6010 in H5T__conv_ushort_uint /src/hdf5/src/H5Tconv_integer.c:1997
  NEW_FUNC: 0x5643ae7048f0 in H5T__conv_ushort_llong /src/hdf5/src/H5Tconv_integer.c:2048
  NEW_FUNC: 0x5643ae709530 in H5T__conv_ushort_ullong /src/hdf5/src/H5Tconv_integer.c:2065
  NEW_FUNC: 0x5643ae70e170 in H5T__conv_ushort_float /src/hdf5/src/H5Tconv_integer.c:2105
  NEW_FUNC: 0x5643ae713c50 in H5T__conv_ushort_double /src/hdf5/src/H5Tconv_integer.c:2123
  NEW_FUNC: 0x5643ae7193b0 in H5T__conv_ushort_ldouble /src/hdf5/src/H5Tconv_integer.c:2141
  NEW_FUNC: 0x5643ae71e2f0 in H5T__conv_ushort_fcomplex /src/hdf5/src/H5Tconv_integer.c:2161
  NEW_FUNC: 0x5643ae723c60 in H5T__conv_ushort_dcomplex /src/hdf5/src/H5Tconv_integer.c:2180
  NEW_FUNC: 0x5643ae728710 in H5T__conv_ushort_lcomplex /src/hdf5/src/H5Tconv_integer.c:2199
  NEW_FUNC: 0x5643ae72e920 in H5T__conv_int_schar /src/hdf5/src/H5Tconv_integer.c:2217
  NEW_FUNC: 0x5643ae731b50 in H5T__conv_int_uchar /src/hdf5/src/H5Tconv_integer.c:2234
  NEW_FUNC: 0x5643ae734d20 in H5T__conv_int_short /src/hdf5/src/H5Tconv_integer.c:2251
  NEW_FUNC: 0x5643ae7381b0 in H5T__conv_int_ushort /src/hdf5/src/H5Tconv_integer.c:2268
  NEW_FUNC: 0x5643ae73b5b0 in H5T__conv_int_uint /src/hdf5/src/H5Tconv_integer.c:2285
  NEW_FUNC: 0x5643ae746170 in H5T__conv_int_llong /src/hdf5/src/H5Tconv_integer.c:2336
  NEW_FUNC: 0x5643ae74adb0 in H5T__conv_int_ullong /src/hdf5/src/H5Tconv_integer.c:2353
  NEW_FUNC: 0x5643ae74e010 in H5T__conv_int_float /src/hdf5/src/H5Tconv_integer.c:2393
  NEW_FUNC: 0x5643ae7530a0 in H5T__conv_int_double /src/hdf5/src/H5Tconv_integer.c:2411
  NEW_FUNC: 0x5643ae758b90 in H5T__conv_int_ldouble /src/hdf5/src/H5Tconv_integer.c:2429
  NEW_FUNC: 0x5643ae75de50 in H5T__conv_int_fcomplex /src/hdf5/src/H5Tconv_integer.c:2449
  NEW_FUNC: 0x5643ae763ad0 in H5T__conv_int_dcomplex /src/hdf5/src/H5Tconv_integer.c:2468
  NEW_FUNC: 0x5643ae768920 in H5T__conv_int_lcomplex /src/hdf5/src/H5Tconv_integer.c:2487
  NEW_FUNC: 0x5643ae76edf0 in H5T__conv_uint_schar /src/hdf5/src/H5Tconv_integer.c:2505
  NEW_FUNC: 0x5643ae771ed0 in H5T__conv_uint_uchar /src/hdf5/src/H5Tconv_integer.c:2522
  NEW_FUNC: 0x5643ae774fc0 in H5T__conv_uint_short /src/hdf5/src/H5Tconv_integer.c:2539
  NEW_FUNC: 0x5643ae778490 in H5T__conv_uint_ushort /src/hdf5/src/H5Tconv_integer.c:2556
  NEW_FUNC: 0x5643ae77b960 in H5T__conv_uint_int /src/hdf5/src/H5Tconv_integer.c:2573
  NEW_FUNC: 0x5643ae787f50 in H5T__conv_uint_llong /src/hdf5/src/H5Tconv_integer.c:2624
  NEW_FUNC: 0x5643ae78cb90 in H5T__conv_uint_ullong /src/hdf5/src/H5Tconv_integer.c:2641
  NEW_FUNC: 0x5643ae7917d0 in H5T__conv_uint_float /src/hdf5/src/H5Tconv_integer.c:2681
  NEW_FUNC: 0x5643ae7969a0 in H5T__conv_uint_double /src/hdf5/src/H5Tconv_integer.c:2699
  NEW_FUNC: 0x5643ae79c440 in H5T__conv_uint_ldouble /src/hdf5/src/H5Tconv_integer.c:2717
  NEW_FUNC: 0x5643ae7a1780 in H5T__conv_uint_fcomplex /src/hdf5/src/H5Tconv_integer.c:2737
  NEW_FUNC: 0x5643ae7a7430 in H5T__conv_uint_dcomplex /src/hdf5/src/H5Tconv_integer.c:2756
  NEW_FUNC: 0x5643ae7ac310 in H5T__conv_uint_lcomplex /src/hdf5/src/H5Tconv_integer.c:2775
  NEW_FUNC: 0x5643ae7ce800 in H5T__conv_long_float /src/hdf5/src/H5Tconv_integer.c:2969
  NEW_FUNC: 0x5643ae7d49e0 in H5T__conv_long_double /src/hdf5/src/H5Tconv_integer.c:2987
  NEW_FUNC: 0x5643ae7d9d80 in H5T__conv_long_ldouble /src/hdf5/src/H5Tconv_integer.c:3005
  NEW_FUNC: 0x5643ae7df6b0 in H5T__conv_long_fcomplex /src/hdf5/src/H5Tconv_integer.c:3025
  NEW_FUNC: 0x5643ae7e4cb0 in H5T__conv_long_dcomplex /src/hdf5/src/H5Tconv_integer.c:3044
  NEW_FUNC: 0x5643ae7ea020 in H5T__conv_long_lcomplex /src/hdf5/src/H5Tconv_integer.c:3063
  NEW_FUNC: 0x5643ae80c8a0 in H5T__conv_ulong_float /src/hdf5/src/H5Tconv_integer.c:3257
  NEW_FUNC: 0x5643ae813120 in H5T__conv_ulong_double /src/hdf5/src/H5Tconv_integer.c:3275
  NEW_FUNC: 0x5643ae818970 in H5T__conv_ulong_ldouble /src/hdf5/src/H5Tconv_integer.c:3293
  NEW_FUNC: 0x5643ae81e460 in H5T__conv_ulong_fcomplex /src/hdf5/src/H5Tconv_integer.c:3313
  NEW_FUNC: 0x5643ae823f90 in H5T__conv_ulong_dcomplex /src/hdf5/src/H5Tconv_integer.c:3332
  NEW_FUNC: 0x5643ae829610 in H5T__conv_ulong_lcomplex /src/hdf5/src/H5Tconv_integer.c:3351
  NEW_FUNC: 0x5643ae8302b0 in H5T__conv_llong_schar /src/hdf5/src/H5Tconv_integer.c:3369
  NEW_FUNC: 0x5643ae833480 in H5T__conv_llong_uchar /src/hdf5/src/H5Tconv_integer.c:3386
  NEW_FUNC: 0x5643ae8365e0 in H5T__conv_llong_short /src/hdf5/src/H5Tconv_integer.c:3403
  NEW_FUNC: 0x5643ae8399f0 in H5T__conv_llong_ushort /src/hdf5/src/H5Tconv_integer.c:3420
  NEW_FUNC: 0x5643ae83cd40 in H5T__conv_llong_int /src/hdf5/src/H5Tconv_integer.c:3437
  NEW_FUNC: 0x5643ae8401c0 in H5T__conv_llong_uint /src/hdf5/src/H5Tconv_integer.c:3454
  NEW_FUNC: 0x5643ae8498e0 in H5T__conv_llong_ullong /src/hdf5/src/H5Tconv_integer.c:3505
  NEW_FUNC: 0x5643ae86e4b0 in H5T__conv_ullong_schar /src/hdf5/src/H5Tconv_integer.c:3661
  NEW_FUNC: 0x5643ae8714b0 in H5T__conv_ullong_uchar /src/hdf5/src/H5Tconv_integer.c:3678
  NEW_FUNC: 0x5643ae8744d0 in H5T__conv_ullong_short /src/hdf5/src/H5Tconv_integer.c:3695
  NEW_FUNC: 0x5643ae877890 in H5T__conv_ullong_ushort /src/hdf5/src/H5Tconv_integer.c:3712
  NEW_FUNC: 0x5643ae87ac50 in H5T__conv_ullong_int /src/hdf5/src/H5Tconv_integer.c:3729
  NEW_FUNC: 0x5643ae87e000 in H5T__conv_ullong_uint /src/hdf5/src/H5Tconv_integer.c:3746
  NEW_FUNC: 0x5643ae887880 in H5T__conv_ullong_llong /src/hdf5/src/H5Tconv_integer.c:3797
  NEW_FUNC: 0x5643ae8baa70 in H5T__init_native_float_types /src/hdf5/src/H5Tinit_float.c:465
  NEW_FUNC: 0x5643ae8beb90 in H5T__fix_order /src/hdf5/src/H5Tinit_float.c:302
  NEW_FUNC: 0x5643ae8bf960 in H5T__imp_bit /src/hdf5/src/H5Tinit_float.c:372
  NEW_FUNC: 0x5643ae8bfba0 in H5T__bit_cmp /src/hdf5/src/H5Tinit_float.c:254
  NEW_FUNC: 0x5643ae8c00b0 in H5T__find_bias /src/hdf5/src/H5Tinit_float.c:414
  NEW_FUNC: 0x5643ae8c4a20 in H5T__init_native_internal /src/hdf5/src/H5Tnative.c:1119
  NEW_FUNC: 0x5643ae8c5270 in H5T__init_native_complex_types /src/hdf5/src/H5Tnative.c:1425
  NEW_FUNC: 0x5643ae8c8850 in H5T__ref_set_loc /src/hdf5/src/H5Tref.c:160
  NEW_FUNC: 0x5643ae8ce950 in H5T__vlen_create /src/hdf5/src/H5Tvlen.c:176
  NEW_FUNC: 0x5643ae8cee30 in H5T__vlen_set_loc /src/hdf5/src/H5Tvlen.c:234
  NEW_FUNC: 0x5643ae90b520 in H5VL_init_phase1 /src/hdf5/src/H5VLint.c:161
  NEW_FUNC: 0x5643ae90b650 in H5VL__init_package /src/hdf5/src/H5VLint.c:237
  NEW_FUNC: 0x5643ae90b790 in H5VL_init_phase2 /src/hdf5/src/H5VLint.c:187
  NEW_FUNC: 0x5643ae90be60 in H5VL__set_def_conn /src/hdf5/src/H5VLint.c:366
  NEW_FUNC: 0x5643ae90d030 in H5VL_conn_prop_free /src/hdf5/src/H5VLint.c:714
  NEW_FUNC: 0x5643ae90d8c0 in H5VL_conn_inc_rc /src/hdf5/src/H5VLint.c:985
  NEW_FUNC: 0x5643ae90f3e0 in H5VL_conn_prop_copy /src/hdf5/src/H5VLint.c:611
  NEW_FUNC: 0x5643ae912da0 in H5VL__register_connector /src/hdf5/src/H5VLint.c:1313
  NEW_FUNC: 0x5643ae91ba00 in H5VL__native_register /src/hdf5/src/H5VLnative.c:193
  NEW_FUNC: 0x5643ae935dd0 in H5VL__passthru_register /src/hdf5/src/H5VLpassthru_int.c:54
  NEW_FUNC: 0x5643ae93e7e0 in H5__init_package /src/hdf5/src/H5.c:114
  NEW_FUNC: 0x5643ae93e910 in H5_init_library /src/hdf5/src/H5.c:144
  NEW_FUNC: 0x5643ae93f250 in H5_check_version /src/hdf5/src/H5.c:853
  NEW_FUNC: 0x5643ae941c10 in H5__debug_mask /src/hdf5/src/H5.c:670
  NEW_FUNC: 0x5643ae942ac0 in H5_user_cb_prepare /src/hdf5/src/H5.c:1300
  NEW_FUNC: 0x5643ae942ca0 in H5_user_cb_restore /src/hdf5/src/H5.c:1330
  NEW_FUNC: 0x5643ae944bc0 in H5A_init /src/hdf5/src/H5Aint.c:148
  NEW_FUNC: 0x5643ae944cf0 in H5A__init_package /src/hdf5/src/H5Aint.c:172
  NEW_FUNC: 0x5643ae9ef920 in H5CX__init_package /src/hdf5/src/H5CX.c:266
  NEW_FUNC: 0x5643ae9f0fd0 in H5CX_pushed /src/hdf5/src/H5CX.c:507
  NEW_FUNC: 0x5643ae9f1050 in H5CX_push /src/hdf5/src/H5CX.c:533
  NEW_FUNC: 0x5643ae9fc9b0 in H5CX_pop /src/hdf5/src/H5CX.c:3317
  NEW_FUNC: 0x5643aea61b20 in H5D_init /src/hdf5/src/H5Dint.c:162
  NEW_FUNC: 0x5643aea61cf0 in H5D__init_package /src/hdf5/src/H5Dint.c:189
  NEW_FUNC: 0x5643aeae94e0 in H5F_fake_alloc /src/hdf5/src/H5Ffake.c:38
  NEW_FUNC: 0x5643aeae9a60 in H5F_fake_free /src/hdf5/src/H5Ffake.c:78
  NEW_FUNC: 0x5643aeae9bb0 in H5F_init /src/hdf5/src/H5Fint.c:138
  NEW_FUNC: 0x5643aeae9ce0 in H5F__init_package /src/hdf5/src/H5Fint.c:161
  NEW_FUNC: 0x5643aeae9e30 in H5F__parse_file_lock_env_var /src/hdf5/src/H5Fint.c:276
  NEW_FUNC: 0x5643aeb2b990 in H5FD_init /src/hdf5/src/H5FD.c:110
  NEW_FUNC: 0x5643aeb2bac0 in H5FD__init_package /src/hdf5/src/H5FD.c:131
  NEW_FUNC: 0x5643aeb2d000 in H5FD_register /src/hdf5/src/H5FD.c:388
  NEW_FUNC: 0x5643aeb443e0 in H5FD__core_register /src/hdf5/src/H5FDcore.c:454
  NEW_FUNC: 0x5643aeb4cbe0 in H5FD__family_register /src/hdf5/src/H5FDfamily.c:279
  NEW_FUNC: 0x5643aeb6acb0 in H5FD__log_register /src/hdf5/src/H5FDlog.c:215
  NEW_FUNC: 0x5643aeb72050 in H5FD__multi_register /src/hdf5/src/H5FDmulti_int.c:52
  NEW_FUNC: 0x5643aeb72180 in H5FD__onion_register /src/hdf5/src/H5FDonion.c:226
  NEW_FUNC: 0x5643aeb88150 in H5FD__sec2_register /src/hdf5/src/H5FDsec2.c:174
  NEW_FUNC: 0x5643aeb8e2b0 in H5FD__splitter_register /src/hdf5/src/H5FDsplitter.c:177
  NEW_FUNC: 0x5643aeb96070 in H5FD__stdio_register /src/hdf5/src/H5FDstdio_int.c:52
  NEW_FUNC: 0x5643aeba16f0 in H5FS_init /src/hdf5/src/H5FSint.c:80
  NEW_FUNC: 0x5643aebbefa0 in H5G_init /src/hdf5/src/H5Gint.c:134
  NEW_FUNC: 0x5643aebbf0d0 in H5G__init_package /src/hdf5/src/H5Gint.c:165
  NEW_FUNC: 0x5643aebcfb40 in H5G_name_free /src/hdf5/src/H5Gname.c:536
  NEW_FUNC: 0x5643aebcff40 in H5G_name_reset /src/hdf5/src/H5Gname.c:513
  NEW_FUNC: 0x5643aec60710 in H5L_init /src/hdf5/src/H5Lint.c:206
  NEW_FUNC: 0x5643aec60840 in H5L__init_package /src/hdf5/src/H5Lint.c:227
  NEW_FUNC: 0x5643aec60d70 in H5L_register /src/hdf5/src/H5Lint.c:344
  NEW_FUNC: 0x5643aec6b280 in H5M_init /src/hdf5/src/H5M.c:94
  NEW_FUNC: 0x5643aec6b3b0 in H5M__init_package /src/hdf5/src/H5M.c:117
  NEW_FUNC: 0x5643aecddb70 in H5O__fill_copy /src/hdf5/src/H5Ofill.c:534
  NEW_FUNC: 0x5643aecea6a0 in H5O_init /src/hdf5/src/H5Oint.c:192
  NEW_FUNC: 0x5643aecf4780 in H5O_loc_reset /src/hdf5/src/H5Oint.c:1804
  NEW_FUNC: 0x5643aed00fc0 in H5O__layout_copy /src/hdf5/src/H5Olayout.c:750
  NEW_FUNC: 0x5643aed0f900 in H5O_msg_copy /src/hdf5/src/H5Omessage.c:665
  NEW_FUNC: 0x5643aed14970 in H5O_msg_reset_share /src/hdf5/src/H5Omessage.c:1530
  NEW_FUNC: 0x5643aed15190 in H5O_msg_decode /src/hdf5/src/H5Omessage.c:1631
  NEW_FUNC: 0x5643aed1c9d0 in H5O__pline_copy /src/hdf5/src/H5Opline.c:369
  NEW_FUNC: 0x5643aed20a30 in H5O__sdspace_shared_decode /src/hdf5/src/H5Oshared.h:42
  NEW_FUNC: 0x5643aed2ad10 in H5P__dacc_reg_prop /src/hdf5/src/H5Pdapl.c:197
  NEW_FUNC: 0x5643aed36950 in H5P__dcrt_reg_prop /src/hdf5/src/H5Pdcpl.c:301
  NEW_FUNC: 0x5643aed553e0 in H5P__dcrt_layout_get /src/hdf5/src/H5Pdcpl.c:391
  NEW_FUNC: 0x5643aed5f520 in H5P__dcrt_fill_value_get /src/hdf5/src/H5Pdcpl.c:1098
  NEW_FUNC: 0x5643aed61c60 in H5P__dcrt_ext_file_list_get /src/hdf5/src/H5Pdcpl.c:1476
  NEW_FUNC: 0x5643aed66890 in H5P__dxfr_reg_prop /src/hdf5/src/H5Pdxpl.c:313
  NEW_FUNC: 0x5643aed7c8c0 in H5P__facc_reg_prop /src/hdf5/src/H5Pfapl.c:553
  NEW_FUNC: 0x5643aed7ed80 in H5P__facc_set_def_driver /src/hdf5/src/H5Pfapl.c:860
  NEW_FUNC: 0x5643aed9a8f0 in H5P_set_vol /src/hdf5/src/H5Pfapl.c:5979
  NEW_FUNC: 0x5643aed9ae40 in H5P_reset_vol_class /src/hdf5/src/H5Pfapl.c:6020
  NEW_FUNC: 0x5643aeda82f0 in H5P__facc_file_driver_create /src/hdf5/src/H5Pfapl.c:1765
  NEW_FUNC: 0x5643aedadaa0 in H5P__facc_vol_create /src/hdf5/src/H5Pfapl.c:6238
  NEW_FUNC: 0x5643aedadc20 in H5P__facc_vol_set /src/hdf5/src/H5Pfapl.c:6264
  NEW_FUNC: 0x5643aedadf20 in H5P__facc_vol_del /src/hdf5/src/H5Pfapl.c:6322
  NEW_FUNC: 0x5643aedae570 in H5P__file_driver_copy /src/hdf5/src/H5Pfapl.c:1658
  NEW_FUNC: 0x5643aedb01e0 in H5P_init_phase1 /src/hdf5/src/H5Pint.c:424
  NEW_FUNC: 0x5643aedb03b0 in H5P__init_package /src/hdf5/src/H5Pint.c:475
  NEW_FUNC: 0x5643aedb0fb0 in H5P_init_phase2 /src/hdf5/src/H5Pint.c:450
  NEW_FUNC: 0x5643aedb12d0 in H5P__create_class /src/hdf5/src/H5Pint.c:1781
  NEW_FUNC: 0x5643aedb19a0 in H5P_create_id /src/hdf5/src/H5Pint.c:2014
  NEW_FUNC: 0x5643aedb3680 in H5P__dup_prop /src/hdf5/src/H5Pint.c:1179
  NEW_FUNC: 0x5643aedb5d20 in H5P__do_prop_cb1 /src/hdf5/src/H5Pint.c:789
  NEW_FUNC: 0x5643aedb6630 in H5P__access_class /src/hdf5/src/H5Pint.c:1630
  NEW_FUNC: 0x5643aedb8390 in H5P__register_real /src/hdf5/src/H5Pint.c:2257
  NEW_FUNC: 0x5643aedb8990 in H5P__create_prop /src/hdf5/src/H5Pint.c:1293
  NEW_FUNC: 0x5643aedba4d0 in H5P__do_prop /src/hdf5/src/H5Pint.c:2818
  NEW_FUNC: 0x5643aedbb120 in H5P_set /src/hdf5/src/H5Pint.c:3237
  NEW_FUNC: 0x5643aedbb570 in H5P__set_plist_cb /src/hdf5/src/H5Pint.c:3050
  NEW_FUNC: 0x5643aedbc9f0 in H5P__class_get /src/hdf5/src/H5Pint.c:3284
  NEW_FUNC: 0x5643aedbcc60 in H5P__class_set /src/hdf5/src/H5Pint.c:3339
  NEW_FUNC: 0x5643aedbdaa0 in H5P__cmp_class /src/hdf5/src/H5Pint.c:3808
  NEW_FUNC: 0x5643aedc00f0 in H5P_isa_class /src/hdf5/src/H5Pint.c:4129
  NEW_FUNC: 0x5643aedc1d90 in H5P_peek /src/hdf5/src/H5Pint.c:4662
  NEW_FUNC: 0x5643aedc21d0 in H5P__peek_cb /src/hdf5/src/H5Pint.c:4614
  NEW_FUNC: 0x5643aedc23b0 in H5P_get /src/hdf5/src/H5Pint.c:4784
  NEW_FUNC: 0x5643aedc27f0 in H5P__get_cb /src/hdf5/src/H5Pint.c:4706
  NEW_FUNC: 0x5643aedc74f0 in H5P__lacc_reg_prop /src/hdf5/src/H5Plapl.c:184
  NEW_FUNC: 0x5643aedcf910 in H5P__lcrt_reg_prop /src/hdf5/src/H5Plcpl.c:108
  NEW_FUNC: 0x5643aedd08b0 in H5P__macc_reg_prop /src/hdf5/src/H5Pmapl.c:107
  NEW_FUNC: 0x5643aedd0c20 in H5P__mcrt_reg_prop /src/hdf5/src/H5Pmcpl.c:96
  NEW_FUNC: 0x5643aedd0c30 in H5P__ocrt_reg_prop /src/hdf5/src/H5Pocpl.c:147
  NEW_FUNC: 0x5643aeddbbd0 in H5P__ocrt_pipeline_get /src/hdf5/src/H5Pocpl.c:1234
  NEW_FUNC: 0x5643aeddfc00 in H5P__ocpy_reg_prop /src/hdf5/src/H5Pocpypl.c:149
  NEW_FUNC: 0x5643aede4750 in H5P__strcrt_reg_prop /src/hdf5/src/H5Pstrcpl.c:112
  NEW_FUNC: 0x5643aee676b0 in H5SL__init_package /src/hdf5/src/H5SL.c:544
  NEW_FUNC: 0x5643aee67900 in H5SL_create /src/hdf5/src/H5SL.c:931
  NEW_FUNC: 0x5643aee67cd0 in H5SL__new_node /src/hdf5/src/H5SL.c:641
  NEW_FUNC: 0x5643aee68000 in H5SL_insert /src/hdf5/src/H5SL.c:1036
  NEW_FUNC: 0x5643aee68130 in H5SL__insert_common /src/hdf5/src/H5SL.c:688
  NEW_FUNC: 0x5643aee87750 in H5SL_search /src/hdf5/src/H5SL.c:1314
  NEW_FUNC: 0x5643aee99610 in H5SL_first /src/hdf5/src/H5SL.c:1896
  NEW_FUNC: 0x5643aee99670 in H5SL_next /src/hdf5/src/H5SL.c:1929
  NEW_FUNC: 0x5643aee99770 in H5SL_item /src/hdf5/src/H5SL.c:2029
  NEW_FUNC: 0x5643aee99b20 in H5SL__release_common /src/hdf5/src/H5SL.c:806
  NEW_FUNC: 0x5643aee9a430 in H5SL__close_common /src/hdf5/src/H5SL.c:885
  NEW_FUNC: 0x5643aee9a690 in H5SL_close /src/hdf5/src/H5SL.c:2272
  NEW_FUNC: 0x5643aeeb7730 in H5VL_pass_through_init /src/hdf5/src/H5VLpassthru.c:427
  NEW_FUNC: 0x5643aef2d880 in H5_hash_string /src/hdf5/src/H5checksum.c:499
  NEW_FUNC: 0x5643aefc8600 in H5L_register_external /src/hdf5/src/H5Lexternal.c:318
  NEW_FUNC: 0x5643aefe87f0 in H5O__efl_copy /src/hdf5/src/H5Oefl.c:269
  NEW_FUNC: 0x5643aeff71f0 in H5P__fcrt_reg_prop /src/hdf5/src/H5Pfcpl.c:207
  NEW_FUNC: 0x5643af004ce0 in H5P__fmnt_reg_prop /src/hdf5/src/H5Pfmpl.c:105
  NEW_FUNC: 0x5643af004e90 in H5P__gcrt_reg_prop /src/hdf5/src/H5Pgcpl.c:114
[redacted — crash / sanitizer detail]
