INFO: Running with entropic power schedule (0xFF, 100).
INFO: Seed: 1643681475
INFO: Loaded 1 modules   (126622 inline 8-bit counters): 126622 [0x55bde3f18360, 0x55bde3f371fe), 
INFO: Loaded 1 PC tables (126622 PCs): 126622 [0x55bde3f37200,0x55bde4125be0), 
INFO: -fork=5: fuzzing in separate process(s)
INFO: -fork=5: 0 seed inputs, starting to fuzz in /tmp/libFuzzerTemp.FuzzWithFork28416.dir
#3800: cov: 0 ft: 0 corp: 0 exec/s: 1900 oom/timeout/crash: 0/0/0 time: 2s job: 1 dft_time: 0
  NEW_FUNC: 0x55bde305d700 in LLVMFuzzerTestOneInput /src/h5im_fuzzer.c:139
  NEW_FUNC: 0x55bde307a690 in H5__init_package /src/hdf5/src/H5.c:114
  NEW_FUNC: 0x55bde307a7c0 in H5_init_library /src/hdf5/src/H5.c:144
  NEW_FUNC: 0x55bde307b100 in H5_check_version /src/hdf5/src/H5.c:853
  NEW_FUNC: 0x55bde307dac0 in H5__debug_mask /src/hdf5/src/H5.c:670
  NEW_FUNC: 0x55bde307e970 in H5_user_cb_prepare /src/hdf5/src/H5.c:1300
  NEW_FUNC: 0x55bde307eb50 in H5_user_cb_restore /src/hdf5/src/H5.c:1330
  NEW_FUNC: 0x55bde3098f20 in H5A_init /src/hdf5/src/H5Aint.c:148
  NEW_FUNC: 0x55bde3099050 in H5A__init_package /src/hdf5/src/H5Aint.c:172
  NEW_FUNC: 0x55bde30a8600 in H5AC_create /src/hdf5/src/H5AC.c:251
  NEW_FUNC: 0x55bde30a8f60 in H5AC_validate_config /src/hdf5/src/H5AC.c:1883
  NEW_FUNC: 0x55bde30a9f40 in H5AC_validate_cache_image_config /src/hdf5/src/H5AC.c:1956
  NEW_FUNC: 0x55bde30aa4b0 in H5AC_set_cache_auto_resize_config /src/hdf5/src/H5AC.c:1794
  NEW_FUNC: 0x55bde30ab270 in H5AC_dest /src/hdf5/src/H5AC.c:428
  NEW_FUNC: 0x55bde30ae170 in H5AC_prep_for_file_close /src/hdf5/src/H5AC.c:1107
  NEW_FUNC: 0x55bde30aea20 in H5AC_protect /src/hdf5/src/H5AC.c:1269
  NEW_FUNC: 0x55bde30b10d0 in H5AC_tag /src/hdf5/src/H5AC.c:2141
  NEW_FUNC: 0x55bde30b1ee0 in H5AC_set_ring /src/hdf5/src/H5AC.c:2431
  NEW_FUNC: 0x55bde30eb7f0 in H5C_create /src/hdf5/src/H5C.c:128
  NEW_FUNC: 0x55bde30ecae0 in H5C_reset_cache_hit_rate_stats /src/hdf5/src/H5C.c:785
  NEW_FUNC: 0x55bde30ecc90 in H5C_prep_for_file_close /src/hdf5/src/H5C.c:395
  NEW_FUNC: 0x55bde30ecff0 in H5C_dest /src/hdf5/src/H5C.c:482
  NEW_FUNC: 0x55bde30edc10 in H5C_set_slist_enabled /src/hdf5/src/H5C.c:1075
  NEW_FUNC: 0x55bde30ef3a0 in H5C_set_cache_auto_resize_config /src/hdf5/src/H5C.c:818
  NEW_FUNC: 0x55bde30f0ca0 in H5C_validate_resize_config /src/hdf5/src/H5C.c:1207
  NEW_FUNC: 0x55bde30f20f0 in H5C_set_evictions_enabled /src/hdf5/src/H5C.c:1005
  NEW_FUNC: 0x55bde30f52c0 in H5C_stats__reset /src/hdf5/src/H5Cdbg.c:683
  NEW_FUNC: 0x55bde31038a0 in H5C_protect /src/hdf5/src/H5Centry.c:2996
  NEW_FUNC: 0x55bde3110b30 in H5C__verify_len_eoa /src/hdf5/src/H5Centry.c:950
  NEW_FUNC: 0x55bde3111d80 in H5C_cache_image_status /src/hdf5/src/H5Cimage.c:229
  NEW_FUNC: 0x55bde311cc90 in H5C__prep_image_for_file_close /src/hdf5/src/H5Cimage.c:832
  NEW_FUNC: 0x55bde3120d80 in H5C_set_cache_image_config /src/hdf5/src/H5Cimage.c:1114
  NEW_FUNC: 0x55bde31210d0 in H5C_validate_cache_image_config /src/hdf5/src/H5Cimage.c:1186
  NEW_FUNC: 0x55bde3126d30 in H5C__flush_invalidate_cache /src/hdf5/src/H5Cint.c:991
  NEW_FUNC: 0x55bde312bc10 in H5C_get_logging_status /src/hdf5/src/H5Clog.c:257
  NEW_FUNC: 0x55bde3143c80 in H5CX__init_package /src/hdf5/src/H5CX.c:266
  NEW_FUNC: 0x55bde3145330 in H5CX_pushed /src/hdf5/src/H5CX.c:507
  NEW_FUNC: 0x55bde31453b0 in H5CX_push /src/hdf5/src/H5CX.c:533
  NEW_FUNC: 0x55bde3147ca0 in H5CX_set_apl /src/hdf5/src/H5CX.c:1012
  NEW_FUNC: 0x55bde31485b0 in H5CX_set_vol_connector_prop /src/hdf5/src/H5CX.c:1210
  NEW_FUNC: 0x55bde31487b0 in H5CX_get_dxpl /src/hdf5/src/H5CX.c:1241
  NEW_FUNC: 0x55bde3148be0 in H5CX_get_vol_connector_prop /src/hdf5/src/H5CX.c:1336
  NEW_FUNC: 0x55bde3148e00 in H5CX_get_tag /src/hdf5/src/H5CX.c:1369
  NEW_FUNC: 0x55bde3148e90 in H5CX_get_ring /src/hdf5/src/H5CX.c:1396
  NEW_FUNC: 0x55bde314ff80 in H5CX_set_tag /src/hdf5/src/H5CX.c:2597
  NEW_FUNC: 0x55bde3150010 in H5CX_set_ring /src/hdf5/src/H5CX.c:2622
  NEW_FUNC: 0x55bde3150d10 in H5CX_pop /src/hdf5/src/H5CX.c:3317
  NEW_FUNC: 0x55bde3174c40 in H5D_init /src/hdf5/src/H5Dint.c:162
  NEW_FUNC: 0x55bde3174e10 in H5D__init_package /src/hdf5/src/H5Dint.c:189
  NEW_FUNC: 0x55bde31d7870 in H5Eset_auto2 /src/hdf5/src/H5E.c:767
  NEW_FUNC: 0x55bde31ddb80 in H5E_init /src/hdf5/src/H5Eint.c:217
  NEW_FUNC: 0x55bde31ddd10 in H5E__init_package /src/hdf5/src/H5Eint.c:241
  NEW_FUNC: 0x55bde31e26d0 in H5E_printf_stack /src/hdf5/src/H5Eint.c:1547
  NEW_FUNC: 0x55bde31e3ac0 in H5E_clear_stack /src/hdf5/src/H5Eint.c:1844
  NEW_FUNC: 0x55bde31e3d80 in H5E_user_cb_prepare /src/hdf5/src/H5Eint.c:367
  NEW_FUNC: 0x55bde31e40a0 in H5E_user_cb_restore /src/hdf5/src/H5Eint.c:406
  NEW_FUNC: 0x55bde31e7fa0 in H5E__get_auto /src/hdf5/src/H5Eint.c:1453
  NEW_FUNC: 0x55bde31e83a0 in H5E__set_auto /src/hdf5/src/H5Eint.c:1523
  NEW_FUNC: 0x55bde31e8a40 in H5E__clear_entries /src/hdf5/src/H5Eint.c:1775
  NEW_FUNC: 0x55bde31e9080 in H5E_dump_api_stack /src/hdf5/src/H5Eint.c:1939
  NEW_FUNC: 0x55bde320d590 in H5Fopen /src/hdf5/src/H5F.c:813
  NEW_FUNC: 0x55bde320dce0 in H5F__open_api_common /src/hdf5/src/H5F.c:739
  NEW_FUNC: 0x55bde3226df0 in H5F_init /src/hdf5/src/H5Fint.c:138
  NEW_FUNC: 0x55bde3226f20 in H5F__init_package /src/hdf5/src/H5Fint.c:161
  NEW_FUNC: 0x55bde3227070 in H5F__parse_file_lock_env_var /src/hdf5/src/H5Fint.c:276
  NEW_FUNC: 0x55bde322b8f0 in H5F_open /src/hdf5/src/H5Fint.c:1827
  NEW_FUNC: 0x55bde322ed10 in H5F__new /src/hdf5/src/H5Fint.c:1132
  NEW_FUNC: 0x55bde3232900 in H5F__dest /src/hdf5/src/H5Fint.c:1405
  NEW_FUNC: 0x55bde3239610 in H5F_set_retries /src/hdf5/src/H5Fint.c:3485
  NEW_FUNC: 0x55bde3239e70 in H5F__set_eoa /src/hdf5/src/H5Fint.c:3582
  NEW_FUNC: 0x55bde323ea60 in H5F__set_vol_conn /src/hdf5/src/H5Fint.c:315
  NEW_FUNC: 0x55bde323f300 in H5F_block_read /src/hdf5/src/H5Fio.c:117
  NEW_FUNC: 0x55bde32459d0 in H5F_get_intent /src/hdf5/src/H5Fquery.c:97
  NEW_FUNC: 0x55bde3245d10 in H5F_get_read_attempts /src/hdf5/src/H5Fquery.c:342
  NEW_FUNC: 0x55bde32462b0 in H5F_grp_btree_shared /src/hdf5/src/H5Fquery.c:672
  NEW_FUNC: 0x55bde3246cd0 in H5F_get_eoa /src/hdf5/src/H5Fquery.c:924
  NEW_FUNC: 0x55bde32475a0 in H5F_use_mdc_logging /src/hdf5/src/H5Fquery.c:1122
  NEW_FUNC: 0x55bde3247dd0 in H5F__sfile_add /src/hdf5/src/H5Fsfile.c:94
  NEW_FUNC: 0x55bde3247fb0 in H5F__sfile_search /src/hdf5/src/H5Fsfile.c:130
  NEW_FUNC: 0x55bde3248170 in H5F__sfile_remove /src/hdf5/src/H5Fsfile.c:165
  NEW_FUNC: 0x55bde3248a80 in H5F__super_read /src/hdf5/src/H5Fsuper.c:307
  NEW_FUNC: 0x55bde32533d0 in H5F__cache_superblock_get_initial_load_size /src/hdf5/src/H5Fsuper_cache.c:303
  NEW_FUNC: 0x55bde3253490 in H5F__cache_superblock_get_final_load_size /src/hdf5/src/H5Fsuper_cache.c:325
  NEW_FUNC: 0x55bde3257cd0 in H5F__superblock_prefix_decode /src/hdf5/src/H5Fsuper_cache.c:142
  NEW_FUNC: 0x55bde3264310 in H5FD_init /src/hdf5/src/H5FD.c:110
  NEW_FUNC: 0x55bde3264440 in H5FD__init_package /src/hdf5/src/H5FD.c:131
  NEW_FUNC: 0x55bde3265980 in H5FD_register /src/hdf5/src/H5FD.c:388
  NEW_FUNC: 0x55bde3266db0 in H5FD_get_class /src/hdf5/src/H5FD.c:527
  NEW_FUNC: 0x55bde32694e0 in H5FD_open /src/hdf5/src/H5FD.c:891
  NEW_FUNC: 0x55bde326a570 in H5FD__query /src/hdf5/src/H5FD.c:1213
  NEW_FUNC: 0x55bde326b050 in H5FD_close /src/hdf5/src/H5FD.c:1055
  NEW_FUNC: 0x55bde326f060 in H5FD_get_maxaddr /src/hdf5/src/H5FD.c:1498
  NEW_FUNC: 0x55bde326f240 in H5FD_get_feature_flags /src/hdf5/src/H5FD.c:1524
  NEW_FUNC: 0x55bde326f380 in H5FD_get_fs_type_map /src/hdf5/src/H5FD.c:1571
  NEW_FUNC: 0x55bde3278d60 in H5FD_lock /src/hdf5/src/H5FD.c:2613
  NEW_FUNC: 0x55bde327cd60 in H5FD__core_register /src/hdf5/src/H5FDcore.c:454
  NEW_FUNC: 0x55bde3285560 in H5FD__family_register /src/hdf5/src/H5FDfamily.c:279
  NEW_FUNC: 0x55bde328cdc0 in H5FD_locate_signature /src/hdf5/src/H5FDint.c:149
  NEW_FUNC: 0x55bde328d4b0 in H5FD_get_eof /src/hdf5/src/H5FDint.c:2491
  NEW_FUNC: 0x55bde328db10 in H5FD_get_eoa /src/hdf5/src/H5FDint.c:2449
  NEW_FUNC: 0x55bde328e0e0 in H5FD_set_eoa /src/hdf5/src/H5FDint.c:2409
  NEW_FUNC: 0x55bde328e6a0 in H5FD_read /src/hdf5/src/H5FDint.c:214
  NEW_FUNC: 0x55bde329e050 in H5FD_driver_query /src/hdf5/src/H5FDint.c:2533
  NEW_FUNC: 0x55bde32a3630 in H5FD__log_register /src/hdf5/src/H5FDlog.c:215
  NEW_FUNC: 0x55bde32aa9d0 in H5FD__multi_register /src/hdf5/src/H5FDmulti_int.c:52
  NEW_FUNC: 0x55bde32aab00 in H5FD__onion_register /src/hdf5/src/H5FDonion.c:226
  NEW_FUNC: 0x55bde32c0ad0 in H5FD__sec2_register /src/hdf5/src/H5FDsec2.c:174
  NEW_FUNC: 0x55bde32c1390 in H5FD__sec2_open /src/hdf5/src/H5FDsec2.c:249
  NEW_FUNC: 0x55bde32c1f70 in H5FD__sec2_close /src/hdf5/src/H5FDsec2.c:378
  NEW_FUNC: 0x55bde32c2360 in H5FD__sec2_query /src/hdf5/src/H5FDsec2.c:462
  NEW_FUNC: 0x55bde32c24b0 in H5FD__sec2_get_eoa /src/hdf5/src/H5FDsec2.c:508
  NEW_FUNC: 0x55bde32c24e0 in H5FD__sec2_set_eoa /src/hdf5/src/H5FDsec2.c:529
  NEW_FUNC: 0x55bde32c25a0 in H5FD__sec2_get_eof /src/hdf5/src/H5FDsec2.c:553
  NEW_FUNC: 0x55bde32c2750 in H5FD__sec2_read /src/hdf5/src/H5FDsec2.c:603
  NEW_FUNC: 0x55bde32c3740 in H5FD__sec2_lock /src/hdf5/src/H5FDsec2.c:889
  NEW_FUNC: 0x55bde32c6c30 in H5FD__splitter_register /src/hdf5/src/H5FDsplitter.c:177
  NEW_FUNC: 0x55bde32ce9f0 in H5FD__stdio_register /src/hdf5/src/H5FDstdio_int.c:52
  NEW_FUNC: 0x55bde32cfb30 in H5FL_reg_free /src/hdf5/src/H5FL.c:277
  NEW_FUNC: 0x55bde32d0140 in H5FL_reg_malloc /src/hdf5/src/H5FL.c:334
  NEW_FUNC: 0x55bde32d07d0 in H5FL_reg_calloc /src/hdf5/src/H5FL.c:386
  NEW_FUNC: 0x55bde32d4ae0 in H5FL_fac_init /src/hdf5/src/H5FL.c:1695
  NEW_FUNC: 0x55bde32d4fc0 in H5FL_fac_free /src/hdf5/src/H5FL.c:1758
  NEW_FUNC: 0x55bde32d55d0 in H5FL_fac_malloc /src/hdf5/src/H5FL.c:1814
  NEW_FUNC: 0x55bde32d6b00 in H5FO_create /src/hdf5/src/H5FO.c:72
  NEW_FUNC: 0x55bde32d7650 in H5FO_dest /src/hdf5/src/H5FO.c:341
  NEW_FUNC: 0x55bde32d7880 in H5FO_top_create /src/hdf5/src/H5FO.c:385
  NEW_FUNC: 0x55bde32d8100 in H5FO_top_dest /src/hdf5/src/H5FO.c:569
  NEW_FUNC: 0x55bde32e2050 in H5FS_init /src/hdf5/src/H5FSint.c:80
  NEW_FUNC: 0x55bde32f46b0 in H5G_init /src/hdf5/src/H5Gint.c:134
  NEW_FUNC: 0x55bde32f47e0 in H5G__init_package /src/hdf5/src/H5Gint.c:165
  NEW_FUNC: 0x55bde3305250 in H5G_name_free /src/hdf5/src/H5Gname.c:536
  NEW_FUNC: 0x55bde3305650 in H5G_name_reset /src/hdf5/src/H5Gname.c:513
  NEW_FUNC: 0x55bde330e510 in H5G_node_close /src/hdf5/src/H5Gnode.c:1112
  NEW_FUNC: 0x55bde339eb90 in H5I_register_type /src/hdf5/src/H5Iint.c:242
  NEW_FUNC: 0x55bde33a0980 in H5I__register /src/hdf5/src/H5Iint.c:581
  NEW_FUNC: 0x55bde33a2450 in H5I_register /src/hdf5/src/H5Iint.c:639
  NEW_FUNC: 0x55bde33a41d0 in H5I__find_id /src/hdf5/src/H5Iint.c:1666
  NEW_FUNC: 0x55bde33a4da0 in H5I_object /src/hdf5/src/H5Iint.c:779
  NEW_FUNC: 0x55bde33a4ee0 in H5I_object_verify /src/hdf5/src/H5Iint.c:807
  NEW_FUNC: 0x55bde33a5060 in H5I_get_type /src/hdf5/src/H5Iint.c:840
  NEW_FUNC: 0x55bde33a5990 in H5I__remove_common /src/hdf5/src/H5Iint.c:944
  NEW_FUNC: 0x55bde33a6580 in H5I_dec_ref /src/hdf5/src/H5Iint.c:1115
  NEW_FUNC: 0x55bde33a6730 in H5I__dec_ref /src/hdf5/src/H5Iint.c:1036
  NEW_FUNC: 0x55bde33a7aa0 in H5I_inc_ref /src/hdf5/src/H5Iint.c:1357
  NEW_FUNC: 0x55bde33bcec0 in H5L_init /src/hdf5/src/H5Lint.c:206
  NEW_FUNC: 0x55bde33bcff0 in H5L__init_package /src/hdf5/src/H5Lint.c:227
  NEW_FUNC: 0x55bde33bd520 in H5L_register /src/hdf5/src/H5Lint.c:344
  NEW_FUNC: 0x55bde33c7a30 in H5M_init /src/hdf5/src/H5M.c:94
  NEW_FUNC: 0x55bde33c7b60 in H5M__init_package /src/hdf5/src/H5M.c:117
  NEW_FUNC: 0x55bde33c8140 in H5MF_init_merge_flags /src/hdf5/src/H5MF.c:137
  NEW_FUNC: 0x55bde33e45a0 in H5MM_realloc /src/hdf5/src/H5MM.c:77
  NEW_FUNC: 0x55bde33e4630 in H5MM_xstrdup /src/hdf5/src/H5MM.c:109
  NEW_FUNC: 0x55bde33e46f0 in H5MM_strdup /src/hdf5/src/H5MM.c:136
  NEW_FUNC: 0x55bde33e4950 in H5MM_xfree /src/hdf5/src/H5MM.c:197
  NEW_FUNC: 0x55bde33e4980 in H5MM_xfree_const /src/hdf5/src/H5MM.c:219
  NEW_FUNC: 0x55bde343a730 in H5O__fill_copy /src/hdf5/src/H5Ofill.c:534
  NEW_FUNC: 0x55bde3447260 in H5O_init /src/hdf5/src/H5Oint.c:192
  NEW_FUNC: 0x55bde3451340 in H5O_loc_reset /src/hdf5/src/H5Oint.c:1804
  NEW_FUNC: 0x55bde345db80 in H5O__layout_copy /src/hdf5/src/H5Olayout.c:750
  NEW_FUNC: 0x55bde346b790 in H5O_msg_reset /src/hdf5/src/H5Omessage.c:516
  NEW_FUNC: 0x55bde346c4c0 in H5O_msg_copy /src/hdf5/src/H5Omessage.c:665
  NEW_FUNC: 0x55bde3471530 in H5O_msg_reset_share /src/hdf5/src/H5Omessage.c:1530
  NEW_FUNC: 0x55bde3479590 in H5O__pline_copy /src/hdf5/src/H5Opline.c:369
  NEW_FUNC: 0x55bde347ab00 in H5O__pline_reset /src/hdf5/src/H5Opline.c:521
  NEW_FUNC: 0x55bde3492d10 in H5P__dacc_reg_prop /src/hdf5/src/H5Pdapl.c:197
  NEW_FUNC: 0x55bde349e950 in H5P__dcrt_reg_prop /src/hdf5/src/H5Pdcpl.c:301
  NEW_FUNC: 0x55bde34bd3e0 in H5P__dcrt_layout_get /src/hdf5/src/H5Pdcpl.c:391
  NEW_FUNC: 0x55bde34c7520 in H5P__dcrt_fill_value_get /src/hdf5/src/H5Pdcpl.c:1098
  NEW_FUNC: 0x55bde34c9c60 in H5P__dcrt_ext_file_list_get /src/hdf5/src/H5Pdcpl.c:1476
  NEW_FUNC: 0x55bde34ce890 in H5P__dxfr_reg_prop /src/hdf5/src/H5Pdxpl.c:313
  NEW_FUNC: 0x55bde34e48c0 in H5P__facc_reg_prop /src/hdf5/src/H5Pfapl.c:553
  NEW_FUNC: 0x55bde34e6d80 in H5P__facc_set_def_driver /src/hdf5/src/H5Pfapl.c:860
  NEW_FUNC: 0x55bde35028f0 in H5P_set_vol /src/hdf5/src/H5Pfapl.c:5979
  NEW_FUNC: 0x55bde3502e40 in H5P_reset_vol_class /src/hdf5/src/H5Pfapl.c:6020
  NEW_FUNC: 0x55bde35102f0 in H5P__facc_file_driver_create /src/hdf5/src/H5Pfapl.c:1765
  NEW_FUNC: 0x55bde3515aa0 in H5P__facc_vol_create /src/hdf5/src/H5Pfapl.c:6238
  NEW_FUNC: 0x55bde3515c20 in H5P__facc_vol_set /src/hdf5/src/H5Pfapl.c:6264
  NEW_FUNC: 0x55bde3515f20 in H5P__facc_vol_del /src/hdf5/src/H5Pfapl.c:6322
  NEW_FUNC: 0x55bde3516570 in H5P__file_driver_copy /src/hdf5/src/H5Pfapl.c:1658
  NEW_FUNC: 0x55bde35181e0 in H5P_init_phase1 /src/hdf5/src/H5Pint.c:424
  NEW_FUNC: 0x55bde35183b0 in H5P__init_package /src/hdf5/src/H5Pint.c:475
  NEW_FUNC: 0x55bde3518fb0 in H5P_init_phase2 /src/hdf5/src/H5Pint.c:450
  NEW_FUNC: 0x55bde35192d0 in H5P__create_class /src/hdf5/src/H5Pint.c:1781
  NEW_FUNC: 0x55bde35199a0 in H5P_create_id /src/hdf5/src/H5Pint.c:2014
  NEW_FUNC: 0x55bde351b680 in H5P__dup_prop /src/hdf5/src/H5Pint.c:1179
  NEW_FUNC: 0x55bde351bce0 in H5P_copy_plist /src/hdf5/src/H5Pint.c:938
  NEW_FUNC: 0x55bde351dd20 in H5P__do_prop_cb1 /src/hdf5/src/H5Pint.c:789
  NEW_FUNC: 0x55bde351e630 in H5P__access_class /src/hdf5/src/H5Pint.c:1630
  NEW_FUNC: 0x55bde351ebe0 in H5P_close /src/hdf5/src/H5Pint.c:5285
  NEW_FUNC: 0x55bde351fee0 in H5P__free_prop_cb /src/hdf5/src/H5Pint.c:1547
  NEW_FUNC: 0x55bde3520390 in H5P__register_real /src/hdf5/src/H5Pint.c:2257
  NEW_FUNC: 0x55bde3520990 in H5P__create_prop /src/hdf5/src/H5Pint.c:1293
  NEW_FUNC: 0x55bde35224d0 in H5P__do_prop /src/hdf5/src/H5Pint.c:2818
  NEW_FUNC: 0x55bde3523120 in H5P_set /src/hdf5/src/H5Pint.c:3237
  NEW_FUNC: 0x55bde3523570 in H5P__set_plist_cb /src/hdf5/src/H5Pint.c:3050
  NEW_FUNC: 0x55bde35249f0 in H5P__class_get /src/hdf5/src/H5Pint.c:3284
  NEW_FUNC: 0x55bde3524c60 in H5P__class_set /src/hdf5/src/H5Pint.c:3339
  NEW_FUNC: 0x55bde3525aa0 in H5P__cmp_class /src/hdf5/src/H5Pint.c:3808
  NEW_FUNC: 0x55bde35280f0 in H5P_isa_class /src/hdf5/src/H5Pint.c:4129
  NEW_FUNC: 0x55bde3529d90 in H5P_peek /src/hdf5/src/H5Pint.c:4662
  NEW_FUNC: 0x55bde352a1d0 in H5P__peek_cb /src/hdf5/src/H5Pint.c:4614
  NEW_FUNC: 0x55bde352a3b0 in H5P_get /src/hdf5/src/H5Pint.c:4784
  NEW_FUNC: 0x55bde352a7f0 in H5P__get_cb /src/hdf5/src/H5Pint.c:4706
  NEW_FUNC: 0x55bde352f380 in H5P__close_list_cb /src/hdf5/src/H5Pint.c:748
  NEW_FUNC: 0x55bde352f4f0 in H5P__lacc_reg_prop /src/hdf5/src/H5Plapl.c:184
  NEW_FUNC: 0x55bde3537910 in H5P__lcrt_reg_prop /src/hdf5/src/H5Plcpl.c:108
  NEW_FUNC: 0x55bde35388b0 in H5P__macc_reg_prop /src/hdf5/src/H5Pmapl.c:107
  NEW_FUNC: 0x55bde3538c20 in H5P__mcrt_reg_prop /src/hdf5/src/H5Pmcpl.c:96
  NEW_FUNC: 0x55bde3538c30 in H5P__ocrt_reg_prop /src/hdf5/src/H5Pocpl.c:147
  NEW_FUNC: 0x55bde3543bd0 in H5P__ocrt_pipeline_get /src/hdf5/src/H5Pocpl.c:1234
  NEW_FUNC: 0x55bde3546fd0 in H5P__ocrt_pipeline_copy /src/hdf5/src/H5Pocpl.c:1477
  NEW_FUNC: 0x55bde3547a80 in H5P__ocrt_pipeline_close /src/hdf5/src/H5Pocpl.c:1604
  NEW_FUNC: 0x55bde3547c00 in H5P__ocpy_reg_prop /src/hdf5/src/H5Pocpypl.c:149
  NEW_FUNC: 0x55bde354c750 in H5P__strcrt_reg_prop /src/hdf5/src/H5Pstrcpl.c:112
  NEW_FUNC: 0x55bde354f170 in H5PB_dest /src/hdf5/src/H5PB.c:450
  NEW_FUNC: 0x55bde3550c80 in H5PB_read /src/hdf5/src/H5PB.c:653
  NEW_FUNC: 0x55bde3556c00 in H5PL__init_package /src/hdf5/src/H5PLint.c:136
  NEW_FUNC: 0x55bde3558630 in H5PL_iterate /src/hdf5/src/H5PLint.c:525
  NEW_FUNC: 0x55bde3558810 in H5PL__create_path_table /src/hdf5/src/H5PLpath.c:231
  NEW_FUNC: 0x55bde3559180 in H5PL__insert_at /src/hdf5/src/H5PLpath.c:104
  NEW_FUNC: 0x55bde355a3c0 in H5PL__path_table_iterate /src/hdf5/src/H5PLpath.c:568
  NEW_FUNC: 0x55bde355bc60 in H5PL__create_plugin_cache /src/hdf5/src/H5PLplugin_cache.c:99
  NEW_FUNC: 0x55bde357b4a0 in H5S_init /src/hdf5/src/H5S.c:114
  NEW_FUNC: 0x55bde357b5d0 in H5S__init_package /src/hdf5/src/H5S.c:136
  NEW_FUNC: 0x55bde36060e0 in H5SL__init_package /src/hdf5/src/H5SL.c:544
  NEW_FUNC: 0x55bde3606330 in H5SL_create /src/hdf5/src/H5SL.c:931
  NEW_FUNC: 0x55bde3606700 in H5SL__new_node /src/hdf5/src/H5SL.c:641
  NEW_FUNC: 0x55bde3606a00 in H5SL_count /src/hdf5/src/H5SL.c:1001
  NEW_FUNC: 0x55bde3606a30 in H5SL_insert /src/hdf5/src/H5SL.c:1036
  NEW_FUNC: 0x55bde3606b60 in H5SL__insert_common /src/hdf5/src/H5SL.c:688
  NEW_FUNC: 0x55bde3626180 in H5SL_search /src/hdf5/src/H5SL.c:1314
  NEW_FUNC: 0x55bde3638040 in H5SL_first /src/hdf5/src/H5SL.c:1896
  NEW_FUNC: 0x55bde36380a0 in H5SL_next /src/hdf5/src/H5SL.c:1929
  NEW_FUNC: 0x55bde36381a0 in H5SL_item /src/hdf5/src/H5SL.c:2029
  NEW_FUNC: 0x55bde3638550 in H5SL__release_common /src/hdf5/src/H5SL.c:806
  NEW_FUNC: 0x55bde3638d20 in H5SL_destroy /src/hdf5/src/H5SL.c:2232
  NEW_FUNC: 0x55bde3638e60 in H5SL__close_common /src/hdf5/src/H5SL.c:885
  NEW_FUNC: 0x55bde36390c0 in H5SL_close /src/hdf5/src/H5SL.c:2272
  NEW_FUNC: 0x55bde364e9b0 in H5T_init /src/hdf5/src/H5T.c:794
  NEW_FUNC: 0x55bde364eae0 in H5T__init_package /src/hdf5/src/H5T.c:1025
  NEW_FUNC: 0x55bde365d360 in H5T_copy /src/hdf5/src/H5T.c:4430
  NEW_FUNC: 0x55bde365d990 in H5T__alloc /src/hdf5/src/H5T.c:4649
  NEW_FUNC: 0x55bde365dc90 in H5T_set_loc /src/hdf5/src/H5T.c:6907
  NEW_FUNC: 0x55bde365ee30 in H5T__create /src/hdf5/src/H5T.c:3997
  NEW_FUNC: 0x55bde365faf0 in H5T__register_int /src/hdf5/src/H5T.c:3201
  NEW_FUNC: 0x55bde365fc40 in H5T__init_inf /src/hdf5/src/H5T.c:817
  NEW_FUNC: 0x55bde3661b20 in H5T_close_real /src/hdf5/src/H5T.c:4787
  NEW_FUNC: 0x55bde3665a50 in H5T_cmp /src/hdf5/src/H5T.c:5133
  NEW_FUNC: 0x55bde366ee90 in H5T__register /src/hdf5/src/H5T.c:3245
  NEW_FUNC: 0x55bde3676920 in H5T__initiate_copy /src/hdf5/src/H5T.c:4124
  NEW_FUNC: 0x55bde3676e60 in H5T__copy_all /src/hdf5/src/H5T.c:4200
  NEW_FUNC: 0x55bde3676f90 in H5T__complete_copy /src/hdf5/src/H5T.c:4229
  NEW_FUNC: 0x55bde36797e0 in H5T__free /src/hdf5/src/H5T.c:4699
  NEW_FUNC: 0x55bde367adf0 in H5T__path_find_real /src/hdf5/src/H5T.c:5755
  NEW_FUNC: 0x55bde3683380 in H5T__array_create /src/hdf5/src/H5Tarray.c:133
  NEW_FUNC: 0x55bde36876d0 in H5T__bit_set /src/hdf5/src/H5Tbit.c:328
  NEW_FUNC: 0x55bde3696100 in H5T__complex_create /src/hdf5/src/H5Tcomplex.c:111
  NEW_FUNC: 0x55bde369e7f0 in H5T__conv_noop /src/hdf5/src/H5Tconv.c:242
  NEW_FUNC: 0x55bde36b0fa0 in H5T__conv_fcomplex_schar /src/hdf5/src/H5Tconv_complex.c:1436
  NEW_FUNC: 0x55bde36b4e60 in H5T__conv_fcomplex_uchar /src/hdf5/src/H5Tconv_complex.c:1455
  NEW_FUNC: 0x55bde36b8cd0 in H5T__conv_fcomplex_short /src/hdf5/src/H5Tconv_complex.c:1474
  NEW_FUNC: 0x55bde36bce20 in H5T__conv_fcomplex_ushort /src/hdf5/src/H5Tconv_complex.c:1493
  NEW_FUNC: 0x55bde36c0f00 in H5T__conv_fcomplex_int /src/hdf5/src/H5Tconv_complex.c:1512
  NEW_FUNC: 0x55bde36c50e0 in H5T__conv_fcomplex_uint /src/hdf5/src/H5Tconv_complex.c:1531
  NEW_FUNC: 0x55bde36c91c0 in H5T__conv_fcomplex_long /src/hdf5/src/H5Tconv_complex.c:1550
  NEW_FUNC: 0x55bde36ccd40 in H5T__conv_fcomplex_ulong /src/hdf5/src/H5Tconv_complex.c:1569
  NEW_FUNC: 0x55bde36d82e0 in H5T__conv_fcomplex_float /src/hdf5/src/H5Tconv_complex.c:1649
  NEW_FUNC: 0x55bde36dd370 in H5T__conv_fcomplex_double /src/hdf5/src/H5Tconv_complex.c:1666
  NEW_FUNC: 0x55bde36dfb40 in H5T__conv_fcomplex_ldouble /src/hdf5/src/H5Tconv_complex.c:1683
  NEW_FUNC: 0x55bde36e3310 in H5T__conv_fcomplex_dcomplex /src/hdf5/src/H5Tconv_complex.c:1701
  NEW_FUNC: 0x55bde36e6970 in H5T__conv_fcomplex_lcomplex /src/hdf5/src/H5Tconv_complex.c:1719
  NEW_FUNC: 0x55bde36ea510 in H5T__conv_dcomplex_schar /src/hdf5/src/H5Tconv_complex.c:1736
  NEW_FUNC: 0x55bde36edf30 in H5T__conv_dcomplex_uchar /src/hdf5/src/H5Tconv_complex.c:1755
  NEW_FUNC: 0x55bde36f1910 in H5T__conv_dcomplex_short /src/hdf5/src/H5Tconv_complex.c:1774
  NEW_FUNC: 0x55bde36f5480 in H5T__conv_dcomplex_ushort /src/hdf5/src/H5Tconv_complex.c:1794
  NEW_FUNC: 0x55bde36f8f80 in H5T__conv_dcomplex_int /src/hdf5/src/H5Tconv_complex.c:1813
  NEW_FUNC: 0x55bde36fcb30 in H5T__conv_dcomplex_uint /src/hdf5/src/H5Tconv_complex.c:1832
  NEW_FUNC: 0x55bde3700640 in H5T__conv_dcomplex_long /src/hdf5/src/H5Tconv_complex.c:1851
  NEW_FUNC: 0x55bde3704180 in H5T__conv_dcomplex_ulong /src/hdf5/src/H5Tconv_complex.c:1870
  NEW_FUNC: 0x55bde370f600 in H5T__conv_dcomplex_float /src/hdf5/src/H5Tconv_complex.c:1950
  NEW_FUNC: 0x55bde3712600 in H5T__conv_dcomplex_double /src/hdf5/src/H5Tconv_complex.c:1967
  NEW_FUNC: 0x55bde3716f80 in H5T__conv_dcomplex_ldouble /src/hdf5/src/H5Tconv_complex.c:1984
  NEW_FUNC: 0x55bde3719b90 in H5T__conv_dcomplex_fcomplex /src/hdf5/src/H5Tconv_complex.c:2002
  NEW_FUNC: 0x55bde371d350 in H5T__conv_dcomplex_lcomplex /src/hdf5/src/H5Tconv_complex.c:2020
  NEW_FUNC: 0x55bde3720d20 in H5T__conv_lcomplex_schar /src/hdf5/src/H5Tconv_complex.c:2038
  NEW_FUNC: 0x55bde3724c40 in H5T__conv_lcomplex_uchar /src/hdf5/src/H5Tconv_complex.c:2058
  NEW_FUNC: 0x55bde3728b20 in H5T__conv_lcomplex_short /src/hdf5/src/H5Tconv_complex.c:2077
  NEW_FUNC: 0x55bde372cbe0 in H5T__conv_lcomplex_ushort /src/hdf5/src/H5Tconv_complex.c:2097
  NEW_FUNC: 0x55bde3730bf0 in H5T__conv_lcomplex_int /src/hdf5/src/H5Tconv_complex.c:2116
  NEW_FUNC: 0x55bde3734c80 in H5T__conv_lcomplex_uint /src/hdf5/src/H5Tconv_complex.c:2136
  NEW_FUNC: 0x55bde3738c30 in H5T__conv_lcomplex_long /src/hdf5/src/H5Tconv_complex.c:2155
  NEW_FUNC: 0x55bde373cce0 in H5T__conv_lcomplex_ulong /src/hdf5/src/H5Tconv_complex.c:2175
  NEW_FUNC: 0x55bde3748f90 in H5T__conv_lcomplex_float /src/hdf5/src/H5Tconv_complex.c:2262
  NEW_FUNC: 0x55bde374c2a0 in H5T__conv_lcomplex_double /src/hdf5/src/H5Tconv_complex.c:2279
  NEW_FUNC: 0x55bde374f340 in H5T__conv_lcomplex_ldouble /src/hdf5/src/H5Tconv_complex.c:2297
  NEW_FUNC: 0x55bde37557a0 in H5T__conv_lcomplex_fcomplex /src/hdf5/src/H5Tconv_complex.c:2315
  NEW_FUNC: 0x55bde3759490 in H5T__conv_lcomplex_dcomplex /src/hdf5/src/H5Tconv_complex.c:2333
  NEW_FUNC: 0x55bde37723f0 in H5T__conv_float_schar /src/hdf5/src/H5Tconv_float.c:1741
  NEW_FUNC: 0x55bde37763f0 in H5T__conv_float_uchar /src/hdf5/src/H5Tconv_float.c:1761
  NEW_FUNC: 0x55bde377a3a0 in H5T__conv_float_short /src/hdf5/src/H5Tconv_float.c:1781
  NEW_FUNC: 0x55bde377e5f0 in H5T__conv_float_ushort /src/hdf5/src/H5Tconv_float.c:1801
  NEW_FUNC: 0x55bde37827c0 in H5T__conv_float_int /src/hdf5/src/H5Tconv_float.c:1821
  NEW_FUNC: 0x55bde37863c0 in H5T__conv_float_uint /src/hdf5/src/H5Tconv_float.c:1841
  NEW_FUNC: 0x55bde3789f80 in H5T__conv_float_long /src/hdf5/src/H5Tconv_float.c:1861
  NEW_FUNC: 0x55bde378e210 in H5T__conv_float_ulong /src/hdf5/src/H5Tconv_float.c:1881
  NEW_FUNC: 0x55bde379ace0 in H5T__conv_float_double /src/hdf5/src/H5Tconv_float.c:1964
  NEW_FUNC: 0x55bde379de40 in H5T__conv_float_ldouble /src/hdf5/src/H5Tconv_float.c:1982
  NEW_FUNC: 0x55bde37a1610 in H5T__conv_float_fcomplex /src/hdf5/src/H5Tconv_float.c:2002
  NEW_FUNC: 0x55bde37a4db0 in H5T__conv_float_dcomplex /src/hdf5/src/H5Tconv_float.c:2021
  NEW_FUNC: 0x55bde37a8f10 in H5T__conv_float_lcomplex /src/hdf5/src/H5Tconv_float.c:2040
  NEW_FUNC: 0x55bde37adfa0 in H5T__conv_double_schar /src/hdf5/src/H5Tconv_float.c:2059
  NEW_FUNC: 0x55bde37b1f70 in H5T__conv_double_uchar /src/hdf5/src/H5Tconv_float.c:2079
  NEW_FUNC: 0x55bde37b5f00 in H5T__conv_double_short /src/hdf5/src/H5Tconv_float.c:2099
  NEW_FUNC: 0x55bde37ba110 in H5T__conv_double_ushort /src/hdf5/src/H5Tconv_float.c:2119
  NEW_FUNC: 0x55bde37be2c0 in H5T__conv_double_int /src/hdf5/src/H5Tconv_float.c:2139
  NEW_FUNC: 0x55bde37c24e0 in H5T__conv_double_uint /src/hdf5/src/H5Tconv_float.c:2159
  NEW_FUNC: 0x55bde37c66a0 in H5T__conv_double_long /src/hdf5/src/H5Tconv_float.c:2179
  NEW_FUNC: 0x55bde37ca370 in H5T__conv_double_ulong /src/hdf5/src/H5Tconv_float.c:2199
  NEW_FUNC: 0x55bde37d5ba0 in H5T__conv_double_float /src/hdf5/src/H5Tconv_float.c:2282
  NEW_FUNC: 0x55bde37d8cc0 in H5T__conv_double_ldouble /src/hdf5/src/H5Tconv_float.c:2300
  NEW_FUNC: 0x55bde37dc310 in H5T__conv_double_fcomplex /src/hdf5/src/H5Tconv_float.c:2320
  NEW_FUNC: 0x55bde37df5b0 in H5T__conv_double_dcomplex /src/hdf5/src/H5Tconv_float.c:2339
  NEW_FUNC: 0x55bde37e24a0 in H5T__conv_double_lcomplex /src/hdf5/src/H5Tconv_float.c:2358
  NEW_FUNC: 0x55bde37e71f0 in H5T__conv_ldouble_schar /src/hdf5/src/H5Tconv_float.c:2377
  NEW_FUNC: 0x55bde37eb290 in H5T__conv_ldouble_uchar /src/hdf5/src/H5Tconv_float.c:2397
  NEW_FUNC: 0x55bde37ef2f0 in H5T__conv_ldouble_short /src/hdf5/src/H5Tconv_float.c:2417
  NEW_FUNC: 0x55bde37f3590 in H5T__conv_ldouble_ushort /src/hdf5/src/H5Tconv_float.c:2437
  NEW_FUNC: 0x55bde37f7750 in H5T__conv_ldouble_int /src/hdf5/src/H5Tconv_float.c:2457
  NEW_FUNC: 0x55bde37fb970 in H5T__conv_ldouble_uint /src/hdf5/src/H5Tconv_float.c:2477
  NEW_FUNC: 0x55bde37ffc00 in H5T__conv_ldouble_long /src/hdf5/src/H5Tconv_float.c:2497
  NEW_FUNC: 0x55bde3803ed0 in H5T__conv_ldouble_ulong /src/hdf5/src/H5Tconv_float.c:2517
  NEW_FUNC: 0x55bde3810b20 in H5T__conv_ldouble_float /src/hdf5/src/H5Tconv_float.c:2606
  NEW_FUNC: 0x55bde3813d50 in H5T__conv_ldouble_double /src/hdf5/src/H5Tconv_float.c:2624
  NEW_FUNC: 0x55bde3816d90 in H5T__conv_ldouble_fcomplex /src/hdf5/src/H5Tconv_float.c:2644
  NEW_FUNC: 0x55bde381a210 in H5T__conv_ldouble_dcomplex /src/hdf5/src/H5Tconv_float.c:2663
  NEW_FUNC: 0x55bde381ca20 in H5T__conv_ldouble_lcomplex /src/hdf5/src/H5Tconv_float.c:2682
  NEW_FUNC: 0x55bde3829630 in H5T__conv_schar_uchar /src/hdf5/src/H5Tconv_integer.c:1074
  NEW_FUNC: 0x55bde382bcb0 in H5T__conv_schar_short /src/hdf5/src/H5Tconv_integer.c:1091
  NEW_FUNC: 0x55bde3830360 in H5T__conv_schar_ushort /src/hdf5/src/H5Tconv_integer.c:1108
  NEW_FUNC: 0x55bde38333f0 in H5T__conv_schar_int /src/hdf5/src/H5Tconv_integer.c:1125
  NEW_FUNC: 0x55bde3837aa0 in H5T__conv_schar_uint /src/hdf5/src/H5Tconv_integer.c:1142
  NEW_FUNC: 0x55bde3841d20 in H5T__conv_schar_llong /src/hdf5/src/H5Tconv_integer.c:1193
  NEW_FUNC: 0x55bde3846030 in H5T__conv_schar_ullong /src/hdf5/src/H5Tconv_integer.c:1210
  NEW_FUNC: 0x55bde3848f70 in H5T__conv_schar_float /src/hdf5/src/H5Tconv_integer.c:1247
  NEW_FUNC: 0x55bde384e200 in H5T__conv_schar_double /src/hdf5/src/H5Tconv_integer.c:1265
  NEW_FUNC: 0x55bde3853150 in H5T__conv_schar_ldouble /src/hdf5/src/H5Tconv_integer.c:1283
  NEW_FUNC: 0x55bde38579f0 in H5T__conv_schar_fcomplex /src/hdf5/src/H5Tconv_integer.c:1303
  NEW_FUNC: 0x55bde385cc10 in H5T__conv_schar_dcomplex /src/hdf5/src/H5Tconv_integer.c:1322
  NEW_FUNC: 0x55bde3861070 in H5T__conv_schar_lcomplex /src/hdf5/src/H5Tconv_integer.c:1341
  NEW_FUNC: 0x55bde38669e0 in H5T__conv_uchar_schar /src/hdf5/src/H5Tconv_integer.c:1359
  NEW_FUNC: 0x55bde3869050 in H5T__conv_uchar_short /src/hdf5/src/H5Tconv_integer.c:1376
  NEW_FUNC: 0x55bde386d700 in H5T__conv_uchar_ushort /src/hdf5/src/H5Tconv_integer.c:1393
  NEW_FUNC: 0x55bde3871db0 in H5T__conv_uchar_int /src/hdf5/src/H5Tconv_integer.c:1410
  NEW_FUNC: 0x55bde3876460 in H5T__conv_uchar_uint /src/hdf5/src/H5Tconv_integer.c:1427
  NEW_FUNC: 0x55bde3883130 in H5T__conv_uchar_llong /src/hdf5/src/H5Tconv_integer.c:1478
  NEW_FUNC: 0x55bde3887440 in H5T__conv_uchar_ullong /src/hdf5/src/H5Tconv_integer.c:1495
  NEW_FUNC: 0x55bde388b750 in H5T__conv_uchar_float /src/hdf5/src/H5Tconv_integer.c:1532
  NEW_FUNC: 0x55bde38909e0 in H5T__conv_uchar_double /src/hdf5/src/H5Tconv_integer.c:1550
  NEW_FUNC: 0x55bde3895930 in H5T__conv_uchar_ldouble /src/hdf5/src/H5Tconv_integer.c:1568
  NEW_FUNC: 0x55bde389a1d0 in H5T__conv_uchar_fcomplex /src/hdf5/src/H5Tconv_integer.c:1588
  NEW_FUNC: 0x55bde389f3f0 in H5T__conv_uchar_dcomplex /src/hdf5/src/H5Tconv_integer.c:1607
  NEW_FUNC: 0x55bde38a3850 in H5T__conv_uchar_lcomplex /src/hdf5/src/H5Tconv_integer.c:1626
  NEW_FUNC: 0x55bde38a91c0 in H5T__conv_short_schar /src/hdf5/src/H5Tconv_integer.c:1644
  NEW_FUNC: 0x55bde38ac490 in H5T__conv_short_uchar /src/hdf5/src/H5Tconv_integer.c:1661
  NEW_FUNC: 0x55bde38af6d0 in H5T__conv_short_ushort /src/hdf5/src/H5Tconv_integer.c:1678
  NEW_FUNC: 0x55bde38b2440 in H5T__conv_short_int /src/hdf5/src/H5Tconv_integer.c:1695
  NEW_FUNC: 0x55bde38b74a0 in H5T__conv_short_uint /src/hdf5/src/H5Tconv_integer.c:1712
  NEW_FUNC: 0x55bde38c2710 in H5T__conv_short_llong /src/hdf5/src/H5Tconv_integer.c:1763
  NEW_FUNC: 0x55bde38c7350 in H5T__conv_short_ullong /src/hdf5/src/H5Tconv_integer.c:1780
  NEW_FUNC: 0x55bde38ca5f0 in H5T__conv_short_float /src/hdf5/src/H5Tconv_integer.c:1817
  NEW_FUNC: 0x55bde38d00d0 in H5T__conv_short_double /src/hdf5/src/H5Tconv_integer.c:1835
  NEW_FUNC: 0x55bde38d5830 in H5T__conv_short_ldouble /src/hdf5/src/H5Tconv_integer.c:1853
  NEW_FUNC: 0x55bde38da7d0 in H5T__conv_short_fcomplex /src/hdf5/src/H5Tconv_integer.c:1873
  NEW_FUNC: 0x55bde38e0140 in H5T__conv_short_dcomplex /src/hdf5/src/H5Tconv_integer.c:1892
  NEW_FUNC: 0x55bde38e4bf0 in H5T__conv_short_lcomplex /src/hdf5/src/H5Tconv_integer.c:1911
  NEW_FUNC: 0x55bde38ead10 in H5T__conv_ushort_schar /src/hdf5/src/H5Tconv_integer.c:1929
  NEW_FUNC: 0x55bde38ede00 in H5T__conv_ushort_uchar /src/hdf5/src/H5Tconv_integer.c:1946
  NEW_FUNC: 0x55bde38f0ef0 in H5T__conv_ushort_short /src/hdf5/src/H5Tconv_integer.c:1963
  NEW_FUNC: 0x55bde38f3c80 in H5T__conv_ushort_int /src/hdf5/src/H5Tconv_integer.c:1980
  NEW_FUNC: 0x55bde38f8ce0 in H5T__conv_ushort_uint /src/hdf5/src/H5Tconv_integer.c:1997
  NEW_FUNC: 0x55bde39075c0 in H5T__conv_ushort_llong /src/hdf5/src/H5Tconv_integer.c:2048
  NEW_FUNC: 0x55bde390c200 in H5T__conv_ushort_ullong /src/hdf5/src/H5Tconv_integer.c:2065
  NEW_FUNC: 0x55bde3910e40 in H5T__conv_ushort_float /src/hdf5/src/H5Tconv_integer.c:2105
  NEW_FUNC: 0x55bde3916920 in H5T__conv_ushort_double /src/hdf5/src/H5Tconv_integer.c:2123
  NEW_FUNC: 0x55bde391c080 in H5T__conv_ushort_ldouble /src/hdf5/src/H5Tconv_integer.c:2141
  NEW_FUNC: 0x55bde3920fc0 in H5T__conv_ushort_fcomplex /src/hdf5/src/H5Tconv_integer.c:2161
  NEW_FUNC: 0x55bde3926930 in H5T__conv_ushort_dcomplex /src/hdf5/src/H5Tconv_integer.c:2180
  NEW_FUNC: 0x55bde392b3e0 in H5T__conv_ushort_lcomplex /src/hdf5/src/H5Tconv_integer.c:2199
  NEW_FUNC: 0x55bde39315f0 in H5T__conv_int_schar /src/hdf5/src/H5Tconv_integer.c:2217
  NEW_FUNC: 0x55bde3934820 in H5T__conv_int_uchar /src/hdf5/src/H5Tconv_integer.c:2234
  NEW_FUNC: 0x55bde39379f0 in H5T__conv_int_short /src/hdf5/src/H5Tconv_integer.c:2251
  NEW_FUNC: 0x55bde393ae80 in H5T__conv_int_ushort /src/hdf5/src/H5Tconv_integer.c:2268
  NEW_FUNC: 0x55bde393e280 in H5T__conv_int_uint /src/hdf5/src/H5Tconv_integer.c:2285
  NEW_FUNC: 0x55bde3948e40 in H5T__conv_int_llong /src/hdf5/src/H5Tconv_integer.c:2336
  NEW_FUNC: 0x55bde394da80 in H5T__conv_int_ullong /src/hdf5/src/H5Tconv_integer.c:2353
  NEW_FUNC: 0x55bde3950ce0 in H5T__conv_int_float /src/hdf5/src/H5Tconv_integer.c:2393
  NEW_FUNC: 0x55bde3955d70 in H5T__conv_int_double /src/hdf5/src/H5Tconv_integer.c:2411
  NEW_FUNC: 0x55bde395b860 in H5T__conv_int_ldouble /src/hdf5/src/H5Tconv_integer.c:2429
  NEW_FUNC: 0x55bde3960b20 in H5T__conv_int_fcomplex /src/hdf5/src/H5Tconv_integer.c:2449
  NEW_FUNC: 0x55bde39667a0 in H5T__conv_int_dcomplex /src/hdf5/src/H5Tconv_integer.c:2468
  NEW_FUNC: 0x55bde396b5f0 in H5T__conv_int_lcomplex /src/hdf5/src/H5Tconv_integer.c:2487
  NEW_FUNC: 0x55bde3971ac0 in H5T__conv_uint_schar /src/hdf5/src/H5Tconv_integer.c:2505
  NEW_FUNC: 0x55bde3974ba0 in H5T__conv_uint_uchar /src/hdf5/src/H5Tconv_integer.c:2522
  NEW_FUNC: 0x55bde3977c90 in H5T__conv_uint_short /src/hdf5/src/H5Tconv_integer.c:2539
  NEW_FUNC: 0x55bde397b160 in H5T__conv_uint_ushort /src/hdf5/src/H5Tconv_integer.c:2556
  NEW_FUNC: 0x55bde397e630 in H5T__conv_uint_int /src/hdf5/src/H5Tconv_integer.c:2573
  NEW_FUNC: 0x55bde398ac20 in H5T__conv_uint_llong /src/hdf5/src/H5Tconv_integer.c:2624
  NEW_FUNC: 0x55bde398f860 in H5T__conv_uint_ullong /src/hdf5/src/H5Tconv_integer.c:2641
  NEW_FUNC: 0x55bde39944a0 in H5T__conv_uint_float /src/hdf5/src/H5Tconv_integer.c:2681
  NEW_FUNC: 0x55bde3999670 in H5T__conv_uint_double /src/hdf5/src/H5Tconv_integer.c:2699
  NEW_FUNC: 0x55bde399f110 in H5T__conv_uint_ldouble /src/hdf5/src/H5Tconv_integer.c:2717
  NEW_FUNC: 0x55bde39a4450 in H5T__conv_uint_fcomplex /src/hdf5/src/H5Tconv_integer.c:2737
  NEW_FUNC: 0x55bde39aa100 in H5T__conv_uint_dcomplex /src/hdf5/src/H5Tconv_integer.c:2756
  NEW_FUNC: 0x55bde39aefe0 in H5T__conv_uint_lcomplex /src/hdf5/src/H5Tconv_integer.c:2775
  NEW_FUNC: 0x55bde39d14d0 in H5T__conv_long_float /src/hdf5/src/H5Tconv_integer.c:2969
  NEW_FUNC: 0x55bde39d76b0 in H5T__conv_long_double /src/hdf5/src/H5Tconv_integer.c:2987
  NEW_FUNC: 0x55bde39dca50 in H5T__conv_long_ldouble /src/hdf5/src/H5Tconv_integer.c:3005
  NEW_FUNC: 0x55bde39e2380 in H5T__conv_long_fcomplex /src/hdf5/src/H5Tconv_integer.c:3025
  NEW_FUNC: 0x55bde39e7980 in H5T__conv_long_dcomplex /src/hdf5/src/H5Tconv_integer.c:3044
  NEW_FUNC: 0x55bde39eccf0 in H5T__conv_long_lcomplex /src/hdf5/src/H5Tconv_integer.c:3063
  NEW_FUNC: 0x55bde3a0f570 in H5T__conv_ulong_float /src/hdf5/src/H5Tconv_integer.c:3257
  NEW_FUNC: 0x55bde3a15df0 in H5T__conv_ulong_double /src/hdf5/src/H5Tconv_integer.c:3275
  NEW_FUNC: 0x55bde3a1b640 in H5T__conv_ulong_ldouble /src/hdf5/src/H5Tconv_integer.c:3293
  NEW_FUNC: 0x55bde3a21130 in H5T__conv_ulong_fcomplex /src/hdf5/src/H5Tconv_integer.c:3313
  NEW_FUNC: 0x55bde3a26c60 in H5T__conv_ulong_dcomplex /src/hdf5/src/H5Tconv_integer.c:3332
  NEW_FUNC: 0x55bde3a2c2e0 in H5T__conv_ulong_lcomplex /src/hdf5/src/H5Tconv_integer.c:3351
  NEW_FUNC: 0x55bde3a32f80 in H5T__conv_llong_schar /src/hdf5/src/H5Tconv_integer.c:3369
  NEW_FUNC: 0x55bde3a36150 in H5T__conv_llong_uchar /src/hdf5/src/H5Tconv_integer.c:3386
  NEW_FUNC: 0x55bde3a392b0 in H5T__conv_llong_short /src/hdf5/src/H5Tconv_integer.c:3403
  NEW_FUNC: 0x55bde3a3c6c0 in H5T__conv_llong_ushort /src/hdf5/src/H5Tconv_integer.c:3420
  NEW_FUNC: 0x55bde3a3fa10 in H5T__conv_llong_int /src/hdf5/src/H5Tconv_integer.c:3437
  NEW_FUNC: 0x55bde3a42e90 in H5T__conv_llong_uint /src/hdf5/src/H5Tconv_integer.c:3454
  NEW_FUNC: 0x55bde3a4c5b0 in H5T__conv_llong_ullong /src/hdf5/src/H5Tconv_integer.c:3505
  NEW_FUNC: 0x55bde3a71180 in H5T__conv_ullong_schar /src/hdf5/src/H5Tconv_integer.c:3661
  NEW_FUNC: 0x55bde3a74180 in H5T__conv_ullong_uchar /src/hdf5/src/H5Tconv_integer.c:3678
  NEW_FUNC: 0x55bde3a771a0 in H5T__conv_ullong_short /src/hdf5/src/H5Tconv_integer.c:3695
  NEW_FUNC: 0x55bde3a7a560 in H5T__conv_ullong_ushort /src/hdf5/src/H5Tconv_integer.c:3712
  NEW_FUNC: 0x55bde3a7d920 in H5T__conv_ullong_int /src/hdf5/src/H5Tconv_integer.c:3729
  NEW_FUNC: 0x55bde3a80cd0 in H5T__conv_ullong_uint /src/hdf5/src/H5Tconv_integer.c:3746
  NEW_FUNC: 0x55bde3a8a550 in H5T__conv_ullong_llong /src/hdf5/src/H5Tconv_integer.c:3797
  NEW_FUNC: 0x55bde3ac4550 in H5T__init_native_float_types /src/hdf5/src/H5Tinit_float.c:465
  NEW_FUNC: 0x55bde3ac8670 in H5T__fix_order /src/hdf5/src/H5Tinit_float.c:302
  NEW_FUNC: 0x55bde3ac9440 in H5T__imp_bit /src/hdf5/src/H5Tinit_float.c:372
  NEW_FUNC: 0x55bde3ac9680 in H5T__bit_cmp /src/hdf5/src/H5Tinit_float.c:254
  NEW_FUNC: 0x55bde3ac9b90 in H5T__find_bias /src/hdf5/src/H5Tinit_float.c:414
  NEW_FUNC: 0x55bde3ace500 in H5T__init_native_internal /src/hdf5/src/H5Tnative.c:1119
  NEW_FUNC: 0x55bde3aced50 in H5T__init_native_complex_types /src/hdf5/src/H5Tnative.c:1425
  NEW_FUNC: 0x55bde3ad5aa0 in H5T__ref_set_loc /src/hdf5/src/H5Tref.c:160
  NEW_FUNC: 0x55bde3adcf30 in H5T__vlen_create /src/hdf5/src/H5Tvlen.c:176
  NEW_FUNC: 0x55bde3add410 in H5T__vlen_set_loc /src/hdf5/src/H5Tvlen.c:234
  NEW_FUNC: 0x55bde3afa2b0 in H5VL_file_open /src/hdf5/src/H5VLcallback.c:3826
  NEW_FUNC: 0x55bde3afa9e0 in H5VL__file_open /src/hdf5/src/H5VLcallback.c:3701
  NEW_FUNC: 0x55bde3b19b00 in H5VL_init_phase1 /src/hdf5/src/H5VLint.c:161
  NEW_FUNC: 0x55bde3b19c30 in H5VL__init_package /src/hdf5/src/H5VLint.c:237
  NEW_FUNC: 0x55bde3b19d70 in H5VL_init_phase2 /src/hdf5/src/H5VLint.c:187
  NEW_FUNC: 0x55bde3b1a440 in H5VL__set_def_conn /src/hdf5/src/H5VLint.c:366
  NEW_FUNC: 0x55bde3b1b610 in H5VL_conn_prop_free /src/hdf5/src/H5VLint.c:714
  NEW_FUNC: 0x55bde3b1bea0 in H5VL_conn_inc_rc /src/hdf5/src/H5VLint.c:985
  NEW_FUNC: 0x55bde3b1c630 in H5VL_conn_dec_rc /src/hdf5/src/H5VLint.c:1014
  NEW_FUNC: 0x55bde3b1d9c0 in H5VL_conn_prop_copy /src/hdf5/src/H5VLint.c:611
  NEW_FUNC: 0x55bde3b21380 in H5VL__register_connector /src/hdf5/src/H5VLint.c:1313
  NEW_FUNC: 0x55bde3b27b40 in H5VL__is_default_conn /src/hdf5/src/H5VLint.c:2575
  NEW_FUNC: 0x55bde3b29fe0 in H5VL__native_register /src/hdf5/src/H5VLnative.c:193
  NEW_FUNC: 0x55bde3b36260 in H5VL__native_file_open /src/hdf5/src/H5VLnative_file.c:120
  NEW_FUNC: 0x55bde3b443b0 in H5VL__passthru_register /src/hdf5/src/H5VLpassthru_int.c:54
  NEW_FUNC: 0x55bde3bbb8d0 in H5_hash_string /src/hdf5/src/H5checksum.c:499
  NEW_FUNC: 0x55bde3c58cc0 in H5F__accum_read /src/hdf5/src/H5Faccum.c:99
  NEW_FUNC: 0x55bde3c5ce80 in H5F__accum_reset /src/hdf5/src/H5Faccum.c:1046
  NEW_FUNC: 0x55bde3ca5d90 in H5L_register_external /src/hdf5/src/H5Lexternal.c:318
  NEW_FUNC: 0x55bde3cc5f80 in H5O__efl_copy /src/hdf5/src/H5Oefl.c:269
  NEW_FUNC: 0x55bde3cc9540 in H5P__fcrt_reg_prop /src/hdf5/src/H5Pfcpl.c:207
  NEW_FUNC: 0x55bde3cd7030 in H5P__fmnt_reg_prop /src/hdf5/src/H5Pfmpl.c:105
  NEW_FUNC: 0x55bde3cd71e0 in H5P__gcrt_reg_prop /src/hdf5/src/H5Pgcpl.c:114
  NEW_FUNC: 0x55bde3cdf290 in H5VL_pass_through_init /src/hdf5/src/H5VLpassthru.c:427
#8079: cov: 2015 ft: 2188 corp: 5 exec/s: 1426 oom/timeout/crash: 0/0/0 time: 3s job: 2 dft_time: 0
  NEW_FUNC: 0x55bde3251d10 in H5F__super_free /src/hdf5/src/H5Fsuper.c:1573
  NEW_FUNC: 0x55bde3253720 in H5F__cache_superblock_verify_chksum /src/hdf5/src/H5Fsuper_cache.c:366
  NEW_FUNC: 0x55bde3253a40 in H5F__cache_superblock_deserialize /src/hdf5/src/H5Fsuper_cache.c:404
#14684: cov: 2038 ft: 2272 corp: 10 exec/s: 1651 oom/timeout/crash: 0/0/0 time: 4s job: 3 dft_time: 0
#21579: cov: 2038 ft: 2275 corp: 12 exec/s: 1379 oom/timeout/crash: 0/0/0 time: 5s job: 4 dft_time: 0
#29714: cov: 2038 ft: 2275 corp: 12 exec/s: 1355 oom/timeout/crash: 0/0/0 time: 6s job: 5 dft_time: 0
#39142: cov: 2038 ft: 2275 corp: 12 exec/s: 1346 oom/timeout/crash: 0/0/0 time: 9s job: 6 dft_time: 0
#49116: cov: 2039 ft: 2276 corp: 13 exec/s: 1246 oom/timeout/crash: 0/0/0 time: 11s job: 7 dft_time: 0
  NEW_FUNC: 0x55bde30aa420 in H5AC__check_if_write_permitted /src/hdf5/src/H5AC.c:2009
  NEW_FUNC: 0x55bde30abb20 in H5AC_expunge_entry /src/hdf5/src/H5AC.c:580
  NEW_FUNC: 0x55bde30ade60 in H5AC_pin_protected_entry /src/hdf5/src/H5AC.c:1062
  NEW_FUNC: 0x55bde30af150 in H5AC_unpin_entry /src/hdf5/src/H5AC.c:1427
  NEW_FUNC: 0x55bde30af780 in H5AC_unprotect /src/hdf5/src/H5AC.c:1532
  NEW_FUNC: 0x55bde30f5c10 in H5C__flush_single_entry /src/hdf5/src/H5Centry.c:430
  NEW_FUNC: 0x55bde3103400 in H5C_pin_protected_entry /src/hdf5/src/H5Centry.c:2937
  NEW_FUNC: 0x55bde310a1d0 in H5C_unpin_entry /src/hdf5/src/H5Centry.c:3398
  NEW_FUNC: 0x55bde310a440 in H5C__unpin_entry_from_client /src/hdf5/src/H5Centry.c:200
  NEW_FUNC: 0x55bde310ac30 in H5C_unprotect /src/hdf5/src/H5Centry.c:3454
  NEW_FUNC: 0x55bde310f390 in H5C_expunge_entry /src/hdf5/src/H5Centry.c:4061
  NEW_FUNC: 0x55bde313cd80 in H5C__tag_entry /src/hdf5/src/H5Ctag.c:186
  NEW_FUNC: 0x55bde313ead0 in H5C__untag_entry /src/hdf5/src/H5Ctag.c:266
  NEW_FUNC: 0x55bde3237d10 in H5F_addr_decode /src/hdf5/src/H5Fint.c:3071
  NEW_FUNC: 0x55bde3239d00 in H5F__set_base_addr /src/hdf5/src/H5Fint.c:3556
  NEW_FUNC: 0x55bde3245dc0 in H5F_sizeof_addr /src/hdf5/src/H5Fquery.c:383
  NEW_FUNC: 0x55bde3245e10 in H5F_sizeof_size /src/hdf5/src/H5Fquery.c:404
  NEW_FUNC: 0x55bde3256f90 in H5F__cache_superblock_free_icr /src/hdf5/src/H5Fsuper_cache.c:786
  NEW_FUNC: 0x55bde327ba40 in H5FD_set_base_addr /src/hdf5/src/H5FD.c:2921
  NEW_FUNC: 0x55bde32f1760 in H5G_ent_decode /src/hdf5/src/H5Gent.c:109
  NEW_FUNC: 0x55bde3523f10 in H5P__set_pclass_cb /src/hdf5/src/H5Pint.c:3138
  NEW_FUNC: 0x55bde3524ed0 in H5P_exist_plist /src/hdf5/src/H5Pint.c:3388
#59141: cov: 2223 ft: 2524 corp: 24 exec/s: 1113 oom/timeout/crash: 0/0/0 time: 13s job: 8 dft_time: 0
  NEW_FUNC: 0x55bde32414f0 in H5F_get_checksums /src/hdf5/src/H5Fio.c:500
  NEW_FUNC: 0x55bde3bbb050 in H5_checksum_lookup3 /src/hdf5/src/H5checksum.c:366
  NEW_FUNC: 0x55bde3bbb8a0 in H5_checksum_metadata /src/hdf5/src/H5checksum.c:473
  NEW_FUNC: 0x55bde3bbc9d0 in H5_nanosleep /src/hdf5/src/H5system.c:858
#69910: cov: 2246 ft: 2567 corp: 33 exec/s: 1076 oom/timeout/crash: 0/0/0 time: 15s job: 9 dft_time: 0
#82042: cov: 2247 ft: 2570 corp: 35 exec/s: 1102 oom/timeout/crash: 0/0/0 time: 17s job: 10 dft_time: 0
#94536: cov: 2248 ft: 2581 corp: 40 exec/s: 1041 oom/timeout/crash: 0/0/0 time: 21s job: 11 dft_time: 0
#109383: cov: 2249 ft: 2583 corp: 41 exec/s: 1142 oom/timeout/crash: 0/0/0 time: 24s job: 12 dft_time: 0
#124565: cov: 2252 ft: 2589 corp: 44 exec/s: 1084 oom/timeout/crash: 0/0/0 time: 27s job: 13 dft_time: 0
  NEW_FUNC: 0x55bde3148390 in H5CX_set_vol_wrap_ctx /src/hdf5/src/H5CX.c:1179
  NEW_FUNC: 0x55bde31488d0 in H5CX_get_vol_wrap_ctx /src/hdf5/src/H5CX.c:1295
  NEW_FUNC: 0x55bde314e420 in H5CX_get_nlinks /src/hdf5/src/H5CX.c:2386
  NEW_FUNC: 0x55bde3150370 in H5CX_set_nlinks /src/hdf5/src/H5CX.c:2853
  NEW_FUNC: 0x55bde320c6e0 in H5F__post_open_api_common /src/hdf5/src/H5F.c:510
  NEW_FUNC: 0x55bde3210350 in H5Fclose /src/hdf5/src/H5F.c:1028
  NEW_FUNC: 0x55bde3231aa0 in H5F__build_actual_name /src/hdf5/src/H5Fint.c:2820
  NEW_FUNC: 0x55bde3234b50 in H5F__post_open /src/hdf5/src/H5Fint.c:2269
  NEW_FUNC: 0x55bde3235710 in H5F__close /src/hdf5/src/H5Fint.c:2456
  NEW_FUNC: 0x55bde3235bc0 in H5F_try_close /src/hdf5/src/H5Fint.c:2534
  NEW_FUNC: 0x55bde3237330 in H5F_incr_nopen_objs /src/hdf5/src/H5Fint.c:2778
  NEW_FUNC: 0x55bde3237ff0 in H5F_set_grp_btree_shared /src/hdf5/src/H5Fint.c:3092
  NEW_FUNC: 0x55bde3239fe0 in H5F__set_paged_aggr /src/hdf5/src/H5Fint.c:3609
  NEW_FUNC: 0x55bde323df80 in H5F__close_cb /src/hdf5/src/H5Fint.c:240
  NEW_FUNC: 0x55bde32417f0 in H5F__close_mounts /src/hdf5/src/H5Fmount.c:37
  NEW_FUNC: 0x55bde3244480 in H5F_is_mount /src/hdf5/src/H5Fmount.c:393
  NEW_FUNC: 0x55bde3244550 in H5F__mount_count_ids /src/hdf5/src/H5Fmount.c:466
  NEW_FUNC: 0x55bde3244660 in H5F__mount_count_ids_recurse /src/hdf5/src/H5Fmount.c:420
  NEW_FUNC: 0x55bde3246050 in H5F_kvalue /src/hdf5/src/H5Fquery.c:531
  NEW_FUNC: 0x55bde32460f0 in H5F_get_nrefs /src/hdf5/src/H5Fquery.c:553
  NEW_FUNC: 0x55bde3257100 in H5F__cache_drvrinfo_get_initial_load_size /src/hdf5/src/H5Fsuper_cache.c:813
  NEW_FUNC: 0x55bde32571c0 in H5F__cache_drvrinfo_get_final_load_size /src/hdf5/src/H5Fsuper_cache.c:835
  NEW_FUNC: 0x55bde3257380 in H5F__cache_drvrinfo_deserialize /src/hdf5/src/H5Fsuper_cache.c:871
  NEW_FUNC: 0x55bde3257c10 in H5F__cache_drvrinfo_free_icr /src/hdf5/src/H5Fsuper_cache.c:1000
  NEW_FUNC: 0x55bde3258620 in H5F__drvrinfo_prefix_decode /src/hdf5/src/H5Fsuper_cache.c:227
  NEW_FUNC: 0x55bde3267bf0 in H5FD_sb_load /src/hdf5/src/H5FD.c:682
  NEW_FUNC: 0x55bde327bb00 in H5FD_set_paged_aggr /src/hdf5/src/H5FD.c:2967
  NEW_FUNC: 0x55bde32d0d70 in H5FL_blk_malloc /src/hdf5/src/H5FL.c:733
  NEW_FUNC: 0x55bde32d1720 in H5FL__blk_create_list /src/hdf5/src/H5FL.c:624
  NEW_FUNC: 0x55bde32d1c20 in H5FL_blk_free /src/hdf5/src/H5FL.c:844
  NEW_FUNC: 0x55bde32d2290 in H5FL__blk_gc_list /src/hdf5/src/H5FL.c:965
  NEW_FUNC: 0x55bde32d4300 in H5FL_seq_free /src/hdf5/src/H5FL.c:1584
  NEW_FUNC: 0x55bde32d43a0 in H5FL_seq_malloc /src/hdf5/src/H5FL.c:1614
  NEW_FUNC: 0x55bde32f5530 in H5G__open_name /src/hdf5/src/H5Gint.c:414
  NEW_FUNC: 0x55bde32f7730 in H5G_oloc /src/hdf5/src/H5Gint.c:701
  NEW_FUNC: 0x55bde32f7760 in H5G_nameof /src/hdf5/src/H5Gint.c:720
  NEW_FUNC: 0x55bde32f79c0 in H5G_iterate /src/hdf5/src/H5Gint.c:908
  NEW_FUNC: 0x55bde32fe700 in H5G_loc_real /src/hdf5/src/H5Gloc.c:143
  NEW_FUNC: 0x55bde32ff830 in H5G_loc_copy /src/hdf5/src/H5Gloc.c:283
  NEW_FUNC: 0x55bde32ffc70 in H5G_loc_reset /src/hdf5/src/H5Gloc.c:313
  NEW_FUNC: 0x55bde3300060 in H5G_loc_free /src/hdf5/src/H5Gloc.c:342
  NEW_FUNC: 0x55bde3300450 in H5G_loc_find /src/hdf5/src/H5Gloc.c:405
  NEW_FUNC: 0x55bde3300960 in H5G__loc_find_cb /src/hdf5/src/H5Gloc.c:373
  NEW_FUNC: 0x55bde33043f0 in H5G__component /src/hdf5/src/H5Gname.c:110
  NEW_FUNC: 0x55bde3304b70 in H5G__name_init /src/hdf5/src/H5Gname.c:334
  NEW_FUNC: 0x55bde3305410 in H5G_name_copy /src/hdf5/src/H5Gname.c:414
  NEW_FUNC: 0x55bde330e2f0 in H5G__node_init /src/hdf5/src/H5Gnode.c:1070
  NEW_FUNC: 0x55bde3318380 in H5G_mkroot /src/hdf5/src/H5Groot.c:125
  NEW_FUNC: 0x55bde3319d40 in H5G_root_free /src/hdf5/src/H5Groot.c:321
  NEW_FUNC: 0x55bde3319e60 in H5G_root_loc /src/hdf5/src/H5Groot.c:349
  NEW_FUNC: 0x55bde33217e0 in H5G_traverse /src/hdf5/src/H5Gtraverse.c:813
  NEW_FUNC: 0x55bde3321ff0 in H5G__traverse_real /src/hdf5/src/H5Gtraverse.c:462
  NEW_FUNC: 0x55bde33a6d50 in H5I_dec_app_ref /src/hdf5/src/H5Iint.c:1192
  NEW_FUNC: 0x55bde33b8db0 in H5Literate2 /src/hdf5/src/H5L.c:1604
  NEW_FUNC: 0x55bde33b93e0 in H5L__iterate_api_common /src/hdf5/src/H5L.c:1539
  NEW_FUNC: 0x55bde33c4af0 in H5L_iterate /src/hdf5/src/H5Lint.c:2182
  NEW_FUNC: 0x55bde340b510 in H5O__cache_get_initial_load_size /src/hdf5/src/H5Ocache.c:151
  NEW_FUNC: 0x55bde34498a0 in H5O_open /src/hdf5/src/H5Oint.c:567
  NEW_FUNC: 0x55bde344bac0 in H5O_loc_free /src/hdf5/src/H5Oint.c:1953
  NEW_FUNC: 0x55bde344e000 in H5O_protect /src/hdf5/src/H5Oint.c:973
  NEW_FUNC: 0x55bde3450800 in H5O_obj_type /src/hdf5/src/H5Oint.c:1601
  NEW_FUNC: 0x55bde34513f0 in H5O_loc_copy /src/hdf5/src/H5Oint.c:1829
  NEW_FUNC: 0x55bde3573c30 in H5UC_create /src/hdf5/src/H5UC.c:56
  NEW_FUNC: 0x55bde3573d70 in H5UC_decr /src/hdf5/src/H5UC.c:99
  NEW_FUNC: 0x55bde3573ef0 in H5RS_create /src/hdf5/src/H5RS.c:270
  NEW_FUNC: 0x55bde35763f0 in H5RS_decr /src/hdf5/src/H5RS.c:548
  NEW_FUNC: 0x55bde3576a00 in H5RS_dup /src/hdf5/src/H5RS.c:632
  NEW_FUNC: 0x55bde3670ee0 in H5T_unregister /src/hdf5/src/H5T.c:3507
  NEW_FUNC: 0x55bde3ae5870 in H5VL_wrap_object /src/hdf5/src/H5VLcallback.c:857
  NEW_FUNC: 0x55bde3ae6030 in H5VL_unwrap_object /src/hdf5/src/H5VLcallback.c:929
  NEW_FUNC: 0x55bde3afd3c0 in H5VL_file_optional /src/hdf5/src/H5VLcallback.c:4199
  NEW_FUNC: 0x55bde3afd890 in H5VL__file_optional /src/hdf5/src/H5VLcallback.c:4164
  NEW_FUNC: 0x55bde3afe720 in H5VL_file_close /src/hdf5/src/H5VLcallback.c:4348
  NEW_FUNC: 0x55bde3afebe0 in H5VL__file_close /src/hdf5/src/H5VLcallback.c:4309
  NEW_FUNC: 0x55bde3b07140 in H5VL_link_specific /src/hdf5/src/H5VLcallback.c:5581
  NEW_FUNC: 0x55bde3b07600 in H5VL__link_specific /src/hdf5/src/H5VLcallback.c:5544
  NEW_FUNC: 0x55bde3b0ef10 in H5VL_introspect_opt_query /src/hdf5/src/H5VLcallback.c:6648
  NEW_FUNC: 0x55bde3b0f3e0 in H5VL__introspect_opt_query /src/hdf5/src/H5VLcallback.c:6612
  NEW_FUNC: 0x55bde3b1cb40 in H5VL_new_vol_obj /src/hdf5/src/H5VLint.c:541
  NEW_FUNC: 0x55bde3b1d3a0 in H5VL__wrap_obj /src/hdf5/src/H5VLint.c:502
  NEW_FUNC: 0x55bde3b1d720 in H5VL_object_unwrap /src/hdf5/src/H5VLint.c:1836
  NEW_FUNC: 0x55bde3b1ec80 in H5VL_register /src/hdf5/src/H5VLint.c:752
  NEW_FUNC: 0x55bde3b1ff30 in H5VL_free_object /src/hdf5/src/H5VLint.c:1176
  NEW_FUNC: 0x55bde3b23510 in H5VL_vol_object /src/hdf5/src/H5VLint.c:1736
  NEW_FUNC: 0x55bde3b23750 in H5VL_vol_object_verify /src/hdf5/src/H5VLint.c:1764
  NEW_FUNC: 0x55bde3b253e0 in H5VL_set_vol_wrapper /src/hdf5/src/H5VLint.c:2285
  NEW_FUNC: 0x55bde3b265f0 in H5VL__free_vol_wrapper /src/hdf5/src/H5VLint.c:2237
  NEW_FUNC: 0x55bde3b26ae0 in H5VL_reset_vol_wrapper /src/hdf5/src/H5VLint.c:2428
  NEW_FUNC: 0x55bde3b286d0 in H5VL_setup_self_args /src/hdf5/src/H5VLint.c:2708
  NEW_FUNC: 0x55bde3b37ba0 in H5VL__native_file_optional /src/hdf5/src/H5VLnative_file.c:388
  NEW_FUNC: 0x55bde3b39b30 in H5VL__native_file_close /src/hdf5/src/H5VLnative_file.c:742
  NEW_FUNC: 0x55bde3b3dfe0 in H5VL__native_link_specific /src/hdf5/src/H5VLnative_link.c:329
  NEW_FUNC: 0x55bde3b3f070 in H5VL__native_introspect_opt_query /src/hdf5/src/H5VLnative_introspect.c:72
  NEW_FUNC: 0x55bde3b4c5d0 in H5WB_wrap /src/hdf5/src/H5WB.c:91
  NEW_FUNC: 0x55bde3b4c6f0 in H5WB_actual /src/hdf5/src/H5WB.c:140
  NEW_FUNC: 0x55bde3b4cd00 in H5WB_unwrap /src/hdf5/src/H5WB.c:236
  NEW_FUNC: 0x55bde3bbc000 in H5_build_extpath /src/hdf5/src/H5system.c:668
  NEW_FUNC: 0x55bde3be93c0 in H5B_shared_new /src/hdf5/src/H5B.c:1652
  NEW_FUNC: 0x55bde3be9c00 in H5B_shared_free /src/hdf5/src/H5B.c:1720
#139610: cov: 2724 ft: 3341 corp: 56 exec/s: 1003 oom/timeout/crash: 0/0/0 time: 30s job: 14 dft_time: 0
#142065: cov: 2726 ft: 3350 corp: 61 exec/s: 613 oom/timeout/crash: 0/0/0 time: 32s job: 18 dft_time: 0
  NEW_FUNC: 0x55bde31264b0 in H5C__flash_increase_cache_size /src/hdf5/src/H5Cint.c:859
  NEW_FUNC: 0x55bde3128e40 in H5C__make_space_in_cache /src/hdf5/src/H5Cint.c:1819
#159284: cov: 2745 ft: 3407 corp: 66 exec/s: 1076 oom/timeout/crash: 1/0/0 time: 33s job: 15 dft_time: 0
#176253: cov: 2748 ft: 3410 corp: 67 exec/s: 998 oom/timeout/crash: 1/0/0 time: 39s job: 16 dft_time: 0
#177960: cov: 2748 ft: 3413 corp: 69 exec/s: 426 oom/timeout/crash: 1/0/0 time: 39s job: 20 dft_time: 0
#184410: cov: 2748 ft: 3414 corp: 70 exec/s: 806 oom/timeout/crash: 2/0/0 time: 39s job: 19 dft_time: 0
#203419: cov: 2748 ft: 3426 corp: 75 exec/s: 1056 oom/timeout/crash: 3/0/0 time: 42s job: 17 dft_time: 0
#203444: cov: 2750 ft: 3428 corp: 76 exec/s: 12 oom/timeout/crash: 3/0/0 time: 44s job: 24 dft_time: 0
#205345: cov: 2750 ft: 3428 corp: 76 exec/s: 475 oom/timeout/crash: 4/0/0 time: 44s job: 22 dft_time: 0
#205554: cov: 2750 ft: 3431 corp: 77 exec/s: 104 oom/timeout/crash: 5/0/0 time: 47s job: 26 dft_time: 0
#205561: cov: 2750 ft: 3431 corp: 77 exec/s: 3 oom/timeout/crash: 6/0/0 time: 47s job: 27 dft_time: 0
#210522: cov: 2750 ft: 3431 corp: 77 exec/s: 551 oom/timeout/crash: 7/0/0 time: 53s job: 25 dft_time: 0
#216728: cov: 2752 ft: 3435 corp: 78 exec/s: 775 oom/timeout/crash: 8/0/0 time: 56s job: 29 dft_time: 0
#231205: cov: 2754 ft: 3438 corp: 80 exec/s: 761 oom/timeout/crash: 9/0/0 time: 59s job: 23 dft_time: 0
#244126: cov: 2755 ft: 3439 corp: 81 exec/s: 516 oom/timeout/crash: 10/0/0 time: 62s job: 21 dft_time: 0
  NEW_FUNC: 0x55bde346cf40 in H5O_msg_exists /src/hdf5/src/H5Omessage.c:779
#244681: cov: 2765 ft: 3483 corp: 86 exec/s: 277 oom/timeout/crash: 11/0/0 time: 63s job: 31 dft_time: 0
#247547: cov: 2765 ft: 3483 corp: 86 exec/s: 286 oom/timeout/crash: 12/0/0 time: 64s job: 30 dft_time: 0
#252464: cov: 2765 ft: 3483 corp: 86 exec/s: 702 oom/timeout/crash: 13/0/0 time: 70s job: 33 dft_time: 0
#259463: cov: 2765 ft: 3483 corp: 86 exec/s: 699 oom/timeout/crash: 14/0/0 time: 73s job: 32 dft_time: 0
#286167: cov: 2765 ft: 3483 corp: 86 exec/s: 920 oom/timeout/crash: 15/0/0 time: 76s job: 28 dft_time: 0
#287282: cov: 2765 ft: 3483 corp: 86 exec/s: 371 oom/timeout/crash: 15/0/0 time: 77s job: 37 dft_time: 0
#292948: cov: 2765 ft: 3485 corp: 87 exec/s: 472 oom/timeout/crash: 16/0/0 time: 83s job: 36 dft_time: 0
#300369: cov: 2765 ft: 3485 corp: 87 exec/s: 824 oom/timeout/crash: 17/0/0 time: 85s job: 38 dft_time: 0
#305857: cov: 2765 ft: 3485 corp: 87 exec/s: 686 oom/timeout/crash: 18/0/0 time: 86s job: 39 dft_time: 0
#308090: cov: 2767 ft: 3492 corp: 88 exec/s: 74 oom/timeout/crash: 19/0/0 time: 93s job: 34 dft_time: 0
#309303: cov: 2767 ft: 3492 corp: 88 exec/s: 121 oom/timeout/crash: 20/0/0 time: 97s job: 41 dft_time: 0
#319221: cov: 2767 ft: 3492 corp: 88 exec/s: 762 oom/timeout/crash: 21/0/0 time: 98s job: 40 dft_time: 0
#319259: cov: 2767 ft: 3492 corp: 88 exec/s: 19 oom/timeout/crash: 22/0/0 time: 100s job: 44 dft_time: 0
#351183: cov: 2767 ft: 3492 corp: 88 exec/s: 886 oom/timeout/crash: 23/0/0 time: 101s job: 35 dft_time: 0
#351561: cov: 2767 ft: 3492 corp: 88 exec/s: 189 oom/timeout/crash: 23/0/0 time: 102s job: 46 dft_time: 0
#351927: cov: 2767 ft: 3492 corp: 88 exec/s: 183 oom/timeout/crash: 24/0/0 time: 104s job: 47 dft_time: 0
#355526: cov: 2767 ft: 3492 corp: 88 exec/s: 599 oom/timeout/crash: 25/0/0 time: 104s job: 45 dft_time: 0
#361696: cov: 2767 ft: 3492 corp: 88 exec/s: 771 oom/timeout/crash: 26/0/0 time: 111s job: 48 dft_time: 0
#361721: cov: 2767 ft: 3492 corp: 88 exec/s: 12 oom/timeout/crash: 27/0/0 time: 114s job: 51 dft_time: 0
#376750: cov: 2767 ft: 3492 corp: 88 exec/s: 884 oom/timeout/crash: 28/0/0 time: 121s job: 50 dft_time: 0
#401195: cov: 2767 ft: 3493 corp: 89 exec/s: 842 oom/timeout/crash: 29/0/0 time: 122s job: 43 dft_time: 0
  NEW_FUNC: 0x55bde340b5d0 in H5O__cache_get_final_load_size /src/hdf5/src/H5Ocache.c:172
  NEW_FUNC: 0x55bde340f730 in H5O__prefix_deserialize /src/hdf5/src/H5Ocache.c:984
  NEW_FUNC: 0x55bde3449430 in H5O__free /src/hdf5/src/H5Oint.c:2803
#401353: cov: 2781 ft: 3517 corp: 94 exec/s: 79 oom/timeout/crash: 30/0/0 time: 124s job: 53 dft_time: 0
#429247: cov: 2781 ft: 3517 corp: 94 exec/s: 753 oom/timeout/crash: 31/0/0 time: 125s job: 42 dft_time: 0
#429277: cov: 2781 ft: 3517 corp: 94 exec/s: 10 oom/timeout/crash: 32/0/0 time: 128s job: 56 dft_time: 0
#449180: cov: 2781 ft: 3517 corp: 94 exec/s: 829 oom/timeout/crash: 33/0/0 time: 128s job: 49 dft_time: 0
#450393: cov: 2781 ft: 3517 corp: 94 exec/s: 202 oom/timeout/crash: 34/0/0 time: 129s job: 54 dft_time: 0
#462868: cov: 2781 ft: 3517 corp: 94 exec/s: 779 oom/timeout/crash: 35/0/0 time: 131s job: 52 dft_time: 0
#463827: cov: 2781 ft: 3517 corp: 94 exec/s: 159 oom/timeout/crash: 36/0/0 time: 131s job: 55 dft_time: 0
#465790: cov: 2781 ft: 3517 corp: 94 exec/s: 490 oom/timeout/crash: 37/0/0 time: 133s job: 57 dft_time: 0
#466224: cov: 2781 ft: 3517 corp: 94 exec/s: 217 oom/timeout/crash: 38/0/0 time: 134s job: 61 dft_time: 0
#466963: cov: 2781 ft: 3517 corp: 94 exec/s: 147 oom/timeout/crash: 39/0/0 time: 137s job: 60 dft_time: 0
#468589: cov: 2781 ft: 3517 corp: 94 exec/s: 406 oom/timeout/crash: 40/0/0 time: 138s job: 62 dft_time: 0
#469072: cov: 2781 ft: 3517 corp: 94 exec/s: 120 oom/timeout/crash: 41/0/0 time: 139s job: 63 dft_time: 0
#469348: cov: 2781 ft: 3517 corp: 94 exec/s: 138 oom/timeout/crash: 42/0/0 time: 140s job: 64 dft_time: 0
#469584: cov: 2781 ft: 3517 corp: 94 exec/s: 118 oom/timeout/crash: 43/0/0 time: 141s job: 65 dft_time: 0
#470412: cov: 2781 ft: 3517 corp: 94 exec/s: 276 oom/timeout/crash: 44/0/0 time: 143s job: 66 dft_time: 0
#470780: cov: 2781 ft: 3517 corp: 94 exec/s: 184 oom/timeout/crash: 45/0/0 time: 144s job: 68 dft_time: 0
#486123: cov: 2781 ft: 3517 corp: 94 exec/s: 852 oom/timeout/crash: 46/0/0 time: 147s job: 58 dft_time: 0
#486131: cov: 2781 ft: 3517 corp: 94 exec/s: 4 oom/timeout/crash: 47/0/0 time: 150s job: 71 dft_time: 0
#490204: cov: 2781 ft: 3517 corp: 94 exec/s: 678 oom/timeout/crash: 48/0/0 time: 150s job: 70 dft_time: 0
#496213: cov: 2781 ft: 3517 corp: 94 exec/s: 600 oom/timeout/crash: 49/0/0 time: 154s job: 69 dft_time: 0
#496665: cov: 2781 ft: 3517 corp: 94 exec/s: 150 oom/timeout/crash: 50/0/0 time: 155s job: 73 dft_time: 0
#498444: cov: 2781 ft: 3517 corp: 94 exec/s: 254 oom/timeout/crash: 51/0/0 time: 162s job: 74 dft_time: 0
#504516: cov: 2781 ft: 3517 corp: 94 exec/s: 759 oom/timeout/crash: 52/0/0 time: 163s job: 75 dft_time: 0
#522227: cov: 2781 ft: 3517 corp: 94 exec/s: 805 oom/timeout/crash: 53/0/0 time: 173s job: 72 dft_time: 0
#561386: cov: 2782 ft: 3518 corp: 95 exec/s: 851 oom/timeout/crash: 54/0/0 time: 175s job: 59 dft_time: 0
#563388: cov: 2782 ft: 3518 corp: 95 exec/s: 154 oom/timeout/crash: 55/0/0 time: 176s job: 76 dft_time: 0
#563440: cov: 2782 ft: 3518 corp: 95 exec/s: 17 oom/timeout/crash: 56/0/0 time: 177s job: 78 dft_time: 0
#563714: cov: 2782 ft: 3518 corp: 95 exec/s: 137 oom/timeout/crash: 57/0/0 time: 178s job: 79 dft_time: 0
#566892: cov: 2782 ft: 3518 corp: 95 exec/s: 635 oom/timeout/crash: 58/0/0 time: 182s job: 80 dft_time: 0
#574271: cov: 2782 ft: 3518 corp: 95 exec/s: 273 oom/timeout/crash: 59/0/0 time: 192s job: 77 dft_time: 0
#587573: cov: 2782 ft: 3518 corp: 95 exec/s: 886 oom/timeout/crash: 60/0/0 time: 194s job: 82 dft_time: 0
#587661: cov: 2782 ft: 3518 corp: 95 exec/s: 44 oom/timeout/crash: 61/0/0 time: 195s job: 84 dft_time: 0
#593519: cov: 2782 ft: 3518 corp: 95 exec/s: 732 oom/timeout/crash: 62/0/0 time: 204s job: 86 dft_time: 0
#637548: cov: 2782 ft: 3518 corp: 95 exec/s: 628 oom/timeout/crash: 63/0/0 time: 210s job: 67 dft_time: 0
#642934: cov: 2782 ft: 3518 corp: 95 exec/s: 769 oom/timeout/crash: 64/0/0 time: 212s job: 87 dft_time: 0
#643853: cov: 2782 ft: 3518 corp: 95 exec/s: 459 oom/timeout/crash: 65/0/0 time: 215s job: 89 dft_time: 0
#678683: cov: 2782 ft: 3518 corp: 95 exec/s: 967 oom/timeout/crash: 66/0/0 time: 220s job: 83 dft_time: 0
#679609: cov: 2783 ft: 3519 corp: 96 exec/s: 463 oom/timeout/crash: 67/0/0 time: 222s job: 91 dft_time: 0
#683013: cov: 2783 ft: 3519 corp: 96 exec/s: 212 oom/timeout/crash: 68/0/0 time: 227s job: 88 dft_time: 0
#697046: cov: 2783 ft: 3519 corp: 96 exec/s: 877 oom/timeout/crash: 69/0/0 time: 232s job: 90 dft_time: 0
#756627: cov: 2783 ft: 3519 corp: 96 exec/s: 1045 oom/timeout/crash: 70/0/0 time: 234s job: 81 dft_time: 0
#762562: cov: 2788 ft: 3526 corp: 99 exec/s: 989 oom/timeout/crash: 71/0/0 time: 234s job: 93 dft_time: 0
#763256: cov: 2788 ft: 3527 corp: 100 exec/s: 347 oom/timeout/crash: 72/0/0 time: 236s job: 95 dft_time: 0
#812434: cov: 2788 ft: 3527 corp: 100 exec/s: 1069 oom/timeout/crash: 73/0/0 time: 241s job: 85 dft_time: 0
#812726: cov: 2788 ft: 3527 corp: 100 exec/s: 58 oom/timeout/crash: 74/0/0 time: 242s job: 97 dft_time: 0
#816286: cov: 2788 ft: 3527 corp: 100 exec/s: 356 oom/timeout/crash: 75/0/0 time: 242s job: 94 dft_time: 0
#840293: cov: 2788 ft: 3527 corp: 100 exec/s: 1143 oom/timeout/crash: 76/0/0 time: 243s job: 92 dft_time: 0
#842153: cov: 2788 ft: 3527 corp: 100 exec/s: 465 oom/timeout/crash: 77/0/0 time: 246s job: 98 dft_time: 0
#843612: cov: 2788 ft: 3527 corp: 100 exec/s: 486 oom/timeout/crash: 78/0/0 time: 247s job: 101 dft_time: 0
#857707: cov: 2788 ft: 3527 corp: 100 exec/s: 1006 oom/timeout/crash: 79/0/0 time: 249s job: 96 dft_time: 0
#857710: cov: 2788 ft: 3527 corp: 100 exec/s: 1 oom/timeout/crash: 80/0/0 time: 249s job: 102 dft_time: 0
#859636: cov: 2788 ft: 3527 corp: 100 exec/s: 321 oom/timeout/crash: 81/0/0 time: 249s job: 100 dft_time: 0
#859713: cov: 2788 ft: 3527 corp: 100 exec/s: 25 oom/timeout/crash: 82/0/0 time: 251s job: 103 dft_time: 0
#859729: cov: 2788 ft: 3527 corp: 100 exec/s: 8 oom/timeout/crash: 83/0/0 time: 252s job: 105 dft_time: 0
#859922: cov: 2788 ft: 3527 corp: 100 exec/s: 96 oom/timeout/crash: 84/0/0 time: 252s job: 106 dft_time: 0
#860976: cov: 2788 ft: 3527 corp: 100 exec/s: 527 oom/timeout/crash: 85/0/0 time: 254s job: 108 dft_time: 0
#864940: cov: 2788 ft: 3527 corp: 100 exec/s: 991 oom/timeout/crash: 86/0/0 time: 259s job: 110 dft_time: 0
#868555: cov: 2788 ft: 3527 corp: 100 exec/s: 723 oom/timeout/crash: 87/0/0 time: 266s job: 111 dft_time: 0
#869910: cov: 2788 ft: 3527 corp: 100 exec/s: 71 oom/timeout/crash: 88/0/0 time: 269s job: 104 dft_time: 0
#898501: cov: 2788 ft: 3527 corp: 100 exec/s: 1058 oom/timeout/crash: 89/0/0 time: 270s job: 99 dft_time: 0
#903447: cov: 2788 ft: 3527 corp: 100 exec/s: 260 oom/timeout/crash: 90/0/0 time: 272s job: 109 dft_time: 0
#905481: cov: 2788 ft: 3527 corp: 100 exec/s: 508 oom/timeout/crash: 91/0/0 time: 273s job: 113 dft_time: 0
#924834: cov: 2788 ft: 3527 corp: 100 exec/s: 841 oom/timeout/crash: 92/0/0 time: 275s job: 107 dft_time: 0
#924887: cov: 2788 ft: 3529 corp: 101 exec/s: 26 oom/timeout/crash: 93/0/0 time: 277s job: 117 dft_time: 0
#925543: cov: 2788 ft: 3529 corp: 101 exec/s: 109 oom/timeout/crash: 94/0/0 time: 284s job: 118 dft_time: 0
#926024: cov: 2788 ft: 3529 corp: 101 exec/s: 240 oom/timeout/crash: 95/0/0 time: 286s job: 119 dft_time: 0
#944396: cov: 2788 ft: 3529 corp: 101 exec/s: 1020 oom/timeout/crash: 96/0/0 time: 289s job: 114 dft_time: 0
#944582: cov: 2788 ft: 3529 corp: 101 exec/s: 62 oom/timeout/crash: 97/0/0 time: 289s job: 120 dft_time: 0
#959112: cov: 2788 ft: 3529 corp: 101 exec/s: 968 oom/timeout/crash: 98/0/0 time: 290s job: 116 dft_time: 0
#959170: cov: 2788 ft: 3529 corp: 101 exec/s: 19 oom/timeout/crash: 99/0/0 time: 293s job: 123 dft_time: 0
#960165: cov: 2788 ft: 3529 corp: 101 exec/s: 331 oom/timeout/crash: 100/0/0 time: 294s job: 122 dft_time: 0
#969648: cov: 2788 ft: 3529 corp: 101 exec/s: 451 oom/timeout/crash: 101/0/0 time: 294s job: 115 dft_time: 0
#999300: cov: 2788 ft: 3529 corp: 101 exec/s: 1059 oom/timeout/crash: 102/0/0 time: 295s job: 112 dft_time: 0
#999384: cov: 2788 ft: 3529 corp: 101 exec/s: 42 oom/timeout/crash: 103/0/0 time: 296s job: 124 dft_time: 0
#1003855: cov: 2788 ft: 3529 corp: 101 exec/s: 894 oom/timeout/crash: 104/0/0 time: 300s job: 126 dft_time: 0
INFO: fuzzed for 300 seconds, wrapping up soon
INFO: exiting: 71 time: 301s
