INFO: Running with entropic power schedule (0xFF, 100).
INFO: Seed: 1261081472
INFO: Loaded 1 modules   (123293 inline 8-bit counters): 123293 [0x556695c88b10, 0x556695ca6cad), 
INFO: Loaded 1 PC tables (123293 PCs): 123293 [0x556695ca6cb0,0x556695e88680), 
INFO: -fork=5: fuzzing in separate process(s)
INFO: -fork=5: 0 seed inputs, starting to fuzz in /tmp/libFuzzerTemp.FuzzWithFork8237.dir
#982: cov: 0 ft: 0 corp: 0 exec/s: 491 oom/timeout/crash: 0/0/0 time: 2s job: 1 dft_time: 0
  NEW_FUNC: 0x556694e1b6b0 in LLVMFuzzerTestOneInput /src/h5_attr_iter_fuzzer.c:162
  NEW_FUNC: 0x556694e34340 in H5A_init /src/hdf5/src/H5Aint.c:148
  NEW_FUNC: 0x556694e34470 in H5A__init_package /src/hdf5/src/H5Aint.c:172
  NEW_FUNC: 0x556694e43a20 in H5AC_create /src/hdf5/src/H5AC.c:251
  NEW_FUNC: 0x556694e44380 in H5AC_validate_config /src/hdf5/src/H5AC.c:1883
  NEW_FUNC: 0x556694e45360 in H5AC_validate_cache_image_config /src/hdf5/src/H5AC.c:1956
  NEW_FUNC: 0x556694e458d0 in H5AC_set_cache_auto_resize_config /src/hdf5/src/H5AC.c:1794
  NEW_FUNC: 0x556694e46690 in H5AC_dest /src/hdf5/src/H5AC.c:428
  NEW_FUNC: 0x556694e49590 in H5AC_prep_for_file_close /src/hdf5/src/H5AC.c:1107
  NEW_FUNC: 0x556694e49e40 in H5AC_protect /src/hdf5/src/H5AC.c:1269
  NEW_FUNC: 0x556694e4c4f0 in H5AC_tag /src/hdf5/src/H5AC.c:2141
  NEW_FUNC: 0x556694e4d300 in H5AC_set_ring /src/hdf5/src/H5AC.c:2431
  NEW_FUNC: 0x556694e86c10 in H5C_create /src/hdf5/src/H5C.c:128
  NEW_FUNC: 0x556694e87f00 in H5C_reset_cache_hit_rate_stats /src/hdf5/src/H5C.c:785
  NEW_FUNC: 0x556694e880b0 in H5C_prep_for_file_close /src/hdf5/src/H5C.c:395
  NEW_FUNC: 0x556694e88410 in H5C_dest /src/hdf5/src/H5C.c:482
  NEW_FUNC: 0x556694e89030 in H5C_set_slist_enabled /src/hdf5/src/H5C.c:1075
  NEW_FUNC: 0x556694e8a7c0 in H5C_set_cache_auto_resize_config /src/hdf5/src/H5C.c:818
  NEW_FUNC: 0x556694e8c0c0 in H5C_validate_resize_config /src/hdf5/src/H5C.c:1207
  NEW_FUNC: 0x556694e8d510 in H5C_set_evictions_enabled /src/hdf5/src/H5C.c:1005
  NEW_FUNC: 0x556694e906e0 in H5C_stats__reset /src/hdf5/src/H5Cdbg.c:683
  NEW_FUNC: 0x556694e9ecc0 in H5C_protect /src/hdf5/src/H5Centry.c:2996
  NEW_FUNC: 0x556694eabf50 in H5C__verify_len_eoa /src/hdf5/src/H5Centry.c:950
  NEW_FUNC: 0x556694ead1a0 in H5C_cache_image_status /src/hdf5/src/H5Cimage.c:229
  NEW_FUNC: 0x556694eb80b0 in H5C__prep_image_for_file_close /src/hdf5/src/H5Cimage.c:832
  NEW_FUNC: 0x556694ebc1a0 in H5C_set_cache_image_config /src/hdf5/src/H5Cimage.c:1114
  NEW_FUNC: 0x556694ebc4f0 in H5C_validate_cache_image_config /src/hdf5/src/H5Cimage.c:1186
  NEW_FUNC: 0x556694ec2150 in H5C__flush_invalidate_cache /src/hdf5/src/H5Cint.c:991
  NEW_FUNC: 0x556694ec7030 in H5C_get_logging_status /src/hdf5/src/H5Clog.c:257
  NEW_FUNC: 0x556694edf0a0 in H5CX__init_package /src/hdf5/src/H5CX.c:266
  NEW_FUNC: 0x556694ee0750 in H5CX_pushed /src/hdf5/src/H5CX.c:507
  NEW_FUNC: 0x556694ee07d0 in H5CX_push /src/hdf5/src/H5CX.c:533
  NEW_FUNC: 0x556694ee30c0 in H5CX_set_apl /src/hdf5/src/H5CX.c:1012
  NEW_FUNC: 0x556694ee39d0 in H5CX_set_vol_connector_prop /src/hdf5/src/H5CX.c:1210
  NEW_FUNC: 0x556694ee3bd0 in H5CX_get_dxpl /src/hdf5/src/H5CX.c:1241
  NEW_FUNC: 0x556694ee4000 in H5CX_get_vol_connector_prop /src/hdf5/src/H5CX.c:1336
  NEW_FUNC: 0x556694ee4220 in H5CX_get_tag /src/hdf5/src/H5CX.c:1369
  NEW_FUNC: 0x556694ee42b0 in H5CX_get_ring /src/hdf5/src/H5CX.c:1396
  NEW_FUNC: 0x556694eeb3a0 in H5CX_set_tag /src/hdf5/src/H5CX.c:2597
  NEW_FUNC: 0x556694eeb430 in H5CX_set_ring /src/hdf5/src/H5CX.c:2622
  NEW_FUNC: 0x556694eec130 in H5CX_pop /src/hdf5/src/H5CX.c:3317
  NEW_FUNC: 0x556694efc0a0 in H5Eset_auto2 /src/hdf5/src/H5E.c:767
  NEW_FUNC: 0x556694efe840 in H5E_init /src/hdf5/src/H5Eint.c:217
  NEW_FUNC: 0x556694efe9d0 in H5E__init_package /src/hdf5/src/H5Eint.c:241
  NEW_FUNC: 0x556694f03390 in H5E_printf_stack /src/hdf5/src/H5Eint.c:1547
  NEW_FUNC: 0x556694f04780 in H5E_clear_stack /src/hdf5/src/H5Eint.c:1844
  NEW_FUNC: 0x556694f04a40 in H5E_user_cb_prepare /src/hdf5/src/H5Eint.c:367
  NEW_FUNC: 0x556694f04d60 in H5E_user_cb_restore /src/hdf5/src/H5Eint.c:406
  NEW_FUNC: 0x556694f08c60 in H5E__get_auto /src/hdf5/src/H5Eint.c:1453
  NEW_FUNC: 0x556694f09060 in H5E__set_auto /src/hdf5/src/H5Eint.c:1523
  NEW_FUNC: 0x556694f09700 in H5E__clear_entries /src/hdf5/src/H5Eint.c:1775
  NEW_FUNC: 0x556694f09d40 in H5E_dump_api_stack /src/hdf5/src/H5Eint.c:1939
  NEW_FUNC: 0x556694f2e250 in H5Fopen /src/hdf5/src/H5F.c:813
  NEW_FUNC: 0x556694f2e9a0 in H5F__open_api_common /src/hdf5/src/H5F.c:739
  NEW_FUNC: 0x556694f438c0 in H5F_init /src/hdf5/src/H5Fint.c:138
  NEW_FUNC: 0x556694f439f0 in H5F__init_package /src/hdf5/src/H5Fint.c:161
  NEW_FUNC: 0x556694f43b40 in H5F__parse_file_lock_env_var /src/hdf5/src/H5Fint.c:276
  NEW_FUNC: 0x556694f483c0 in H5F_open /src/hdf5/src/H5Fint.c:1827
  NEW_FUNC: 0x556694f4b7e0 in H5F__new /src/hdf5/src/H5Fint.c:1132
  NEW_FUNC: 0x556694f4f3d0 in H5F__dest /src/hdf5/src/H5Fint.c:1405
  NEW_FUNC: 0x556694f560e0 in H5F_set_retries /src/hdf5/src/H5Fint.c:3485
  NEW_FUNC: 0x556694f56940 in H5F__set_eoa /src/hdf5/src/H5Fint.c:3582
  NEW_FUNC: 0x556694f5b530 in H5F__set_vol_conn /src/hdf5/src/H5Fint.c:315
  NEW_FUNC: 0x556694f5bdd0 in H5F_block_read /src/hdf5/src/H5Fio.c:117
  NEW_FUNC: 0x556694f624a0 in H5F_get_intent /src/hdf5/src/H5Fquery.c:97
  NEW_FUNC: 0x556694f627e0 in H5F_get_read_attempts /src/hdf5/src/H5Fquery.c:342
  NEW_FUNC: 0x556694f62d80 in H5F_grp_btree_shared /src/hdf5/src/H5Fquery.c:672
  NEW_FUNC: 0x556694f637a0 in H5F_get_eoa /src/hdf5/src/H5Fquery.c:924
  NEW_FUNC: 0x556694f64070 in H5F_use_mdc_logging /src/hdf5/src/H5Fquery.c:1122
  NEW_FUNC: 0x556694f648a0 in H5F__sfile_add /src/hdf5/src/H5Fsfile.c:94
  NEW_FUNC: 0x556694f64a80 in H5F__sfile_search /src/hdf5/src/H5Fsfile.c:130
  NEW_FUNC: 0x556694f64c40 in H5F__sfile_remove /src/hdf5/src/H5Fsfile.c:165
  NEW_FUNC: 0x556694f65550 in H5F__super_read /src/hdf5/src/H5Fsuper.c:307
  NEW_FUNC: 0x556694f6fea0 in H5F__cache_superblock_get_initial_load_size /src/hdf5/src/H5Fsuper_cache.c:303
  NEW_FUNC: 0x556694f6ff60 in H5F__cache_superblock_get_final_load_size /src/hdf5/src/H5Fsuper_cache.c:325
  NEW_FUNC: 0x556694f747a0 in H5F__superblock_prefix_decode /src/hdf5/src/H5Fsuper_cache.c:142
  NEW_FUNC: 0x556694f80de0 in H5FD_init /src/hdf5/src/H5FD.c:110
  NEW_FUNC: 0x556694f80f10 in H5FD__init_package /src/hdf5/src/H5FD.c:131
  NEW_FUNC: 0x556694f82450 in H5FD_register /src/hdf5/src/H5FD.c:388
  NEW_FUNC: 0x556694f83880 in H5FD_get_class /src/hdf5/src/H5FD.c:527
  NEW_FUNC: 0x556694f85fb0 in H5FD_open /src/hdf5/src/H5FD.c:891
  NEW_FUNC: 0x556694f87040 in H5FD__query /src/hdf5/src/H5FD.c:1213
  NEW_FUNC: 0x556694f87b20 in H5FD_close /src/hdf5/src/H5FD.c:1055
  NEW_FUNC: 0x556694f8bb30 in H5FD_get_maxaddr /src/hdf5/src/H5FD.c:1498
  NEW_FUNC: 0x556694f8bd10 in H5FD_get_feature_flags /src/hdf5/src/H5FD.c:1524
  NEW_FUNC: 0x556694f8be50 in H5FD_get_fs_type_map /src/hdf5/src/H5FD.c:1571
  NEW_FUNC: 0x556694f95830 in H5FD_lock /src/hdf5/src/H5FD.c:2613
  NEW_FUNC: 0x556694f99830 in H5FD__core_register /src/hdf5/src/H5FDcore.c:454
  NEW_FUNC: 0x556694fa2030 in H5FD__family_register /src/hdf5/src/H5FDfamily.c:279
  NEW_FUNC: 0x556694fa9890 in H5FD_locate_signature /src/hdf5/src/H5FDint.c:149
  NEW_FUNC: 0x556694fa9f80 in H5FD_get_eof /src/hdf5/src/H5FDint.c:2491
  NEW_FUNC: 0x556694faa5e0 in H5FD_get_eoa /src/hdf5/src/H5FDint.c:2449
  NEW_FUNC: 0x556694faabb0 in H5FD_set_eoa /src/hdf5/src/H5FDint.c:2409
  NEW_FUNC: 0x556694fab170 in H5FD_read /src/hdf5/src/H5FDint.c:214
  NEW_FUNC: 0x556694fbab20 in H5FD_driver_query /src/hdf5/src/H5FDint.c:2533
  NEW_FUNC: 0x556694fc0100 in H5FD__log_register /src/hdf5/src/H5FDlog.c:215
  NEW_FUNC: 0x556694fc74a0 in H5FD__multi_register /src/hdf5/src/H5FDmulti_int.c:52
  NEW_FUNC: 0x556694fc75d0 in H5FD__onion_register /src/hdf5/src/H5FDonion.c:226
  NEW_FUNC: 0x556694fdd5a0 in H5FD__sec2_register /src/hdf5/src/H5FDsec2.c:174
  NEW_FUNC: 0x556694fdde60 in H5FD__sec2_open /src/hdf5/src/H5FDsec2.c:249
  NEW_FUNC: 0x556694fdea40 in H5FD__sec2_close /src/hdf5/src/H5FDsec2.c:378
  NEW_FUNC: 0x556694fdee30 in H5FD__sec2_query /src/hdf5/src/H5FDsec2.c:462
  NEW_FUNC: 0x556694fdef80 in H5FD__sec2_get_eoa /src/hdf5/src/H5FDsec2.c:508
  NEW_FUNC: 0x556694fdefb0 in H5FD__sec2_set_eoa /src/hdf5/src/H5FDsec2.c:529
  NEW_FUNC: 0x556694fdf070 in H5FD__sec2_get_eof /src/hdf5/src/H5FDsec2.c:553
  NEW_FUNC: 0x556694fdf220 in H5FD__sec2_read /src/hdf5/src/H5FDsec2.c:603
  NEW_FUNC: 0x556694fe0210 in H5FD__sec2_lock /src/hdf5/src/H5FDsec2.c:889
  NEW_FUNC: 0x556694fe3700 in H5FD__splitter_register /src/hdf5/src/H5FDsplitter.c:177
  NEW_FUNC: 0x556694feb4c0 in H5FD__stdio_register /src/hdf5/src/H5FDstdio_int.c:52
  NEW_FUNC: 0x556694fec600 in H5FL_reg_free /src/hdf5/src/H5FL.c:277
  NEW_FUNC: 0x556694fecc10 in H5FL_reg_malloc /src/hdf5/src/H5FL.c:334
  NEW_FUNC: 0x556694fed2a0 in H5FL_reg_calloc /src/hdf5/src/H5FL.c:386
  NEW_FUNC: 0x556694ff15b0 in H5FL_fac_init /src/hdf5/src/H5FL.c:1695
  NEW_FUNC: 0x556694ff1a90 in H5FL_fac_free /src/hdf5/src/H5FL.c:1758
  NEW_FUNC: 0x556694ff20a0 in H5FL_fac_malloc /src/hdf5/src/H5FL.c:1814
  NEW_FUNC: 0x556694ff35d0 in H5FO_create /src/hdf5/src/H5FO.c:72
  NEW_FUNC: 0x556694ff4120 in H5FO_dest /src/hdf5/src/H5FO.c:341
  NEW_FUNC: 0x556694ff4350 in H5FO_top_create /src/hdf5/src/H5FO.c:385
  NEW_FUNC: 0x556694ff4bd0 in H5FO_top_dest /src/hdf5/src/H5FO.c:569
  NEW_FUNC: 0x556694ffeb20 in H5FS_init /src/hdf5/src/H5FSint.c:80
  NEW_FUNC: 0x556695011180 in H5G_init /src/hdf5/src/H5Gint.c:134
  NEW_FUNC: 0x5566950112b0 in H5G__init_package /src/hdf5/src/H5Gint.c:165
  NEW_FUNC: 0x556695021d20 in H5G_name_free /src/hdf5/src/H5Gname.c:536
  NEW_FUNC: 0x556695022120 in H5G_name_reset /src/hdf5/src/H5Gname.c:513
  NEW_FUNC: 0x55669502afe0 in H5G_node_close /src/hdf5/src/H5Gnode.c:1112
  NEW_FUNC: 0x5566950ac960 in H5I_register_type /src/hdf5/src/H5Iint.c:242
  NEW_FUNC: 0x5566950ae750 in H5I__register /src/hdf5/src/H5Iint.c:581
  NEW_FUNC: 0x5566950b0220 in H5I_register /src/hdf5/src/H5Iint.c:639
  NEW_FUNC: 0x5566950b1fa0 in H5I__find_id /src/hdf5/src/H5Iint.c:1666
  NEW_FUNC: 0x5566950b2b70 in H5I_object /src/hdf5/src/H5Iint.c:779
  NEW_FUNC: 0x5566950b2cb0 in H5I_object_verify /src/hdf5/src/H5Iint.c:807
  NEW_FUNC: 0x5566950b2e30 in H5I_get_type /src/hdf5/src/H5Iint.c:840
  NEW_FUNC: 0x5566950b3760 in H5I__remove_common /src/hdf5/src/H5Iint.c:944
  NEW_FUNC: 0x5566950b4350 in H5I_dec_ref /src/hdf5/src/H5Iint.c:1115
  NEW_FUNC: 0x5566950b4500 in H5I__dec_ref /src/hdf5/src/H5Iint.c:1036
  NEW_FUNC: 0x5566950b5870 in H5I_inc_ref /src/hdf5/src/H5Iint.c:1357
  NEW_FUNC: 0x5566950b7f50 in H5L_init /src/hdf5/src/H5Lint.c:206
  NEW_FUNC: 0x5566950b8080 in H5L__init_package /src/hdf5/src/H5Lint.c:227
  NEW_FUNC: 0x5566950b85b0 in H5L_register /src/hdf5/src/H5Lint.c:344
  NEW_FUNC: 0x5566950c2ac0 in H5MF_init_merge_flags /src/hdf5/src/H5MF.c:137
  NEW_FUNC: 0x5566950def20 in H5MM_realloc /src/hdf5/src/H5MM.c:77
  NEW_FUNC: 0x5566950defb0 in H5MM_xstrdup /src/hdf5/src/H5MM.c:109
  NEW_FUNC: 0x5566950df070 in H5MM_strdup /src/hdf5/src/H5MM.c:136
  NEW_FUNC: 0x5566950df2d0 in H5MM_xfree /src/hdf5/src/H5MM.c:197
  NEW_FUNC: 0x5566950df300 in H5MM_xfree_const /src/hdf5/src/H5MM.c:219
  NEW_FUNC: 0x55669513b2b0 in H5O_init /src/hdf5/src/H5Oint.c:192
  NEW_FUNC: 0x556695145390 in H5O_loc_reset /src/hdf5/src/H5Oint.c:1804
  NEW_FUNC: 0x556695151bd0 in H5O__layout_copy /src/hdf5/src/H5Olayout.c:750
  NEW_FUNC: 0x55669515f7e0 in H5O_msg_reset /src/hdf5/src/H5Omessage.c:516
  NEW_FUNC: 0x556695160510 in H5O_msg_copy /src/hdf5/src/H5Omessage.c:665
  NEW_FUNC: 0x556695165580 in H5O_msg_reset_share /src/hdf5/src/H5Omessage.c:1530
  NEW_FUNC: 0x55669516d5e0 in H5O__pline_copy /src/hdf5/src/H5Opline.c:369
  NEW_FUNC: 0x55669516eb50 in H5O__pline_reset /src/hdf5/src/H5Opline.c:521
  NEW_FUNC: 0x55669517b920 in H5P__dacc_reg_prop /src/hdf5/src/H5Pdapl.c:197
  NEW_FUNC: 0x55669518bda0 in H5P__facc_reg_prop /src/hdf5/src/H5Pfapl.c:553
  NEW_FUNC: 0x55669518e260 in H5P__facc_set_def_driver /src/hdf5/src/H5Pfapl.c:860
  NEW_FUNC: 0x5566951a9dd0 in H5P_set_vol /src/hdf5/src/H5Pfapl.c:5979
  NEW_FUNC: 0x5566951aa320 in H5P_reset_vol_class /src/hdf5/src/H5Pfapl.c:6020
  NEW_FUNC: 0x5566951b77d0 in H5P__facc_file_driver_create /src/hdf5/src/H5Pfapl.c:1765
  NEW_FUNC: 0x5566951bcf80 in H5P__facc_vol_create /src/hdf5/src/H5Pfapl.c:6238
  NEW_FUNC: 0x5566951bd100 in H5P__facc_vol_set /src/hdf5/src/H5Pfapl.c:6264
  NEW_FUNC: 0x5566951bd400 in H5P__facc_vol_del /src/hdf5/src/H5Pfapl.c:6322
  NEW_FUNC: 0x5566951bda50 in H5P__file_driver_copy /src/hdf5/src/H5Pfapl.c:1658
  NEW_FUNC: 0x5566951bf6c0 in H5P_init_phase1 /src/hdf5/src/H5Pint.c:424
  NEW_FUNC: 0x5566951bf890 in H5P__init_package /src/hdf5/src/H5Pint.c:475
  NEW_FUNC: 0x5566951c0490 in H5P_init_phase2 /src/hdf5/src/H5Pint.c:450
  NEW_FUNC: 0x5566951c07b0 in H5P__create_class /src/hdf5/src/H5Pint.c:1781
  NEW_FUNC: 0x5566951c0e80 in H5P_create_id /src/hdf5/src/H5Pint.c:2014
  NEW_FUNC: 0x5566951c2b60 in H5P__dup_prop /src/hdf5/src/H5Pint.c:1179
  NEW_FUNC: 0x5566951c31c0 in H5P_copy_plist /src/hdf5/src/H5Pint.c:938
  NEW_FUNC: 0x5566951c5200 in H5P__do_prop_cb1 /src/hdf5/src/H5Pint.c:789
  NEW_FUNC: 0x5566951c5b10 in H5P__access_class /src/hdf5/src/H5Pint.c:1630
  NEW_FUNC: 0x5566951c60c0 in H5P_close /src/hdf5/src/H5Pint.c:5285
  NEW_FUNC: 0x5566951c73c0 in H5P__free_prop_cb /src/hdf5/src/H5Pint.c:1547
  NEW_FUNC: 0x5566951c7870 in H5P__register_real /src/hdf5/src/H5Pint.c:2257
  NEW_FUNC: 0x5566951c7e70 in H5P__create_prop /src/hdf5/src/H5Pint.c:1293
  NEW_FUNC: 0x5566951c99b0 in H5P__do_prop /src/hdf5/src/H5Pint.c:2818
  NEW_FUNC: 0x5566951ca600 in H5P_set /src/hdf5/src/H5Pint.c:3237
  NEW_FUNC: 0x5566951caa50 in H5P__set_plist_cb /src/hdf5/src/H5Pint.c:3050
  NEW_FUNC: 0x5566951cbed0 in H5P__class_get /src/hdf5/src/H5Pint.c:3284
  NEW_FUNC: 0x5566951cc140 in H5P__class_set /src/hdf5/src/H5Pint.c:3339
  NEW_FUNC: 0x5566951ccf80 in H5P__cmp_class /src/hdf5/src/H5Pint.c:3808
  NEW_FUNC: 0x5566951cf5d0 in H5P_isa_class /src/hdf5/src/H5Pint.c:4129
  NEW_FUNC: 0x5566951d1270 in H5P_peek /src/hdf5/src/H5Pint.c:4662
  NEW_FUNC: 0x5566951d16b0 in H5P__peek_cb /src/hdf5/src/H5Pint.c:4614
  NEW_FUNC: 0x5566951d1890 in H5P_get /src/hdf5/src/H5Pint.c:4784
  NEW_FUNC: 0x5566951d1cd0 in H5P__get_cb /src/hdf5/src/H5Pint.c:4706
  NEW_FUNC: 0x5566951d6860 in H5P__close_list_cb /src/hdf5/src/H5Pint.c:748
  NEW_FUNC: 0x5566951d69d0 in H5P__lacc_reg_prop /src/hdf5/src/H5Plapl.c:184
  NEW_FUNC: 0x5566951dedf0 in H5P__lcrt_reg_prop /src/hdf5/src/H5Plcpl.c:108
  NEW_FUNC: 0x5566951dfd90 in H5P__macc_reg_prop /src/hdf5/src/H5Pmapl.c:107
  NEW_FUNC: 0x5566951e0100 in H5P__mcrt_reg_prop /src/hdf5/src/H5Pmcpl.c:96
  NEW_FUNC: 0x5566951e0110 in H5P__ocrt_reg_prop /src/hdf5/src/H5Pocpl.c:147
  NEW_FUNC: 0x5566951eb0b0 in H5P__ocrt_pipeline_get /src/hdf5/src/H5Pocpl.c:1234
  NEW_FUNC: 0x5566951ee4b0 in H5P__ocrt_pipeline_copy /src/hdf5/src/H5Pocpl.c:1477
  NEW_FUNC: 0x5566951eef60 in H5P__ocrt_pipeline_close /src/hdf5/src/H5Pocpl.c:1604
  NEW_FUNC: 0x5566951ef0e0 in H5P__ocpy_reg_prop /src/hdf5/src/H5Pocpypl.c:149
  NEW_FUNC: 0x5566951f3c30 in H5P__strcrt_reg_prop /src/hdf5/src/H5Pstrcpl.c:112
  NEW_FUNC: 0x5566951f6650 in H5PB_dest /src/hdf5/src/H5PB.c:450
  NEW_FUNC: 0x5566951f8160 in H5PB_read /src/hdf5/src/H5PB.c:653
  NEW_FUNC: 0x5566951fe0e0 in H5PL__init_package /src/hdf5/src/H5PLint.c:136
  NEW_FUNC: 0x5566951ffb10 in H5PL_iterate /src/hdf5/src/H5PLint.c:525
  NEW_FUNC: 0x5566951ffcf0 in H5PL__create_path_table /src/hdf5/src/H5PLpath.c:231
  NEW_FUNC: 0x556695200660 in H5PL__insert_at /src/hdf5/src/H5PLpath.c:104
  NEW_FUNC: 0x5566952018a0 in H5PL__path_table_iterate /src/hdf5/src/H5PLpath.c:568
  NEW_FUNC: 0x556695203140 in H5PL__create_plugin_cache /src/hdf5/src/H5PLplugin_cache.c:99
  NEW_FUNC: 0x55669520e580 in H5S_init /src/hdf5/src/H5S.c:114
  NEW_FUNC: 0x55669520e6b0 in H5S__init_package /src/hdf5/src/H5S.c:136
  NEW_FUNC: 0x556695235670 in H5SL__init_package /src/hdf5/src/H5SL.c:544
  NEW_FUNC: 0x5566952358c0 in H5SL_create /src/hdf5/src/H5SL.c:931
  NEW_FUNC: 0x556695235c90 in H5SL__new_node /src/hdf5/src/H5SL.c:641
  NEW_FUNC: 0x556695235f90 in H5SL_count /src/hdf5/src/H5SL.c:1001
  NEW_FUNC: 0x556695235fc0 in H5SL_insert /src/hdf5/src/H5SL.c:1036
  NEW_FUNC: 0x5566952360f0 in H5SL__insert_common /src/hdf5/src/H5SL.c:688
  NEW_FUNC: 0x556695255710 in H5SL_search /src/hdf5/src/H5SL.c:1314
  NEW_FUNC: 0x5566952675d0 in H5SL_first /src/hdf5/src/H5SL.c:1896
  NEW_FUNC: 0x556695267630 in H5SL_next /src/hdf5/src/H5SL.c:1929
  NEW_FUNC: 0x556695267730 in H5SL_item /src/hdf5/src/H5SL.c:2029
  NEW_FUNC: 0x556695267ae0 in H5SL__release_common /src/hdf5/src/H5SL.c:806
  NEW_FUNC: 0x5566952682b0 in H5SL_destroy /src/hdf5/src/H5SL.c:2232
  NEW_FUNC: 0x5566952683f0 in H5SL__close_common /src/hdf5/src/H5SL.c:885
  NEW_FUNC: 0x556695268650 in H5SL_close /src/hdf5/src/H5SL.c:2272
  NEW_FUNC: 0x55669527df40 in H5T_init /src/hdf5/src/H5T.c:794
  NEW_FUNC: 0x55669527e070 in H5T__init_package /src/hdf5/src/H5T.c:1025
  NEW_FUNC: 0x55669528c8f0 in H5T_copy /src/hdf5/src/H5T.c:4430
  NEW_FUNC: 0x55669528cf20 in H5T__alloc /src/hdf5/src/H5T.c:4649
  NEW_FUNC: 0x55669528d220 in H5T_set_loc /src/hdf5/src/H5T.c:6907
  NEW_FUNC: 0x55669528e3c0 in H5T__create /src/hdf5/src/H5T.c:3997
  NEW_FUNC: 0x55669528f080 in H5T__register_int /src/hdf5/src/H5T.c:3201
  NEW_FUNC: 0x55669528f1d0 in H5T__init_inf /src/hdf5/src/H5T.c:817
  NEW_FUNC: 0x5566952910b0 in H5T_close_real /src/hdf5/src/H5T.c:4787
  NEW_FUNC: 0x556695294fe0 in H5T_cmp /src/hdf5/src/H5T.c:5133
  NEW_FUNC: 0x55669529e420 in H5T__register /src/hdf5/src/H5T.c:3245
  NEW_FUNC: 0x5566952a5eb0 in H5T__initiate_copy /src/hdf5/src/H5T.c:4124
  NEW_FUNC: 0x5566952a63f0 in H5T__copy_all /src/hdf5/src/H5T.c:4200
  NEW_FUNC: 0x5566952a6520 in H5T__complete_copy /src/hdf5/src/H5T.c:4229
  NEW_FUNC: 0x5566952a8d70 in H5T__free /src/hdf5/src/H5T.c:4699
  NEW_FUNC: 0x5566952aa380 in H5T__path_find_real /src/hdf5/src/H5T.c:5755
  NEW_FUNC: 0x5566952b2910 in H5T__array_create /src/hdf5/src/H5Tarray.c:133
  NEW_FUNC: 0x5566952b6c60 in H5T__bit_set /src/hdf5/src/H5Tbit.c:328
  NEW_FUNC: 0x5566952c5690 in H5T__complex_create /src/hdf5/src/H5Tcomplex.c:111
  NEW_FUNC: 0x5566952cdd80 in H5T__conv_noop /src/hdf5/src/H5Tconv.c:242
  NEW_FUNC: 0x5566952e0530 in H5T__conv_fcomplex_schar /src/hdf5/src/H5Tconv_complex.c:1436
  NEW_FUNC: 0x5566952e43f0 in H5T__conv_fcomplex_uchar /src/hdf5/src/H5Tconv_complex.c:1455
  NEW_FUNC: 0x5566952e8260 in H5T__conv_fcomplex_short /src/hdf5/src/H5Tconv_complex.c:1474
  NEW_FUNC: 0x5566952ec3b0 in H5T__conv_fcomplex_ushort /src/hdf5/src/H5Tconv_complex.c:1493
  NEW_FUNC: 0x5566952f0490 in H5T__conv_fcomplex_int /src/hdf5/src/H5Tconv_complex.c:1512
  NEW_FUNC: 0x5566952f4670 in H5T__conv_fcomplex_uint /src/hdf5/src/H5Tconv_complex.c:1531
  NEW_FUNC: 0x5566952f8750 in H5T__conv_fcomplex_long /src/hdf5/src/H5Tconv_complex.c:1550
  NEW_FUNC: 0x5566952fc2d0 in H5T__conv_fcomplex_ulong /src/hdf5/src/H5Tconv_complex.c:1569
  NEW_FUNC: 0x556695307870 in H5T__conv_fcomplex_float /src/hdf5/src/H5Tconv_complex.c:1649
  NEW_FUNC: 0x55669530c900 in H5T__conv_fcomplex_double /src/hdf5/src/H5Tconv_complex.c:1666
  NEW_FUNC: 0x55669530f0d0 in H5T__conv_fcomplex_ldouble /src/hdf5/src/H5Tconv_complex.c:1683
  NEW_FUNC: 0x5566953128a0 in H5T__conv_fcomplex_dcomplex /src/hdf5/src/H5Tconv_complex.c:1701
  NEW_FUNC: 0x556695315f00 in H5T__conv_fcomplex_lcomplex /src/hdf5/src/H5Tconv_complex.c:1719
  NEW_FUNC: 0x556695319aa0 in H5T__conv_dcomplex_schar /src/hdf5/src/H5Tconv_complex.c:1736
  NEW_FUNC: 0x55669531d4c0 in H5T__conv_dcomplex_uchar /src/hdf5/src/H5Tconv_complex.c:1755
  NEW_FUNC: 0x556695320ea0 in H5T__conv_dcomplex_short /src/hdf5/src/H5Tconv_complex.c:1774
  NEW_FUNC: 0x556695324a10 in H5T__conv_dcomplex_ushort /src/hdf5/src/H5Tconv_complex.c:1794
  NEW_FUNC: 0x556695328510 in H5T__conv_dcomplex_int /src/hdf5/src/H5Tconv_complex.c:1813
  NEW_FUNC: 0x55669532c0c0 in H5T__conv_dcomplex_uint /src/hdf5/src/H5Tconv_complex.c:1832
  NEW_FUNC: 0x55669532fbd0 in H5T__conv_dcomplex_long /src/hdf5/src/H5Tconv_complex.c:1851
  NEW_FUNC: 0x556695333710 in H5T__conv_dcomplex_ulong /src/hdf5/src/H5Tconv_complex.c:1870
  NEW_FUNC: 0x55669533eb90 in H5T__conv_dcomplex_float /src/hdf5/src/H5Tconv_complex.c:1950
  NEW_FUNC: 0x556695341b90 in H5T__conv_dcomplex_double /src/hdf5/src/H5Tconv_complex.c:1967
  NEW_FUNC: 0x556695346510 in H5T__conv_dcomplex_ldouble /src/hdf5/src/H5Tconv_complex.c:1984
  NEW_FUNC: 0x556695349120 in H5T__conv_dcomplex_fcomplex /src/hdf5/src/H5Tconv_complex.c:2002
  NEW_FUNC: 0x55669534c8e0 in H5T__conv_dcomplex_lcomplex /src/hdf5/src/H5Tconv_complex.c:2020
  NEW_FUNC: 0x5566953502b0 in H5T__conv_lcomplex_schar /src/hdf5/src/H5Tconv_complex.c:2038
  NEW_FUNC: 0x5566953541d0 in H5T__conv_lcomplex_uchar /src/hdf5/src/H5Tconv_complex.c:2058
  NEW_FUNC: 0x5566953580b0 in H5T__conv_lcomplex_short /src/hdf5/src/H5Tconv_complex.c:2077
  NEW_FUNC: 0x55669535c170 in H5T__conv_lcomplex_ushort /src/hdf5/src/H5Tconv_complex.c:2097
  NEW_FUNC: 0x556695360180 in H5T__conv_lcomplex_int /src/hdf5/src/H5Tconv_complex.c:2116
  NEW_FUNC: 0x556695364210 in H5T__conv_lcomplex_uint /src/hdf5/src/H5Tconv_complex.c:2136
  NEW_FUNC: 0x5566953681c0 in H5T__conv_lcomplex_long /src/hdf5/src/H5Tconv_complex.c:2155
  NEW_FUNC: 0x55669536c270 in H5T__conv_lcomplex_ulong /src/hdf5/src/H5Tconv_complex.c:2175
  NEW_FUNC: 0x556695378520 in H5T__conv_lcomplex_float /src/hdf5/src/H5Tconv_complex.c:2262
  NEW_FUNC: 0x55669537b830 in H5T__conv_lcomplex_double /src/hdf5/src/H5Tconv_complex.c:2279
  NEW_FUNC: 0x55669537e8d0 in H5T__conv_lcomplex_ldouble /src/hdf5/src/H5Tconv_complex.c:2297
  NEW_FUNC: 0x556695384d30 in H5T__conv_lcomplex_fcomplex /src/hdf5/src/H5Tconv_complex.c:2315
  NEW_FUNC: 0x556695388a20 in H5T__conv_lcomplex_dcomplex /src/hdf5/src/H5Tconv_complex.c:2333
  NEW_FUNC: 0x5566953a1980 in H5T__conv_float_schar /src/hdf5/src/H5Tconv_float.c:1741
  NEW_FUNC: 0x5566953a5980 in H5T__conv_float_uchar /src/hdf5/src/H5Tconv_float.c:1761
  NEW_FUNC: 0x5566953a9930 in H5T__conv_float_short /src/hdf5/src/H5Tconv_float.c:1781
  NEW_FUNC: 0x5566953adb80 in H5T__conv_float_ushort /src/hdf5/src/H5Tconv_float.c:1801
  NEW_FUNC: 0x5566953b1d50 in H5T__conv_float_int /src/hdf5/src/H5Tconv_float.c:1821
  NEW_FUNC: 0x5566953b5950 in H5T__conv_float_uint /src/hdf5/src/H5Tconv_float.c:1841
  NEW_FUNC: 0x5566953b9510 in H5T__conv_float_long /src/hdf5/src/H5Tconv_float.c:1861
  NEW_FUNC: 0x5566953bd7a0 in H5T__conv_float_ulong /src/hdf5/src/H5Tconv_float.c:1881
  NEW_FUNC: 0x5566953ca270 in H5T__conv_float_double /src/hdf5/src/H5Tconv_float.c:1964
  NEW_FUNC: 0x5566953cd3d0 in H5T__conv_float_ldouble /src/hdf5/src/H5Tconv_float.c:1982
  NEW_FUNC: 0x5566953d0ba0 in H5T__conv_float_fcomplex /src/hdf5/src/H5Tconv_float.c:2002
  NEW_FUNC: 0x5566953d4340 in H5T__conv_float_dcomplex /src/hdf5/src/H5Tconv_float.c:2021
  NEW_FUNC: 0x5566953d84a0 in H5T__conv_float_lcomplex /src/hdf5/src/H5Tconv_float.c:2040
  NEW_FUNC: 0x5566953dd530 in H5T__conv_double_schar /src/hdf5/src/H5Tconv_float.c:2059
  NEW_FUNC: 0x5566953e1500 in H5T__conv_double_uchar /src/hdf5/src/H5Tconv_float.c:2079
  NEW_FUNC: 0x5566953e5490 in H5T__conv_double_short /src/hdf5/src/H5Tconv_float.c:2099
  NEW_FUNC: 0x5566953e96a0 in H5T__conv_double_ushort /src/hdf5/src/H5Tconv_float.c:2119
  NEW_FUNC: 0x5566953ed850 in H5T__conv_double_int /src/hdf5/src/H5Tconv_float.c:2139
  NEW_FUNC: 0x5566953f1a70 in H5T__conv_double_uint /src/hdf5/src/H5Tconv_float.c:2159
  NEW_FUNC: 0x5566953f5c30 in H5T__conv_double_long /src/hdf5/src/H5Tconv_float.c:2179
  NEW_FUNC: 0x5566953f9900 in H5T__conv_double_ulong /src/hdf5/src/H5Tconv_float.c:2199
  NEW_FUNC: 0x556695405130 in H5T__conv_double_float /src/hdf5/src/H5Tconv_float.c:2282
  NEW_FUNC: 0x556695408250 in H5T__conv_double_ldouble /src/hdf5/src/H5Tconv_float.c:2300
  NEW_FUNC: 0x55669540b8a0 in H5T__conv_double_fcomplex /src/hdf5/src/H5Tconv_float.c:2320
  NEW_FUNC: 0x55669540eb40 in H5T__conv_double_dcomplex /src/hdf5/src/H5Tconv_float.c:2339
  NEW_FUNC: 0x556695411a30 in H5T__conv_double_lcomplex /src/hdf5/src/H5Tconv_float.c:2358
  NEW_FUNC: 0x556695416780 in H5T__conv_ldouble_schar /src/hdf5/src/H5Tconv_float.c:2377
  NEW_FUNC: 0x55669541a820 in H5T__conv_ldouble_uchar /src/hdf5/src/H5Tconv_float.c:2397
  NEW_FUNC: 0x55669541e880 in H5T__conv_ldouble_short /src/hdf5/src/H5Tconv_float.c:2417
  NEW_FUNC: 0x556695422b20 in H5T__conv_ldouble_ushort /src/hdf5/src/H5Tconv_float.c:2437
  NEW_FUNC: 0x556695426ce0 in H5T__conv_ldouble_int /src/hdf5/src/H5Tconv_float.c:2457
  NEW_FUNC: 0x55669542af00 in H5T__conv_ldouble_uint /src/hdf5/src/H5Tconv_float.c:2477
  NEW_FUNC: 0x55669542f190 in H5T__conv_ldouble_long /src/hdf5/src/H5Tconv_float.c:2497
  NEW_FUNC: 0x556695433460 in H5T__conv_ldouble_ulong /src/hdf5/src/H5Tconv_float.c:2517
  NEW_FUNC: 0x5566954400b0 in H5T__conv_ldouble_float /src/hdf5/src/H5Tconv_float.c:2606
  NEW_FUNC: 0x5566954432e0 in H5T__conv_ldouble_double /src/hdf5/src/H5Tconv_float.c:2624
  NEW_FUNC: 0x556695446320 in H5T__conv_ldouble_fcomplex /src/hdf5/src/H5Tconv_float.c:2644
  NEW_FUNC: 0x5566954497a0 in H5T__conv_ldouble_dcomplex /src/hdf5/src/H5Tconv_float.c:2663
  NEW_FUNC: 0x55669544bfb0 in H5T__conv_ldouble_lcomplex /src/hdf5/src/H5Tconv_float.c:2682
  NEW_FUNC: 0x556695458bc0 in H5T__conv_schar_uchar /src/hdf5/src/H5Tconv_integer.c:1074
  NEW_FUNC: 0x55669545b240 in H5T__conv_schar_short /src/hdf5/src/H5Tconv_integer.c:1091
  NEW_FUNC: 0x55669545f8f0 in H5T__conv_schar_ushort /src/hdf5/src/H5Tconv_integer.c:1108
  NEW_FUNC: 0x556695462980 in H5T__conv_schar_int /src/hdf5/src/H5Tconv_integer.c:1125
  NEW_FUNC: 0x556695467030 in H5T__conv_schar_uint /src/hdf5/src/H5Tconv_integer.c:1142
  NEW_FUNC: 0x5566954712b0 in H5T__conv_schar_llong /src/hdf5/src/H5Tconv_integer.c:1193
  NEW_FUNC: 0x5566954755c0 in H5T__conv_schar_ullong /src/hdf5/src/H5Tconv_integer.c:1210
  NEW_FUNC: 0x556695478500 in H5T__conv_schar_float /src/hdf5/src/H5Tconv_integer.c:1247
  NEW_FUNC: 0x55669547d790 in H5T__conv_schar_double /src/hdf5/src/H5Tconv_integer.c:1265
  NEW_FUNC: 0x5566954826e0 in H5T__conv_schar_ldouble /src/hdf5/src/H5Tconv_integer.c:1283
  NEW_FUNC: 0x556695486f80 in H5T__conv_schar_fcomplex /src/hdf5/src/H5Tconv_integer.c:1303
  NEW_FUNC: 0x55669548c1a0 in H5T__conv_schar_dcomplex /src/hdf5/src/H5Tconv_integer.c:1322
  NEW_FUNC: 0x556695490600 in H5T__conv_schar_lcomplex /src/hdf5/src/H5Tconv_integer.c:1341
  NEW_FUNC: 0x556695495f70 in H5T__conv_uchar_schar /src/hdf5/src/H5Tconv_integer.c:1359
  NEW_FUNC: 0x5566954985e0 in H5T__conv_uchar_short /src/hdf5/src/H5Tconv_integer.c:1376
  NEW_FUNC: 0x55669549cc90 in H5T__conv_uchar_ushort /src/hdf5/src/H5Tconv_integer.c:1393
  NEW_FUNC: 0x5566954a1340 in H5T__conv_uchar_int /src/hdf5/src/H5Tconv_integer.c:1410
  NEW_FUNC: 0x5566954a59f0 in H5T__conv_uchar_uint /src/hdf5/src/H5Tconv_integer.c:1427
  NEW_FUNC: 0x5566954b26c0 in H5T__conv_uchar_llong /src/hdf5/src/H5Tconv_integer.c:1478
  NEW_FUNC: 0x5566954b69d0 in H5T__conv_uchar_ullong /src/hdf5/src/H5Tconv_integer.c:1495
  NEW_FUNC: 0x5566954bace0 in H5T__conv_uchar_float /src/hdf5/src/H5Tconv_integer.c:1532
  NEW_FUNC: 0x5566954bff70 in H5T__conv_uchar_double /src/hdf5/src/H5Tconv_integer.c:1550
  NEW_FUNC: 0x5566954c4ec0 in H5T__conv_uchar_ldouble /src/hdf5/src/H5Tconv_integer.c:1568
  NEW_FUNC: 0x5566954c9760 in H5T__conv_uchar_fcomplex /src/hdf5/src/H5Tconv_integer.c:1588
  NEW_FUNC: 0x5566954ce980 in H5T__conv_uchar_dcomplex /src/hdf5/src/H5Tconv_integer.c:1607
  NEW_FUNC: 0x5566954d2de0 in H5T__conv_uchar_lcomplex /src/hdf5/src/H5Tconv_integer.c:1626
  NEW_FUNC: 0x5566954d8750 in H5T__conv_short_schar /src/hdf5/src/H5Tconv_integer.c:1644
  NEW_FUNC: 0x5566954dba20 in H5T__conv_short_uchar /src/hdf5/src/H5Tconv_integer.c:1661
  NEW_FUNC: 0x5566954dec60 in H5T__conv_short_ushort /src/hdf5/src/H5Tconv_integer.c:1678
  NEW_FUNC: 0x5566954e19d0 in H5T__conv_short_int /src/hdf5/src/H5Tconv_integer.c:1695
  NEW_FUNC: 0x5566954e6a30 in H5T__conv_short_uint /src/hdf5/src/H5Tconv_integer.c:1712
  NEW_FUNC: 0x5566954f1ca0 in H5T__conv_short_llong /src/hdf5/src/H5Tconv_integer.c:1763
  NEW_FUNC: 0x5566954f68e0 in H5T__conv_short_ullong /src/hdf5/src/H5Tconv_integer.c:1780
  NEW_FUNC: 0x5566954f9b80 in H5T__conv_short_float /src/hdf5/src/H5Tconv_integer.c:1817
  NEW_FUNC: 0x5566954ff660 in H5T__conv_short_double /src/hdf5/src/H5Tconv_integer.c:1835
  NEW_FUNC: 0x556695504dc0 in H5T__conv_short_ldouble /src/hdf5/src/H5Tconv_integer.c:1853
  NEW_FUNC: 0x556695509d60 in H5T__conv_short_fcomplex /src/hdf5/src/H5Tconv_integer.c:1873
  NEW_FUNC: 0x55669550f6d0 in H5T__conv_short_dcomplex /src/hdf5/src/H5Tconv_integer.c:1892
  NEW_FUNC: 0x556695514180 in H5T__conv_short_lcomplex /src/hdf5/src/H5Tconv_integer.c:1911
  NEW_FUNC: 0x55669551a2a0 in H5T__conv_ushort_schar /src/hdf5/src/H5Tconv_integer.c:1929
  NEW_FUNC: 0x55669551d390 in H5T__conv_ushort_uchar /src/hdf5/src/H5Tconv_integer.c:1946
  NEW_FUNC: 0x556695520480 in H5T__conv_ushort_short /src/hdf5/src/H5Tconv_integer.c:1963
  NEW_FUNC: 0x556695523210 in H5T__conv_ushort_int /src/hdf5/src/H5Tconv_integer.c:1980
  NEW_FUNC: 0x556695528270 in H5T__conv_ushort_uint /src/hdf5/src/H5Tconv_integer.c:1997
  NEW_FUNC: 0x556695536b50 in H5T__conv_ushort_llong /src/hdf5/src/H5Tconv_integer.c:2048
  NEW_FUNC: 0x55669553b790 in H5T__conv_ushort_ullong /src/hdf5/src/H5Tconv_integer.c:2065
  NEW_FUNC: 0x5566955403d0 in H5T__conv_ushort_float /src/hdf5/src/H5Tconv_integer.c:2105
  NEW_FUNC: 0x556695545eb0 in H5T__conv_ushort_double /src/hdf5/src/H5Tconv_integer.c:2123
  NEW_FUNC: 0x55669554b610 in H5T__conv_ushort_ldouble /src/hdf5/src/H5Tconv_integer.c:2141
  NEW_FUNC: 0x556695550550 in H5T__conv_ushort_fcomplex /src/hdf5/src/H5Tconv_integer.c:2161
  NEW_FUNC: 0x556695555ec0 in H5T__conv_ushort_dcomplex /src/hdf5/src/H5Tconv_integer.c:2180
  NEW_FUNC: 0x55669555a970 in H5T__conv_ushort_lcomplex /src/hdf5/src/H5Tconv_integer.c:2199
  NEW_FUNC: 0x556695560b80 in H5T__conv_int_schar /src/hdf5/src/H5Tconv_integer.c:2217
  NEW_FUNC: 0x556695563db0 in H5T__conv_int_uchar /src/hdf5/src/H5Tconv_integer.c:2234
  NEW_FUNC: 0x556695566f80 in H5T__conv_int_short /src/hdf5/src/H5Tconv_integer.c:2251
  NEW_FUNC: 0x55669556a410 in H5T__conv_int_ushort /src/hdf5/src/H5Tconv_integer.c:2268
  NEW_FUNC: 0x55669556d810 in H5T__conv_int_uint /src/hdf5/src/H5Tconv_integer.c:2285
  NEW_FUNC: 0x5566955783d0 in H5T__conv_int_llong /src/hdf5/src/H5Tconv_integer.c:2336
  NEW_FUNC: 0x55669557d010 in H5T__conv_int_ullong /src/hdf5/src/H5Tconv_integer.c:2353
  NEW_FUNC: 0x556695580270 in H5T__conv_int_float /src/hdf5/src/H5Tconv_integer.c:2393
  NEW_FUNC: 0x556695585300 in H5T__conv_int_double /src/hdf5/src/H5Tconv_integer.c:2411
  NEW_FUNC: 0x55669558adf0 in H5T__conv_int_ldouble /src/hdf5/src/H5Tconv_integer.c:2429
  NEW_FUNC: 0x5566955900b0 in H5T__conv_int_fcomplex /src/hdf5/src/H5Tconv_integer.c:2449
  NEW_FUNC: 0x556695595d30 in H5T__conv_int_dcomplex /src/hdf5/src/H5Tconv_integer.c:2468
  NEW_FUNC: 0x55669559ab80 in H5T__conv_int_lcomplex /src/hdf5/src/H5Tconv_integer.c:2487
  NEW_FUNC: 0x5566955a1050 in H5T__conv_uint_schar /src/hdf5/src/H5Tconv_integer.c:2505
  NEW_FUNC: 0x5566955a4130 in H5T__conv_uint_uchar /src/hdf5/src/H5Tconv_integer.c:2522
  NEW_FUNC: 0x5566955a7220 in H5T__conv_uint_short /src/hdf5/src/H5Tconv_integer.c:2539
  NEW_FUNC: 0x5566955aa6f0 in H5T__conv_uint_ushort /src/hdf5/src/H5Tconv_integer.c:2556
  NEW_FUNC: 0x5566955adbc0 in H5T__conv_uint_int /src/hdf5/src/H5Tconv_integer.c:2573
  NEW_FUNC: 0x5566955ba1b0 in H5T__conv_uint_llong /src/hdf5/src/H5Tconv_integer.c:2624
  NEW_FUNC: 0x5566955bedf0 in H5T__conv_uint_ullong /src/hdf5/src/H5Tconv_integer.c:2641
  NEW_FUNC: 0x5566955c3a30 in H5T__conv_uint_float /src/hdf5/src/H5Tconv_integer.c:2681
  NEW_FUNC: 0x5566955c8c00 in H5T__conv_uint_double /src/hdf5/src/H5Tconv_integer.c:2699
  NEW_FUNC: 0x5566955ce6a0 in H5T__conv_uint_ldouble /src/hdf5/src/H5Tconv_integer.c:2717
  NEW_FUNC: 0x5566955d39e0 in H5T__conv_uint_fcomplex /src/hdf5/src/H5Tconv_integer.c:2737
  NEW_FUNC: 0x5566955d9690 in H5T__conv_uint_dcomplex /src/hdf5/src/H5Tconv_integer.c:2756
  NEW_FUNC: 0x5566955de570 in H5T__conv_uint_lcomplex /src/hdf5/src/H5Tconv_integer.c:2775
  NEW_FUNC: 0x556695600a60 in H5T__conv_long_float /src/hdf5/src/H5Tconv_integer.c:2969
  NEW_FUNC: 0x556695606c40 in H5T__conv_long_double /src/hdf5/src/H5Tconv_integer.c:2987
  NEW_FUNC: 0x55669560bfe0 in H5T__conv_long_ldouble /src/hdf5/src/H5Tconv_integer.c:3005
  NEW_FUNC: 0x556695611910 in H5T__conv_long_fcomplex /src/hdf5/src/H5Tconv_integer.c:3025
  NEW_FUNC: 0x556695616f10 in H5T__conv_long_dcomplex /src/hdf5/src/H5Tconv_integer.c:3044
  NEW_FUNC: 0x55669561c280 in H5T__conv_long_lcomplex /src/hdf5/src/H5Tconv_integer.c:3063
  NEW_FUNC: 0x55669563eb00 in H5T__conv_ulong_float /src/hdf5/src/H5Tconv_integer.c:3257
  NEW_FUNC: 0x556695645380 in H5T__conv_ulong_double /src/hdf5/src/H5Tconv_integer.c:3275
  NEW_FUNC: 0x55669564abd0 in H5T__conv_ulong_ldouble /src/hdf5/src/H5Tconv_integer.c:3293
  NEW_FUNC: 0x5566956506c0 in H5T__conv_ulong_fcomplex /src/hdf5/src/H5Tconv_integer.c:3313
  NEW_FUNC: 0x5566956561f0 in H5T__conv_ulong_dcomplex /src/hdf5/src/H5Tconv_integer.c:3332
  NEW_FUNC: 0x55669565b870 in H5T__conv_ulong_lcomplex /src/hdf5/src/H5Tconv_integer.c:3351
  NEW_FUNC: 0x556695662510 in H5T__conv_llong_schar /src/hdf5/src/H5Tconv_integer.c:3369
  NEW_FUNC: 0x5566956656e0 in H5T__conv_llong_uchar /src/hdf5/src/H5Tconv_integer.c:3386
  NEW_FUNC: 0x556695668840 in H5T__conv_llong_short /src/hdf5/src/H5Tconv_integer.c:3403
  NEW_FUNC: 0x55669566bc50 in H5T__conv_llong_ushort /src/hdf5/src/H5Tconv_integer.c:3420
  NEW_FUNC: 0x55669566efa0 in H5T__conv_llong_int /src/hdf5/src/H5Tconv_integer.c:3437
  NEW_FUNC: 0x556695672420 in H5T__conv_llong_uint /src/hdf5/src/H5Tconv_integer.c:3454
  NEW_FUNC: 0x55669567bb40 in H5T__conv_llong_ullong /src/hdf5/src/H5Tconv_integer.c:3505
  NEW_FUNC: 0x5566956a0710 in H5T__conv_ullong_schar /src/hdf5/src/H5Tconv_integer.c:3661
  NEW_FUNC: 0x5566956a3710 in H5T__conv_ullong_uchar /src/hdf5/src/H5Tconv_integer.c:3678
  NEW_FUNC: 0x5566956a6730 in H5T__conv_ullong_short /src/hdf5/src/H5Tconv_integer.c:3695
  NEW_FUNC: 0x5566956a9af0 in H5T__conv_ullong_ushort /src/hdf5/src/H5Tconv_integer.c:3712
  NEW_FUNC: 0x5566956aceb0 in H5T__conv_ullong_int /src/hdf5/src/H5Tconv_integer.c:3729
  NEW_FUNC: 0x5566956b0260 in H5T__conv_ullong_uint /src/hdf5/src/H5Tconv_integer.c:3746
  NEW_FUNC: 0x5566956b9ae0 in H5T__conv_ullong_llong /src/hdf5/src/H5Tconv_integer.c:3797
  NEW_FUNC: 0x5566956eccd0 in H5T__init_native_float_types /src/hdf5/src/H5Tinit_float.c:465
  NEW_FUNC: 0x5566956f0df0 in H5T__fix_order /src/hdf5/src/H5Tinit_float.c:302
  NEW_FUNC: 0x5566956f1bc0 in H5T__imp_bit /src/hdf5/src/H5Tinit_float.c:372
  NEW_FUNC: 0x5566956f1e00 in H5T__bit_cmp /src/hdf5/src/H5Tinit_float.c:254
  NEW_FUNC: 0x5566956f2310 in H5T__find_bias /src/hdf5/src/H5Tinit_float.c:414
  NEW_FUNC: 0x5566956f6c80 in H5T__init_native_internal /src/hdf5/src/H5Tnative.c:1119
  NEW_FUNC: 0x5566956f74d0 in H5T__init_native_complex_types /src/hdf5/src/H5Tnative.c:1425
  NEW_FUNC: 0x5566956fb300 in H5T__ref_set_loc /src/hdf5/src/H5Tref.c:160
  NEW_FUNC: 0x556695701400 in H5T__vlen_create /src/hdf5/src/H5Tvlen.c:176
  NEW_FUNC: 0x5566957018e0 in H5T__vlen_set_loc /src/hdf5/src/H5Tvlen.c:234
  NEW_FUNC: 0x55669571e780 in H5VL_file_open /src/hdf5/src/H5VLcallback.c:3826
  NEW_FUNC: 0x55669571eeb0 in H5VL__file_open /src/hdf5/src/H5VLcallback.c:3701
  NEW_FUNC: 0x55669573dfd0 in H5VL_init_phase1 /src/hdf5/src/H5VLint.c:161
  NEW_FUNC: 0x55669573e100 in H5VL__init_package /src/hdf5/src/H5VLint.c:237
  NEW_FUNC: 0x55669573e240 in H5VL_init_phase2 /src/hdf5/src/H5VLint.c:187
  NEW_FUNC: 0x55669573e910 in H5VL__set_def_conn /src/hdf5/src/H5VLint.c:366
  NEW_FUNC: 0x55669573fae0 in H5VL_conn_prop_free /src/hdf5/src/H5VLint.c:714
  NEW_FUNC: 0x556695740370 in H5VL_conn_inc_rc /src/hdf5/src/H5VLint.c:985
  NEW_FUNC: 0x556695740b00 in H5VL_conn_dec_rc /src/hdf5/src/H5VLint.c:1014
  NEW_FUNC: 0x556695741e90 in H5VL_conn_prop_copy /src/hdf5/src/H5VLint.c:611
  NEW_FUNC: 0x556695745850 in H5VL__register_connector /src/hdf5/src/H5VLint.c:1313
  NEW_FUNC: 0x55669574c010 in H5VL__is_default_conn /src/hdf5/src/H5VLint.c:2575
  NEW_FUNC: 0x55669574e4b0 in H5VL__native_register /src/hdf5/src/H5VLnative.c:193
  NEW_FUNC: 0x55669575a730 in H5VL__native_file_open /src/hdf5/src/H5VLnative_file.c:120
  NEW_FUNC: 0x556695768880 in H5VL__passthru_register /src/hdf5/src/H5VLpassthru_int.c:54
  NEW_FUNC: 0x5566957a4860 in H5__init_package /src/hdf5/src/H5.c:114
  NEW_FUNC: 0x5566957a4990 in H5_init_library /src/hdf5/src/H5.c:144
  NEW_FUNC: 0x5566957a52d0 in H5_check_version /src/hdf5/src/H5.c:853
  NEW_FUNC: 0x5566957a7c90 in H5__debug_mask /src/hdf5/src/H5.c:670
  NEW_FUNC: 0x5566957a8b40 in H5_user_cb_prepare /src/hdf5/src/H5.c:1300
  NEW_FUNC: 0x5566957a8d20 in H5_user_cb_restore /src/hdf5/src/H5.c:1330
  NEW_FUNC: 0x5566957abd70 in H5_hash_string /src/hdf5/src/H5checksum.c:499
  NEW_FUNC: 0x5566958584f0 in H5D_init /src/hdf5/src/H5Dint.c:162
  NEW_FUNC: 0x5566958586c0 in H5D__init_package /src/hdf5/src/H5Dint.c:189
  NEW_FUNC: 0x5566958c05a0 in H5F__accum_read /src/hdf5/src/H5Faccum.c:99
  NEW_FUNC: 0x5566958c4760 in H5F__accum_reset /src/hdf5/src/H5Faccum.c:1046
  NEW_FUNC: 0x556695920560 in H5L_register_external /src/hdf5/src/H5Lexternal.c:318
  NEW_FUNC: 0x5566959221e0 in H5M_init /src/hdf5/src/H5M.c:94
  NEW_FUNC: 0x556695922310 in H5M__init_package /src/hdf5/src/H5M.c:117
  NEW_FUNC: 0x556695940e60 in H5O__efl_copy /src/hdf5/src/H5Oefl.c:269
  NEW_FUNC: 0x556695943e60 in H5O__fill_copy /src/hdf5/src/H5Ofill.c:534
  NEW_FUNC: 0x556695956190 in H5P__dcrt_reg_prop /src/hdf5/src/H5Pdcpl.c:301
  NEW_FUNC: 0x556695974c20 in H5P__dcrt_layout_get /src/hdf5/src/H5Pdcpl.c:391
  NEW_FUNC: 0x55669597ed60 in H5P__dcrt_fill_value_get /src/hdf5/src/H5Pdcpl.c:1098
  NEW_FUNC: 0x5566959814a0 in H5P__dcrt_ext_file_list_get /src/hdf5/src/H5Pdcpl.c:1476
  NEW_FUNC: 0x5566959860d0 in H5P__dxfr_reg_prop /src/hdf5/src/H5Pdxpl.c:313
  NEW_FUNC: 0x5566959978c0 in H5P__fcrt_reg_prop /src/hdf5/src/H5Pfcpl.c:207
  NEW_FUNC: 0x5566959a53b0 in H5P__fmnt_reg_prop /src/hdf5/src/H5Pfmpl.c:105
  NEW_FUNC: 0x5566959a5560 in H5P__gcrt_reg_prop /src/hdf5/src/H5Pgcpl.c:114
  NEW_FUNC: 0x556695a1d260 in H5VL_pass_through_init /src/hdf5/src/H5VLpassthru.c:427
#2483: cov: 2013 ft: 2180 corp: 4 exec/s: 500 oom/timeout/crash: 0/0/0 time: 3s job: 2 dft_time: 0
#4605: cov: 2013 ft: 2181 corp: 5 exec/s: 530 oom/timeout/crash: 0/0/0 time: 4s job: 3 dft_time: 0
#7308: cov: 2013 ft: 2181 corp: 5 exec/s: 540 oom/timeout/crash: 0/0/0 time: 5s job: 4 dft_time: 0
#10858: cov: 2014 ft: 2182 corp: 6 exec/s: 591 oom/timeout/crash: 0/0/0 time: 6s job: 5 dft_time: 0
#16072: cov: 2015 ft: 2183 corp: 7 exec/s: 744 oom/timeout/crash: 0/0/0 time: 10s job: 6 dft_time: 0
#21955: cov: 2015 ft: 2183 corp: 7 exec/s: 735 oom/timeout/crash: 0/0/0 time: 11s job: 7 dft_time: 0
#28943: cov: 2015 ft: 2183 corp: 7 exec/s: 776 oom/timeout/crash: 0/0/0 time: 13s job: 8 dft_time: 0
#36568: cov: 2015 ft: 2184 corp: 8 exec/s: 762 oom/timeout/crash: 0/0/0 time: 15s job: 9 dft_time: 0
#45375: cov: 2015 ft: 2184 corp: 8 exec/s: 800 oom/timeout/crash: 0/0/0 time: 17s job: 10 dft_time: 0
#54705: cov: 2015 ft: 2184 corp: 8 exec/s: 777 oom/timeout/crash: 0/0/0 time: 22s job: 11 dft_time: 0
#65203: cov: 2015 ft: 2184 corp: 8 exec/s: 807 oom/timeout/crash: 0/0/0 time: 24s job: 12 dft_time: 0
#76139: cov: 2015 ft: 2184 corp: 8 exec/s: 781 oom/timeout/crash: 0/0/0 time: 27s job: 13 dft_time: 0
#87018: cov: 2015 ft: 2184 corp: 8 exec/s: 725 oom/timeout/crash: 0/0/0 time: 30s job: 14 dft_time: 0
#97591: cov: 2017 ft: 2186 corp: 9 exec/s: 660 oom/timeout/crash: 0/0/0 time: 33s job: 15 dft_time: 0
#108261: cov: 2017 ft: 2186 corp: 9 exec/s: 627 oom/timeout/crash: 0/0/0 time: 39s job: 16 dft_time: 0
#120400: cov: 2018 ft: 2187 corp: 10 exec/s: 674 oom/timeout/crash: 0/0/0 time: 42s job: 17 dft_time: 0
  NEW_FUNC: 0x556694e45840 in H5AC__check_if_write_permitted /src/hdf5/src/H5AC.c:2009
  NEW_FUNC: 0x556694e46f40 in H5AC_expunge_entry /src/hdf5/src/H5AC.c:580
  NEW_FUNC: 0x556694e49280 in H5AC_pin_protected_entry /src/hdf5/src/H5AC.c:1062
  NEW_FUNC: 0x556694e4a570 in H5AC_unpin_entry /src/hdf5/src/H5AC.c:1427
  NEW_FUNC: 0x556694e4aba0 in H5AC_unprotect /src/hdf5/src/H5AC.c:1532
  NEW_FUNC: 0x556694e91030 in H5C__flush_single_entry /src/hdf5/src/H5Centry.c:430
  NEW_FUNC: 0x556694e9e820 in H5C_pin_protected_entry /src/hdf5/src/H5Centry.c:2937
  NEW_FUNC: 0x556694ea55f0 in H5C_unpin_entry /src/hdf5/src/H5Centry.c:3398
  NEW_FUNC: 0x556694ea5860 in H5C__unpin_entry_from_client /src/hdf5/src/H5Centry.c:200
  NEW_FUNC: 0x556694ea6050 in H5C_unprotect /src/hdf5/src/H5Centry.c:3454
  NEW_FUNC: 0x556694eaa7b0 in H5C_expunge_entry /src/hdf5/src/H5Centry.c:4061
  NEW_FUNC: 0x556694ed81a0 in H5C__tag_entry /src/hdf5/src/H5Ctag.c:186
  NEW_FUNC: 0x556694ed9ef0 in H5C__untag_entry /src/hdf5/src/H5Ctag.c:266
  NEW_FUNC: 0x556694f547e0 in H5F_addr_decode /src/hdf5/src/H5Fint.c:3071
  NEW_FUNC: 0x556694f567d0 in H5F__set_base_addr /src/hdf5/src/H5Fint.c:3556
  NEW_FUNC: 0x556694f62890 in H5F_sizeof_addr /src/hdf5/src/H5Fquery.c:383
  NEW_FUNC: 0x556694f628e0 in H5F_sizeof_size /src/hdf5/src/H5Fquery.c:404
  NEW_FUNC: 0x556694f6e7e0 in H5F__super_free /src/hdf5/src/H5Fsuper.c:1573
  NEW_FUNC: 0x556694f701f0 in H5F__cache_superblock_verify_chksum /src/hdf5/src/H5Fsuper_cache.c:366
  NEW_FUNC: 0x556694f70510 in H5F__cache_superblock_deserialize /src/hdf5/src/H5Fsuper_cache.c:404
  NEW_FUNC: 0x556694f73a60 in H5F__cache_superblock_free_icr /src/hdf5/src/H5Fsuper_cache.c:786
  NEW_FUNC: 0x556694f73bd0 in H5F__cache_drvrinfo_get_initial_load_size /src/hdf5/src/H5Fsuper_cache.c:813
  NEW_FUNC: 0x556694f73c90 in H5F__cache_drvrinfo_get_final_load_size /src/hdf5/src/H5Fsuper_cache.c:835
  NEW_FUNC: 0x556694f73e50 in H5F__cache_drvrinfo_deserialize /src/hdf5/src/H5Fsuper_cache.c:871
  NEW_FUNC: 0x556694f746e0 in H5F__cache_drvrinfo_free_icr /src/hdf5/src/H5Fsuper_cache.c:1000
  NEW_FUNC: 0x556694f750f0 in H5F__drvrinfo_prefix_decode /src/hdf5/src/H5Fsuper_cache.c:227
  NEW_FUNC: 0x556694f846c0 in H5FD_sb_load /src/hdf5/src/H5FD.c:682
  NEW_FUNC: 0x556694f98510 in H5FD_set_base_addr /src/hdf5/src/H5FD.c:2921
  NEW_FUNC: 0x55669500e230 in H5G_ent_decode /src/hdf5/src/H5Gent.c:109
  NEW_FUNC: 0x5566951cb3f0 in H5P__set_pclass_cb /src/hdf5/src/H5Pint.c:3138
  NEW_FUNC: 0x5566951cc3b0 in H5P_exist_plist /src/hdf5/src/H5Pint.c:3388
#133481: cov: 2278 ft: 2734 corp: 36 exec/s: 688 oom/timeout/crash: 0/0/0 time: 46s job: 18 dft_time: 0
  NEW_FUNC: 0x556694f5dfc0 in H5F_get_checksums /src/hdf5/src/H5Fio.c:500
  NEW_FUNC: 0x5566957ab4f0 in H5_checksum_lookup3 /src/hdf5/src/H5checksum.c:366
  NEW_FUNC: 0x5566957abd40 in H5_checksum_metadata /src/hdf5/src/H5checksum.c:473
  NEW_FUNC: 0x5566957ace70 in H5_nanosleep /src/hdf5/src/H5system.c:858
#148685: cov: 2297 ft: 2755 corp: 38 exec/s: 760 oom/timeout/crash: 0/0/0 time: 50s job: 19 dft_time: 0
#165522: cov: 2301 ft: 2766 corp: 44 exec/s: 801 oom/timeout/crash: 0/0/0 time: 54s job: 20 dft_time: 0
#182825: cov: 2305 ft: 2777 corp: 49 exec/s: 786 oom/timeout/crash: 0/0/0 time: 61s job: 21 dft_time: 0
#200586: cov: 2305 ft: 2777 corp: 49 exec/s: 772 oom/timeout/crash: 0/0/0 time: 66s job: 22 dft_time: 0
  NEW_FUNC: 0x556694ee37b0 in H5CX_set_vol_wrap_ctx /src/hdf5/src/H5CX.c:1179
  NEW_FUNC: 0x556694ee3cf0 in H5CX_get_vol_wrap_ctx /src/hdf5/src/H5CX.c:1295
  NEW_FUNC: 0x556694ee9840 in H5CX_get_nlinks /src/hdf5/src/H5CX.c:2386
  NEW_FUNC: 0x556694eeb790 in H5CX_set_nlinks /src/hdf5/src/H5CX.c:2853
  NEW_FUNC: 0x556694f2d3a0 in H5F__post_open_api_common /src/hdf5/src/H5F.c:510
  NEW_FUNC: 0x556694f31010 in H5Fclose /src/hdf5/src/H5F.c:1028
  NEW_FUNC: 0x556694f4e570 in H5F__build_actual_name /src/hdf5/src/H5Fint.c:2820
  NEW_FUNC: 0x556694f51620 in H5F__post_open /src/hdf5/src/H5Fint.c:2269
  NEW_FUNC: 0x556694f521e0 in H5F__close /src/hdf5/src/H5Fint.c:2456
  NEW_FUNC: 0x556694f52690 in H5F_try_close /src/hdf5/src/H5Fint.c:2534
  NEW_FUNC: 0x556694f53e00 in H5F_incr_nopen_objs /src/hdf5/src/H5Fint.c:2778
  NEW_FUNC: 0x556694f54ac0 in H5F_set_grp_btree_shared /src/hdf5/src/H5Fint.c:3092
  NEW_FUNC: 0x556694f56ab0 in H5F__set_paged_aggr /src/hdf5/src/H5Fint.c:3609
  NEW_FUNC: 0x556694f5aa50 in H5F__close_cb /src/hdf5/src/H5Fint.c:240
  NEW_FUNC: 0x556694f5e2c0 in H5F__close_mounts /src/hdf5/src/H5Fmount.c:37
  NEW_FUNC: 0x556694f60f50 in H5F_is_mount /src/hdf5/src/H5Fmount.c:393
  NEW_FUNC: 0x556694f61020 in H5F__mount_count_ids /src/hdf5/src/H5Fmount.c:466
  NEW_FUNC: 0x556694f61130 in H5F__mount_count_ids_recurse /src/hdf5/src/H5Fmount.c:420
  NEW_FUNC: 0x556694f62b20 in H5F_kvalue /src/hdf5/src/H5Fquery.c:531
  NEW_FUNC: 0x556694f62bc0 in H5F_get_nrefs /src/hdf5/src/H5Fquery.c:553
  NEW_FUNC: 0x556694f985d0 in H5FD_set_paged_aggr /src/hdf5/src/H5FD.c:2967
  NEW_FUNC: 0x556694fed840 in H5FL_blk_malloc /src/hdf5/src/H5FL.c:733
  NEW_FUNC: 0x556694fee1f0 in H5FL__blk_create_list /src/hdf5/src/H5FL.c:624
  NEW_FUNC: 0x556694fee6f0 in H5FL_blk_free /src/hdf5/src/H5FL.c:844
  NEW_FUNC: 0x556694ff0dd0 in H5FL_seq_free /src/hdf5/src/H5FL.c:1584
  NEW_FUNC: 0x556694ff0e70 in H5FL_seq_malloc /src/hdf5/src/H5FL.c:1614
  NEW_FUNC: 0x556695014200 in H5G_oloc /src/hdf5/src/H5Gint.c:701
  NEW_FUNC: 0x556695014230 in H5G_nameof /src/hdf5/src/H5Gint.c:720
  NEW_FUNC: 0x55669501b1d0 in H5G_loc_real /src/hdf5/src/H5Gloc.c:143
  NEW_FUNC: 0x55669501c300 in H5G_loc_copy /src/hdf5/src/H5Gloc.c:283
  NEW_FUNC: 0x55669501c740 in H5G_loc_reset /src/hdf5/src/H5Gloc.c:313
  NEW_FUNC: 0x55669501cb30 in H5G_loc_free /src/hdf5/src/H5Gloc.c:342
  NEW_FUNC: 0x55669501cf20 in H5G_loc_find /src/hdf5/src/H5Gloc.c:405
  NEW_FUNC: 0x55669501d430 in H5G__loc_find_cb /src/hdf5/src/H5Gloc.c:373
  NEW_FUNC: 0x556695020ec0 in H5G__component /src/hdf5/src/H5Gname.c:110
  NEW_FUNC: 0x556695021640 in H5G__name_init /src/hdf5/src/H5Gname.c:334
  NEW_FUNC: 0x556695021ee0 in H5G_name_copy /src/hdf5/src/H5Gname.c:414
  NEW_FUNC: 0x55669502adc0 in H5G__node_init /src/hdf5/src/H5Gnode.c:1070
  NEW_FUNC: 0x556695034e50 in H5G_mkroot /src/hdf5/src/H5Groot.c:125
  NEW_FUNC: 0x556695036810 in H5G_root_free /src/hdf5/src/H5Groot.c:321
  NEW_FUNC: 0x556695036930 in H5G_root_loc /src/hdf5/src/H5Groot.c:349
  NEW_FUNC: 0x55669503e2b0 in H5G_traverse /src/hdf5/src/H5Gtraverse.c:813
  NEW_FUNC: 0x55669503eac0 in H5G__traverse_real /src/hdf5/src/H5Gtraverse.c:462
  NEW_FUNC: 0x5566950b4b20 in H5I_dec_app_ref /src/hdf5/src/H5Iint.c:1192
  NEW_FUNC: 0x5566950ef0d0 in H5Ovisit3 /src/hdf5/src/H5O.c:1698
  NEW_FUNC: 0x556695105e90 in H5O__cache_get_initial_load_size /src/hdf5/src/H5Ocache.c:151
  NEW_FUNC: 0x55669513d8f0 in H5O_open /src/hdf5/src/H5Oint.c:567
  NEW_FUNC: 0x55669513fb10 in H5O_loc_free /src/hdf5/src/H5Oint.c:1953
  NEW_FUNC: 0x556695142050 in H5O_protect /src/hdf5/src/H5Oint.c:973
  NEW_FUNC: 0x556695145440 in H5O_loc_copy /src/hdf5/src/H5Oint.c:1829
  NEW_FUNC: 0x556695146690 in H5O_get_info /src/hdf5/src/H5Oint.c:2104
  NEW_FUNC: 0x5566951490e0 in H5O__visit /src/hdf5/src/H5Oint.c:2579
  NEW_FUNC: 0x55669520b5d0 in H5UC_create /src/hdf5/src/H5UC.c:56
  NEW_FUNC: 0x55669520b710 in H5UC_decr /src/hdf5/src/H5UC.c:99
  NEW_FUNC: 0x55669520b890 in H5RS_create /src/hdf5/src/H5RS.c:270
  NEW_FUNC: 0x55669520dd90 in H5RS_decr /src/hdf5/src/H5RS.c:548
  NEW_FUNC: 0x55669520e3a0 in H5RS_dup /src/hdf5/src/H5RS.c:632
  NEW_FUNC: 0x5566952a0470 in H5T_unregister /src/hdf5/src/H5T.c:3507
  NEW_FUNC: 0x556695709d40 in H5VL_wrap_object /src/hdf5/src/H5VLcallback.c:857
  NEW_FUNC: 0x55669570a500 in H5VL_unwrap_object /src/hdf5/src/H5VLcallback.c:929
  NEW_FUNC: 0x556695721890 in H5VL_file_optional /src/hdf5/src/H5VLcallback.c:4199
  NEW_FUNC: 0x556695721d60 in H5VL__file_optional /src/hdf5/src/H5VLcallback.c:4164
  NEW_FUNC: 0x556695722bf0 in H5VL_file_close /src/hdf5/src/H5VLcallback.c:4348
  NEW_FUNC: 0x5566957230b0 in H5VL__file_close /src/hdf5/src/H5VLcallback.c:4309
  NEW_FUNC: 0x55669572fd50 in H5VL_object_specific /src/hdf5/src/H5VLcallback.c:6181
  NEW_FUNC: 0x556695730210 in H5VL__object_specific /src/hdf5/src/H5VLcallback.c:6144
  NEW_FUNC: 0x5566957333e0 in H5VL_introspect_opt_query /src/hdf5/src/H5VLcallback.c:6648
  NEW_FUNC: 0x5566957338b0 in H5VL__introspect_opt_query /src/hdf5/src/H5VLcallback.c:6612
  NEW_FUNC: 0x556695741010 in H5VL_new_vol_obj /src/hdf5/src/H5VLint.c:541
  NEW_FUNC: 0x556695741870 in H5VL__wrap_obj /src/hdf5/src/H5VLint.c:502
  NEW_FUNC: 0x556695741bf0 in H5VL_object_unwrap /src/hdf5/src/H5VLint.c:1836
  NEW_FUNC: 0x556695743150 in H5VL_register /src/hdf5/src/H5VLint.c:752
  NEW_FUNC: 0x556695744400 in H5VL_free_object /src/hdf5/src/H5VLint.c:1176
  NEW_FUNC: 0x5566957479e0 in H5VL_vol_object /src/hdf5/src/H5VLint.c:1736
  NEW_FUNC: 0x556695747c20 in H5VL_vol_object_verify /src/hdf5/src/H5VLint.c:1764
  NEW_FUNC: 0x5566957498b0 in H5VL_set_vol_wrapper /src/hdf5/src/H5VLint.c:2285
  NEW_FUNC: 0x55669574aac0 in H5VL__free_vol_wrapper /src/hdf5/src/H5VLint.c:2237
  NEW_FUNC: 0x55669574afb0 in H5VL_reset_vol_wrapper /src/hdf5/src/H5VLint.c:2428
  NEW_FUNC: 0x55669575c070 in H5VL__native_file_optional /src/hdf5/src/H5VLnative_file.c:388
  NEW_FUNC: 0x55669575e000 in H5VL__native_file_close /src/hdf5/src/H5VLnative_file.c:742
  NEW_FUNC: 0x556695763540 in H5VL__native_introspect_opt_query /src/hdf5/src/H5VLnative_introspect.c:72
  NEW_FUNC: 0x556695765fe0 in H5VL__native_object_specific /src/hdf5/src/H5VLnative_object.c:325
  NEW_FUNC: 0x556695770aa0 in H5WB_wrap /src/hdf5/src/H5WB.c:91
  NEW_FUNC: 0x556695770bc0 in H5WB_actual /src/hdf5/src/H5WB.c:140
  NEW_FUNC: 0x5566957711d0 in H5WB_unwrap /src/hdf5/src/H5WB.c:236
  NEW_FUNC: 0x5566957ac4a0 in H5_build_extpath /src/hdf5/src/H5system.c:668
  NEW_FUNC: 0x5566957d9860 in H5B_shared_new /src/hdf5/src/H5B.c:1652
  NEW_FUNC: 0x5566957da0a0 in H5B_shared_free /src/hdf5/src/H5B.c:1720
#217552: cov: 2697 ft: 3292 corp: 56 exec/s: 706 oom/timeout/crash: 0/0/0 time: 71s job: 23 dft_time: 0
  NEW_FUNC: 0x556694feed60 in H5FL__blk_gc_list /src/hdf5/src/H5FL.c:965
#224673: cov: 2705 ft: 3317 corp: 58 exec/s: 284 oom/timeout/crash: 0/0/0 time: 76s job: 24 dft_time: 0
  NEW_FUNC: 0x556694ec18d0 in H5C__flash_increase_cache_size /src/hdf5/src/H5Cint.c:859
  NEW_FUNC: 0x556694ec4260 in H5C__make_space_in_cache /src/hdf5/src/H5Cint.c:1819
#240835: cov: 2726 ft: 3364 corp: 60 exec/s: 621 oom/timeout/crash: 0/0/0 time: 80s job: 25 dft_time: 0
#253419: cov: 2728 ft: 3370 corp: 63 exec/s: 466 oom/timeout/crash: 0/0/0 time: 88s job: 26 dft_time: 0
#264373: cov: 2728 ft: 3370 corp: 63 exec/s: 391 oom/timeout/crash: 0/0/0 time: 94s job: 27 dft_time: 0
#274111: cov: 2728 ft: 3370 corp: 63 exec/s: 335 oom/timeout/crash: 0/0/0 time: 100s job: 28 dft_time: 0
#282052: cov: 2735 ft: 3413 corp: 71 exec/s: 248 oom/timeout/crash: 0/0/0 time: 110s job: 29 dft_time: 0
#291502: cov: 2735 ft: 3413 corp: 71 exec/s: 304 oom/timeout/crash: 1/0/0 time: 112s job: 30 dft_time: 0
#302523: cov: 2736 ft: 3419 corp: 74 exec/s: 344 oom/timeout/crash: 1/0/0 time: 121s job: 31 dft_time: 0
#314617: cov: 2737 ft: 3423 corp: 77 exec/s: 366 oom/timeout/crash: 1/0/0 time: 127s job: 32 dft_time: 0
#328089: cov: 2742 ft: 3429 corp: 80 exec/s: 396 oom/timeout/crash: 1/0/0 time: 135s job: 33 dft_time: 0
#337311: cov: 2742 ft: 3429 corp: 80 exec/s: 318 oom/timeout/crash: 1/0/0 time: 141s job: 34 dft_time: 0
#352193: cov: 2742 ft: 3432 corp: 82 exec/s: 413 oom/timeout/crash: 2/0/0 time: 148s job: 35 dft_time: 0
#368361: cov: 2745 ft: 3435 corp: 83 exec/s: 436 oom/timeout/crash: 2/0/0 time: 158s job: 36 dft_time: 0
#384999: cov: 2745 ft: 3436 corp: 84 exec/s: 437 oom/timeout/crash: 2/0/0 time: 166s job: 37 dft_time: 0
#396875: cov: 2745 ft: 3436 corp: 84 exec/s: 304 oom/timeout/crash: 2/0/0 time: 174s job: 38 dft_time: 0
#414937: cov: 2746 ft: 3439 corp: 86 exec/s: 451 oom/timeout/crash: 2/0/0 time: 182s job: 39 dft_time: 0
#428716: cov: 2746 ft: 3439 corp: 86 exec/s: 336 oom/timeout/crash: 2/0/0 time: 190s job: 40 dft_time: 0
#434624: cov: 2747 ft: 3443 corp: 88 exec/s: 140 oom/timeout/crash: 2/0/0 time: 201s job: 41 dft_time: 0
#453556: cov: 2747 ft: 3443 corp: 88 exec/s: 440 oom/timeout/crash: 2/0/0 time: 209s job: 42 dft_time: 0
  NEW_FUNC: 0x556695160f90 in H5O_msg_exists /src/hdf5/src/H5Omessage.c:779
#458684: cov: 2755 ft: 3477 corp: 90 exec/s: 116 oom/timeout/crash: 2/0/0 time: 220s job: 43 dft_time: 0
#477183: cov: 2755 ft: 3477 corp: 90 exec/s: 411 oom/timeout/crash: 2/0/0 time: 227s job: 44 dft_time: 0
#495868: cov: 2755 ft: 3477 corp: 90 exec/s: 406 oom/timeout/crash: 2/0/0 time: 236s job: 45 dft_time: 0
#501594: cov: 2755 ft: 3477 corp: 90 exec/s: 121 oom/timeout/crash: 2/0/0 time: 248s job: 46 dft_time: 0
#508502: cov: 2755 ft: 3477 corp: 90 exec/s: 143 oom/timeout/crash: 2/0/0 time: 257s job: 47 dft_time: 0
#520878: cov: 2755 ft: 3477 corp: 90 exec/s: 242 oom/timeout/crash: 2/0/0 time: 271s job: 48 dft_time: 0
#539677: cov: 2755 ft: 3477 corp: 90 exec/s: 375 oom/timeout/crash: 2/0/0 time: 277s job: 49 dft_time: 0
#547033: cov: 2755 ft: 3477 corp: 90 exec/s: 144 oom/timeout/crash: 2/0/0 time: 288s job: 50 dft_time: 0
#561478: cov: 2755 ft: 3479 corp: 91 exec/s: 307 oom/timeout/crash: 2/0/0 time: 297s job: 51 dft_time: 0
#580777: cov: 2755 ft: 3479 corp: 91 exec/s: 364 oom/timeout/crash: 3/0/0 time: 311s job: 52 dft_time: 0
INFO: fuzzed for 311 seconds, wrapping up soon
INFO: exiting: 0 time: 315s
