INFO: Running with entropic power schedule (0xFF, 100).
INFO: Seed: 3822477105
INFO: Loaded 1 modules   (122520 inline 8-bit counters): 122520 [0x56238e8abb20, 0x56238e8c99b8), 
INFO: Loaded 1 PC tables (122520 PCs): 122520 [0x56238e8c99b8,0x56238eaa8338), 
INFO: -fork=5: fuzzing in separate process(s)
INFO: -fork=5: 0 seed inputs, starting to fuzz in /tmp/libFuzzerTemp.FuzzWithFork3919.dir
#243: cov: 0 ft: 0 corp: 0 exec/s: 121 oom/timeout/crash: 0/0/0 time: 2s job: 1 dft_time: 0
  NEW_FUNC: 0x56238da5a6b0 in LLVMFuzzerTestOneInput /src/h5_committed_type_fuzzer.c:178
  NEW_FUNC: 0x56238da5af50 in H5__init_package /src/hdf5/src/H5.c:114
  NEW_FUNC: 0x56238da5b080 in H5_init_library /src/hdf5/src/H5.c:144
  NEW_FUNC: 0x56238da5b9c0 in H5_check_version /src/hdf5/src/H5.c:853
  NEW_FUNC: 0x56238da5e380 in H5__debug_mask /src/hdf5/src/H5.c:670
  NEW_FUNC: 0x56238da5f230 in H5_user_cb_prepare /src/hdf5/src/H5.c:1300
  NEW_FUNC: 0x56238da5f410 in H5_user_cb_restore /src/hdf5/src/H5.c:1330
  NEW_FUNC: 0x56238da61330 in H5A_init /src/hdf5/src/H5Aint.c:148
  NEW_FUNC: 0x56238da61460 in H5A__init_package /src/hdf5/src/H5Aint.c:172
  NEW_FUNC: 0x56238da70a10 in H5AC_create /src/hdf5/src/H5AC.c:251
  NEW_FUNC: 0x56238da71370 in H5AC_validate_config /src/hdf5/src/H5AC.c:1883
  NEW_FUNC: 0x56238da72350 in H5AC_validate_cache_image_config /src/hdf5/src/H5AC.c:1956
  NEW_FUNC: 0x56238da728c0 in H5AC_set_cache_auto_resize_config /src/hdf5/src/H5AC.c:1794
  NEW_FUNC: 0x56238da73680 in H5AC_dest /src/hdf5/src/H5AC.c:428
  NEW_FUNC: 0x56238da76580 in H5AC_prep_for_file_close /src/hdf5/src/H5AC.c:1107
  NEW_FUNC: 0x56238da794e0 in H5AC_tag /src/hdf5/src/H5AC.c:2141
  NEW_FUNC: 0x56238dab3c00 in H5C_create /src/hdf5/src/H5C.c:128
  NEW_FUNC: 0x56238dab4ef0 in H5C_reset_cache_hit_rate_stats /src/hdf5/src/H5C.c:785
  NEW_FUNC: 0x56238dab50a0 in H5C_prep_for_file_close /src/hdf5/src/H5C.c:395
  NEW_FUNC: 0x56238dab5400 in H5C_dest /src/hdf5/src/H5C.c:482
  NEW_FUNC: 0x56238dab6020 in H5C_set_slist_enabled /src/hdf5/src/H5C.c:1075
  NEW_FUNC: 0x56238dab77b0 in H5C_set_cache_auto_resize_config /src/hdf5/src/H5C.c:818
  NEW_FUNC: 0x56238dab90b0 in H5C_validate_resize_config /src/hdf5/src/H5C.c:1207
  NEW_FUNC: 0x56238daba500 in H5C_set_evictions_enabled /src/hdf5/src/H5C.c:1005
  NEW_FUNC: 0x56238dabd6d0 in H5C_stats__reset /src/hdf5/src/H5Cdbg.c:683
  NEW_FUNC: 0x56238dada190 in H5C_cache_image_status /src/hdf5/src/H5Cimage.c:229
  NEW_FUNC: 0x56238dae50a0 in H5C__prep_image_for_file_close /src/hdf5/src/H5Cimage.c:832
  NEW_FUNC: 0x56238dae9190 in H5C_set_cache_image_config /src/hdf5/src/H5Cimage.c:1114
  NEW_FUNC: 0x56238dae94e0 in H5C_validate_cache_image_config /src/hdf5/src/H5Cimage.c:1186
  NEW_FUNC: 0x56238daef140 in H5C__flush_invalidate_cache /src/hdf5/src/H5Cint.c:991
  NEW_FUNC: 0x56238daf4020 in H5C_get_logging_status /src/hdf5/src/H5Clog.c:257
  NEW_FUNC: 0x56238db0c090 in H5CX__init_package /src/hdf5/src/H5CX.c:266
  NEW_FUNC: 0x56238db0d740 in H5CX_pushed /src/hdf5/src/H5CX.c:507
  NEW_FUNC: 0x56238db0d7c0 in H5CX_push /src/hdf5/src/H5CX.c:533
  NEW_FUNC: 0x56238db100b0 in H5CX_set_apl /src/hdf5/src/H5CX.c:1012
  NEW_FUNC: 0x56238db109c0 in H5CX_set_vol_connector_prop /src/hdf5/src/H5CX.c:1210
  NEW_FUNC: 0x56238db10bc0 in H5CX_get_dxpl /src/hdf5/src/H5CX.c:1241
  NEW_FUNC: 0x56238db10ff0 in H5CX_get_vol_connector_prop /src/hdf5/src/H5CX.c:1336
  NEW_FUNC: 0x56238db11210 in H5CX_get_tag /src/hdf5/src/H5CX.c:1369
  NEW_FUNC: 0x56238db18390 in H5CX_set_tag /src/hdf5/src/H5CX.c:2597
  NEW_FUNC: 0x56238db19120 in H5CX_pop /src/hdf5/src/H5CX.c:3317
  NEW_FUNC: 0x56238db22030 in H5D_init /src/hdf5/src/H5Dint.c:162
  NEW_FUNC: 0x56238db22200 in H5D__init_package /src/hdf5/src/H5Dint.c:189
  NEW_FUNC: 0x56238db84c60 in H5Eset_auto2 /src/hdf5/src/H5E.c:767
  NEW_FUNC: 0x56238db87400 in H5E_init /src/hdf5/src/H5Eint.c:217
  NEW_FUNC: 0x56238db87590 in H5E__init_package /src/hdf5/src/H5Eint.c:241
  NEW_FUNC: 0x56238db8bf50 in H5E_printf_stack /src/hdf5/src/H5Eint.c:1547
  NEW_FUNC: 0x56238db8d340 in H5E_clear_stack /src/hdf5/src/H5Eint.c:1844
  NEW_FUNC: 0x56238db8d600 in H5E_user_cb_prepare /src/hdf5/src/H5Eint.c:367
  NEW_FUNC: 0x56238db8d920 in H5E_user_cb_restore /src/hdf5/src/H5Eint.c:406
  NEW_FUNC: 0x56238db91820 in H5E__get_auto /src/hdf5/src/H5Eint.c:1453
  NEW_FUNC: 0x56238db91c20 in H5E__set_auto /src/hdf5/src/H5Eint.c:1523
  NEW_FUNC: 0x56238db922c0 in H5E__clear_entries /src/hdf5/src/H5Eint.c:1775
  NEW_FUNC: 0x56238db92900 in H5E_dump_api_stack /src/hdf5/src/H5Eint.c:1939
  NEW_FUNC: 0x56238dbb6e10 in H5Fopen /src/hdf5/src/H5F.c:813
  NEW_FUNC: 0x56238dbb7560 in H5F__open_api_common /src/hdf5/src/H5F.c:739
  NEW_FUNC: 0x56238dbd0670 in H5F_init /src/hdf5/src/H5Fint.c:138
  NEW_FUNC: 0x56238dbd07a0 in H5F__init_package /src/hdf5/src/H5Fint.c:161
  NEW_FUNC: 0x56238dbd08f0 in H5F__parse_file_lock_env_var /src/hdf5/src/H5Fint.c:276
  NEW_FUNC: 0x56238dbd5170 in H5F_open /src/hdf5/src/H5Fint.c:1827
  NEW_FUNC: 0x56238dbd8590 in H5F__new /src/hdf5/src/H5Fint.c:1132
  NEW_FUNC: 0x56238dbdc180 in H5F__dest /src/hdf5/src/H5Fint.c:1405
  NEW_FUNC: 0x56238dbe2e90 in H5F_set_retries /src/hdf5/src/H5Fint.c:3485
  NEW_FUNC: 0x56238dbe82e0 in H5F__set_vol_conn /src/hdf5/src/H5Fint.c:315
  NEW_FUNC: 0x56238dbef250 in H5F_get_intent /src/hdf5/src/H5Fquery.c:97
  NEW_FUNC: 0x56238dbefb30 in H5F_grp_btree_shared /src/hdf5/src/H5Fquery.c:672
  NEW_FUNC: 0x56238dbf0e20 in H5F_use_mdc_logging /src/hdf5/src/H5Fquery.c:1122
  NEW_FUNC: 0x56238dbf1650 in H5F__sfile_add /src/hdf5/src/H5Fsfile.c:94
  NEW_FUNC: 0x56238dbf1830 in H5F__sfile_search /src/hdf5/src/H5Fsfile.c:130
  NEW_FUNC: 0x56238dbf19f0 in H5F__sfile_remove /src/hdf5/src/H5Fsfile.c:165
  NEW_FUNC: 0x56238dbf2300 in H5F__super_read /src/hdf5/src/H5Fsuper.c:307
  NEW_FUNC: 0x56238dc0db90 in H5FD_init /src/hdf5/src/H5FD.c:110
  NEW_FUNC: 0x56238dc0dcc0 in H5FD__init_package /src/hdf5/src/H5FD.c:131
  NEW_FUNC: 0x56238dc0f200 in H5FD_register /src/hdf5/src/H5FD.c:388
  NEW_FUNC: 0x56238dc10630 in H5FD_get_class /src/hdf5/src/H5FD.c:527
  NEW_FUNC: 0x56238dc12d60 in H5FD_open /src/hdf5/src/H5FD.c:891
  NEW_FUNC: 0x56238dc13df0 in H5FD__query /src/hdf5/src/H5FD.c:1213
  NEW_FUNC: 0x56238dc148d0 in H5FD_close /src/hdf5/src/H5FD.c:1055
  NEW_FUNC: 0x56238dc188e0 in H5FD_get_maxaddr /src/hdf5/src/H5FD.c:1498
  NEW_FUNC: 0x56238dc18ac0 in H5FD_get_feature_flags /src/hdf5/src/H5FD.c:1524
  NEW_FUNC: 0x56238dc18c00 in H5FD_get_fs_type_map /src/hdf5/src/H5FD.c:1571
  NEW_FUNC: 0x56238dc225e0 in H5FD_lock /src/hdf5/src/H5FD.c:2613
  NEW_FUNC: 0x56238dc265e0 in H5FD__core_register /src/hdf5/src/H5FDcore.c:454
  NEW_FUNC: 0x56238dc2ede0 in H5FD__family_register /src/hdf5/src/H5FDfamily.c:279
  NEW_FUNC: 0x56238dc36640 in H5FD_locate_signature /src/hdf5/src/H5FDint.c:149
  NEW_FUNC: 0x56238dc36d30 in H5FD_get_eof /src/hdf5/src/H5FDint.c:2491
  NEW_FUNC: 0x56238dc37390 in H5FD_get_eoa /src/hdf5/src/H5FDint.c:2449
  NEW_FUNC: 0x56238dc37960 in H5FD_set_eoa /src/hdf5/src/H5FDint.c:2409
  NEW_FUNC: 0x56238dc37f20 in H5FD_read /src/hdf5/src/H5FDint.c:214
  NEW_FUNC: 0x56238dc478d0 in H5FD_driver_query /src/hdf5/src/H5FDint.c:2533
  NEW_FUNC: 0x56238dc4ceb0 in H5FD__log_register /src/hdf5/src/H5FDlog.c:215
  NEW_FUNC: 0x56238dc54250 in H5FD__multi_register /src/hdf5/src/H5FDmulti_int.c:52
  NEW_FUNC: 0x56238dc54380 in H5FD__onion_register /src/hdf5/src/H5FDonion.c:226
  NEW_FUNC: 0x56238dc6a350 in H5FD__sec2_register /src/hdf5/src/H5FDsec2.c:174
  NEW_FUNC: 0x56238dc6ac10 in H5FD__sec2_open /src/hdf5/src/H5FDsec2.c:249
  NEW_FUNC: 0x56238dc6b7f0 in H5FD__sec2_close /src/hdf5/src/H5FDsec2.c:378
  NEW_FUNC: 0x56238dc6bbe0 in H5FD__sec2_query /src/hdf5/src/H5FDsec2.c:462
  NEW_FUNC: 0x56238dc6bd30 in H5FD__sec2_get_eoa /src/hdf5/src/H5FDsec2.c:508
  NEW_FUNC: 0x56238dc6bd60 in H5FD__sec2_set_eoa /src/hdf5/src/H5FDsec2.c:529
  NEW_FUNC: 0x56238dc6be20 in H5FD__sec2_get_eof /src/hdf5/src/H5FDsec2.c:553
  NEW_FUNC: 0x56238dc6bfd0 in H5FD__sec2_read /src/hdf5/src/H5FDsec2.c:603
  NEW_FUNC: 0x56238dc6cfc0 in H5FD__sec2_lock /src/hdf5/src/H5FDsec2.c:889
  NEW_FUNC: 0x56238dc704b0 in H5FD__splitter_register /src/hdf5/src/H5FDsplitter.c:177
  NEW_FUNC: 0x56238dc78270 in H5FD__stdio_register /src/hdf5/src/H5FDstdio_int.c:52
  NEW_FUNC: 0x56238dc793b0 in H5FL_reg_free /src/hdf5/src/H5FL.c:277
  NEW_FUNC: 0x56238dc799c0 in H5FL_reg_malloc /src/hdf5/src/H5FL.c:334
  NEW_FUNC: 0x56238dc7a050 in H5FL_reg_calloc /src/hdf5/src/H5FL.c:386
  NEW_FUNC: 0x56238dc7e360 in H5FL_fac_init /src/hdf5/src/H5FL.c:1695
  NEW_FUNC: 0x56238dc7e840 in H5FL_fac_free /src/hdf5/src/H5FL.c:1758
  NEW_FUNC: 0x56238dc7ee50 in H5FL_fac_malloc /src/hdf5/src/H5FL.c:1814
  NEW_FUNC: 0x56238dc80380 in H5FO_create /src/hdf5/src/H5FO.c:72
  NEW_FUNC: 0x56238dc80ed0 in H5FO_dest /src/hdf5/src/H5FO.c:341
  NEW_FUNC: 0x56238dc81100 in H5FO_top_create /src/hdf5/src/H5FO.c:385
  NEW_FUNC: 0x56238dc81980 in H5FO_top_dest /src/hdf5/src/H5FO.c:569
  NEW_FUNC: 0x56238dc8b8d0 in H5FS_init /src/hdf5/src/H5FSint.c:80
  NEW_FUNC: 0x56238dc9df30 in H5G_init /src/hdf5/src/H5Gint.c:134
  NEW_FUNC: 0x56238dc9e060 in H5G__init_package /src/hdf5/src/H5Gint.c:165
  NEW_FUNC: 0x56238dcaead0 in H5G_name_free /src/hdf5/src/H5Gname.c:536
  NEW_FUNC: 0x56238dcaeed0 in H5G_name_reset /src/hdf5/src/H5Gname.c:513
  NEW_FUNC: 0x56238dcb7d90 in H5G_node_close /src/hdf5/src/H5Gnode.c:1112
  NEW_FUNC: 0x56238dd40120 in H5I_register_type /src/hdf5/src/H5Iint.c:242
  NEW_FUNC: 0x56238dd41f10 in H5I__register /src/hdf5/src/H5Iint.c:581
  NEW_FUNC: 0x56238dd439e0 in H5I_register /src/hdf5/src/H5Iint.c:639
  NEW_FUNC: 0x56238dd45760 in H5I__find_id /src/hdf5/src/H5Iint.c:1666
  NEW_FUNC: 0x56238dd46330 in H5I_object /src/hdf5/src/H5Iint.c:779
  NEW_FUNC: 0x56238dd46470 in H5I_object_verify /src/hdf5/src/H5Iint.c:807
  NEW_FUNC: 0x56238dd465f0 in H5I_get_type /src/hdf5/src/H5Iint.c:840
  NEW_FUNC: 0x56238dd46f20 in H5I__remove_common /src/hdf5/src/H5Iint.c:944
  NEW_FUNC: 0x56238dd47b10 in H5I_dec_ref /src/hdf5/src/H5Iint.c:1115
  NEW_FUNC: 0x56238dd47cc0 in H5I__dec_ref /src/hdf5/src/H5Iint.c:1036
  NEW_FUNC: 0x56238dd49030 in H5I_inc_ref /src/hdf5/src/H5Iint.c:1357
  NEW_FUNC: 0x56238dd4b710 in H5L_init /src/hdf5/src/H5Lint.c:206
  NEW_FUNC: 0x56238dd4b840 in H5L__init_package /src/hdf5/src/H5Lint.c:227
  NEW_FUNC: 0x56238dd4bd70 in H5L_register /src/hdf5/src/H5Lint.c:344
  NEW_FUNC: 0x56238dd56280 in H5M_init /src/hdf5/src/H5M.c:94
  NEW_FUNC: 0x56238dd563b0 in H5M__init_package /src/hdf5/src/H5M.c:117
  NEW_FUNC: 0x56238dd56990 in H5MF_init_merge_flags /src/hdf5/src/H5MF.c:137
  NEW_FUNC: 0x56238dd72df0 in H5MM_realloc /src/hdf5/src/H5MM.c:77
  NEW_FUNC: 0x56238dd72e80 in H5MM_xstrdup /src/hdf5/src/H5MM.c:109
  NEW_FUNC: 0x56238dd72f40 in H5MM_strdup /src/hdf5/src/H5MM.c:136
  NEW_FUNC: 0x56238dd731a0 in H5MM_xfree /src/hdf5/src/H5MM.c:197
  NEW_FUNC: 0x56238dd731d0 in H5MM_xfree_const /src/hdf5/src/H5MM.c:219
  NEW_FUNC: 0x56238ddc8f80 in H5O__fill_copy /src/hdf5/src/H5Ofill.c:534
  NEW_FUNC: 0x56238ddd5ab0 in H5O_init /src/hdf5/src/H5Oint.c:192
  NEW_FUNC: 0x56238dddfb90 in H5O_loc_reset /src/hdf5/src/H5Oint.c:1804
  NEW_FUNC: 0x56238ddec3d0 in H5O__layout_copy /src/hdf5/src/H5Olayout.c:750
  NEW_FUNC: 0x56238ddf9fe0 in H5O_msg_reset /src/hdf5/src/H5Omessage.c:516
  NEW_FUNC: 0x56238ddfad10 in H5O_msg_copy /src/hdf5/src/H5Omessage.c:665
  NEW_FUNC: 0x56238ddffd80 in H5O_msg_reset_share /src/hdf5/src/H5Omessage.c:1530
  NEW_FUNC: 0x56238de07de0 in H5O__pline_copy /src/hdf5/src/H5Opline.c:369
  NEW_FUNC: 0x56238de09350 in H5O__pline_reset /src/hdf5/src/H5Opline.c:521
  NEW_FUNC: 0x56238de16120 in H5P__dacc_reg_prop /src/hdf5/src/H5Pdapl.c:197
  NEW_FUNC: 0x56238de21d60 in H5P__dcrt_reg_prop /src/hdf5/src/H5Pdcpl.c:301
  NEW_FUNC: 0x56238de407f0 in H5P__dcrt_layout_get /src/hdf5/src/H5Pdcpl.c:391
  NEW_FUNC: 0x56238de4a930 in H5P__dcrt_fill_value_get /src/hdf5/src/H5Pdcpl.c:1098
  NEW_FUNC: 0x56238de4d070 in H5P__dcrt_ext_file_list_get /src/hdf5/src/H5Pdcpl.c:1476
  NEW_FUNC: 0x56238de51ca0 in H5P__dxfr_reg_prop /src/hdf5/src/H5Pdxpl.c:313
  NEW_FUNC: 0x56238de67cd0 in H5P__facc_reg_prop /src/hdf5/src/H5Pfapl.c:553
  NEW_FUNC: 0x56238de6a190 in H5P__facc_set_def_driver /src/hdf5/src/H5Pfapl.c:860
  NEW_FUNC: 0x56238de85d00 in H5P_set_vol /src/hdf5/src/H5Pfapl.c:5979
  NEW_FUNC: 0x56238de86250 in H5P_reset_vol_class /src/hdf5/src/H5Pfapl.c:6020
  NEW_FUNC: 0x56238de93700 in H5P__facc_file_driver_create /src/hdf5/src/H5Pfapl.c:1765
  NEW_FUNC: 0x56238de98eb0 in H5P__facc_vol_create /src/hdf5/src/H5Pfapl.c:6238
  NEW_FUNC: 0x56238de99030 in H5P__facc_vol_set /src/hdf5/src/H5Pfapl.c:6264
  NEW_FUNC: 0x56238de99330 in H5P__facc_vol_del /src/hdf5/src/H5Pfapl.c:6322
  NEW_FUNC: 0x56238de99980 in H5P__file_driver_copy /src/hdf5/src/H5Pfapl.c:1658
  NEW_FUNC: 0x56238de9b5f0 in H5P_init_phase1 /src/hdf5/src/H5Pint.c:424
  NEW_FUNC: 0x56238de9b7c0 in H5P__init_package /src/hdf5/src/H5Pint.c:475
  NEW_FUNC: 0x56238de9c3c0 in H5P_init_phase2 /src/hdf5/src/H5Pint.c:450
  NEW_FUNC: 0x56238de9c6e0 in H5P__create_class /src/hdf5/src/H5Pint.c:1781
  NEW_FUNC: 0x56238de9cdb0 in H5P_create_id /src/hdf5/src/H5Pint.c:2014
  NEW_FUNC: 0x56238de9ea90 in H5P__dup_prop /src/hdf5/src/H5Pint.c:1179
  NEW_FUNC: 0x56238de9f0f0 in H5P_copy_plist /src/hdf5/src/H5Pint.c:938
  NEW_FUNC: 0x56238dea1130 in H5P__do_prop_cb1 /src/hdf5/src/H5Pint.c:789
  NEW_FUNC: 0x56238dea1a40 in H5P__access_class /src/hdf5/src/H5Pint.c:1630
  NEW_FUNC: 0x56238dea1ff0 in H5P_close /src/hdf5/src/H5Pint.c:5285
  NEW_FUNC: 0x56238dea32f0 in H5P__free_prop_cb /src/hdf5/src/H5Pint.c:1547
  NEW_FUNC: 0x56238dea37a0 in H5P__register_real /src/hdf5/src/H5Pint.c:2257
  NEW_FUNC: 0x56238dea3da0 in H5P__create_prop /src/hdf5/src/H5Pint.c:1293
  NEW_FUNC: 0x56238dea58e0 in H5P__do_prop /src/hdf5/src/H5Pint.c:2818
  NEW_FUNC: 0x56238dea6530 in H5P_set /src/hdf5/src/H5Pint.c:3237
  NEW_FUNC: 0x56238dea6980 in H5P__set_plist_cb /src/hdf5/src/H5Pint.c:3050
  NEW_FUNC: 0x56238dea7e00 in H5P__class_get /src/hdf5/src/H5Pint.c:3284
  NEW_FUNC: 0x56238dea8070 in H5P__class_set /src/hdf5/src/H5Pint.c:3339
  NEW_FUNC: 0x56238dea8eb0 in H5P__cmp_class /src/hdf5/src/H5Pint.c:3808
  NEW_FUNC: 0x56238deab500 in H5P_isa_class /src/hdf5/src/H5Pint.c:4129
  NEW_FUNC: 0x56238dead1a0 in H5P_peek /src/hdf5/src/H5Pint.c:4662
  NEW_FUNC: 0x56238dead5e0 in H5P__peek_cb /src/hdf5/src/H5Pint.c:4614
  NEW_FUNC: 0x56238dead7c0 in H5P_get /src/hdf5/src/H5Pint.c:4784
  NEW_FUNC: 0x56238deadc00 in H5P__get_cb /src/hdf5/src/H5Pint.c:4706
  NEW_FUNC: 0x56238deb2790 in H5P__close_list_cb /src/hdf5/src/H5Pint.c:748
  NEW_FUNC: 0x56238deb2900 in H5P__lacc_reg_prop /src/hdf5/src/H5Plapl.c:184
  NEW_FUNC: 0x56238debad20 in H5P__lcrt_reg_prop /src/hdf5/src/H5Plcpl.c:108
  NEW_FUNC: 0x56238debbcc0 in H5P__macc_reg_prop /src/hdf5/src/H5Pmapl.c:107
  NEW_FUNC: 0x56238debc030 in H5P__mcrt_reg_prop /src/hdf5/src/H5Pmcpl.c:96
  NEW_FUNC: 0x56238debc040 in H5P__ocrt_reg_prop /src/hdf5/src/H5Pocpl.c:147
  NEW_FUNC: 0x56238dec6fe0 in H5P__ocrt_pipeline_get /src/hdf5/src/H5Pocpl.c:1234
  NEW_FUNC: 0x56238deca3e0 in H5P__ocrt_pipeline_copy /src/hdf5/src/H5Pocpl.c:1477
  NEW_FUNC: 0x56238decae90 in H5P__ocrt_pipeline_close /src/hdf5/src/H5Pocpl.c:1604
  NEW_FUNC: 0x56238decb010 in H5P__ocpy_reg_prop /src/hdf5/src/H5Pocpypl.c:149
  NEW_FUNC: 0x56238decfb60 in H5P__strcrt_reg_prop /src/hdf5/src/H5Pstrcpl.c:112
  NEW_FUNC: 0x56238ded2580 in H5PB_dest /src/hdf5/src/H5PB.c:450
  NEW_FUNC: 0x56238deda010 in H5PL__init_package /src/hdf5/src/H5PLint.c:136
  NEW_FUNC: 0x56238dedba40 in H5PL_iterate /src/hdf5/src/H5PLint.c:525
  NEW_FUNC: 0x56238dedbc20 in H5PL__create_path_table /src/hdf5/src/H5PLpath.c:231
  NEW_FUNC: 0x56238dedc590 in H5PL__insert_at /src/hdf5/src/H5PLpath.c:104
  NEW_FUNC: 0x56238dedd7d0 in H5PL__path_table_iterate /src/hdf5/src/H5PLpath.c:568
  NEW_FUNC: 0x56238dedf070 in H5PL__create_plugin_cache /src/hdf5/src/H5PLplugin_cache.c:99
  NEW_FUNC: 0x56238deeed70 in H5S_init /src/hdf5/src/H5S.c:114
  NEW_FUNC: 0x56238deeeea0 in H5S__init_package /src/hdf5/src/H5S.c:136
  NEW_FUNC: 0x56238df799b0 in H5SL__init_package /src/hdf5/src/H5SL.c:544
  NEW_FUNC: 0x56238df79c00 in H5SL_create /src/hdf5/src/H5SL.c:931
  NEW_FUNC: 0x56238df79fd0 in H5SL__new_node /src/hdf5/src/H5SL.c:641
  NEW_FUNC: 0x56238df7a2d0 in H5SL_count /src/hdf5/src/H5SL.c:1001
  NEW_FUNC: 0x56238df7a300 in H5SL_insert /src/hdf5/src/H5SL.c:1036
  NEW_FUNC: 0x56238df7a430 in H5SL__insert_common /src/hdf5/src/H5SL.c:688
  NEW_FUNC: 0x56238df99a50 in H5SL_search /src/hdf5/src/H5SL.c:1314
  NEW_FUNC: 0x56238dfab910 in H5SL_first /src/hdf5/src/H5SL.c:1896
  NEW_FUNC: 0x56238dfab970 in H5SL_next /src/hdf5/src/H5SL.c:1929
  NEW_FUNC: 0x56238dfaba70 in H5SL_item /src/hdf5/src/H5SL.c:2029
  NEW_FUNC: 0x56238dfabe20 in H5SL__release_common /src/hdf5/src/H5SL.c:806
  NEW_FUNC: 0x56238dfac5f0 in H5SL_destroy /src/hdf5/src/H5SL.c:2232
  NEW_FUNC: 0x56238dfac730 in H5SL__close_common /src/hdf5/src/H5SL.c:885
  NEW_FUNC: 0x56238dfac990 in H5SL_close /src/hdf5/src/H5SL.c:2272
  NEW_FUNC: 0x56238dfc2280 in H5T_init /src/hdf5/src/H5T.c:794
  NEW_FUNC: 0x56238dfc23b0 in H5T__init_package /src/hdf5/src/H5T.c:1025
  NEW_FUNC: 0x56238dfd0c30 in H5T_copy /src/hdf5/src/H5T.c:4430
  NEW_FUNC: 0x56238dfd1260 in H5T__alloc /src/hdf5/src/H5T.c:4649
  NEW_FUNC: 0x56238dfd1560 in H5T_set_loc /src/hdf5/src/H5T.c:6907
  NEW_FUNC: 0x56238dfd2700 in H5T__create /src/hdf5/src/H5T.c:3997
  NEW_FUNC: 0x56238dfd33c0 in H5T__register_int /src/hdf5/src/H5T.c:3201
  NEW_FUNC: 0x56238dfd3510 in H5T__init_inf /src/hdf5/src/H5T.c:817
  NEW_FUNC: 0x56238dfd53f0 in H5T_close_real /src/hdf5/src/H5T.c:4787
  NEW_FUNC: 0x56238dfd9320 in H5T_cmp /src/hdf5/src/H5T.c:5133
  NEW_FUNC: 0x56238dfe2760 in H5T__register /src/hdf5/src/H5T.c:3245
  NEW_FUNC: 0x56238dfea1f0 in H5T__initiate_copy /src/hdf5/src/H5T.c:4124
  NEW_FUNC: 0x56238dfea730 in H5T__copy_all /src/hdf5/src/H5T.c:4200
  NEW_FUNC: 0x56238dfea860 in H5T__complete_copy /src/hdf5/src/H5T.c:4229
  NEW_FUNC: 0x56238dfed0b0 in H5T__free /src/hdf5/src/H5T.c:4699
  NEW_FUNC: 0x56238dfee6c0 in H5T__path_find_real /src/hdf5/src/H5T.c:5755
  NEW_FUNC: 0x56238dff6c50 in H5T__array_create /src/hdf5/src/H5Tarray.c:133
  NEW_FUNC: 0x56238dffafa0 in H5T__bit_set /src/hdf5/src/H5Tbit.c:328
  NEW_FUNC: 0x56238e0099d0 in H5T__complex_create /src/hdf5/src/H5Tcomplex.c:111
  NEW_FUNC: 0x56238e0120c0 in H5T__conv_noop /src/hdf5/src/H5Tconv.c:242
  NEW_FUNC: 0x56238e024870 in H5T__conv_fcomplex_schar /src/hdf5/src/H5Tconv_complex.c:1436
  NEW_FUNC: 0x56238e028730 in H5T__conv_fcomplex_uchar /src/hdf5/src/H5Tconv_complex.c:1455
  NEW_FUNC: 0x56238e02c5a0 in H5T__conv_fcomplex_short /src/hdf5/src/H5Tconv_complex.c:1474
  NEW_FUNC: 0x56238e0306f0 in H5T__conv_fcomplex_ushort /src/hdf5/src/H5Tconv_complex.c:1493
  NEW_FUNC: 0x56238e0347d0 in H5T__conv_fcomplex_int /src/hdf5/src/H5Tconv_complex.c:1512
  NEW_FUNC: 0x56238e0389b0 in H5T__conv_fcomplex_uint /src/hdf5/src/H5Tconv_complex.c:1531
  NEW_FUNC: 0x56238e03ca90 in H5T__conv_fcomplex_long /src/hdf5/src/H5Tconv_complex.c:1550
  NEW_FUNC: 0x56238e040610 in H5T__conv_fcomplex_ulong /src/hdf5/src/H5Tconv_complex.c:1569
  NEW_FUNC: 0x56238e04bbb0 in H5T__conv_fcomplex_float /src/hdf5/src/H5Tconv_complex.c:1649
  NEW_FUNC: 0x56238e050c40 in H5T__conv_fcomplex_double /src/hdf5/src/H5Tconv_complex.c:1666
  NEW_FUNC: 0x56238e053410 in H5T__conv_fcomplex_ldouble /src/hdf5/src/H5Tconv_complex.c:1683
  NEW_FUNC: 0x56238e056be0 in H5T__conv_fcomplex_dcomplex /src/hdf5/src/H5Tconv_complex.c:1701
  NEW_FUNC: 0x56238e05a240 in H5T__conv_fcomplex_lcomplex /src/hdf5/src/H5Tconv_complex.c:1719
  NEW_FUNC: 0x56238e05dde0 in H5T__conv_dcomplex_schar /src/hdf5/src/H5Tconv_complex.c:1736
  NEW_FUNC: 0x56238e061800 in H5T__conv_dcomplex_uchar /src/hdf5/src/H5Tconv_complex.c:1755
  NEW_FUNC: 0x56238e0651e0 in H5T__conv_dcomplex_short /src/hdf5/src/H5Tconv_complex.c:1774
  NEW_FUNC: 0x56238e068d50 in H5T__conv_dcomplex_ushort /src/hdf5/src/H5Tconv_complex.c:1794
  NEW_FUNC: 0x56238e06c850 in H5T__conv_dcomplex_int /src/hdf5/src/H5Tconv_complex.c:1813
  NEW_FUNC: 0x56238e070400 in H5T__conv_dcomplex_uint /src/hdf5/src/H5Tconv_complex.c:1832
  NEW_FUNC: 0x56238e073f10 in H5T__conv_dcomplex_long /src/hdf5/src/H5Tconv_complex.c:1851
  NEW_FUNC: 0x56238e077a50 in H5T__conv_dcomplex_ulong /src/hdf5/src/H5Tconv_complex.c:1870
  NEW_FUNC: 0x56238e082ed0 in H5T__conv_dcomplex_float /src/hdf5/src/H5Tconv_complex.c:1950
  NEW_FUNC: 0x56238e085ed0 in H5T__conv_dcomplex_double /src/hdf5/src/H5Tconv_complex.c:1967
  NEW_FUNC: 0x56238e08a850 in H5T__conv_dcomplex_ldouble /src/hdf5/src/H5Tconv_complex.c:1984
  NEW_FUNC: 0x56238e08d460 in H5T__conv_dcomplex_fcomplex /src/hdf5/src/H5Tconv_complex.c:2002
  NEW_FUNC: 0x56238e090c20 in H5T__conv_dcomplex_lcomplex /src/hdf5/src/H5Tconv_complex.c:2020
  NEW_FUNC: 0x56238e0945f0 in H5T__conv_lcomplex_schar /src/hdf5/src/H5Tconv_complex.c:2038
  NEW_FUNC: 0x56238e098510 in H5T__conv_lcomplex_uchar /src/hdf5/src/H5Tconv_complex.c:2058
  NEW_FUNC: 0x56238e09c3f0 in H5T__conv_lcomplex_short /src/hdf5/src/H5Tconv_complex.c:2077
  NEW_FUNC: 0x56238e0a04b0 in H5T__conv_lcomplex_ushort /src/hdf5/src/H5Tconv_complex.c:2097
  NEW_FUNC: 0x56238e0a44c0 in H5T__conv_lcomplex_int /src/hdf5/src/H5Tconv_complex.c:2116
  NEW_FUNC: 0x56238e0a8550 in H5T__conv_lcomplex_uint /src/hdf5/src/H5Tconv_complex.c:2136
  NEW_FUNC: 0x56238e0ac500 in H5T__conv_lcomplex_long /src/hdf5/src/H5Tconv_complex.c:2155
  NEW_FUNC: 0x56238e0b05b0 in H5T__conv_lcomplex_ulong /src/hdf5/src/H5Tconv_complex.c:2175
  NEW_FUNC: 0x56238e0bc860 in H5T__conv_lcomplex_float /src/hdf5/src/H5Tconv_complex.c:2262
  NEW_FUNC: 0x56238e0bfb70 in H5T__conv_lcomplex_double /src/hdf5/src/H5Tconv_complex.c:2279
  NEW_FUNC: 0x56238e0c2c10 in H5T__conv_lcomplex_ldouble /src/hdf5/src/H5Tconv_complex.c:2297
  NEW_FUNC: 0x56238e0c9070 in H5T__conv_lcomplex_fcomplex /src/hdf5/src/H5Tconv_complex.c:2315
  NEW_FUNC: 0x56238e0ccd60 in H5T__conv_lcomplex_dcomplex /src/hdf5/src/H5Tconv_complex.c:2333
  NEW_FUNC: 0x56238e0e5cc0 in H5T__conv_float_schar /src/hdf5/src/H5Tconv_float.c:1741
  NEW_FUNC: 0x56238e0e9cc0 in H5T__conv_float_uchar /src/hdf5/src/H5Tconv_float.c:1761
  NEW_FUNC: 0x56238e0edc70 in H5T__conv_float_short /src/hdf5/src/H5Tconv_float.c:1781
  NEW_FUNC: 0x56238e0f1ec0 in H5T__conv_float_ushort /src/hdf5/src/H5Tconv_float.c:1801
  NEW_FUNC: 0x56238e0f6090 in H5T__conv_float_int /src/hdf5/src/H5Tconv_float.c:1821
  NEW_FUNC: 0x56238e0f9c90 in H5T__conv_float_uint /src/hdf5/src/H5Tconv_float.c:1841
  NEW_FUNC: 0x56238e0fd850 in H5T__conv_float_long /src/hdf5/src/H5Tconv_float.c:1861
  NEW_FUNC: 0x56238e101ae0 in H5T__conv_float_ulong /src/hdf5/src/H5Tconv_float.c:1881
  NEW_FUNC: 0x56238e10e5b0 in H5T__conv_float_double /src/hdf5/src/H5Tconv_float.c:1964
  NEW_FUNC: 0x56238e111710 in H5T__conv_float_ldouble /src/hdf5/src/H5Tconv_float.c:1982
  NEW_FUNC: 0x56238e114ee0 in H5T__conv_float_fcomplex /src/hdf5/src/H5Tconv_float.c:2002
  NEW_FUNC: 0x56238e118680 in H5T__conv_float_dcomplex /src/hdf5/src/H5Tconv_float.c:2021
  NEW_FUNC: 0x56238e11c7e0 in H5T__conv_float_lcomplex /src/hdf5/src/H5Tconv_float.c:2040
  NEW_FUNC: 0x56238e121870 in H5T__conv_double_schar /src/hdf5/src/H5Tconv_float.c:2059
  NEW_FUNC: 0x56238e125840 in H5T__conv_double_uchar /src/hdf5/src/H5Tconv_float.c:2079
  NEW_FUNC: 0x56238e1297d0 in H5T__conv_double_short /src/hdf5/src/H5Tconv_float.c:2099
  NEW_FUNC: 0x56238e12d9e0 in H5T__conv_double_ushort /src/hdf5/src/H5Tconv_float.c:2119
  NEW_FUNC: 0x56238e131b90 in H5T__conv_double_int /src/hdf5/src/H5Tconv_float.c:2139
  NEW_FUNC: 0x56238e135db0 in H5T__conv_double_uint /src/hdf5/src/H5Tconv_float.c:2159
  NEW_FUNC: 0x56238e139f70 in H5T__conv_double_long /src/hdf5/src/H5Tconv_float.c:2179
  NEW_FUNC: 0x56238e13dc40 in H5T__conv_double_ulong /src/hdf5/src/H5Tconv_float.c:2199
  NEW_FUNC: 0x56238e149470 in H5T__conv_double_float /src/hdf5/src/H5Tconv_float.c:2282
  NEW_FUNC: 0x56238e14c590 in H5T__conv_double_ldouble /src/hdf5/src/H5Tconv_float.c:2300
  NEW_FUNC: 0x56238e14fbe0 in H5T__conv_double_fcomplex /src/hdf5/src/H5Tconv_float.c:2320
  NEW_FUNC: 0x56238e152e80 in H5T__conv_double_dcomplex /src/hdf5/src/H5Tconv_float.c:2339
  NEW_FUNC: 0x56238e155d70 in H5T__conv_double_lcomplex /src/hdf5/src/H5Tconv_float.c:2358
  NEW_FUNC: 0x56238e15aac0 in H5T__conv_ldouble_schar /src/hdf5/src/H5Tconv_float.c:2377
  NEW_FUNC: 0x56238e15eb60 in H5T__conv_ldouble_uchar /src/hdf5/src/H5Tconv_float.c:2397
  NEW_FUNC: 0x56238e162bc0 in H5T__conv_ldouble_short /src/hdf5/src/H5Tconv_float.c:2417
  NEW_FUNC: 0x56238e166e60 in H5T__conv_ldouble_ushort /src/hdf5/src/H5Tconv_float.c:2437
  NEW_FUNC: 0x56238e16b020 in H5T__conv_ldouble_int /src/hdf5/src/H5Tconv_float.c:2457
  NEW_FUNC: 0x56238e16f240 in H5T__conv_ldouble_uint /src/hdf5/src/H5Tconv_float.c:2477
  NEW_FUNC: 0x56238e1734d0 in H5T__conv_ldouble_long /src/hdf5/src/H5Tconv_float.c:2497
  NEW_FUNC: 0x56238e1777a0 in H5T__conv_ldouble_ulong /src/hdf5/src/H5Tconv_float.c:2517
  NEW_FUNC: 0x56238e1843f0 in H5T__conv_ldouble_float /src/hdf5/src/H5Tconv_float.c:2606
  NEW_FUNC: 0x56238e187620 in H5T__conv_ldouble_double /src/hdf5/src/H5Tconv_float.c:2624
  NEW_FUNC: 0x56238e18a660 in H5T__conv_ldouble_fcomplex /src/hdf5/src/H5Tconv_float.c:2644
  NEW_FUNC: 0x56238e18dae0 in H5T__conv_ldouble_dcomplex /src/hdf5/src/H5Tconv_float.c:2663
  NEW_FUNC: 0x56238e1902f0 in H5T__conv_ldouble_lcomplex /src/hdf5/src/H5Tconv_float.c:2682
  NEW_FUNC: 0x56238e19cf00 in H5T__conv_schar_uchar /src/hdf5/src/H5Tconv_integer.c:1074
  NEW_FUNC: 0x56238e19f580 in H5T__conv_schar_short /src/hdf5/src/H5Tconv_integer.c:1091
  NEW_FUNC: 0x56238e1a3c30 in H5T__conv_schar_ushort /src/hdf5/src/H5Tconv_integer.c:1108
  NEW_FUNC: 0x56238e1a6cc0 in H5T__conv_schar_int /src/hdf5/src/H5Tconv_integer.c:1125
  NEW_FUNC: 0x56238e1ab370 in H5T__conv_schar_uint /src/hdf5/src/H5Tconv_integer.c:1142
  NEW_FUNC: 0x56238e1b55f0 in H5T__conv_schar_llong /src/hdf5/src/H5Tconv_integer.c:1193
  NEW_FUNC: 0x56238e1b9900 in H5T__conv_schar_ullong /src/hdf5/src/H5Tconv_integer.c:1210
  NEW_FUNC: 0x56238e1bc840 in H5T__conv_schar_float /src/hdf5/src/H5Tconv_integer.c:1247
  NEW_FUNC: 0x56238e1c1ad0 in H5T__conv_schar_double /src/hdf5/src/H5Tconv_integer.c:1265
  NEW_FUNC: 0x56238e1c6a20 in H5T__conv_schar_ldouble /src/hdf5/src/H5Tconv_integer.c:1283
  NEW_FUNC: 0x56238e1cb2c0 in H5T__conv_schar_fcomplex /src/hdf5/src/H5Tconv_integer.c:1303
  NEW_FUNC: 0x56238e1d04e0 in H5T__conv_schar_dcomplex /src/hdf5/src/H5Tconv_integer.c:1322
  NEW_FUNC: 0x56238e1d4940 in H5T__conv_schar_lcomplex /src/hdf5/src/H5Tconv_integer.c:1341
  NEW_FUNC: 0x56238e1da2b0 in H5T__conv_uchar_schar /src/hdf5/src/H5Tconv_integer.c:1359
  NEW_FUNC: 0x56238e1dc920 in H5T__conv_uchar_short /src/hdf5/src/H5Tconv_integer.c:1376
  NEW_FUNC: 0x56238e1e0fd0 in H5T__conv_uchar_ushort /src/hdf5/src/H5Tconv_integer.c:1393
  NEW_FUNC: 0x56238e1e5680 in H5T__conv_uchar_int /src/hdf5/src/H5Tconv_integer.c:1410
  NEW_FUNC: 0x56238e1e9d30 in H5T__conv_uchar_uint /src/hdf5/src/H5Tconv_integer.c:1427
  NEW_FUNC: 0x56238e1f6a00 in H5T__conv_uchar_llong /src/hdf5/src/H5Tconv_integer.c:1478
  NEW_FUNC: 0x56238e1fad10 in H5T__conv_uchar_ullong /src/hdf5/src/H5Tconv_integer.c:1495
  NEW_FUNC: 0x56238e1ff020 in H5T__conv_uchar_float /src/hdf5/src/H5Tconv_integer.c:1532
  NEW_FUNC: 0x56238e2042b0 in H5T__conv_uchar_double /src/hdf5/src/H5Tconv_integer.c:1550
  NEW_FUNC: 0x56238e209200 in H5T__conv_uchar_ldouble /src/hdf5/src/H5Tconv_integer.c:1568
  NEW_FUNC: 0x56238e20daa0 in H5T__conv_uchar_fcomplex /src/hdf5/src/H5Tconv_integer.c:1588
  NEW_FUNC: 0x56238e212cc0 in H5T__conv_uchar_dcomplex /src/hdf5/src/H5Tconv_integer.c:1607
  NEW_FUNC: 0x56238e217120 in H5T__conv_uchar_lcomplex /src/hdf5/src/H5Tconv_integer.c:1626
  NEW_FUNC: 0x56238e21ca90 in H5T__conv_short_schar /src/hdf5/src/H5Tconv_integer.c:1644
  NEW_FUNC: 0x56238e21fd60 in H5T__conv_short_uchar /src/hdf5/src/H5Tconv_integer.c:1661
  NEW_FUNC: 0x56238e222fa0 in H5T__conv_short_ushort /src/hdf5/src/H5Tconv_integer.c:1678
  NEW_FUNC: 0x56238e225d10 in H5T__conv_short_int /src/hdf5/src/H5Tconv_integer.c:1695
  NEW_FUNC: 0x56238e22ad70 in H5T__conv_short_uint /src/hdf5/src/H5Tconv_integer.c:1712
  NEW_FUNC: 0x56238e235fe0 in H5T__conv_short_llong /src/hdf5/src/H5Tconv_integer.c:1763
  NEW_FUNC: 0x56238e23ac20 in H5T__conv_short_ullong /src/hdf5/src/H5Tconv_integer.c:1780
  NEW_FUNC: 0x56238e23dec0 in H5T__conv_short_float /src/hdf5/src/H5Tconv_integer.c:1817
  NEW_FUNC: 0x56238e2439a0 in H5T__conv_short_double /src/hdf5/src/H5Tconv_integer.c:1835
  NEW_FUNC: 0x56238e249100 in H5T__conv_short_ldouble /src/hdf5/src/H5Tconv_integer.c:1853
  NEW_FUNC: 0x56238e24e0a0 in H5T__conv_short_fcomplex /src/hdf5/src/H5Tconv_integer.c:1873
  NEW_FUNC: 0x56238e253a10 in H5T__conv_short_dcomplex /src/hdf5/src/H5Tconv_integer.c:1892
  NEW_FUNC: 0x56238e2584c0 in H5T__conv_short_lcomplex /src/hdf5/src/H5Tconv_integer.c:1911
  NEW_FUNC: 0x56238e25e5e0 in H5T__conv_ushort_schar /src/hdf5/src/H5Tconv_integer.c:1929
  NEW_FUNC: 0x56238e2616d0 in H5T__conv_ushort_uchar /src/hdf5/src/H5Tconv_integer.c:1946
  NEW_FUNC: 0x56238e2647c0 in H5T__conv_ushort_short /src/hdf5/src/H5Tconv_integer.c:1963
  NEW_FUNC: 0x56238e267550 in H5T__conv_ushort_int /src/hdf5/src/H5Tconv_integer.c:1980
  NEW_FUNC: 0x56238e26c5b0 in H5T__conv_ushort_uint /src/hdf5/src/H5Tconv_integer.c:1997
  NEW_FUNC: 0x56238e27ae90 in H5T__conv_ushort_llong /src/hdf5/src/H5Tconv_integer.c:2048
  NEW_FUNC: 0x56238e27fad0 in H5T__conv_ushort_ullong /src/hdf5/src/H5Tconv_integer.c:2065
  NEW_FUNC: 0x56238e284710 in H5T__conv_ushort_float /src/hdf5/src/H5Tconv_integer.c:2105
  NEW_FUNC: 0x56238e28a1f0 in H5T__conv_ushort_double /src/hdf5/src/H5Tconv_integer.c:2123
  NEW_FUNC: 0x56238e28f950 in H5T__conv_ushort_ldouble /src/hdf5/src/H5Tconv_integer.c:2141
  NEW_FUNC: 0x56238e294890 in H5T__conv_ushort_fcomplex /src/hdf5/src/H5Tconv_integer.c:2161
  NEW_FUNC: 0x56238e29a200 in H5T__conv_ushort_dcomplex /src/hdf5/src/H5Tconv_integer.c:2180
  NEW_FUNC: 0x56238e29ecb0 in H5T__conv_ushort_lcomplex /src/hdf5/src/H5Tconv_integer.c:2199
  NEW_FUNC: 0x56238e2a4ec0 in H5T__conv_int_schar /src/hdf5/src/H5Tconv_integer.c:2217
  NEW_FUNC: 0x56238e2a80f0 in H5T__conv_int_uchar /src/hdf5/src/H5Tconv_integer.c:2234
  NEW_FUNC: 0x56238e2ab2c0 in H5T__conv_int_short /src/hdf5/src/H5Tconv_integer.c:2251
  NEW_FUNC: 0x56238e2ae750 in H5T__conv_int_ushort /src/hdf5/src/H5Tconv_integer.c:2268
  NEW_FUNC: 0x56238e2b1b50 in H5T__conv_int_uint /src/hdf5/src/H5Tconv_integer.c:2285
  NEW_FUNC: 0x56238e2bc710 in H5T__conv_int_llong /src/hdf5/src/H5Tconv_integer.c:2336
  NEW_FUNC: 0x56238e2c1350 in H5T__conv_int_ullong /src/hdf5/src/H5Tconv_integer.c:2353
  NEW_FUNC: 0x56238e2c45b0 in H5T__conv_int_float /src/hdf5/src/H5Tconv_integer.c:2393
  NEW_FUNC: 0x56238e2c9640 in H5T__conv_int_double /src/hdf5/src/H5Tconv_integer.c:2411
  NEW_FUNC: 0x56238e2cf130 in H5T__conv_int_ldouble /src/hdf5/src/H5Tconv_integer.c:2429
  NEW_FUNC: 0x56238e2d43f0 in H5T__conv_int_fcomplex /src/hdf5/src/H5Tconv_integer.c:2449
  NEW_FUNC: 0x56238e2da070 in H5T__conv_int_dcomplex /src/hdf5/src/H5Tconv_integer.c:2468
  NEW_FUNC: 0x56238e2deec0 in H5T__conv_int_lcomplex /src/hdf5/src/H5Tconv_integer.c:2487
  NEW_FUNC: 0x56238e2e5390 in H5T__conv_uint_schar /src/hdf5/src/H5Tconv_integer.c:2505
  NEW_FUNC: 0x56238e2e8470 in H5T__conv_uint_uchar /src/hdf5/src/H5Tconv_integer.c:2522
  NEW_FUNC: 0x56238e2eb560 in H5T__conv_uint_short /src/hdf5/src/H5Tconv_integer.c:2539
  NEW_FUNC: 0x56238e2eea30 in H5T__conv_uint_ushort /src/hdf5/src/H5Tconv_integer.c:2556
  NEW_FUNC: 0x56238e2f1f00 in H5T__conv_uint_int /src/hdf5/src/H5Tconv_integer.c:2573
  NEW_FUNC: 0x56238e2fe4f0 in H5T__conv_uint_llong /src/hdf5/src/H5Tconv_integer.c:2624
  NEW_FUNC: 0x56238e303130 in H5T__conv_uint_ullong /src/hdf5/src/H5Tconv_integer.c:2641
  NEW_FUNC: 0x56238e307d70 in H5T__conv_uint_float /src/hdf5/src/H5Tconv_integer.c:2681
  NEW_FUNC: 0x56238e30cf40 in H5T__conv_uint_double /src/hdf5/src/H5Tconv_integer.c:2699
  NEW_FUNC: 0x56238e3129e0 in H5T__conv_uint_ldouble /src/hdf5/src/H5Tconv_integer.c:2717
  NEW_FUNC: 0x56238e317d20 in H5T__conv_uint_fcomplex /src/hdf5/src/H5Tconv_integer.c:2737
  NEW_FUNC: 0x56238e31d9d0 in H5T__conv_uint_dcomplex /src/hdf5/src/H5Tconv_integer.c:2756
  NEW_FUNC: 0x56238e3228b0 in H5T__conv_uint_lcomplex /src/hdf5/src/H5Tconv_integer.c:2775
  NEW_FUNC: 0x56238e344da0 in H5T__conv_long_float /src/hdf5/src/H5Tconv_integer.c:2969
  NEW_FUNC: 0x56238e34af80 in H5T__conv_long_double /src/hdf5/src/H5Tconv_integer.c:2987
  NEW_FUNC: 0x56238e350320 in H5T__conv_long_ldouble /src/hdf5/src/H5Tconv_integer.c:3005
  NEW_FUNC: 0x56238e355c50 in H5T__conv_long_fcomplex /src/hdf5/src/H5Tconv_integer.c:3025
  NEW_FUNC: 0x56238e35b250 in H5T__conv_long_dcomplex /src/hdf5/src/H5Tconv_integer.c:3044
  NEW_FUNC: 0x56238e3605c0 in H5T__conv_long_lcomplex /src/hdf5/src/H5Tconv_integer.c:3063
  NEW_FUNC: 0x56238e382e40 in H5T__conv_ulong_float /src/hdf5/src/H5Tconv_integer.c:3257
  NEW_FUNC: 0x56238e3896c0 in H5T__conv_ulong_double /src/hdf5/src/H5Tconv_integer.c:3275
  NEW_FUNC: 0x56238e38ef10 in H5T__conv_ulong_ldouble /src/hdf5/src/H5Tconv_integer.c:3293
  NEW_FUNC: 0x56238e394a00 in H5T__conv_ulong_fcomplex /src/hdf5/src/H5Tconv_integer.c:3313
  NEW_FUNC: 0x56238e39a530 in H5T__conv_ulong_dcomplex /src/hdf5/src/H5Tconv_integer.c:3332
  NEW_FUNC: 0x56238e39fbb0 in H5T__conv_ulong_lcomplex /src/hdf5/src/H5Tconv_integer.c:3351
  NEW_FUNC: 0x56238e3a6850 in H5T__conv_llong_schar /src/hdf5/src/H5Tconv_integer.c:3369
  NEW_FUNC: 0x56238e3a9a20 in H5T__conv_llong_uchar /src/hdf5/src/H5Tconv_integer.c:3386
  NEW_FUNC: 0x56238e3acb80 in H5T__conv_llong_short /src/hdf5/src/H5Tconv_integer.c:3403
  NEW_FUNC: 0x56238e3aff90 in H5T__conv_llong_ushort /src/hdf5/src/H5Tconv_integer.c:3420
  NEW_FUNC: 0x56238e3b32e0 in H5T__conv_llong_int /src/hdf5/src/H5Tconv_integer.c:3437
  NEW_FUNC: 0x56238e3b6760 in H5T__conv_llong_uint /src/hdf5/src/H5Tconv_integer.c:3454
  NEW_FUNC: 0x56238e3bfe80 in H5T__conv_llong_ullong /src/hdf5/src/H5Tconv_integer.c:3505
  NEW_FUNC: 0x56238e3e4a50 in H5T__conv_ullong_schar /src/hdf5/src/H5Tconv_integer.c:3661
  NEW_FUNC: 0x56238e3e7a50 in H5T__conv_ullong_uchar /src/hdf5/src/H5Tconv_integer.c:3678
  NEW_FUNC: 0x56238e3eaa70 in H5T__conv_ullong_short /src/hdf5/src/H5Tconv_integer.c:3695
  NEW_FUNC: 0x56238e3ede30 in H5T__conv_ullong_ushort /src/hdf5/src/H5Tconv_integer.c:3712
  NEW_FUNC: 0x56238e3f11f0 in H5T__conv_ullong_int /src/hdf5/src/H5Tconv_integer.c:3729
  NEW_FUNC: 0x56238e3f45a0 in H5T__conv_ullong_uint /src/hdf5/src/H5Tconv_integer.c:3746
  NEW_FUNC: 0x56238e3fde20 in H5T__conv_ullong_llong /src/hdf5/src/H5Tconv_integer.c:3797
  NEW_FUNC: 0x56238e435320 in H5T__init_native_float_types /src/hdf5/src/H5Tinit_float.c:465
  NEW_FUNC: 0x56238e439440 in H5T__fix_order /src/hdf5/src/H5Tinit_float.c:302
  NEW_FUNC: 0x56238e43a210 in H5T__imp_bit /src/hdf5/src/H5Tinit_float.c:372
  NEW_FUNC: 0x56238e43a450 in H5T__bit_cmp /src/hdf5/src/H5Tinit_float.c:254
  NEW_FUNC: 0x56238e43a960 in H5T__find_bias /src/hdf5/src/H5Tinit_float.c:414
  NEW_FUNC: 0x56238e43f2d0 in H5T__init_native_internal /src/hdf5/src/H5Tnative.c:1119
  NEW_FUNC: 0x56238e43fb20 in H5T__init_native_complex_types /src/hdf5/src/H5Tnative.c:1425
  NEW_FUNC: 0x56238e443950 in H5T__ref_set_loc /src/hdf5/src/H5Tref.c:160
  NEW_FUNC: 0x56238e449a50 in H5T__vlen_create /src/hdf5/src/H5Tvlen.c:176
  NEW_FUNC: 0x56238e449f30 in H5T__vlen_set_loc /src/hdf5/src/H5Tvlen.c:234
  NEW_FUNC: 0x56238e466dd0 in H5VL_file_open /src/hdf5/src/H5VLcallback.c:3826
  NEW_FUNC: 0x56238e467500 in H5VL__file_open /src/hdf5/src/H5VLcallback.c:3701
  NEW_FUNC: 0x56238e486620 in H5VL_init_phase1 /src/hdf5/src/H5VLint.c:161
  NEW_FUNC: 0x56238e486750 in H5VL__init_package /src/hdf5/src/H5VLint.c:237
  NEW_FUNC: 0x56238e486890 in H5VL_init_phase2 /src/hdf5/src/H5VLint.c:187
  NEW_FUNC: 0x56238e486f60 in H5VL__set_def_conn /src/hdf5/src/H5VLint.c:366
  NEW_FUNC: 0x56238e488130 in H5VL_conn_prop_free /src/hdf5/src/H5VLint.c:714
  NEW_FUNC: 0x56238e4889c0 in H5VL_conn_inc_rc /src/hdf5/src/H5VLint.c:985
  NEW_FUNC: 0x56238e489150 in H5VL_conn_dec_rc /src/hdf5/src/H5VLint.c:1014
  NEW_FUNC: 0x56238e48a4e0 in H5VL_conn_prop_copy /src/hdf5/src/H5VLint.c:611
  NEW_FUNC: 0x56238e48dea0 in H5VL__register_connector /src/hdf5/src/H5VLint.c:1313
  NEW_FUNC: 0x56238e494660 in H5VL__is_default_conn /src/hdf5/src/H5VLint.c:2575
  NEW_FUNC: 0x56238e496b00 in H5VL__native_register /src/hdf5/src/H5VLnative.c:193
  NEW_FUNC: 0x56238e4a2d80 in H5VL__native_file_open /src/hdf5/src/H5VLnative_file.c:120
  NEW_FUNC: 0x56238e4b0ed0 in H5VL__passthru_register /src/hdf5/src/H5VLpassthru_int.c:54
  NEW_FUNC: 0x56238e5283f0 in H5_hash_string /src/hdf5/src/H5checksum.c:499
  NEW_FUNC: 0x56238e5e8530 in H5F__accum_reset /src/hdf5/src/H5Faccum.c:1046
  NEW_FUNC: 0x56238e639730 in H5L_register_external /src/hdf5/src/H5Lexternal.c:318
  NEW_FUNC: 0x56238e659920 in H5O__efl_copy /src/hdf5/src/H5Oefl.c:269
  NEW_FUNC: 0x56238e668320 in H5P__fcrt_reg_prop /src/hdf5/src/H5Pfcpl.c:207
  NEW_FUNC: 0x56238e675e10 in H5P__fmnt_reg_prop /src/hdf5/src/H5Pfmpl.c:105
  NEW_FUNC: 0x56238e675fc0 in H5P__gcrt_reg_prop /src/hdf5/src/H5Pgcpl.c:114
  NEW_FUNC: 0x56238e6815a0 in H5VL_pass_through_init /src/hdf5/src/H5VLpassthru.c:427
#605: cov: 1947 ft: 2088 corp: 2 exec/s: 120 oom/timeout/crash: 0/0/0 time: 5s job: 2 dft_time: 0
#1081: cov: 1947 ft: 2088 corp: 2 exec/s: 119 oom/timeout/crash: 0/0/0 time: 6s job: 3 dft_time: 0
#1794: cov: 1947 ft: 2088 corp: 2 exec/s: 142 oom/timeout/crash: 0/0/0 time: 6s job: 4 dft_time: 0
#2613: cov: 1948 ft: 2091 corp: 4 exec/s: 136 oom/timeout/crash: 0/0/0 time: 7s job: 5 dft_time: 0
#3410: cov: 1948 ft: 2091 corp: 4 exec/s: 113 oom/timeout/crash: 0/0/0 time: 13s job: 6 dft_time: 0
#4336: cov: 1948 ft: 2091 corp: 4 exec/s: 115 oom/timeout/crash: 0/0/0 time: 14s job: 7 dft_time: 0
#5343: cov: 1948 ft: 2091 corp: 4 exec/s: 111 oom/timeout/crash: 0/0/0 time: 16s job: 8 dft_time: 0
#6445: cov: 1948 ft: 2091 corp: 4 exec/s: 110 oom/timeout/crash: 0/0/0 time: 17s job: 9 dft_time: 0
#7720: cov: 1948 ft: 2091 corp: 4 exec/s: 115 oom/timeout/crash: 0/0/0 time: 19s job: 10 dft_time: 0
  NEW_FUNC: 0x56238da76e30 in H5AC_protect /src/hdf5/src/H5AC.c:1269
  NEW_FUNC: 0x56238da7a2f0 in H5AC_set_ring /src/hdf5/src/H5AC.c:2431
  NEW_FUNC: 0x56238dacbcb0 in H5C_protect /src/hdf5/src/H5Centry.c:2996
  NEW_FUNC: 0x56238dad8f40 in H5C__verify_len_eoa /src/hdf5/src/H5Centry.c:950
  NEW_FUNC: 0x56238db112a0 in H5CX_get_ring /src/hdf5/src/H5CX.c:1396
  NEW_FUNC: 0x56238db18420 in H5CX_set_ring /src/hdf5/src/H5CX.c:2622
  NEW_FUNC: 0x56238dbe36f0 in H5F__set_eoa /src/hdf5/src/H5Fint.c:3582
  NEW_FUNC: 0x56238dbe8b80 in H5F_block_read /src/hdf5/src/H5Fio.c:117
  NEW_FUNC: 0x56238dbef590 in H5F_get_read_attempts /src/hdf5/src/H5Fquery.c:342
  NEW_FUNC: 0x56238dbf0550 in H5F_get_eoa /src/hdf5/src/H5Fquery.c:924
  NEW_FUNC: 0x56238dbfcc50 in H5F__cache_superblock_get_initial_load_size /src/hdf5/src/H5Fsuper_cache.c:303
  NEW_FUNC: 0x56238dbfcd10 in H5F__cache_superblock_get_final_load_size /src/hdf5/src/H5Fsuper_cache.c:325
  NEW_FUNC: 0x56238dc01550 in H5F__superblock_prefix_decode /src/hdf5/src/H5Fsuper_cache.c:142
  NEW_FUNC: 0x56238ded4090 in H5PB_read /src/hdf5/src/H5PB.c:653
  NEW_FUNC: 0x56238e5e4370 in H5F__accum_read /src/hdf5/src/H5Faccum.c:99
#9156: cov: 2015 ft: 2189 corp: 6 exec/s: 119 oom/timeout/crash: 0/0/0 time: 26s job: 11 dft_time: 0
#10625: cov: 2015 ft: 2189 corp: 6 exec/s: 113 oom/timeout/crash: 0/0/0 time: 28s job: 12 dft_time: 0
#12383: cov: 2015 ft: 2189 corp: 6 exec/s: 125 oom/timeout/crash: 0/0/0 time: 31s job: 13 dft_time: 0
#14348: cov: 2015 ft: 2189 corp: 6 exec/s: 131 oom/timeout/crash: 0/0/0 time: 33s job: 14 dft_time: 0
#16377: cov: 2015 ft: 2189 corp: 6 exec/s: 126 oom/timeout/crash: 0/0/0 time: 36s job: 15 dft_time: 0
#18761: cov: 2016 ft: 2190 corp: 7 exec/s: 140 oom/timeout/crash: 0/0/0 time: 44s job: 16 dft_time: 0
#21185: cov: 2016 ft: 2190 corp: 7 exec/s: 134 oom/timeout/crash: 0/0/0 time: 47s job: 17 dft_time: 0
#23881: cov: 2016 ft: 2190 corp: 7 exec/s: 141 oom/timeout/crash: 0/0/0 time: 51s job: 18 dft_time: 0
#26671: cov: 2016 ft: 2190 corp: 7 exec/s: 139 oom/timeout/crash: 0/0/0 time: 54s job: 19 dft_time: 0
#29499: cov: 2016 ft: 2190 corp: 7 exec/s: 134 oom/timeout/crash: 0/0/0 time: 58s job: 20 dft_time: 0
#32609: cov: 2016 ft: 2190 corp: 7 exec/s: 141 oom/timeout/crash: 0/0/0 time: 67s job: 21 dft_time: 0
#35907: cov: 2016 ft: 2190 corp: 7 exec/s: 143 oom/timeout/crash: 0/0/0 time: 71s job: 22 dft_time: 0
#39259: cov: 2016 ft: 2190 corp: 7 exec/s: 139 oom/timeout/crash: 0/0/0 time: 76s job: 23 dft_time: 0
#42887: cov: 2016 ft: 2190 corp: 7 exec/s: 145 oom/timeout/crash: 0/0/0 time: 80s job: 24 dft_time: 0
#46738: cov: 2016 ft: 2190 corp: 7 exec/s: 148 oom/timeout/crash: 0/0/0 time: 85s job: 25 dft_time: 0
#50878: cov: 2016 ft: 2190 corp: 7 exec/s: 153 oom/timeout/crash: 0/0/0 time: 95s job: 26 dft_time: 0
#55115: cov: 2016 ft: 2190 corp: 7 exec/s: 151 oom/timeout/crash: 0/0/0 time: 100s job: 27 dft_time: 0
#59680: cov: 2016 ft: 2190 corp: 7 exec/s: 157 oom/timeout/crash: 0/0/0 time: 106s job: 28 dft_time: 0
#64177: cov: 2016 ft: 2190 corp: 7 exec/s: 149 oom/timeout/crash: 0/0/0 time: 111s job: 29 dft_time: 0
#68574: cov: 2016 ft: 2190 corp: 7 exec/s: 141 oom/timeout/crash: 0/0/0 time: 117s job: 30 dft_time: 0
#73125: cov: 2016 ft: 2190 corp: 7 exec/s: 142 oom/timeout/crash: 0/0/0 time: 128s job: 31 dft_time: 0
#77881: cov: 2016 ft: 2190 corp: 7 exec/s: 144 oom/timeout/crash: 0/0/0 time: 134s job: 32 dft_time: 0
#82714: cov: 2016 ft: 2190 corp: 7 exec/s: 142 oom/timeout/crash: 0/0/0 time: 141s job: 33 dft_time: 0
#87621: cov: 2016 ft: 2190 corp: 7 exec/s: 140 oom/timeout/crash: 0/0/0 time: 146s job: 34 dft_time: 0
#92915: cov: 2016 ft: 2190 corp: 7 exec/s: 147 oom/timeout/crash: 0/0/0 time: 154s job: 35 dft_time: 0
#98303: cov: 2016 ft: 2190 corp: 7 exec/s: 145 oom/timeout/crash: 0/0/0 time: 166s job: 36 dft_time: 0
#104139: cov: 2019 ft: 2193 corp: 9 exec/s: 153 oom/timeout/crash: 0/0/0 time: 173s job: 37 dft_time: 0
#109755: cov: 2019 ft: 2193 corp: 9 exec/s: 144 oom/timeout/crash: 0/0/0 time: 181s job: 38 dft_time: 0
#115547: cov: 2019 ft: 2193 corp: 9 exec/s: 144 oom/timeout/crash: 0/0/0 time: 187s job: 39 dft_time: 0
  NEW_FUNC: 0x56238dbead70 in H5F_get_checksums /src/hdf5/src/H5Fio.c:500
  NEW_FUNC: 0x56238dbfcfa0 in H5F__cache_superblock_verify_chksum /src/hdf5/src/H5Fsuper_cache.c:366
  NEW_FUNC: 0x56238e527b70 in H5_checksum_lookup3 /src/hdf5/src/H5checksum.c:366
  NEW_FUNC: 0x56238e5283c0 in H5_checksum_metadata /src/hdf5/src/H5checksum.c:473
  NEW_FUNC: 0x56238e5294f0 in H5_nanosleep /src/hdf5/src/H5system.c:858
#121594: cov: 2040 ft: 2238 corp: 10 exec/s: 147 oom/timeout/crash: 0/0/0 time: 196s job: 40 dft_time: 0
#127711: cov: 2041 ft: 2239 corp: 11 exec/s: 145 oom/timeout/crash: 0/0/0 time: 209s job: 41 dft_time: 0
#133789: cov: 2041 ft: 2240 corp: 12 exec/s: 141 oom/timeout/crash: 0/0/0 time: 217s job: 42 dft_time: 0
#140117: cov: 2041 ft: 2240 corp: 12 exec/s: 143 oom/timeout/crash: 0/0/0 time: 225s job: 43 dft_time: 0
#146679: cov: 2041 ft: 2240 corp: 12 exec/s: 145 oom/timeout/crash: 0/0/0 time: 233s job: 44 dft_time: 0
#153612: cov: 2041 ft: 2240 corp: 12 exec/s: 150 oom/timeout/crash: 0/0/0 time: 243s job: 45 dft_time: 0
  NEW_FUNC: 0x56238dbfb590 in H5F__super_free /src/hdf5/src/H5Fsuper.c:1573
  NEW_FUNC: 0x56238dbfd2c0 in H5F__cache_superblock_deserialize /src/hdf5/src/H5Fsuper_cache.c:404
#160537: cov: 2059 ft: 2296 corp: 16 exec/s: 147 oom/timeout/crash: 0/0/0 time: 257s job: 46 dft_time: 0
#167817: cov: 2059 ft: 2296 corp: 16 exec/s: 151 oom/timeout/crash: 0/0/0 time: 266s job: 47 dft_time: 0
#175458: cov: 2060 ft: 2299 corp: 17 exec/s: 155 oom/timeout/crash: 0/0/0 time: 275s job: 48 dft_time: 0
#183340: cov: 2060 ft: 2299 corp: 17 exec/s: 157 oom/timeout/crash: 0/0/0 time: 284s job: 49 dft_time: 0
#191248: cov: 2065 ft: 2308 corp: 22 exec/s: 155 oom/timeout/crash: 0/0/0 time: 295s job: 50 dft_time: 0
#199655: cov: 2065 ft: 2308 corp: 22 exec/s: 161 oom/timeout/crash: 0/0/0 time: 310s job: 51 dft_time: 0
INFO: fuzzed for 310 seconds, wrapping up soon
INFO: exiting: 0 time: 310s
