INFO: Running with entropic power schedule (0xFF, 100).
INFO: Seed: 2760491652
INFO: Loaded 1 modules   (122544 inline 8-bit counters): 122544 [0x55c727488b10, 0x55c7274a69c0), 
INFO: Loaded 1 PC tables (122544 PCs): 122544 [0x55c7274a69c0,0x55c7276854c0), 
INFO: -fork=5: fuzzing in separate process(s)
INFO: -fork=5: 0 seed inputs, starting to fuzz in /tmp/libFuzzerTemp.FuzzWithFork499.dir
#223: cov: 0 ft: 0 corp: 0 exec/s: 111 oom/timeout/crash: 0/0/0 time: 2s job: 1 dft_time: 0
  NEW_FUNC: 0x55c7266376b0 in LLVMFuzzerTestOneInput /src/h5_dread_fuzzer.c:188
  NEW_FUNC: 0x55c726653310 in H5D_init /src/hdf5/src/H5Dint.c:162
  NEW_FUNC: 0x55c7266534e0 in H5D__init_package /src/hdf5/src/H5Dint.c:189
  NEW_FUNC: 0x55c7266b5f40 in H5Eset_auto2 /src/hdf5/src/H5E.c:767
  NEW_FUNC: 0x55c7266b86e0 in H5E_init /src/hdf5/src/H5Eint.c:217
  NEW_FUNC: 0x55c7266b8870 in H5E__init_package /src/hdf5/src/H5Eint.c:241
  NEW_FUNC: 0x55c7266bd230 in H5E_printf_stack /src/hdf5/src/H5Eint.c:1547
  NEW_FUNC: 0x55c7266be620 in H5E_clear_stack /src/hdf5/src/H5Eint.c:1844
  NEW_FUNC: 0x55c7266be8e0 in H5E_user_cb_prepare /src/hdf5/src/H5Eint.c:367
  NEW_FUNC: 0x55c7266bec00 in H5E_user_cb_restore /src/hdf5/src/H5Eint.c:406
  NEW_FUNC: 0x55c7266c2b00 in H5E__get_auto /src/hdf5/src/H5Eint.c:1453
  NEW_FUNC: 0x55c7266c2f00 in H5E__set_auto /src/hdf5/src/H5Eint.c:1523
  NEW_FUNC: 0x55c7266c35a0 in H5E__clear_entries /src/hdf5/src/H5Eint.c:1775
  NEW_FUNC: 0x55c7266c3be0 in H5E_dump_api_stack /src/hdf5/src/H5Eint.c:1939
  NEW_FUNC: 0x55c7266cf6c0 in H5Fopen /src/hdf5/src/H5F.c:813
  NEW_FUNC: 0x55c7266cfe10 in H5F__open_api_common /src/hdf5/src/H5F.c:739
  NEW_FUNC: 0x55c7266e8f20 in H5F_init /src/hdf5/src/H5Fint.c:138
  NEW_FUNC: 0x55c7266e9050 in H5F__init_package /src/hdf5/src/H5Fint.c:161
  NEW_FUNC: 0x55c7266e91a0 in H5F__parse_file_lock_env_var /src/hdf5/src/H5Fint.c:276
  NEW_FUNC: 0x55c7266eda20 in H5F_open /src/hdf5/src/H5Fint.c:1827
  NEW_FUNC: 0x55c7266f0e40 in H5F__new /src/hdf5/src/H5Fint.c:1132
  NEW_FUNC: 0x55c7266f4a30 in H5F__dest /src/hdf5/src/H5Fint.c:1405
  NEW_FUNC: 0x55c7266fb740 in H5F_set_retries /src/hdf5/src/H5Fint.c:3485
  NEW_FUNC: 0x55c726700b90 in H5F__set_vol_conn /src/hdf5/src/H5Fint.c:315
  NEW_FUNC: 0x55c726707b00 in H5F_get_intent /src/hdf5/src/H5Fquery.c:97
  NEW_FUNC: 0x55c7267083e0 in H5F_grp_btree_shared /src/hdf5/src/H5Fquery.c:672
  NEW_FUNC: 0x55c7267096d0 in H5F_use_mdc_logging /src/hdf5/src/H5Fquery.c:1122
  NEW_FUNC: 0x55c726709f00 in H5F__sfile_add /src/hdf5/src/H5Fsfile.c:94
  NEW_FUNC: 0x55c72670a0e0 in H5F__sfile_search /src/hdf5/src/H5Fsfile.c:130
  NEW_FUNC: 0x55c72670a2a0 in H5F__sfile_remove /src/hdf5/src/H5Fsfile.c:165
  NEW_FUNC: 0x55c72670abb0 in H5F__super_read /src/hdf5/src/H5Fsuper.c:307
  NEW_FUNC: 0x55c72671b0d0 in H5FD_init /src/hdf5/src/H5FD.c:110
  NEW_FUNC: 0x55c72671b200 in H5FD__init_package /src/hdf5/src/H5FD.c:131
  NEW_FUNC: 0x55c72671c740 in H5FD_register /src/hdf5/src/H5FD.c:388
  NEW_FUNC: 0x55c72671db70 in H5FD_get_class /src/hdf5/src/H5FD.c:527
  NEW_FUNC: 0x55c7267202a0 in H5FD_open /src/hdf5/src/H5FD.c:891
  NEW_FUNC: 0x55c726721330 in H5FD__query /src/hdf5/src/H5FD.c:1213
  NEW_FUNC: 0x55c726721e10 in H5FD_close /src/hdf5/src/H5FD.c:1055
  NEW_FUNC: 0x55c726725e20 in H5FD_get_maxaddr /src/hdf5/src/H5FD.c:1498
  NEW_FUNC: 0x55c726726000 in H5FD_get_feature_flags /src/hdf5/src/H5FD.c:1524
  NEW_FUNC: 0x55c726726140 in H5FD_get_fs_type_map /src/hdf5/src/H5FD.c:1571
  NEW_FUNC: 0x55c72672fb20 in H5FD_lock /src/hdf5/src/H5FD.c:2613
  NEW_FUNC: 0x55c726733b20 in H5FD__core_register /src/hdf5/src/H5FDcore.c:454
  NEW_FUNC: 0x55c72673c320 in H5FD__family_register /src/hdf5/src/H5FDfamily.c:279
  NEW_FUNC: 0x55c726743b80 in H5FD_locate_signature /src/hdf5/src/H5FDint.c:149
  NEW_FUNC: 0x55c726744270 in H5FD_get_eof /src/hdf5/src/H5FDint.c:2491
  NEW_FUNC: 0x55c7267448d0 in H5FD_get_eoa /src/hdf5/src/H5FDint.c:2449
  NEW_FUNC: 0x55c726744ea0 in H5FD_set_eoa /src/hdf5/src/H5FDint.c:2409
  NEW_FUNC: 0x55c726745460 in H5FD_read /src/hdf5/src/H5FDint.c:214
  NEW_FUNC: 0x55c726754e10 in H5FD_driver_query /src/hdf5/src/H5FDint.c:2533
  NEW_FUNC: 0x55c72675a3f0 in H5FD__log_register /src/hdf5/src/H5FDlog.c:215
  NEW_FUNC: 0x55c726761790 in H5FD__multi_register /src/hdf5/src/H5FDmulti_int.c:52
  NEW_FUNC: 0x55c7267618c0 in H5FD__onion_register /src/hdf5/src/H5FDonion.c:226
  NEW_FUNC: 0x55c726777890 in H5FD__sec2_register /src/hdf5/src/H5FDsec2.c:174
  NEW_FUNC: 0x55c726778150 in H5FD__sec2_open /src/hdf5/src/H5FDsec2.c:249
  NEW_FUNC: 0x55c726778d30 in H5FD__sec2_close /src/hdf5/src/H5FDsec2.c:378
  NEW_FUNC: 0x55c726779120 in H5FD__sec2_query /src/hdf5/src/H5FDsec2.c:462
  NEW_FUNC: 0x55c726779270 in H5FD__sec2_get_eoa /src/hdf5/src/H5FDsec2.c:508
  NEW_FUNC: 0x55c7267792a0 in H5FD__sec2_set_eoa /src/hdf5/src/H5FDsec2.c:529
  NEW_FUNC: 0x55c726779360 in H5FD__sec2_get_eof /src/hdf5/src/H5FDsec2.c:553
  NEW_FUNC: 0x55c726779510 in H5FD__sec2_read /src/hdf5/src/H5FDsec2.c:603
  NEW_FUNC: 0x55c72677a500 in H5FD__sec2_lock /src/hdf5/src/H5FDsec2.c:889
  NEW_FUNC: 0x55c72677d9f0 in H5FD__splitter_register /src/hdf5/src/H5FDsplitter.c:177
  NEW_FUNC: 0x55c7267857b0 in H5FD__stdio_register /src/hdf5/src/H5FDstdio_int.c:52
  NEW_FUNC: 0x55c7267868f0 in H5FL_reg_free /src/hdf5/src/H5FL.c:277
  NEW_FUNC: 0x55c726786f00 in H5FL_reg_malloc /src/hdf5/src/H5FL.c:334
  NEW_FUNC: 0x55c726787590 in H5FL_reg_calloc /src/hdf5/src/H5FL.c:386
  NEW_FUNC: 0x55c72678b8a0 in H5FL_fac_init /src/hdf5/src/H5FL.c:1695
  NEW_FUNC: 0x55c72678bd80 in H5FL_fac_free /src/hdf5/src/H5FL.c:1758
  NEW_FUNC: 0x55c72678c390 in H5FL_fac_malloc /src/hdf5/src/H5FL.c:1814
  NEW_FUNC: 0x55c72678d8c0 in H5FO_create /src/hdf5/src/H5FO.c:72
  NEW_FUNC: 0x55c72678e410 in H5FO_dest /src/hdf5/src/H5FO.c:341
  NEW_FUNC: 0x55c72678e640 in H5FO_top_create /src/hdf5/src/H5FO.c:385
  NEW_FUNC: 0x55c72678eec0 in H5FO_top_dest /src/hdf5/src/H5FO.c:569
  NEW_FUNC: 0x55c726792270 in H5G_init /src/hdf5/src/H5Gint.c:134
  NEW_FUNC: 0x55c7267923a0 in H5G__init_package /src/hdf5/src/H5Gint.c:165
  NEW_FUNC: 0x55c7267a2e10 in H5G_name_free /src/hdf5/src/H5Gname.c:536
  NEW_FUNC: 0x55c7267a3210 in H5G_name_reset /src/hdf5/src/H5Gname.c:513
  NEW_FUNC: 0x55c7267ac0d0 in H5G_node_close /src/hdf5/src/H5Gnode.c:1112
  NEW_FUNC: 0x55c7267d8190 in H5I_register_type /src/hdf5/src/H5Iint.c:242
  NEW_FUNC: 0x55c7267d9f80 in H5I__register /src/hdf5/src/H5Iint.c:581
  NEW_FUNC: 0x55c7267dba50 in H5I_register /src/hdf5/src/H5Iint.c:639
  NEW_FUNC: 0x55c7267dd7d0 in H5I__find_id /src/hdf5/src/H5Iint.c:1666
  NEW_FUNC: 0x55c7267de3a0 in H5I_object /src/hdf5/src/H5Iint.c:779
  NEW_FUNC: 0x55c7267de4e0 in H5I_object_verify /src/hdf5/src/H5Iint.c:807
  NEW_FUNC: 0x55c7267de660 in H5I_get_type /src/hdf5/src/H5Iint.c:840
  NEW_FUNC: 0x55c7267def90 in H5I__remove_common /src/hdf5/src/H5Iint.c:944
  NEW_FUNC: 0x55c7267dfb80 in H5I_dec_ref /src/hdf5/src/H5Iint.c:1115
  NEW_FUNC: 0x55c7267dfd30 in H5I__dec_ref /src/hdf5/src/H5Iint.c:1036
  NEW_FUNC: 0x55c7267e10a0 in H5I_inc_ref /src/hdf5/src/H5Iint.c:1357
  NEW_FUNC: 0x55c7267e3780 in H5L_init /src/hdf5/src/H5Lint.c:206
  NEW_FUNC: 0x55c7267e38b0 in H5L__init_package /src/hdf5/src/H5Lint.c:227
  NEW_FUNC: 0x55c7267e3de0 in H5L_register /src/hdf5/src/H5Lint.c:344
  NEW_FUNC: 0x55c7267ee2f0 in H5MF_init_merge_flags /src/hdf5/src/H5MF.c:137
  NEW_FUNC: 0x55c72680a750 in H5MM_realloc /src/hdf5/src/H5MM.c:77
  NEW_FUNC: 0x55c72680a7e0 in H5MM_xstrdup /src/hdf5/src/H5MM.c:109
  NEW_FUNC: 0x55c72680a8a0 in H5MM_strdup /src/hdf5/src/H5MM.c:136
  NEW_FUNC: 0x55c72680ab00 in H5MM_xfree /src/hdf5/src/H5MM.c:197
  NEW_FUNC: 0x55c72680ab30 in H5MM_xfree_const /src/hdf5/src/H5MM.c:219
  NEW_FUNC: 0x55c72682b1f0 in H5O__fill_copy /src/hdf5/src/H5Ofill.c:534
  NEW_FUNC: 0x55c726837d20 in H5O_init /src/hdf5/src/H5Oint.c:192
  NEW_FUNC: 0x55c726841e00 in H5O_loc_reset /src/hdf5/src/H5Oint.c:1804
  NEW_FUNC: 0x55c72684e640 in H5O__layout_copy /src/hdf5/src/H5Olayout.c:750
  NEW_FUNC: 0x55c72685c250 in H5O_msg_reset /src/hdf5/src/H5Omessage.c:516
  NEW_FUNC: 0x55c72685cf80 in H5O_msg_copy /src/hdf5/src/H5Omessage.c:665
  NEW_FUNC: 0x55c726861ff0 in H5O_msg_reset_share /src/hdf5/src/H5Omessage.c:1530
  NEW_FUNC: 0x55c72686a050 in H5O__pline_copy /src/hdf5/src/H5Opline.c:369
  NEW_FUNC: 0x55c72686b5c0 in H5O__pline_reset /src/hdf5/src/H5Opline.c:521
  NEW_FUNC: 0x55c726878390 in H5P__dacc_reg_prop /src/hdf5/src/H5Pdapl.c:197
  NEW_FUNC: 0x55c726883fd0 in H5P__dcrt_reg_prop /src/hdf5/src/H5Pdcpl.c:301
  NEW_FUNC: 0x55c7268a2a60 in H5P__dcrt_layout_get /src/hdf5/src/H5Pdcpl.c:391
  NEW_FUNC: 0x55c7268acba0 in H5P__dcrt_fill_value_get /src/hdf5/src/H5Pdcpl.c:1098
  NEW_FUNC: 0x55c7268af2e0 in H5P__dcrt_ext_file_list_get /src/hdf5/src/H5Pdcpl.c:1476
  NEW_FUNC: 0x55c7268b3f10 in H5P__dxfr_reg_prop /src/hdf5/src/H5Pdxpl.c:313
  NEW_FUNC: 0x55c7268c9f40 in H5P__facc_reg_prop /src/hdf5/src/H5Pfapl.c:553
  NEW_FUNC: 0x55c7268cc400 in H5P__facc_set_def_driver /src/hdf5/src/H5Pfapl.c:860
  NEW_FUNC: 0x55c7268e7f70 in H5P_set_vol /src/hdf5/src/H5Pfapl.c:5979
  NEW_FUNC: 0x55c7268e84c0 in H5P_reset_vol_class /src/hdf5/src/H5Pfapl.c:6020
  NEW_FUNC: 0x55c7268f5970 in H5P__facc_file_driver_create /src/hdf5/src/H5Pfapl.c:1765
  NEW_FUNC: 0x55c7268fb120 in H5P__facc_vol_create /src/hdf5/src/H5Pfapl.c:6238
  NEW_FUNC: 0x55c7268fb2a0 in H5P__facc_vol_set /src/hdf5/src/H5Pfapl.c:6264
  NEW_FUNC: 0x55c7268fb5a0 in H5P__facc_vol_del /src/hdf5/src/H5Pfapl.c:6322
  NEW_FUNC: 0x55c7268fbbf0 in H5P__file_driver_copy /src/hdf5/src/H5Pfapl.c:1658
  NEW_FUNC: 0x55c7268fd860 in H5P_init_phase1 /src/hdf5/src/H5Pint.c:424
  NEW_FUNC: 0x55c7268fda30 in H5P__init_package /src/hdf5/src/H5Pint.c:475
  NEW_FUNC: 0x55c7268fe630 in H5P_init_phase2 /src/hdf5/src/H5Pint.c:450
  NEW_FUNC: 0x55c7268fe950 in H5P__create_class /src/hdf5/src/H5Pint.c:1781
  NEW_FUNC: 0x55c7268ff020 in H5P_create_id /src/hdf5/src/H5Pint.c:2014
  NEW_FUNC: 0x55c726900d00 in H5P__dup_prop /src/hdf5/src/H5Pint.c:1179
  NEW_FUNC: 0x55c726901360 in H5P_copy_plist /src/hdf5/src/H5Pint.c:938
  NEW_FUNC: 0x55c7269033a0 in H5P__do_prop_cb1 /src/hdf5/src/H5Pint.c:789
  NEW_FUNC: 0x55c726903cb0 in H5P__access_class /src/hdf5/src/H5Pint.c:1630
  NEW_FUNC: 0x55c726904260 in H5P_close /src/hdf5/src/H5Pint.c:5285
  NEW_FUNC: 0x55c726905560 in H5P__free_prop_cb /src/hdf5/src/H5Pint.c:1547
  NEW_FUNC: 0x55c726905a10 in H5P__register_real /src/hdf5/src/H5Pint.c:2257
  NEW_FUNC: 0x55c726906010 in H5P__create_prop /src/hdf5/src/H5Pint.c:1293
  NEW_FUNC: 0x55c726907b50 in H5P__do_prop /src/hdf5/src/H5Pint.c:2818
  NEW_FUNC: 0x55c7269087a0 in H5P_set /src/hdf5/src/H5Pint.c:3237
  NEW_FUNC: 0x55c726908bf0 in H5P__set_plist_cb /src/hdf5/src/H5Pint.c:3050
  NEW_FUNC: 0x55c72690a070 in H5P__class_get /src/hdf5/src/H5Pint.c:3284
  NEW_FUNC: 0x55c72690a2e0 in H5P__class_set /src/hdf5/src/H5Pint.c:3339
  NEW_FUNC: 0x55c72690b120 in H5P__cmp_class /src/hdf5/src/H5Pint.c:3808
  NEW_FUNC: 0x55c72690d770 in H5P_isa_class /src/hdf5/src/H5Pint.c:4129
  NEW_FUNC: 0x55c72690f410 in H5P_peek /src/hdf5/src/H5Pint.c:4662
  NEW_FUNC: 0x55c72690f850 in H5P__peek_cb /src/hdf5/src/H5Pint.c:4614
  NEW_FUNC: 0x55c72690fa30 in H5P_get /src/hdf5/src/H5Pint.c:4784
  NEW_FUNC: 0x55c72690fe70 in H5P__get_cb /src/hdf5/src/H5Pint.c:4706
  NEW_FUNC: 0x55c726914a00 in H5P__close_list_cb /src/hdf5/src/H5Pint.c:748
  NEW_FUNC: 0x55c726914b70 in H5P__lacc_reg_prop /src/hdf5/src/H5Plapl.c:184
  NEW_FUNC: 0x55c72691cf90 in H5P__lcrt_reg_prop /src/hdf5/src/H5Plcpl.c:108
  NEW_FUNC: 0x55c72691df30 in H5P__macc_reg_prop /src/hdf5/src/H5Pmapl.c:107
  NEW_FUNC: 0x55c72691e2a0 in H5P__mcrt_reg_prop /src/hdf5/src/H5Pmcpl.c:96
  NEW_FUNC: 0x55c72691e2b0 in H5P__ocrt_reg_prop /src/hdf5/src/H5Pocpl.c:147
  NEW_FUNC: 0x55c726929250 in H5P__ocrt_pipeline_get /src/hdf5/src/H5Pocpl.c:1234
  NEW_FUNC: 0x55c72692c650 in H5P__ocrt_pipeline_copy /src/hdf5/src/H5Pocpl.c:1477
  NEW_FUNC: 0x55c72692d100 in H5P__ocrt_pipeline_close /src/hdf5/src/H5Pocpl.c:1604
  NEW_FUNC: 0x55c72692d280 in H5P__ocpy_reg_prop /src/hdf5/src/H5Pocpypl.c:149
  NEW_FUNC: 0x55c726931dd0 in H5P__strcrt_reg_prop /src/hdf5/src/H5Pstrcpl.c:112
  NEW_FUNC: 0x55c7269347f0 in H5PB_dest /src/hdf5/src/H5PB.c:450
  NEW_FUNC: 0x55c72693c280 in H5PL__init_package /src/hdf5/src/H5PLint.c:136
  NEW_FUNC: 0x55c72693dcb0 in H5PL_iterate /src/hdf5/src/H5PLint.c:525
  NEW_FUNC: 0x55c72693de90 in H5PL__create_path_table /src/hdf5/src/H5PLpath.c:231
  NEW_FUNC: 0x55c72693e800 in H5PL__insert_at /src/hdf5/src/H5PLpath.c:104
  NEW_FUNC: 0x55c72693fa40 in H5PL__path_table_iterate /src/hdf5/src/H5PLpath.c:568
  NEW_FUNC: 0x55c7269412e0 in H5PL__create_plugin_cache /src/hdf5/src/H5PLplugin_cache.c:99
  NEW_FUNC: 0x55c726949ee0 in H5S_init /src/hdf5/src/H5S.c:114
  NEW_FUNC: 0x55c72694a010 in H5S__init_package /src/hdf5/src/H5S.c:136
  NEW_FUNC: 0x55c7269d4920 in H5SL__init_package /src/hdf5/src/H5SL.c:544
  NEW_FUNC: 0x55c7269d4b70 in H5SL_create /src/hdf5/src/H5SL.c:931
  NEW_FUNC: 0x55c7269d4f40 in H5SL__new_node /src/hdf5/src/H5SL.c:641
  NEW_FUNC: 0x55c7269d5240 in H5SL_count /src/hdf5/src/H5SL.c:1001
  NEW_FUNC: 0x55c7269d5270 in H5SL_insert /src/hdf5/src/H5SL.c:1036
  NEW_FUNC: 0x55c7269d53a0 in H5SL__insert_common /src/hdf5/src/H5SL.c:688
  NEW_FUNC: 0x55c7269f49c0 in H5SL_search /src/hdf5/src/H5SL.c:1314
  NEW_FUNC: 0x55c726a06880 in H5SL_first /src/hdf5/src/H5SL.c:1896
  NEW_FUNC: 0x55c726a068e0 in H5SL_next /src/hdf5/src/H5SL.c:1929
  NEW_FUNC: 0x55c726a069e0 in H5SL_item /src/hdf5/src/H5SL.c:2029
  NEW_FUNC: 0x55c726a06d90 in H5SL__release_common /src/hdf5/src/H5SL.c:806
  NEW_FUNC: 0x55c726a07560 in H5SL_destroy /src/hdf5/src/H5SL.c:2232
  NEW_FUNC: 0x55c726a076a0 in H5SL__close_common /src/hdf5/src/H5SL.c:885
  NEW_FUNC: 0x55c726a07900 in H5SL_close /src/hdf5/src/H5SL.c:2272
  NEW_FUNC: 0x55c726a1d1f0 in H5T_init /src/hdf5/src/H5T.c:794
  NEW_FUNC: 0x55c726a1d320 in H5T__init_package /src/hdf5/src/H5T.c:1025
  NEW_FUNC: 0x55c726a2bba0 in H5T_copy /src/hdf5/src/H5T.c:4430
  NEW_FUNC: 0x55c726a2c1d0 in H5T__alloc /src/hdf5/src/H5T.c:4649
  NEW_FUNC: 0x55c726a2c4d0 in H5T_set_loc /src/hdf5/src/H5T.c:6907
  NEW_FUNC: 0x55c726a2d670 in H5T__create /src/hdf5/src/H5T.c:3997
  NEW_FUNC: 0x55c726a2e330 in H5T__register_int /src/hdf5/src/H5T.c:3201
  NEW_FUNC: 0x55c726a2e480 in H5T__init_inf /src/hdf5/src/H5T.c:817
  NEW_FUNC: 0x55c726a30360 in H5T_close_real /src/hdf5/src/H5T.c:4787
  NEW_FUNC: 0x55c726a34290 in H5T_cmp /src/hdf5/src/H5T.c:5133
  NEW_FUNC: 0x55c726a3d6d0 in H5T__register /src/hdf5/src/H5T.c:3245
  NEW_FUNC: 0x55c726a45160 in H5T__initiate_copy /src/hdf5/src/H5T.c:4124
  NEW_FUNC: 0x55c726a456a0 in H5T__copy_all /src/hdf5/src/H5T.c:4200
  NEW_FUNC: 0x55c726a457d0 in H5T__complete_copy /src/hdf5/src/H5T.c:4229
  NEW_FUNC: 0x55c726a48020 in H5T__free /src/hdf5/src/H5T.c:4699
  NEW_FUNC: 0x55c726a49630 in H5T__path_find_real /src/hdf5/src/H5T.c:5755
  NEW_FUNC: 0x55c726a51bc0 in H5T__array_create /src/hdf5/src/H5Tarray.c:133
  NEW_FUNC: 0x55c726a55f10 in H5T__bit_set /src/hdf5/src/H5Tbit.c:328
  NEW_FUNC: 0x55c726a64940 in H5T__complex_create /src/hdf5/src/H5Tcomplex.c:111
  NEW_FUNC: 0x55c726a6d030 in H5T__conv_noop /src/hdf5/src/H5Tconv.c:242
  NEW_FUNC: 0x55c726a7f7e0 in H5T__conv_fcomplex_schar /src/hdf5/src/H5Tconv_complex.c:1436
  NEW_FUNC: 0x55c726a836a0 in H5T__conv_fcomplex_uchar /src/hdf5/src/H5Tconv_complex.c:1455
  NEW_FUNC: 0x55c726a87510 in H5T__conv_fcomplex_short /src/hdf5/src/H5Tconv_complex.c:1474
  NEW_FUNC: 0x55c726a8b660 in H5T__conv_fcomplex_ushort /src/hdf5/src/H5Tconv_complex.c:1493
  NEW_FUNC: 0x55c726a8f740 in H5T__conv_fcomplex_int /src/hdf5/src/H5Tconv_complex.c:1512
  NEW_FUNC: 0x55c726a93920 in H5T__conv_fcomplex_uint /src/hdf5/src/H5Tconv_complex.c:1531
  NEW_FUNC: 0x55c726a97a00 in H5T__conv_fcomplex_long /src/hdf5/src/H5Tconv_complex.c:1550
  NEW_FUNC: 0x55c726a9b580 in H5T__conv_fcomplex_ulong /src/hdf5/src/H5Tconv_complex.c:1569
  NEW_FUNC: 0x55c726aa6b20 in H5T__conv_fcomplex_float /src/hdf5/src/H5Tconv_complex.c:1649
  NEW_FUNC: 0x55c726aabbb0 in H5T__conv_fcomplex_double /src/hdf5/src/H5Tconv_complex.c:1666
  NEW_FUNC: 0x55c726aae380 in H5T__conv_fcomplex_ldouble /src/hdf5/src/H5Tconv_complex.c:1683
  NEW_FUNC: 0x55c726ab1b50 in H5T__conv_fcomplex_dcomplex /src/hdf5/src/H5Tconv_complex.c:1701
  NEW_FUNC: 0x55c726ab51b0 in H5T__conv_fcomplex_lcomplex /src/hdf5/src/H5Tconv_complex.c:1719
  NEW_FUNC: 0x55c726ab8d50 in H5T__conv_dcomplex_schar /src/hdf5/src/H5Tconv_complex.c:1736
  NEW_FUNC: 0x55c726abc770 in H5T__conv_dcomplex_uchar /src/hdf5/src/H5Tconv_complex.c:1755
  NEW_FUNC: 0x55c726ac0150 in H5T__conv_dcomplex_short /src/hdf5/src/H5Tconv_complex.c:1774
  NEW_FUNC: 0x55c726ac3cc0 in H5T__conv_dcomplex_ushort /src/hdf5/src/H5Tconv_complex.c:1794
  NEW_FUNC: 0x55c726ac77c0 in H5T__conv_dcomplex_int /src/hdf5/src/H5Tconv_complex.c:1813
  NEW_FUNC: 0x55c726acb370 in H5T__conv_dcomplex_uint /src/hdf5/src/H5Tconv_complex.c:1832
  NEW_FUNC: 0x55c726acee80 in H5T__conv_dcomplex_long /src/hdf5/src/H5Tconv_complex.c:1851
  NEW_FUNC: 0x55c726ad29c0 in H5T__conv_dcomplex_ulong /src/hdf5/src/H5Tconv_complex.c:1870
  NEW_FUNC: 0x55c726adde40 in H5T__conv_dcomplex_float /src/hdf5/src/H5Tconv_complex.c:1950
  NEW_FUNC: 0x55c726ae0e40 in H5T__conv_dcomplex_double /src/hdf5/src/H5Tconv_complex.c:1967
  NEW_FUNC: 0x55c726ae57c0 in H5T__conv_dcomplex_ldouble /src/hdf5/src/H5Tconv_complex.c:1984
  NEW_FUNC: 0x55c726ae83d0 in H5T__conv_dcomplex_fcomplex /src/hdf5/src/H5Tconv_complex.c:2002
  NEW_FUNC: 0x55c726aebb90 in H5T__conv_dcomplex_lcomplex /src/hdf5/src/H5Tconv_complex.c:2020
  NEW_FUNC: 0x55c726aef560 in H5T__conv_lcomplex_schar /src/hdf5/src/H5Tconv_complex.c:2038
  NEW_FUNC: 0x55c726af3480 in H5T__conv_lcomplex_uchar /src/hdf5/src/H5Tconv_complex.c:2058
  NEW_FUNC: 0x55c726af7360 in H5T__conv_lcomplex_short /src/hdf5/src/H5Tconv_complex.c:2077
  NEW_FUNC: 0x55c726afb420 in H5T__conv_lcomplex_ushort /src/hdf5/src/H5Tconv_complex.c:2097
  NEW_FUNC: 0x55c726aff430 in H5T__conv_lcomplex_int /src/hdf5/src/H5Tconv_complex.c:2116
  NEW_FUNC: 0x55c726b034c0 in H5T__conv_lcomplex_uint /src/hdf5/src/H5Tconv_complex.c:2136
  NEW_FUNC: 0x55c726b07470 in H5T__conv_lcomplex_long /src/hdf5/src/H5Tconv_complex.c:2155
  NEW_FUNC: 0x55c726b0b520 in H5T__conv_lcomplex_ulong /src/hdf5/src/H5Tconv_complex.c:2175
  NEW_FUNC: 0x55c726b177d0 in H5T__conv_lcomplex_float /src/hdf5/src/H5Tconv_complex.c:2262
  NEW_FUNC: 0x55c726b1aae0 in H5T__conv_lcomplex_double /src/hdf5/src/H5Tconv_complex.c:2279
  NEW_FUNC: 0x55c726b1db80 in H5T__conv_lcomplex_ldouble /src/hdf5/src/H5Tconv_complex.c:2297
  NEW_FUNC: 0x55c726b23fe0 in H5T__conv_lcomplex_fcomplex /src/hdf5/src/H5Tconv_complex.c:2315
  NEW_FUNC: 0x55c726b27cd0 in H5T__conv_lcomplex_dcomplex /src/hdf5/src/H5Tconv_complex.c:2333
  NEW_FUNC: 0x55c726b40c30 in H5T__conv_float_schar /src/hdf5/src/H5Tconv_float.c:1741
  NEW_FUNC: 0x55c726b44c30 in H5T__conv_float_uchar /src/hdf5/src/H5Tconv_float.c:1761
  NEW_FUNC: 0x55c726b48be0 in H5T__conv_float_short /src/hdf5/src/H5Tconv_float.c:1781
  NEW_FUNC: 0x55c726b4ce30 in H5T__conv_float_ushort /src/hdf5/src/H5Tconv_float.c:1801
  NEW_FUNC: 0x55c726b51000 in H5T__conv_float_int /src/hdf5/src/H5Tconv_float.c:1821
  NEW_FUNC: 0x55c726b54c00 in H5T__conv_float_uint /src/hdf5/src/H5Tconv_float.c:1841
  NEW_FUNC: 0x55c726b587c0 in H5T__conv_float_long /src/hdf5/src/H5Tconv_float.c:1861
  NEW_FUNC: 0x55c726b5ca50 in H5T__conv_float_ulong /src/hdf5/src/H5Tconv_float.c:1881
  NEW_FUNC: 0x55c726b69520 in H5T__conv_float_double /src/hdf5/src/H5Tconv_float.c:1964
  NEW_FUNC: 0x55c726b6c680 in H5T__conv_float_ldouble /src/hdf5/src/H5Tconv_float.c:1982
  NEW_FUNC: 0x55c726b6fe50 in H5T__conv_float_fcomplex /src/hdf5/src/H5Tconv_float.c:2002
  NEW_FUNC: 0x55c726b735f0 in H5T__conv_float_dcomplex /src/hdf5/src/H5Tconv_float.c:2021
  NEW_FUNC: 0x55c726b77750 in H5T__conv_float_lcomplex /src/hdf5/src/H5Tconv_float.c:2040
  NEW_FUNC: 0x55c726b7c7e0 in H5T__conv_double_schar /src/hdf5/src/H5Tconv_float.c:2059
  NEW_FUNC: 0x55c726b807b0 in H5T__conv_double_uchar /src/hdf5/src/H5Tconv_float.c:2079
  NEW_FUNC: 0x55c726b84740 in H5T__conv_double_short /src/hdf5/src/H5Tconv_float.c:2099
  NEW_FUNC: 0x55c726b88950 in H5T__conv_double_ushort /src/hdf5/src/H5Tconv_float.c:2119
  NEW_FUNC: 0x55c726b8cb00 in H5T__conv_double_int /src/hdf5/src/H5Tconv_float.c:2139
  NEW_FUNC: 0x55c726b90d20 in H5T__conv_double_uint /src/hdf5/src/H5Tconv_float.c:2159
  NEW_FUNC: 0x55c726b94ee0 in H5T__conv_double_long /src/hdf5/src/H5Tconv_float.c:2179
  NEW_FUNC: 0x55c726b98bb0 in H5T__conv_double_ulong /src/hdf5/src/H5Tconv_float.c:2199
  NEW_FUNC: 0x55c726ba43e0 in H5T__conv_double_float /src/hdf5/src/H5Tconv_float.c:2282
  NEW_FUNC: 0x55c726ba7500 in H5T__conv_double_ldouble /src/hdf5/src/H5Tconv_float.c:2300
  NEW_FUNC: 0x55c726baab50 in H5T__conv_double_fcomplex /src/hdf5/src/H5Tconv_float.c:2320
  NEW_FUNC: 0x55c726baddf0 in H5T__conv_double_dcomplex /src/hdf5/src/H5Tconv_float.c:2339
  NEW_FUNC: 0x55c726bb0ce0 in H5T__conv_double_lcomplex /src/hdf5/src/H5Tconv_float.c:2358
  NEW_FUNC: 0x55c726bb5a30 in H5T__conv_ldouble_schar /src/hdf5/src/H5Tconv_float.c:2377
  NEW_FUNC: 0x55c726bb9ad0 in H5T__conv_ldouble_uchar /src/hdf5/src/H5Tconv_float.c:2397
  NEW_FUNC: 0x55c726bbdb30 in H5T__conv_ldouble_short /src/hdf5/src/H5Tconv_float.c:2417
  NEW_FUNC: 0x55c726bc1dd0 in H5T__conv_ldouble_ushort /src/hdf5/src/H5Tconv_float.c:2437
  NEW_FUNC: 0x55c726bc5f90 in H5T__conv_ldouble_int /src/hdf5/src/H5Tconv_float.c:2457
  NEW_FUNC: 0x55c726bca1b0 in H5T__conv_ldouble_uint /src/hdf5/src/H5Tconv_float.c:2477
  NEW_FUNC: 0x55c726bce440 in H5T__conv_ldouble_long /src/hdf5/src/H5Tconv_float.c:2497
  NEW_FUNC: 0x55c726bd2710 in H5T__conv_ldouble_ulong /src/hdf5/src/H5Tconv_float.c:2517
  NEW_FUNC: 0x55c726bdf360 in H5T__conv_ldouble_float /src/hdf5/src/H5Tconv_float.c:2606
  NEW_FUNC: 0x55c726be2590 in H5T__conv_ldouble_double /src/hdf5/src/H5Tconv_float.c:2624
  NEW_FUNC: 0x55c726be55d0 in H5T__conv_ldouble_fcomplex /src/hdf5/src/H5Tconv_float.c:2644
  NEW_FUNC: 0x55c726be8a50 in H5T__conv_ldouble_dcomplex /src/hdf5/src/H5Tconv_float.c:2663
  NEW_FUNC: 0x55c726beb260 in H5T__conv_ldouble_lcomplex /src/hdf5/src/H5Tconv_float.c:2682
  NEW_FUNC: 0x55c726bf7e70 in H5T__conv_schar_uchar /src/hdf5/src/H5Tconv_integer.c:1074
  NEW_FUNC: 0x55c726bfa4f0 in H5T__conv_schar_short /src/hdf5/src/H5Tconv_integer.c:1091
  NEW_FUNC: 0x55c726bfeba0 in H5T__conv_schar_ushort /src/hdf5/src/H5Tconv_integer.c:1108
  NEW_FUNC: 0x55c726c01c30 in H5T__conv_schar_int /src/hdf5/src/H5Tconv_integer.c:1125
  NEW_FUNC: 0x55c726c062e0 in H5T__conv_schar_uint /src/hdf5/src/H5Tconv_integer.c:1142
  NEW_FUNC: 0x55c726c10560 in H5T__conv_schar_llong /src/hdf5/src/H5Tconv_integer.c:1193
  NEW_FUNC: 0x55c726c14870 in H5T__conv_schar_ullong /src/hdf5/src/H5Tconv_integer.c:1210
  NEW_FUNC: 0x55c726c177b0 in H5T__conv_schar_float /src/hdf5/src/H5Tconv_integer.c:1247
  NEW_FUNC: 0x55c726c1ca40 in H5T__conv_schar_double /src/hdf5/src/H5Tconv_integer.c:1265
  NEW_FUNC: 0x55c726c21990 in H5T__conv_schar_ldouble /src/hdf5/src/H5Tconv_integer.c:1283
  NEW_FUNC: 0x55c726c26230 in H5T__conv_schar_fcomplex /src/hdf5/src/H5Tconv_integer.c:1303
  NEW_FUNC: 0x55c726c2b450 in H5T__conv_schar_dcomplex /src/hdf5/src/H5Tconv_integer.c:1322
  NEW_FUNC: 0x55c726c2f8b0 in H5T__conv_schar_lcomplex /src/hdf5/src/H5Tconv_integer.c:1341
  NEW_FUNC: 0x55c726c35220 in H5T__conv_uchar_schar /src/hdf5/src/H5Tconv_integer.c:1359
  NEW_FUNC: 0x55c726c37890 in H5T__conv_uchar_short /src/hdf5/src/H5Tconv_integer.c:1376
  NEW_FUNC: 0x55c726c3bf40 in H5T__conv_uchar_ushort /src/hdf5/src/H5Tconv_integer.c:1393
  NEW_FUNC: 0x55c726c405f0 in H5T__conv_uchar_int /src/hdf5/src/H5Tconv_integer.c:1410
  NEW_FUNC: 0x55c726c44ca0 in H5T__conv_uchar_uint /src/hdf5/src/H5Tconv_integer.c:1427
  NEW_FUNC: 0x55c726c51970 in H5T__conv_uchar_llong /src/hdf5/src/H5Tconv_integer.c:1478
  NEW_FUNC: 0x55c726c55c80 in H5T__conv_uchar_ullong /src/hdf5/src/H5Tconv_integer.c:1495
  NEW_FUNC: 0x55c726c59f90 in H5T__conv_uchar_float /src/hdf5/src/H5Tconv_integer.c:1532
  NEW_FUNC: 0x55c726c5f220 in H5T__conv_uchar_double /src/hdf5/src/H5Tconv_integer.c:1550
  NEW_FUNC: 0x55c726c64170 in H5T__conv_uchar_ldouble /src/hdf5/src/H5Tconv_integer.c:1568
  NEW_FUNC: 0x55c726c68a10 in H5T__conv_uchar_fcomplex /src/hdf5/src/H5Tconv_integer.c:1588
  NEW_FUNC: 0x55c726c6dc30 in H5T__conv_uchar_dcomplex /src/hdf5/src/H5Tconv_integer.c:1607
  NEW_FUNC: 0x55c726c72090 in H5T__conv_uchar_lcomplex /src/hdf5/src/H5Tconv_integer.c:1626
  NEW_FUNC: 0x55c726c77a00 in H5T__conv_short_schar /src/hdf5/src/H5Tconv_integer.c:1644
  NEW_FUNC: 0x55c726c7acd0 in H5T__conv_short_uchar /src/hdf5/src/H5Tconv_integer.c:1661
  NEW_FUNC: 0x55c726c7df10 in H5T__conv_short_ushort /src/hdf5/src/H5Tconv_integer.c:1678
  NEW_FUNC: 0x55c726c80c80 in H5T__conv_short_int /src/hdf5/src/H5Tconv_integer.c:1695
  NEW_FUNC: 0x55c726c85ce0 in H5T__conv_short_uint /src/hdf5/src/H5Tconv_integer.c:1712
  NEW_FUNC: 0x55c726c90f50 in H5T__conv_short_llong /src/hdf5/src/H5Tconv_integer.c:1763
  NEW_FUNC: 0x55c726c95b90 in H5T__conv_short_ullong /src/hdf5/src/H5Tconv_integer.c:1780
  NEW_FUNC: 0x55c726c98e30 in H5T__conv_short_float /src/hdf5/src/H5Tconv_integer.c:1817
  NEW_FUNC: 0x55c726c9e910 in H5T__conv_short_double /src/hdf5/src/H5Tconv_integer.c:1835
  NEW_FUNC: 0x55c726ca4070 in H5T__conv_short_ldouble /src/hdf5/src/H5Tconv_integer.c:1853
  NEW_FUNC: 0x55c726ca9010 in H5T__conv_short_fcomplex /src/hdf5/src/H5Tconv_integer.c:1873
  NEW_FUNC: 0x55c726cae980 in H5T__conv_short_dcomplex /src/hdf5/src/H5Tconv_integer.c:1892
  NEW_FUNC: 0x55c726cb3430 in H5T__conv_short_lcomplex /src/hdf5/src/H5Tconv_integer.c:1911
  NEW_FUNC: 0x55c726cb9550 in H5T__conv_ushort_schar /src/hdf5/src/H5Tconv_integer.c:1929
  NEW_FUNC: 0x55c726cbc640 in H5T__conv_ushort_uchar /src/hdf5/src/H5Tconv_integer.c:1946
  NEW_FUNC: 0x55c726cbf730 in H5T__conv_ushort_short /src/hdf5/src/H5Tconv_integer.c:1963
  NEW_FUNC: 0x55c726cc24c0 in H5T__conv_ushort_int /src/hdf5/src/H5Tconv_integer.c:1980
  NEW_FUNC: 0x55c726cc7520 in H5T__conv_ushort_uint /src/hdf5/src/H5Tconv_integer.c:1997
  NEW_FUNC: 0x55c726cd5e00 in H5T__conv_ushort_llong /src/hdf5/src/H5Tconv_integer.c:2048
  NEW_FUNC: 0x55c726cdaa40 in H5T__conv_ushort_ullong /src/hdf5/src/H5Tconv_integer.c:2065
  NEW_FUNC: 0x55c726cdf680 in H5T__conv_ushort_float /src/hdf5/src/H5Tconv_integer.c:2105
  NEW_FUNC: 0x55c726ce5160 in H5T__conv_ushort_double /src/hdf5/src/H5Tconv_integer.c:2123
  NEW_FUNC: 0x55c726cea8c0 in H5T__conv_ushort_ldouble /src/hdf5/src/H5Tconv_integer.c:2141
  NEW_FUNC: 0x55c726cef800 in H5T__conv_ushort_fcomplex /src/hdf5/src/H5Tconv_integer.c:2161
  NEW_FUNC: 0x55c726cf5170 in H5T__conv_ushort_dcomplex /src/hdf5/src/H5Tconv_integer.c:2180
  NEW_FUNC: 0x55c726cf9c20 in H5T__conv_ushort_lcomplex /src/hdf5/src/H5Tconv_integer.c:2199
  NEW_FUNC: 0x55c726cffe30 in H5T__conv_int_schar /src/hdf5/src/H5Tconv_integer.c:2217
  NEW_FUNC: 0x55c726d03060 in H5T__conv_int_uchar /src/hdf5/src/H5Tconv_integer.c:2234
  NEW_FUNC: 0x55c726d06230 in H5T__conv_int_short /src/hdf5/src/H5Tconv_integer.c:2251
  NEW_FUNC: 0x55c726d096c0 in H5T__conv_int_ushort /src/hdf5/src/H5Tconv_integer.c:2268
  NEW_FUNC: 0x55c726d0cac0 in H5T__conv_int_uint /src/hdf5/src/H5Tconv_integer.c:2285
  NEW_FUNC: 0x55c726d17680 in H5T__conv_int_llong /src/hdf5/src/H5Tconv_integer.c:2336
  NEW_FUNC: 0x55c726d1c2c0 in H5T__conv_int_ullong /src/hdf5/src/H5Tconv_integer.c:2353
  NEW_FUNC: 0x55c726d1f520 in H5T__conv_int_float /src/hdf5/src/H5Tconv_integer.c:2393
  NEW_FUNC: 0x55c726d245b0 in H5T__conv_int_double /src/hdf5/src/H5Tconv_integer.c:2411
  NEW_FUNC: 0x55c726d2a0a0 in H5T__conv_int_ldouble /src/hdf5/src/H5Tconv_integer.c:2429
  NEW_FUNC: 0x55c726d2f360 in H5T__conv_int_fcomplex /src/hdf5/src/H5Tconv_integer.c:2449
  NEW_FUNC: 0x55c726d34fe0 in H5T__conv_int_dcomplex /src/hdf5/src/H5Tconv_integer.c:2468
  NEW_FUNC: 0x55c726d39e30 in H5T__conv_int_lcomplex /src/hdf5/src/H5Tconv_integer.c:2487
  NEW_FUNC: 0x55c726d40300 in H5T__conv_uint_schar /src/hdf5/src/H5Tconv_integer.c:2505
  NEW_FUNC: 0x55c726d433e0 in H5T__conv_uint_uchar /src/hdf5/src/H5Tconv_integer.c:2522
  NEW_FUNC: 0x55c726d464d0 in H5T__conv_uint_short /src/hdf5/src/H5Tconv_integer.c:2539
  NEW_FUNC: 0x55c726d499a0 in H5T__conv_uint_ushort /src/hdf5/src/H5Tconv_integer.c:2556
  NEW_FUNC: 0x55c726d4ce70 in H5T__conv_uint_int /src/hdf5/src/H5Tconv_integer.c:2573
  NEW_FUNC: 0x55c726d59460 in H5T__conv_uint_llong /src/hdf5/src/H5Tconv_integer.c:2624
  NEW_FUNC: 0x55c726d5e0a0 in H5T__conv_uint_ullong /src/hdf5/src/H5Tconv_integer.c:2641
  NEW_FUNC: 0x55c726d62ce0 in H5T__conv_uint_float /src/hdf5/src/H5Tconv_integer.c:2681
  NEW_FUNC: 0x55c726d67eb0 in H5T__conv_uint_double /src/hdf5/src/H5Tconv_integer.c:2699
  NEW_FUNC: 0x55c726d6d950 in H5T__conv_uint_ldouble /src/hdf5/src/H5Tconv_integer.c:2717
  NEW_FUNC: 0x55c726d72c90 in H5T__conv_uint_fcomplex /src/hdf5/src/H5Tconv_integer.c:2737
  NEW_FUNC: 0x55c726d78940 in H5T__conv_uint_dcomplex /src/hdf5/src/H5Tconv_integer.c:2756
  NEW_FUNC: 0x55c726d7d820 in H5T__conv_uint_lcomplex /src/hdf5/src/H5Tconv_integer.c:2775
  NEW_FUNC: 0x55c726d9fd10 in H5T__conv_long_float /src/hdf5/src/H5Tconv_integer.c:2969
  NEW_FUNC: 0x55c726da5ef0 in H5T__conv_long_double /src/hdf5/src/H5Tconv_integer.c:2987
  NEW_FUNC: 0x55c726dab290 in H5T__conv_long_ldouble /src/hdf5/src/H5Tconv_integer.c:3005
  NEW_FUNC: 0x55c726db0bc0 in H5T__conv_long_fcomplex /src/hdf5/src/H5Tconv_integer.c:3025
  NEW_FUNC: 0x55c726db61c0 in H5T__conv_long_dcomplex /src/hdf5/src/H5Tconv_integer.c:3044
  NEW_FUNC: 0x55c726dbb530 in H5T__conv_long_lcomplex /src/hdf5/src/H5Tconv_integer.c:3063
  NEW_FUNC: 0x55c726ddddb0 in H5T__conv_ulong_float /src/hdf5/src/H5Tconv_integer.c:3257
  NEW_FUNC: 0x55c726de4630 in H5T__conv_ulong_double /src/hdf5/src/H5Tconv_integer.c:3275
  NEW_FUNC: 0x55c726de9e80 in H5T__conv_ulong_ldouble /src/hdf5/src/H5Tconv_integer.c:3293
  NEW_FUNC: 0x55c726def970 in H5T__conv_ulong_fcomplex /src/hdf5/src/H5Tconv_integer.c:3313
  NEW_FUNC: 0x55c726df54a0 in H5T__conv_ulong_dcomplex /src/hdf5/src/H5Tconv_integer.c:3332
  NEW_FUNC: 0x55c726dfab20 in H5T__conv_ulong_lcomplex /src/hdf5/src/H5Tconv_integer.c:3351
  NEW_FUNC: 0x55c726e017c0 in H5T__conv_llong_schar /src/hdf5/src/H5Tconv_integer.c:3369
  NEW_FUNC: 0x55c726e04990 in H5T__conv_llong_uchar /src/hdf5/src/H5Tconv_integer.c:3386
  NEW_FUNC: 0x55c726e07af0 in H5T__conv_llong_short /src/hdf5/src/H5Tconv_integer.c:3403
  NEW_FUNC: 0x55c726e0af00 in H5T__conv_llong_ushort /src/hdf5/src/H5Tconv_integer.c:3420
  NEW_FUNC: 0x55c726e0e250 in H5T__conv_llong_int /src/hdf5/src/H5Tconv_integer.c:3437
  NEW_FUNC: 0x55c726e116d0 in H5T__conv_llong_uint /src/hdf5/src/H5Tconv_integer.c:3454
  NEW_FUNC: 0x55c726e1adf0 in H5T__conv_llong_ullong /src/hdf5/src/H5Tconv_integer.c:3505
  NEW_FUNC: 0x55c726e3f9c0 in H5T__conv_ullong_schar /src/hdf5/src/H5Tconv_integer.c:3661
  NEW_FUNC: 0x55c726e429c0 in H5T__conv_ullong_uchar /src/hdf5/src/H5Tconv_integer.c:3678
  NEW_FUNC: 0x55c726e459e0 in H5T__conv_ullong_short /src/hdf5/src/H5Tconv_integer.c:3695
  NEW_FUNC: 0x55c726e48da0 in H5T__conv_ullong_ushort /src/hdf5/src/H5Tconv_integer.c:3712
  NEW_FUNC: 0x55c726e4c160 in H5T__conv_ullong_int /src/hdf5/src/H5Tconv_integer.c:3729
  NEW_FUNC: 0x55c726e4f510 in H5T__conv_ullong_uint /src/hdf5/src/H5Tconv_integer.c:3746
  NEW_FUNC: 0x55c726e58d90 in H5T__conv_ullong_llong /src/hdf5/src/H5Tconv_integer.c:3797
  NEW_FUNC: 0x55c726e8bf80 in H5T__init_native_float_types /src/hdf5/src/H5Tinit_float.c:465
  NEW_FUNC: 0x55c726e900a0 in H5T__fix_order /src/hdf5/src/H5Tinit_float.c:302
  NEW_FUNC: 0x55c726e90e70 in H5T__imp_bit /src/hdf5/src/H5Tinit_float.c:372
  NEW_FUNC: 0x55c726e910b0 in H5T__bit_cmp /src/hdf5/src/H5Tinit_float.c:254
  NEW_FUNC: 0x55c726e915c0 in H5T__find_bias /src/hdf5/src/H5Tinit_float.c:414
  NEW_FUNC: 0x55c726e95f30 in H5T__init_native_internal /src/hdf5/src/H5Tnative.c:1119
  NEW_FUNC: 0x55c726e96780 in H5T__init_native_complex_types /src/hdf5/src/H5Tnative.c:1425
  NEW_FUNC: 0x55c726e9a5b0 in H5T__ref_set_loc /src/hdf5/src/H5Tref.c:160
  NEW_FUNC: 0x55c726ea06b0 in H5T__vlen_create /src/hdf5/src/H5Tvlen.c:176
  NEW_FUNC: 0x55c726ea0b90 in H5T__vlen_set_loc /src/hdf5/src/H5Tvlen.c:234
  NEW_FUNC: 0x55c726ebda30 in H5VL_file_open /src/hdf5/src/H5VLcallback.c:3826
  NEW_FUNC: 0x55c726ebe160 in H5VL__file_open /src/hdf5/src/H5VLcallback.c:3701
  NEW_FUNC: 0x55c726edd280 in H5VL_init_phase1 /src/hdf5/src/H5VLint.c:161
  NEW_FUNC: 0x55c726edd3b0 in H5VL__init_package /src/hdf5/src/H5VLint.c:237
  NEW_FUNC: 0x55c726edd4f0 in H5VL_init_phase2 /src/hdf5/src/H5VLint.c:187
  NEW_FUNC: 0x55c726eddbc0 in H5VL__set_def_conn /src/hdf5/src/H5VLint.c:366
  NEW_FUNC: 0x55c726eded90 in H5VL_conn_prop_free /src/hdf5/src/H5VLint.c:714
  NEW_FUNC: 0x55c726edf620 in H5VL_conn_inc_rc /src/hdf5/src/H5VLint.c:985
  NEW_FUNC: 0x55c726edfdb0 in H5VL_conn_dec_rc /src/hdf5/src/H5VLint.c:1014
  NEW_FUNC: 0x55c726ee1140 in H5VL_conn_prop_copy /src/hdf5/src/H5VLint.c:611
  NEW_FUNC: 0x55c726ee4b00 in H5VL__register_connector /src/hdf5/src/H5VLint.c:1313
  NEW_FUNC: 0x55c726eeb2c0 in H5VL__is_default_conn /src/hdf5/src/H5VLint.c:2575
  NEW_FUNC: 0x55c726eed760 in H5VL__native_register /src/hdf5/src/H5VLnative.c:193
  NEW_FUNC: 0x55c726ef99e0 in H5VL__native_file_open /src/hdf5/src/H5VLnative_file.c:120
  NEW_FUNC: 0x55c726f07b30 in H5VL__passthru_register /src/hdf5/src/H5VLpassthru_int.c:54
  NEW_FUNC: 0x55c726f7df20 in H5__init_package /src/hdf5/src/H5.c:114
  NEW_FUNC: 0x55c726f7e050 in H5_init_library /src/hdf5/src/H5.c:144
  NEW_FUNC: 0x55c726f7e990 in H5_check_version /src/hdf5/src/H5.c:853
  NEW_FUNC: 0x55c726f81350 in H5__debug_mask /src/hdf5/src/H5.c:670
  NEW_FUNC: 0x55c726f82200 in H5_user_cb_prepare /src/hdf5/src/H5.c:1300
  NEW_FUNC: 0x55c726f823e0 in H5_user_cb_restore /src/hdf5/src/H5.c:1330
  NEW_FUNC: 0x55c726f85430 in H5_hash_string /src/hdf5/src/H5checksum.c:499
  NEW_FUNC: 0x55c726f9b880 in H5A_init /src/hdf5/src/H5Aint.c:148
  NEW_FUNC: 0x55c726f9b9b0 in H5A__init_package /src/hdf5/src/H5Aint.c:172
  NEW_FUNC: 0x55c726faaf60 in H5AC_create /src/hdf5/src/H5AC.c:251
  NEW_FUNC: 0x55c726fab8c0 in H5AC_validate_config /src/hdf5/src/H5AC.c:1883
  NEW_FUNC: 0x55c726fac8a0 in H5AC_validate_cache_image_config /src/hdf5/src/H5AC.c:1956
  NEW_FUNC: 0x55c726face10 in H5AC_set_cache_auto_resize_config /src/hdf5/src/H5AC.c:1794
  NEW_FUNC: 0x55c726fadbd0 in H5AC_dest /src/hdf5/src/H5AC.c:428
  NEW_FUNC: 0x55c726fb0ad0 in H5AC_prep_for_file_close /src/hdf5/src/H5AC.c:1107
  NEW_FUNC: 0x55c726fb3a30 in H5AC_tag /src/hdf5/src/H5AC.c:2141
  NEW_FUNC: 0x55c726ffc930 in H5C_create /src/hdf5/src/H5C.c:128
  NEW_FUNC: 0x55c726ffdc20 in H5C_reset_cache_hit_rate_stats /src/hdf5/src/H5C.c:785
  NEW_FUNC: 0x55c726ffddd0 in H5C_prep_for_file_close /src/hdf5/src/H5C.c:395
  NEW_FUNC: 0x55c726ffe130 in H5C_dest /src/hdf5/src/H5C.c:482
  NEW_FUNC: 0x55c726ffed50 in H5C_set_slist_enabled /src/hdf5/src/H5C.c:1075
  NEW_FUNC: 0x55c7270004e0 in H5C_set_cache_auto_resize_config /src/hdf5/src/H5C.c:818
  NEW_FUNC: 0x55c727001de0 in H5C_validate_resize_config /src/hdf5/src/H5C.c:1207
  NEW_FUNC: 0x55c727003230 in H5C_set_evictions_enabled /src/hdf5/src/H5C.c:1005
  NEW_FUNC: 0x55c727006400 in H5C_stats__reset /src/hdf5/src/H5Cdbg.c:683
  NEW_FUNC: 0x55c727022ec0 in H5C_cache_image_status /src/hdf5/src/H5Cimage.c:229
  NEW_FUNC: 0x55c72702ddd0 in H5C__prep_image_for_file_close /src/hdf5/src/H5Cimage.c:832
  NEW_FUNC: 0x55c727031ec0 in H5C_set_cache_image_config /src/hdf5/src/H5Cimage.c:1114
  NEW_FUNC: 0x55c727032210 in H5C_validate_cache_image_config /src/hdf5/src/H5Cimage.c:1186
  NEW_FUNC: 0x55c727037e70 in H5C__flush_invalidate_cache /src/hdf5/src/H5Cint.c:991
  NEW_FUNC: 0x55c72703cd50 in H5C_get_logging_status /src/hdf5/src/H5Clog.c:257
  NEW_FUNC: 0x55c727054dc0 in H5CX__init_package /src/hdf5/src/H5CX.c:266
  NEW_FUNC: 0x55c727056470 in H5CX_pushed /src/hdf5/src/H5CX.c:507
  NEW_FUNC: 0x55c7270564f0 in H5CX_push /src/hdf5/src/H5CX.c:533
  NEW_FUNC: 0x55c727058de0 in H5CX_set_apl /src/hdf5/src/H5CX.c:1012
  NEW_FUNC: 0x55c7270596f0 in H5CX_set_vol_connector_prop /src/hdf5/src/H5CX.c:1210
  NEW_FUNC: 0x55c7270598f0 in H5CX_get_dxpl /src/hdf5/src/H5CX.c:1241
  NEW_FUNC: 0x55c727059d20 in H5CX_get_vol_connector_prop /src/hdf5/src/H5CX.c:1336
  NEW_FUNC: 0x55c727059f40 in H5CX_get_tag /src/hdf5/src/H5CX.c:1369
  NEW_FUNC: 0x55c7270610c0 in H5CX_set_tag /src/hdf5/src/H5CX.c:2597
  NEW_FUNC: 0x55c727061e50 in H5CX_pop /src/hdf5/src/H5CX.c:3317
  NEW_FUNC: 0x55c7270f6800 in H5F__accum_reset /src/hdf5/src/H5Faccum.c:1046
  NEW_FUNC: 0x55c72713c110 in H5FS_init /src/hdf5/src/H5FSint.c:80
  NEW_FUNC: 0x55c7271c8240 in H5L_register_external /src/hdf5/src/H5Lexternal.c:318
  NEW_FUNC: 0x55c7271c9ec0 in H5M_init /src/hdf5/src/H5M.c:94
  NEW_FUNC: 0x55c7271c9ff0 in H5M__init_package /src/hdf5/src/H5M.c:117
  NEW_FUNC: 0x55c72721aec0 in H5O__efl_copy /src/hdf5/src/H5Oefl.c:269
  NEW_FUNC: 0x55c7272298c0 in H5P__fcrt_reg_prop /src/hdf5/src/H5Pfcpl.c:207
  NEW_FUNC: 0x55c7272373b0 in H5P__fmnt_reg_prop /src/hdf5/src/H5Pfmpl.c:105
  NEW_FUNC: 0x55c727237560 in H5P__gcrt_reg_prop /src/hdf5/src/H5Pgcpl.c:114
  NEW_FUNC: 0x55c72724e150 in H5VL_pass_through_init /src/hdf5/src/H5VLpassthru.c:427
#516: cov: 1946 ft: 2087 corp: 2 exec/s: 97 oom/timeout/crash: 0/0/0 time: 6s job: 2 dft_time: 0
#952: cov: 1946 ft: 2087 corp: 2 exec/s: 109 oom/timeout/crash: 0/0/0 time: 6s job: 3 dft_time: 0
#1534: cov: 1946 ft: 2087 corp: 2 exec/s: 116 oom/timeout/crash: 0/0/0 time: 7s job: 4 dft_time: 0
#2292: cov: 1947 ft: 2089 corp: 3 exec/s: 126 oom/timeout/crash: 0/0/0 time: 8s job: 5 dft_time: 0
#3116: cov: 1947 ft: 2089 corp: 3 exec/s: 117 oom/timeout/crash: 0/0/0 time: 14s job: 6 dft_time: 0
  NEW_FUNC: 0x55c7266fbfa0 in H5F__set_eoa /src/hdf5/src/H5Fint.c:3582
  NEW_FUNC: 0x55c726701430 in H5F_block_read /src/hdf5/src/H5Fio.c:117
  NEW_FUNC: 0x55c726707e40 in H5F_get_read_attempts /src/hdf5/src/H5Fquery.c:342
  NEW_FUNC: 0x55c726708e00 in H5F_get_eoa /src/hdf5/src/H5Fquery.c:924
  NEW_FUNC: 0x55c726715500 in H5F__cache_superblock_get_initial_load_size /src/hdf5/src/H5Fsuper_cache.c:303
  NEW_FUNC: 0x55c7267155c0 in H5F__cache_superblock_get_final_load_size /src/hdf5/src/H5Fsuper_cache.c:325
  NEW_FUNC: 0x55c726719e00 in H5F__superblock_prefix_decode /src/hdf5/src/H5Fsuper_cache.c:142
  NEW_FUNC: 0x55c726936300 in H5PB_read /src/hdf5/src/H5PB.c:653
  NEW_FUNC: 0x55c726fb1380 in H5AC_protect /src/hdf5/src/H5AC.c:1269
  NEW_FUNC: 0x55c726fb4840 in H5AC_set_ring /src/hdf5/src/H5AC.c:2431
  NEW_FUNC: 0x55c7270149e0 in H5C_protect /src/hdf5/src/H5Centry.c:2996
  NEW_FUNC: 0x55c727021c70 in H5C__verify_len_eoa /src/hdf5/src/H5Centry.c:950
  NEW_FUNC: 0x55c727059fd0 in H5CX_get_ring /src/hdf5/src/H5CX.c:1396
  NEW_FUNC: 0x55c727061150 in H5CX_set_ring /src/hdf5/src/H5CX.c:2622
  NEW_FUNC: 0x55c7270f2640 in H5F__accum_read /src/hdf5/src/H5Faccum.c:99
#3941: cov: 2013 ft: 2180 corp: 4 exec/s: 103 oom/timeout/crash: 0/0/0 time: 15s job: 7 dft_time: 0
#4852: cov: 2013 ft: 2180 corp: 4 exec/s: 101 oom/timeout/crash: 0/0/0 time: 16s job: 8 dft_time: 0
#5895: cov: 2013 ft: 2180 corp: 4 exec/s: 104 oom/timeout/crash: 0/0/0 time: 18s job: 9 dft_time: 0
#7054: cov: 2013 ft: 2180 corp: 4 exec/s: 105 oom/timeout/crash: 0/0/0 time: 20s job: 10 dft_time: 0
#8211: cov: 2013 ft: 2180 corp: 4 exec/s: 96 oom/timeout/crash: 0/0/0 time: 27s job: 11 dft_time: 0
#9472: cov: 2013 ft: 2180 corp: 4 exec/s: 97 oom/timeout/crash: 0/0/0 time: 30s job: 12 dft_time: 0
#10862: cov: 2017 ft: 2190 corp: 6 exec/s: 99 oom/timeout/crash: 0/0/0 time: 32s job: 13 dft_time: 0
#12244: cov: 2017 ft: 2190 corp: 6 exec/s: 92 oom/timeout/crash: 0/0/0 time: 35s job: 14 dft_time: 0
#13673: cov: 2017 ft: 2190 corp: 6 exec/s: 89 oom/timeout/crash: 0/0/0 time: 37s job: 15 dft_time: 0
#15131: cov: 2017 ft: 2190 corp: 6 exec/s: 85 oom/timeout/crash: 0/0/0 time: 45s job: 16 dft_time: 0
#16798: cov: 2017 ft: 2190 corp: 6 exec/s: 92 oom/timeout/crash: 0/0/0 time: 49s job: 17 dft_time: 0
#18587: cov: 2017 ft: 2190 corp: 6 exec/s: 94 oom/timeout/crash: 0/0/0 time: 52s job: 18 dft_time: 0
#20452: cov: 2017 ft: 2190 corp: 6 exec/s: 93 oom/timeout/crash: 0/0/0 time: 56s job: 19 dft_time: 0
#22360: cov: 2017 ft: 2190 corp: 6 exec/s: 90 oom/timeout/crash: 0/0/0 time: 60s job: 20 dft_time: 0
#24546: cov: 2017 ft: 2190 corp: 6 exec/s: 99 oom/timeout/crash: 0/0/0 time: 69s job: 21 dft_time: 0
#26876: cov: 2017 ft: 2190 corp: 6 exec/s: 101 oom/timeout/crash: 0/0/0 time: 73s job: 22 dft_time: 0
#29305: cov: 2017 ft: 2190 corp: 6 exec/s: 101 oom/timeout/crash: 0/0/0 time: 78s job: 23 dft_time: 0
#31935: cov: 2017 ft: 2190 corp: 6 exec/s: 105 oom/timeout/crash: 0/0/0 time: 82s job: 24 dft_time: 0
  NEW_FUNC: 0x55c726703620 in H5F_get_checksums /src/hdf5/src/H5Fio.c:500
  NEW_FUNC: 0x55c726713e40 in H5F__super_free /src/hdf5/src/H5Fsuper.c:1573
  NEW_FUNC: 0x55c726715850 in H5F__cache_superblock_verify_chksum /src/hdf5/src/H5Fsuper_cache.c:366
  NEW_FUNC: 0x55c726715b70 in H5F__cache_superblock_deserialize /src/hdf5/src/H5Fsuper_cache.c:404
  NEW_FUNC: 0x55c726f84bb0 in H5_checksum_lookup3 /src/hdf5/src/H5checksum.c:366
  NEW_FUNC: 0x55c726f85400 in H5_checksum_metadata /src/hdf5/src/H5checksum.c:473
  NEW_FUNC: 0x55c726f86530 in H5_nanosleep /src/hdf5/src/H5system.c:858
#34663: cov: 2058 ft: 2295 corp: 13 exec/s: 104 oom/timeout/crash: 0/0/0 time: 87s job: 25 dft_time: 0
#37530: cov: 2058 ft: 2295 corp: 13 exec/s: 106 oom/timeout/crash: 0/0/0 time: 97s job: 26 dft_time: 0
#40613: cov: 2058 ft: 2295 corp: 13 exec/s: 110 oom/timeout/crash: 0/0/0 time: 103s job: 27 dft_time: 0
#44015: cov: 2058 ft: 2295 corp: 13 exec/s: 117 oom/timeout/crash: 0/0/0 time: 108s job: 28 dft_time: 0
#47484: cov: 2064 ft: 2301 corp: 18 exec/s: 115 oom/timeout/crash: 0/0/0 time: 113s job: 29 dft_time: 0
#51115: cov: 2065 ft: 2303 corp: 20 exec/s: 117 oom/timeout/crash: 0/0/0 time: 119s job: 30 dft_time: 0
#54685: cov: 2067 ft: 2305 corp: 21 exec/s: 111 oom/timeout/crash: 0/0/0 time: 130s job: 31 dft_time: 0
#58364: cov: 2068 ft: 2307 corp: 23 exec/s: 111 oom/timeout/crash: 0/0/0 time: 137s job: 32 dft_time: 0
#61963: cov: 2068 ft: 2307 corp: 23 exec/s: 105 oom/timeout/crash: 0/0/0 time: 143s job: 33 dft_time: 0
#65752: cov: 2068 ft: 2307 corp: 23 exec/s: 108 oom/timeout/crash: 0/0/0 time: 150s job: 34 dft_time: 0
  NEW_FUNC: 0x55c7266f9e40 in H5F_addr_decode /src/hdf5/src/H5Fint.c:3071
  NEW_FUNC: 0x55c726707ef0 in H5F_sizeof_addr /src/hdf5/src/H5Fquery.c:383
  NEW_FUNC: 0x55c726707f40 in H5F_sizeof_size /src/hdf5/src/H5Fquery.c:404
  NEW_FUNC: 0x55c7267190c0 in H5F__cache_superblock_free_icr /src/hdf5/src/H5Fsuper_cache.c:786
  NEW_FUNC: 0x55c72678f320 in H5G_ent_decode /src/hdf5/src/H5Gent.c:109
  NEW_FUNC: 0x55c726909590 in H5P__set_pclass_cb /src/hdf5/src/H5Pint.c:3138
  NEW_FUNC: 0x55c72690a550 in H5P_exist_plist /src/hdf5/src/H5Pint.c:3388
  NEW_FUNC: 0x55c726facd80 in H5AC__check_if_write_permitted /src/hdf5/src/H5AC.c:2009
  NEW_FUNC: 0x55c726fae480 in H5AC_expunge_entry /src/hdf5/src/H5AC.c:580
  NEW_FUNC: 0x55c726fb07c0 in H5AC_pin_protected_entry /src/hdf5/src/H5AC.c:1062
  NEW_FUNC: 0x55c726fb1ab0 in H5AC_unpin_entry /src/hdf5/src/H5AC.c:1427
  NEW_FUNC: 0x55c726fb20e0 in H5AC_unprotect /src/hdf5/src/H5AC.c:1532
  NEW_FUNC: 0x55c727006d50 in H5C__flush_single_entry /src/hdf5/src/H5Centry.c:430
  NEW_FUNC: 0x55c727014540 in H5C_pin_protected_entry /src/hdf5/src/H5Centry.c:2937
  NEW_FUNC: 0x55c72701b310 in H5C_unpin_entry /src/hdf5/src/H5Centry.c:3398
  NEW_FUNC: 0x55c72701b580 in H5C__unpin_entry_from_client /src/hdf5/src/H5Centry.c:200
  NEW_FUNC: 0x55c72701bd70 in H5C_unprotect /src/hdf5/src/H5Centry.c:3454
  NEW_FUNC: 0x55c7270204d0 in H5C_expunge_entry /src/hdf5/src/H5Centry.c:4061
  NEW_FUNC: 0x55c72704dec0 in H5C__tag_entry /src/hdf5/src/H5Ctag.c:186
  NEW_FUNC: 0x55c72704fc10 in H5C__untag_entry /src/hdf5/src/H5Ctag.c:266
#69678: cov: 2237 ft: 2539 corp: 26 exec/s: 109 oom/timeout/crash: 0/0/0 time: 156s job: 35 dft_time: 0
#74231: cov: 2238 ft: 2541 corp: 28 exec/s: 123 oom/timeout/crash: 0/0/0 time: 168s job: 36 dft_time: 0
#78613: cov: 2238 ft: 2541 corp: 28 exec/s: 115 oom/timeout/crash: 0/0/0 time: 176s job: 37 dft_time: 0
  NEW_FUNC: 0x55c7266fbe30 in H5F__set_base_addr /src/hdf5/src/H5Fint.c:3556
  NEW_FUNC: 0x55c726732800 in H5FD_set_base_addr /src/hdf5/src/H5FD.c:2921
#83361: cov: 2247 ft: 2570 corp: 30 exec/s: 121 oom/timeout/crash: 0/0/0 time: 183s job: 38 dft_time: 0
#88351: cov: 2250 ft: 2573 corp: 32 exec/s: 124 oom/timeout/crash: 0/0/0 time: 191s job: 39 dft_time: 0
#93555: cov: 2250 ft: 2573 corp: 32 exec/s: 126 oom/timeout/crash: 0/0/0 time: 199s job: 40 dft_time: 0
#98582: cov: 2250 ft: 2575 corp: 33 exec/s: 119 oom/timeout/crash: 0/0/0 time: 211s job: 41 dft_time: 0
#103846: cov: 2250 ft: 2576 corp: 34 exec/s: 122 oom/timeout/crash: 0/0/0 time: 220s job: 42 dft_time: 0
#109308: cov: 2250 ft: 2576 corp: 34 exec/s: 124 oom/timeout/crash: 0/0/0 time: 229s job: 43 dft_time: 0
#114847: cov: 2250 ft: 2576 corp: 34 exec/s: 123 oom/timeout/crash: 0/0/0 time: 237s job: 44 dft_time: 0
#120558: cov: 2250 ft: 2576 corp: 34 exec/s: 124 oom/timeout/crash: 0/0/0 time: 245s job: 45 dft_time: 0
#127124: cov: 2250 ft: 2576 corp: 34 exec/s: 139 oom/timeout/crash: 0/0/0 time: 259s job: 46 dft_time: 0
  NEW_FUNC: 0x55c726719230 in H5F__cache_drvrinfo_get_initial_load_size /src/hdf5/src/H5Fsuper_cache.c:813
  NEW_FUNC: 0x55c7267192f0 in H5F__cache_drvrinfo_get_final_load_size /src/hdf5/src/H5Fsuper_cache.c:835
  NEW_FUNC: 0x55c7267194b0 in H5F__cache_drvrinfo_deserialize /src/hdf5/src/H5Fsuper_cache.c:871
  NEW_FUNC: 0x55c726719d40 in H5F__cache_drvrinfo_free_icr /src/hdf5/src/H5Fsuper_cache.c:1000
  NEW_FUNC: 0x55c72671a750 in H5F__drvrinfo_prefix_decode /src/hdf5/src/H5Fsuper_cache.c:227
  NEW_FUNC: 0x55c72671e9b0 in H5FD_sb_load /src/hdf5/src/H5FD.c:682
#134264: cov: 2299 ft: 2756 corp: 37 exec/s: 148 oom/timeout/crash: 0/0/0 time: 269s job: 47 dft_time: 0
#141529: cov: 2299 ft: 2757 corp: 38 exec/s: 148 oom/timeout/crash: 0/0/0 time: 279s job: 48 dft_time: 0
#148886: cov: 2299 ft: 2758 corp: 39 exec/s: 147 oom/timeout/crash: 0/0/0 time: 288s job: 49 dft_time: 0
#156450: cov: 2299 ft: 2759 corp: 40 exec/s: 148 oom/timeout/crash: 0/0/0 time: 297s job: 50 dft_time: 0
#163278: cov: 2299 ft: 2761 corp: 41 exec/s: 131 oom/timeout/crash: 0/0/0 time: 312s job: 51 dft_time: 0
INFO: fuzzed for 313 seconds, wrapping up soon
INFO: exiting: 0 time: 313s
