INFO: Running with entropic power schedule (0xFF, 100).
INFO: Seed: 4048014821
INFO: Loaded 1 modules   (122514 inline 8-bit counters): 122514 [0x558f33a32af0, 0x558f33a50982), 
INFO: Loaded 1 PC tables (122514 PCs): 122514 [0x558f33a50988,0x558f33c2f2a8), 
INFO: -fork=5: fuzzing in separate process(s)
INFO: -fork=5: 0 seed inputs, starting to fuzz in /tmp/libFuzzerTemp.FuzzWithFork7441.dir
#917: cov: 0 ft: 0 corp: 0 exec/s: 458 oom/timeout/crash: 0/0/0 time: 2s job: 1 dft_time: 0
  NEW_FUNC: 0x558f32be16b0 in LLVMFuzzerTestOneInput /src/h5_filter_read_fuzzer.c:154
  NEW_FUNC: 0x558f32bfcfd0 in H5D_init /src/hdf5/src/H5Dint.c:162
  NEW_FUNC: 0x558f32bfd1a0 in H5D__init_package /src/hdf5/src/H5Dint.c:189
  NEW_FUNC: 0x558f32c5fc00 in H5Eset_auto2 /src/hdf5/src/H5E.c:767
  NEW_FUNC: 0x558f32c623a0 in H5E_init /src/hdf5/src/H5Eint.c:217
  NEW_FUNC: 0x558f32c62530 in H5E__init_package /src/hdf5/src/H5Eint.c:241
  NEW_FUNC: 0x558f32c66ef0 in H5E_printf_stack /src/hdf5/src/H5Eint.c:1547
  NEW_FUNC: 0x558f32c682e0 in H5E_clear_stack /src/hdf5/src/H5Eint.c:1844
  NEW_FUNC: 0x558f32c685a0 in H5E_user_cb_prepare /src/hdf5/src/H5Eint.c:367
  NEW_FUNC: 0x558f32c688c0 in H5E_user_cb_restore /src/hdf5/src/H5Eint.c:406
  NEW_FUNC: 0x558f32c6c7c0 in H5E__get_auto /src/hdf5/src/H5Eint.c:1453
  NEW_FUNC: 0x558f32c6cbc0 in H5E__set_auto /src/hdf5/src/H5Eint.c:1523
  NEW_FUNC: 0x558f32c6d260 in H5E__clear_entries /src/hdf5/src/H5Eint.c:1775
  NEW_FUNC: 0x558f32c6d8a0 in H5E_dump_api_stack /src/hdf5/src/H5Eint.c:1939
  NEW_FUNC: 0x558f32c79380 in H5Fopen /src/hdf5/src/H5F.c:813
  NEW_FUNC: 0x558f32c79ad0 in H5F__open_api_common /src/hdf5/src/H5F.c:739
  NEW_FUNC: 0x558f32c92be0 in H5F_init /src/hdf5/src/H5Fint.c:138
  NEW_FUNC: 0x558f32c92d10 in H5F__init_package /src/hdf5/src/H5Fint.c:161
  NEW_FUNC: 0x558f32c92e60 in H5F__parse_file_lock_env_var /src/hdf5/src/H5Fint.c:276
  NEW_FUNC: 0x558f32c976e0 in H5F_open /src/hdf5/src/H5Fint.c:1827
  NEW_FUNC: 0x558f32c9ab00 in H5F__new /src/hdf5/src/H5Fint.c:1132
  NEW_FUNC: 0x558f32c9e6f0 in H5F__dest /src/hdf5/src/H5Fint.c:1405
  NEW_FUNC: 0x558f32ca5400 in H5F_set_retries /src/hdf5/src/H5Fint.c:3485
  NEW_FUNC: 0x558f32ca5c60 in H5F__set_eoa /src/hdf5/src/H5Fint.c:3582
  NEW_FUNC: 0x558f32caa850 in H5F__set_vol_conn /src/hdf5/src/H5Fint.c:315
  NEW_FUNC: 0x558f32cab0f0 in H5F_block_read /src/hdf5/src/H5Fio.c:117
  NEW_FUNC: 0x558f32cb17c0 in H5F_get_intent /src/hdf5/src/H5Fquery.c:97
  NEW_FUNC: 0x558f32cb1b00 in H5F_get_read_attempts /src/hdf5/src/H5Fquery.c:342
  NEW_FUNC: 0x558f32cb20a0 in H5F_grp_btree_shared /src/hdf5/src/H5Fquery.c:672
  NEW_FUNC: 0x558f32cb2ac0 in H5F_get_eoa /src/hdf5/src/H5Fquery.c:924
  NEW_FUNC: 0x558f32cb3390 in H5F_use_mdc_logging /src/hdf5/src/H5Fquery.c:1122
  NEW_FUNC: 0x558f32cb3bc0 in H5F__sfile_add /src/hdf5/src/H5Fsfile.c:94
  NEW_FUNC: 0x558f32cb3da0 in H5F__sfile_search /src/hdf5/src/H5Fsfile.c:130
  NEW_FUNC: 0x558f32cb3f60 in H5F__sfile_remove /src/hdf5/src/H5Fsfile.c:165
  NEW_FUNC: 0x558f32cb4870 in H5F__super_read /src/hdf5/src/H5Fsuper.c:307
  NEW_FUNC: 0x558f32cbf1c0 in H5F__cache_superblock_get_initial_load_size /src/hdf5/src/H5Fsuper_cache.c:303
  NEW_FUNC: 0x558f32cbf280 in H5F__cache_superblock_get_final_load_size /src/hdf5/src/H5Fsuper_cache.c:325
  NEW_FUNC: 0x558f32cc3ac0 in H5F__superblock_prefix_decode /src/hdf5/src/H5Fsuper_cache.c:142
  NEW_FUNC: 0x558f32cc4d90 in H5FD_init /src/hdf5/src/H5FD.c:110
  NEW_FUNC: 0x558f32cc4ec0 in H5FD__init_package /src/hdf5/src/H5FD.c:131
  NEW_FUNC: 0x558f32cc6400 in H5FD_register /src/hdf5/src/H5FD.c:388
  NEW_FUNC: 0x558f32cc7830 in H5FD_get_class /src/hdf5/src/H5FD.c:527
  NEW_FUNC: 0x558f32cc9f60 in H5FD_open /src/hdf5/src/H5FD.c:891
  NEW_FUNC: 0x558f32ccaff0 in H5FD__query /src/hdf5/src/H5FD.c:1213
  NEW_FUNC: 0x558f32ccbad0 in H5FD_close /src/hdf5/src/H5FD.c:1055
  NEW_FUNC: 0x558f32ccfae0 in H5FD_get_maxaddr /src/hdf5/src/H5FD.c:1498
  NEW_FUNC: 0x558f32ccfcc0 in H5FD_get_feature_flags /src/hdf5/src/H5FD.c:1524
  NEW_FUNC: 0x558f32ccfe00 in H5FD_get_fs_type_map /src/hdf5/src/H5FD.c:1571
  NEW_FUNC: 0x558f32cd97e0 in H5FD_lock /src/hdf5/src/H5FD.c:2613
  NEW_FUNC: 0x558f32cdd7e0 in H5FD__core_register /src/hdf5/src/H5FDcore.c:454
  NEW_FUNC: 0x558f32ce5fe0 in H5FD__family_register /src/hdf5/src/H5FDfamily.c:279
  NEW_FUNC: 0x558f32ced840 in H5FD_locate_signature /src/hdf5/src/H5FDint.c:149
  NEW_FUNC: 0x558f32cedf30 in H5FD_get_eof /src/hdf5/src/H5FDint.c:2491
  NEW_FUNC: 0x558f32cee590 in H5FD_get_eoa /src/hdf5/src/H5FDint.c:2449
  NEW_FUNC: 0x558f32ceeb60 in H5FD_set_eoa /src/hdf5/src/H5FDint.c:2409
  NEW_FUNC: 0x558f32cef120 in H5FD_read /src/hdf5/src/H5FDint.c:214
  NEW_FUNC: 0x558f32cfead0 in H5FD_driver_query /src/hdf5/src/H5FDint.c:2533
  NEW_FUNC: 0x558f32d040b0 in H5FD__log_register /src/hdf5/src/H5FDlog.c:215
  NEW_FUNC: 0x558f32d0b450 in H5FD__multi_register /src/hdf5/src/H5FDmulti_int.c:52
  NEW_FUNC: 0x558f32d0b580 in H5FD__onion_register /src/hdf5/src/H5FDonion.c:226
  NEW_FUNC: 0x558f32d21550 in H5FD__sec2_register /src/hdf5/src/H5FDsec2.c:174
  NEW_FUNC: 0x558f32d21e10 in H5FD__sec2_open /src/hdf5/src/H5FDsec2.c:249
  NEW_FUNC: 0x558f32d229f0 in H5FD__sec2_close /src/hdf5/src/H5FDsec2.c:378
  NEW_FUNC: 0x558f32d22de0 in H5FD__sec2_query /src/hdf5/src/H5FDsec2.c:462
  NEW_FUNC: 0x558f32d22f30 in H5FD__sec2_get_eoa /src/hdf5/src/H5FDsec2.c:508
  NEW_FUNC: 0x558f32d22f60 in H5FD__sec2_set_eoa /src/hdf5/src/H5FDsec2.c:529
  NEW_FUNC: 0x558f32d23020 in H5FD__sec2_get_eof /src/hdf5/src/H5FDsec2.c:553
  NEW_FUNC: 0x558f32d231d0 in H5FD__sec2_read /src/hdf5/src/H5FDsec2.c:603
  NEW_FUNC: 0x558f32d241c0 in H5FD__sec2_lock /src/hdf5/src/H5FDsec2.c:889
  NEW_FUNC: 0x558f32d276b0 in H5FD__splitter_register /src/hdf5/src/H5FDsplitter.c:177
  NEW_FUNC: 0x558f32d2f470 in H5FD__stdio_register /src/hdf5/src/H5FDstdio_int.c:52
  NEW_FUNC: 0x558f32d305b0 in H5FL_reg_free /src/hdf5/src/H5FL.c:277
  NEW_FUNC: 0x558f32d30bc0 in H5FL_reg_malloc /src/hdf5/src/H5FL.c:334
  NEW_FUNC: 0x558f32d31250 in H5FL_reg_calloc /src/hdf5/src/H5FL.c:386
  NEW_FUNC: 0x558f32d35560 in H5FL_fac_init /src/hdf5/src/H5FL.c:1695
  NEW_FUNC: 0x558f32d35a40 in H5FL_fac_free /src/hdf5/src/H5FL.c:1758
  NEW_FUNC: 0x558f32d36050 in H5FL_fac_malloc /src/hdf5/src/H5FL.c:1814
  NEW_FUNC: 0x558f32d37580 in H5FO_create /src/hdf5/src/H5FO.c:72
  NEW_FUNC: 0x558f32d380d0 in H5FO_dest /src/hdf5/src/H5FO.c:341
  NEW_FUNC: 0x558f32d38300 in H5FO_top_create /src/hdf5/src/H5FO.c:385
  NEW_FUNC: 0x558f32d38b80 in H5FO_top_dest /src/hdf5/src/H5FO.c:569
  NEW_FUNC: 0x558f32d3bf30 in H5G_init /src/hdf5/src/H5Gint.c:134
  NEW_FUNC: 0x558f32d3c060 in H5G__init_package /src/hdf5/src/H5Gint.c:165
  NEW_FUNC: 0x558f32d4cad0 in H5G_name_free /src/hdf5/src/H5Gname.c:536
  NEW_FUNC: 0x558f32d4ced0 in H5G_name_reset /src/hdf5/src/H5Gname.c:513
  NEW_FUNC: 0x558f32d55d90 in H5G_node_close /src/hdf5/src/H5Gnode.c:1112
  NEW_FUNC: 0x558f32d81e50 in H5I_register_type /src/hdf5/src/H5Iint.c:242
  NEW_FUNC: 0x558f32d83c40 in H5I__register /src/hdf5/src/H5Iint.c:581
  NEW_FUNC: 0x558f32d85710 in H5I_register /src/hdf5/src/H5Iint.c:639
  NEW_FUNC: 0x558f32d87490 in H5I__find_id /src/hdf5/src/H5Iint.c:1666
  NEW_FUNC: 0x558f32d88060 in H5I_object /src/hdf5/src/H5Iint.c:779
  NEW_FUNC: 0x558f32d881a0 in H5I_object_verify /src/hdf5/src/H5Iint.c:807
  NEW_FUNC: 0x558f32d88320 in H5I_get_type /src/hdf5/src/H5Iint.c:840
  NEW_FUNC: 0x558f32d88c50 in H5I__remove_common /src/hdf5/src/H5Iint.c:944
  NEW_FUNC: 0x558f32d89840 in H5I_dec_ref /src/hdf5/src/H5Iint.c:1115
  NEW_FUNC: 0x558f32d899f0 in H5I__dec_ref /src/hdf5/src/H5Iint.c:1036
  NEW_FUNC: 0x558f32d8ad60 in H5I_inc_ref /src/hdf5/src/H5Iint.c:1357
  NEW_FUNC: 0x558f32d8d440 in H5L_init /src/hdf5/src/H5Lint.c:206
  NEW_FUNC: 0x558f32d8d570 in H5L__init_package /src/hdf5/src/H5Lint.c:227
  NEW_FUNC: 0x558f32d8daa0 in H5L_register /src/hdf5/src/H5Lint.c:344
  NEW_FUNC: 0x558f32d97fb0 in H5MF_init_merge_flags /src/hdf5/src/H5MF.c:137
  NEW_FUNC: 0x558f32db4410 in H5MM_realloc /src/hdf5/src/H5MM.c:77
  NEW_FUNC: 0x558f32db44a0 in H5MM_xstrdup /src/hdf5/src/H5MM.c:109
  NEW_FUNC: 0x558f32db4560 in H5MM_strdup /src/hdf5/src/H5MM.c:136
  NEW_FUNC: 0x558f32db47c0 in H5MM_xfree /src/hdf5/src/H5MM.c:197
  NEW_FUNC: 0x558f32db47f0 in H5MM_xfree_const /src/hdf5/src/H5MM.c:219
  NEW_FUNC: 0x558f32dd4eb0 in H5O__fill_copy /src/hdf5/src/H5Ofill.c:534
  NEW_FUNC: 0x558f32de19e0 in H5O_init /src/hdf5/src/H5Oint.c:192
  NEW_FUNC: 0x558f32debac0 in H5O_loc_reset /src/hdf5/src/H5Oint.c:1804
  NEW_FUNC: 0x558f32df8300 in H5O__layout_copy /src/hdf5/src/H5Olayout.c:750
  NEW_FUNC: 0x558f32e05f10 in H5O_msg_reset /src/hdf5/src/H5Omessage.c:516
  NEW_FUNC: 0x558f32e06c40 in H5O_msg_copy /src/hdf5/src/H5Omessage.c:665
  NEW_FUNC: 0x558f32e0bcb0 in H5O_msg_reset_share /src/hdf5/src/H5Omessage.c:1530
  NEW_FUNC: 0x558f32e13d10 in H5O__pline_copy /src/hdf5/src/H5Opline.c:369
  NEW_FUNC: 0x558f32e15280 in H5O__pline_reset /src/hdf5/src/H5Opline.c:521
  NEW_FUNC: 0x558f32e2d490 in H5P__dacc_reg_prop /src/hdf5/src/H5Pdapl.c:197
  NEW_FUNC: 0x558f32e390d0 in H5P__dcrt_reg_prop /src/hdf5/src/H5Pdcpl.c:301
  NEW_FUNC: 0x558f32e57b60 in H5P__dcrt_layout_get /src/hdf5/src/H5Pdcpl.c:391
  NEW_FUNC: 0x558f32e61ca0 in H5P__dcrt_fill_value_get /src/hdf5/src/H5Pdcpl.c:1098
  NEW_FUNC: 0x558f32e643e0 in H5P__dcrt_ext_file_list_get /src/hdf5/src/H5Pdcpl.c:1476
  NEW_FUNC: 0x558f32e69010 in H5P__dxfr_reg_prop /src/hdf5/src/H5Pdxpl.c:313
  NEW_FUNC: 0x558f32e7f040 in H5P__facc_reg_prop /src/hdf5/src/H5Pfapl.c:553
  NEW_FUNC: 0x558f32e81500 in H5P__facc_set_def_driver /src/hdf5/src/H5Pfapl.c:860
  NEW_FUNC: 0x558f32e9d070 in H5P_set_vol /src/hdf5/src/H5Pfapl.c:5979
  NEW_FUNC: 0x558f32e9d5c0 in H5P_reset_vol_class /src/hdf5/src/H5Pfapl.c:6020
  NEW_FUNC: 0x558f32eaaa70 in H5P__facc_file_driver_create /src/hdf5/src/H5Pfapl.c:1765
  NEW_FUNC: 0x558f32eb0220 in H5P__facc_vol_create /src/hdf5/src/H5Pfapl.c:6238
  NEW_FUNC: 0x558f32eb03a0 in H5P__facc_vol_set /src/hdf5/src/H5Pfapl.c:6264
  NEW_FUNC: 0x558f32eb06a0 in H5P__facc_vol_del /src/hdf5/src/H5Pfapl.c:6322
  NEW_FUNC: 0x558f32eb0cf0 in H5P__file_driver_copy /src/hdf5/src/H5Pfapl.c:1658
  NEW_FUNC: 0x558f32eb2960 in H5P_init_phase1 /src/hdf5/src/H5Pint.c:424
  NEW_FUNC: 0x558f32eb2b30 in H5P__init_package /src/hdf5/src/H5Pint.c:475
  NEW_FUNC: 0x558f32eb3730 in H5P_init_phase2 /src/hdf5/src/H5Pint.c:450
  NEW_FUNC: 0x558f32eb3a50 in H5P__create_class /src/hdf5/src/H5Pint.c:1781
  NEW_FUNC: 0x558f32eb4120 in H5P_create_id /src/hdf5/src/H5Pint.c:2014
  NEW_FUNC: 0x558f32eb5e00 in H5P__dup_prop /src/hdf5/src/H5Pint.c:1179
  NEW_FUNC: 0x558f32eb6460 in H5P_copy_plist /src/hdf5/src/H5Pint.c:938
  NEW_FUNC: 0x558f32eb84a0 in H5P__do_prop_cb1 /src/hdf5/src/H5Pint.c:789
  NEW_FUNC: 0x558f32eb8db0 in H5P__access_class /src/hdf5/src/H5Pint.c:1630
  NEW_FUNC: 0x558f32eb9360 in H5P_close /src/hdf5/src/H5Pint.c:5285
  NEW_FUNC: 0x558f32eba660 in H5P__free_prop_cb /src/hdf5/src/H5Pint.c:1547
  NEW_FUNC: 0x558f32ebab10 in H5P__register_real /src/hdf5/src/H5Pint.c:2257
  NEW_FUNC: 0x558f32ebb110 in H5P__create_prop /src/hdf5/src/H5Pint.c:1293
  NEW_FUNC: 0x558f32ebcc50 in H5P__do_prop /src/hdf5/src/H5Pint.c:2818
  NEW_FUNC: 0x558f32ebd8a0 in H5P_set /src/hdf5/src/H5Pint.c:3237
  NEW_FUNC: 0x558f32ebdcf0 in H5P__set_plist_cb /src/hdf5/src/H5Pint.c:3050
  NEW_FUNC: 0x558f32ebf170 in H5P__class_get /src/hdf5/src/H5Pint.c:3284
  NEW_FUNC: 0x558f32ebf3e0 in H5P__class_set /src/hdf5/src/H5Pint.c:3339
  NEW_FUNC: 0x558f32ec0220 in H5P__cmp_class /src/hdf5/src/H5Pint.c:3808
  NEW_FUNC: 0x558f32ec2870 in H5P_isa_class /src/hdf5/src/H5Pint.c:4129
  NEW_FUNC: 0x558f32ec4510 in H5P_peek /src/hdf5/src/H5Pint.c:4662
  NEW_FUNC: 0x558f32ec4950 in H5P__peek_cb /src/hdf5/src/H5Pint.c:4614
  NEW_FUNC: 0x558f32ec4b30 in H5P_get /src/hdf5/src/H5Pint.c:4784
  NEW_FUNC: 0x558f32ec4f70 in H5P__get_cb /src/hdf5/src/H5Pint.c:4706
  NEW_FUNC: 0x558f32ec9b00 in H5P__close_list_cb /src/hdf5/src/H5Pint.c:748
  NEW_FUNC: 0x558f32ec9c70 in H5P__lacc_reg_prop /src/hdf5/src/H5Plapl.c:184
  NEW_FUNC: 0x558f32ed2090 in H5P__lcrt_reg_prop /src/hdf5/src/H5Plcpl.c:108
  NEW_FUNC: 0x558f32ed3030 in H5P__macc_reg_prop /src/hdf5/src/H5Pmapl.c:107
  NEW_FUNC: 0x558f32ed33a0 in H5P__mcrt_reg_prop /src/hdf5/src/H5Pmcpl.c:96
  NEW_FUNC: 0x558f32ed33b0 in H5P__ocrt_reg_prop /src/hdf5/src/H5Pocpl.c:147
  NEW_FUNC: 0x558f32ede350 in H5P__ocrt_pipeline_get /src/hdf5/src/H5Pocpl.c:1234
  NEW_FUNC: 0x558f32ee1750 in H5P__ocrt_pipeline_copy /src/hdf5/src/H5Pocpl.c:1477
  NEW_FUNC: 0x558f32ee2200 in H5P__ocrt_pipeline_close /src/hdf5/src/H5Pocpl.c:1604
  NEW_FUNC: 0x558f32ee2380 in H5P__ocpy_reg_prop /src/hdf5/src/H5Pocpypl.c:149
  NEW_FUNC: 0x558f32ee6ed0 in H5P__strcrt_reg_prop /src/hdf5/src/H5Pstrcpl.c:112
  NEW_FUNC: 0x558f32ee98f0 in H5PB_dest /src/hdf5/src/H5PB.c:450
  NEW_FUNC: 0x558f32eeb400 in H5PB_read /src/hdf5/src/H5PB.c:653
  NEW_FUNC: 0x558f32ef1380 in H5PL__init_package /src/hdf5/src/H5PLint.c:136
  NEW_FUNC: 0x558f32ef2db0 in H5PL_iterate /src/hdf5/src/H5PLint.c:525
  NEW_FUNC: 0x558f32ef2f90 in H5PL__create_path_table /src/hdf5/src/H5PLpath.c:231
  NEW_FUNC: 0x558f32ef3900 in H5PL__insert_at /src/hdf5/src/H5PLpath.c:104
  NEW_FUNC: 0x558f32ef4b40 in H5PL__path_table_iterate /src/hdf5/src/H5PLpath.c:568
  NEW_FUNC: 0x558f32ef63e0 in H5PL__create_plugin_cache /src/hdf5/src/H5PLplugin_cache.c:99
  NEW_FUNC: 0x558f32efefe0 in H5S_init /src/hdf5/src/H5S.c:114
  NEW_FUNC: 0x558f32eff110 in H5S__init_package /src/hdf5/src/H5S.c:136
  NEW_FUNC: 0x558f32f89a20 in H5SL__init_package /src/hdf5/src/H5SL.c:544
  NEW_FUNC: 0x558f32f89c70 in H5SL_create /src/hdf5/src/H5SL.c:931
  NEW_FUNC: 0x558f32f8a040 in H5SL__new_node /src/hdf5/src/H5SL.c:641
  NEW_FUNC: 0x558f32f8a340 in H5SL_count /src/hdf5/src/H5SL.c:1001
  NEW_FUNC: 0x558f32f8a370 in H5SL_insert /src/hdf5/src/H5SL.c:1036
  NEW_FUNC: 0x558f32f8a4a0 in H5SL__insert_common /src/hdf5/src/H5SL.c:688
  NEW_FUNC: 0x558f32fa9ac0 in H5SL_search /src/hdf5/src/H5SL.c:1314
  NEW_FUNC: 0x558f32fbb980 in H5SL_first /src/hdf5/src/H5SL.c:1896
  NEW_FUNC: 0x558f32fbb9e0 in H5SL_next /src/hdf5/src/H5SL.c:1929
  NEW_FUNC: 0x558f32fbbae0 in H5SL_item /src/hdf5/src/H5SL.c:2029
  NEW_FUNC: 0x558f32fbbe90 in H5SL__release_common /src/hdf5/src/H5SL.c:806
  NEW_FUNC: 0x558f32fbc660 in H5SL_destroy /src/hdf5/src/H5SL.c:2232
  NEW_FUNC: 0x558f32fbc7a0 in H5SL__close_common /src/hdf5/src/H5SL.c:885
  NEW_FUNC: 0x558f32fbca00 in H5SL_close /src/hdf5/src/H5SL.c:2272
  NEW_FUNC: 0x558f32fd22f0 in H5T_init /src/hdf5/src/H5T.c:794
  NEW_FUNC: 0x558f32fd2420 in H5T__init_package /src/hdf5/src/H5T.c:1025
  NEW_FUNC: 0x558f32fe0ca0 in H5T_copy /src/hdf5/src/H5T.c:4430
  NEW_FUNC: 0x558f32fe12d0 in H5T__alloc /src/hdf5/src/H5T.c:4649
  NEW_FUNC: 0x558f32fe15d0 in H5T_set_loc /src/hdf5/src/H5T.c:6907
  NEW_FUNC: 0x558f32fe2770 in H5T__create /src/hdf5/src/H5T.c:3997
  NEW_FUNC: 0x558f32fe3430 in H5T__register_int /src/hdf5/src/H5T.c:3201
  NEW_FUNC: 0x558f32fe3580 in H5T__init_inf /src/hdf5/src/H5T.c:817
  NEW_FUNC: 0x558f32fe5460 in H5T_close_real /src/hdf5/src/H5T.c:4787
  NEW_FUNC: 0x558f32fe9390 in H5T_cmp /src/hdf5/src/H5T.c:5133
  NEW_FUNC: 0x558f32ff27d0 in H5T__register /src/hdf5/src/H5T.c:3245
  NEW_FUNC: 0x558f32ffa260 in H5T__initiate_copy /src/hdf5/src/H5T.c:4124
  NEW_FUNC: 0x558f32ffa7a0 in H5T__copy_all /src/hdf5/src/H5T.c:4200
  NEW_FUNC: 0x558f32ffa8d0 in H5T__complete_copy /src/hdf5/src/H5T.c:4229
  NEW_FUNC: 0x558f32ffd120 in H5T__free /src/hdf5/src/H5T.c:4699
  NEW_FUNC: 0x558f32ffe730 in H5T__path_find_real /src/hdf5/src/H5T.c:5755
  NEW_FUNC: 0x558f33006cc0 in H5T__array_create /src/hdf5/src/H5Tarray.c:133
  NEW_FUNC: 0x558f3300b010 in H5T__bit_set /src/hdf5/src/H5Tbit.c:328
  NEW_FUNC: 0x558f33019a40 in H5T__complex_create /src/hdf5/src/H5Tcomplex.c:111
  NEW_FUNC: 0x558f33022130 in H5T__conv_noop /src/hdf5/src/H5Tconv.c:242
  NEW_FUNC: 0x558f330348e0 in H5T__conv_fcomplex_schar /src/hdf5/src/H5Tconv_complex.c:1436
  NEW_FUNC: 0x558f330387a0 in H5T__conv_fcomplex_uchar /src/hdf5/src/H5Tconv_complex.c:1455
  NEW_FUNC: 0x558f3303c610 in H5T__conv_fcomplex_short /src/hdf5/src/H5Tconv_complex.c:1474
  NEW_FUNC: 0x558f33040760 in H5T__conv_fcomplex_ushort /src/hdf5/src/H5Tconv_complex.c:1493
  NEW_FUNC: 0x558f33044840 in H5T__conv_fcomplex_int /src/hdf5/src/H5Tconv_complex.c:1512
  NEW_FUNC: 0x558f33048a20 in H5T__conv_fcomplex_uint /src/hdf5/src/H5Tconv_complex.c:1531
  NEW_FUNC: 0x558f3304cb00 in H5T__conv_fcomplex_long /src/hdf5/src/H5Tconv_complex.c:1550
  NEW_FUNC: 0x558f33050680 in H5T__conv_fcomplex_ulong /src/hdf5/src/H5Tconv_complex.c:1569
  NEW_FUNC: 0x558f3305bc20 in H5T__conv_fcomplex_float /src/hdf5/src/H5Tconv_complex.c:1649
  NEW_FUNC: 0x558f33060cb0 in H5T__conv_fcomplex_double /src/hdf5/src/H5Tconv_complex.c:1666
  NEW_FUNC: 0x558f33063480 in H5T__conv_fcomplex_ldouble /src/hdf5/src/H5Tconv_complex.c:1683
  NEW_FUNC: 0x558f33066c50 in H5T__conv_fcomplex_dcomplex /src/hdf5/src/H5Tconv_complex.c:1701
  NEW_FUNC: 0x558f3306a2b0 in H5T__conv_fcomplex_lcomplex /src/hdf5/src/H5Tconv_complex.c:1719
  NEW_FUNC: 0x558f3306de50 in H5T__conv_dcomplex_schar /src/hdf5/src/H5Tconv_complex.c:1736
  NEW_FUNC: 0x558f33071870 in H5T__conv_dcomplex_uchar /src/hdf5/src/H5Tconv_complex.c:1755
  NEW_FUNC: 0x558f33075250 in H5T__conv_dcomplex_short /src/hdf5/src/H5Tconv_complex.c:1774
  NEW_FUNC: 0x558f33078dc0 in H5T__conv_dcomplex_ushort /src/hdf5/src/H5Tconv_complex.c:1794
  NEW_FUNC: 0x558f3307c8c0 in H5T__conv_dcomplex_int /src/hdf5/src/H5Tconv_complex.c:1813
  NEW_FUNC: 0x558f33080470 in H5T__conv_dcomplex_uint /src/hdf5/src/H5Tconv_complex.c:1832
  NEW_FUNC: 0x558f33083f80 in H5T__conv_dcomplex_long /src/hdf5/src/H5Tconv_complex.c:1851
  NEW_FUNC: 0x558f33087ac0 in H5T__conv_dcomplex_ulong /src/hdf5/src/H5Tconv_complex.c:1870
  NEW_FUNC: 0x558f33092f40 in H5T__conv_dcomplex_float /src/hdf5/src/H5Tconv_complex.c:1950
  NEW_FUNC: 0x558f33095f40 in H5T__conv_dcomplex_double /src/hdf5/src/H5Tconv_complex.c:1967
  NEW_FUNC: 0x558f3309a8c0 in H5T__conv_dcomplex_ldouble /src/hdf5/src/H5Tconv_complex.c:1984
  NEW_FUNC: 0x558f3309d4d0 in H5T__conv_dcomplex_fcomplex /src/hdf5/src/H5Tconv_complex.c:2002
  NEW_FUNC: 0x558f330a0c90 in H5T__conv_dcomplex_lcomplex /src/hdf5/src/H5Tconv_complex.c:2020
  NEW_FUNC: 0x558f330a4660 in H5T__conv_lcomplex_schar /src/hdf5/src/H5Tconv_complex.c:2038
  NEW_FUNC: 0x558f330a8580 in H5T__conv_lcomplex_uchar /src/hdf5/src/H5Tconv_complex.c:2058
  NEW_FUNC: 0x558f330ac460 in H5T__conv_lcomplex_short /src/hdf5/src/H5Tconv_complex.c:2077
  NEW_FUNC: 0x558f330b0520 in H5T__conv_lcomplex_ushort /src/hdf5/src/H5Tconv_complex.c:2097
  NEW_FUNC: 0x558f330b4530 in H5T__conv_lcomplex_int /src/hdf5/src/H5Tconv_complex.c:2116
  NEW_FUNC: 0x558f330b85c0 in H5T__conv_lcomplex_uint /src/hdf5/src/H5Tconv_complex.c:2136
  NEW_FUNC: 0x558f330bc570 in H5T__conv_lcomplex_long /src/hdf5/src/H5Tconv_complex.c:2155
  NEW_FUNC: 0x558f330c0620 in H5T__conv_lcomplex_ulong /src/hdf5/src/H5Tconv_complex.c:2175
  NEW_FUNC: 0x558f330cc8d0 in H5T__conv_lcomplex_float /src/hdf5/src/H5Tconv_complex.c:2262
  NEW_FUNC: 0x558f330cfbe0 in H5T__conv_lcomplex_double /src/hdf5/src/H5Tconv_complex.c:2279
  NEW_FUNC: 0x558f330d2c80 in H5T__conv_lcomplex_ldouble /src/hdf5/src/H5Tconv_complex.c:2297
  NEW_FUNC: 0x558f330d90e0 in H5T__conv_lcomplex_fcomplex /src/hdf5/src/H5Tconv_complex.c:2315
  NEW_FUNC: 0x558f330dcdd0 in H5T__conv_lcomplex_dcomplex /src/hdf5/src/H5Tconv_complex.c:2333
  NEW_FUNC: 0x558f330f5d30 in H5T__conv_float_schar /src/hdf5/src/H5Tconv_float.c:1741
  NEW_FUNC: 0x558f330f9d30 in H5T__conv_float_uchar /src/hdf5/src/H5Tconv_float.c:1761
  NEW_FUNC: 0x558f330fdce0 in H5T__conv_float_short /src/hdf5/src/H5Tconv_float.c:1781
  NEW_FUNC: 0x558f33101f30 in H5T__conv_float_ushort /src/hdf5/src/H5Tconv_float.c:1801
  NEW_FUNC: 0x558f33106100 in H5T__conv_float_int /src/hdf5/src/H5Tconv_float.c:1821
  NEW_FUNC: 0x558f33109d00 in H5T__conv_float_uint /src/hdf5/src/H5Tconv_float.c:1841
  NEW_FUNC: 0x558f3310d8c0 in H5T__conv_float_long /src/hdf5/src/H5Tconv_float.c:1861
  NEW_FUNC: 0x558f33111b50 in H5T__conv_float_ulong /src/hdf5/src/H5Tconv_float.c:1881
  NEW_FUNC: 0x558f3311e620 in H5T__conv_float_double /src/hdf5/src/H5Tconv_float.c:1964
  NEW_FUNC: 0x558f33121780 in H5T__conv_float_ldouble /src/hdf5/src/H5Tconv_float.c:1982
  NEW_FUNC: 0x558f33124f50 in H5T__conv_float_fcomplex /src/hdf5/src/H5Tconv_float.c:2002
  NEW_FUNC: 0x558f331286f0 in H5T__conv_float_dcomplex /src/hdf5/src/H5Tconv_float.c:2021
  NEW_FUNC: 0x558f3312c850 in H5T__conv_float_lcomplex /src/hdf5/src/H5Tconv_float.c:2040
  NEW_FUNC: 0x558f331318e0 in H5T__conv_double_schar /src/hdf5/src/H5Tconv_float.c:2059
  NEW_FUNC: 0x558f331358b0 in H5T__conv_double_uchar /src/hdf5/src/H5Tconv_float.c:2079
  NEW_FUNC: 0x558f33139840 in H5T__conv_double_short /src/hdf5/src/H5Tconv_float.c:2099
  NEW_FUNC: 0x558f3313da50 in H5T__conv_double_ushort /src/hdf5/src/H5Tconv_float.c:2119
  NEW_FUNC: 0x558f33141c00 in H5T__conv_double_int /src/hdf5/src/H5Tconv_float.c:2139
  NEW_FUNC: 0x558f33145e20 in H5T__conv_double_uint /src/hdf5/src/H5Tconv_float.c:2159
  NEW_FUNC: 0x558f33149fe0 in H5T__conv_double_long /src/hdf5/src/H5Tconv_float.c:2179
  NEW_FUNC: 0x558f3314dcb0 in H5T__conv_double_ulong /src/hdf5/src/H5Tconv_float.c:2199
  NEW_FUNC: 0x558f331594e0 in H5T__conv_double_float /src/hdf5/src/H5Tconv_float.c:2282
  NEW_FUNC: 0x558f3315c600 in H5T__conv_double_ldouble /src/hdf5/src/H5Tconv_float.c:2300
  NEW_FUNC: 0x558f3315fc50 in H5T__conv_double_fcomplex /src/hdf5/src/H5Tconv_float.c:2320
  NEW_FUNC: 0x558f33162ef0 in H5T__conv_double_dcomplex /src/hdf5/src/H5Tconv_float.c:2339
  NEW_FUNC: 0x558f33165de0 in H5T__conv_double_lcomplex /src/hdf5/src/H5Tconv_float.c:2358
  NEW_FUNC: 0x558f3316ab30 in H5T__conv_ldouble_schar /src/hdf5/src/H5Tconv_float.c:2377
  NEW_FUNC: 0x558f3316ebd0 in H5T__conv_ldouble_uchar /src/hdf5/src/H5Tconv_float.c:2397
  NEW_FUNC: 0x558f33172c30 in H5T__conv_ldouble_short /src/hdf5/src/H5Tconv_float.c:2417
  NEW_FUNC: 0x558f33176ed0 in H5T__conv_ldouble_ushort /src/hdf5/src/H5Tconv_float.c:2437
  NEW_FUNC: 0x558f3317b090 in H5T__conv_ldouble_int /src/hdf5/src/H5Tconv_float.c:2457
  NEW_FUNC: 0x558f3317f2b0 in H5T__conv_ldouble_uint /src/hdf5/src/H5Tconv_float.c:2477
  NEW_FUNC: 0x558f33183540 in H5T__conv_ldouble_long /src/hdf5/src/H5Tconv_float.c:2497
  NEW_FUNC: 0x558f33187810 in H5T__conv_ldouble_ulong /src/hdf5/src/H5Tconv_float.c:2517
  NEW_FUNC: 0x558f33194460 in H5T__conv_ldouble_float /src/hdf5/src/H5Tconv_float.c:2606
  NEW_FUNC: 0x558f33197690 in H5T__conv_ldouble_double /src/hdf5/src/H5Tconv_float.c:2624
  NEW_FUNC: 0x558f3319a6d0 in H5T__conv_ldouble_fcomplex /src/hdf5/src/H5Tconv_float.c:2644
  NEW_FUNC: 0x558f3319db50 in H5T__conv_ldouble_dcomplex /src/hdf5/src/H5Tconv_float.c:2663
  NEW_FUNC: 0x558f331a0360 in H5T__conv_ldouble_lcomplex /src/hdf5/src/H5Tconv_float.c:2682
  NEW_FUNC: 0x558f331acf70 in H5T__conv_schar_uchar /src/hdf5/src/H5Tconv_integer.c:1074
  NEW_FUNC: 0x558f331af5f0 in H5T__conv_schar_short /src/hdf5/src/H5Tconv_integer.c:1091
  NEW_FUNC: 0x558f331b3ca0 in H5T__conv_schar_ushort /src/hdf5/src/H5Tconv_integer.c:1108
  NEW_FUNC: 0x558f331b6d30 in H5T__conv_schar_int /src/hdf5/src/H5Tconv_integer.c:1125
  NEW_FUNC: 0x558f331bb3e0 in H5T__conv_schar_uint /src/hdf5/src/H5Tconv_integer.c:1142
  NEW_FUNC: 0x558f331c5660 in H5T__conv_schar_llong /src/hdf5/src/H5Tconv_integer.c:1193
  NEW_FUNC: 0x558f331c9970 in H5T__conv_schar_ullong /src/hdf5/src/H5Tconv_integer.c:1210
  NEW_FUNC: 0x558f331cc8b0 in H5T__conv_schar_float /src/hdf5/src/H5Tconv_integer.c:1247
  NEW_FUNC: 0x558f331d1b40 in H5T__conv_schar_double /src/hdf5/src/H5Tconv_integer.c:1265
  NEW_FUNC: 0x558f331d6a90 in H5T__conv_schar_ldouble /src/hdf5/src/H5Tconv_integer.c:1283
  NEW_FUNC: 0x558f331db330 in H5T__conv_schar_fcomplex /src/hdf5/src/H5Tconv_integer.c:1303
  NEW_FUNC: 0x558f331e0550 in H5T__conv_schar_dcomplex /src/hdf5/src/H5Tconv_integer.c:1322
  NEW_FUNC: 0x558f331e49b0 in H5T__conv_schar_lcomplex /src/hdf5/src/H5Tconv_integer.c:1341
  NEW_FUNC: 0x558f331ea320 in H5T__conv_uchar_schar /src/hdf5/src/H5Tconv_integer.c:1359
  NEW_FUNC: 0x558f331ec990 in H5T__conv_uchar_short /src/hdf5/src/H5Tconv_integer.c:1376
  NEW_FUNC: 0x558f331f1040 in H5T__conv_uchar_ushort /src/hdf5/src/H5Tconv_integer.c:1393
  NEW_FUNC: 0x558f331f56f0 in H5T__conv_uchar_int /src/hdf5/src/H5Tconv_integer.c:1410
  NEW_FUNC: 0x558f331f9da0 in H5T__conv_uchar_uint /src/hdf5/src/H5Tconv_integer.c:1427
  NEW_FUNC: 0x558f33206a70 in H5T__conv_uchar_llong /src/hdf5/src/H5Tconv_integer.c:1478
  NEW_FUNC: 0x558f3320ad80 in H5T__conv_uchar_ullong /src/hdf5/src/H5Tconv_integer.c:1495
  NEW_FUNC: 0x558f3320f090 in H5T__conv_uchar_float /src/hdf5/src/H5Tconv_integer.c:1532
  NEW_FUNC: 0x558f33214320 in H5T__conv_uchar_double /src/hdf5/src/H5Tconv_integer.c:1550
  NEW_FUNC: 0x558f33219270 in H5T__conv_uchar_ldouble /src/hdf5/src/H5Tconv_integer.c:1568
  NEW_FUNC: 0x558f3321db10 in H5T__conv_uchar_fcomplex /src/hdf5/src/H5Tconv_integer.c:1588
  NEW_FUNC: 0x558f33222d30 in H5T__conv_uchar_dcomplex /src/hdf5/src/H5Tconv_integer.c:1607
  NEW_FUNC: 0x558f33227190 in H5T__conv_uchar_lcomplex /src/hdf5/src/H5Tconv_integer.c:1626
  NEW_FUNC: 0x558f3322cb00 in H5T__conv_short_schar /src/hdf5/src/H5Tconv_integer.c:1644
  NEW_FUNC: 0x558f3322fdd0 in H5T__conv_short_uchar /src/hdf5/src/H5Tconv_integer.c:1661
  NEW_FUNC: 0x558f33233010 in H5T__conv_short_ushort /src/hdf5/src/H5Tconv_integer.c:1678
  NEW_FUNC: 0x558f33235d80 in H5T__conv_short_int /src/hdf5/src/H5Tconv_integer.c:1695
  NEW_FUNC: 0x558f3323ade0 in H5T__conv_short_uint /src/hdf5/src/H5Tconv_integer.c:1712
  NEW_FUNC: 0x558f33246050 in H5T__conv_short_llong /src/hdf5/src/H5Tconv_integer.c:1763
  NEW_FUNC: 0x558f3324ac90 in H5T__conv_short_ullong /src/hdf5/src/H5Tconv_integer.c:1780
  NEW_FUNC: 0x558f3324df30 in H5T__conv_short_float /src/hdf5/src/H5Tconv_integer.c:1817
  NEW_FUNC: 0x558f33253a10 in H5T__conv_short_double /src/hdf5/src/H5Tconv_integer.c:1835
  NEW_FUNC: 0x558f33259170 in H5T__conv_short_ldouble /src/hdf5/src/H5Tconv_integer.c:1853
  NEW_FUNC: 0x558f3325e110 in H5T__conv_short_fcomplex /src/hdf5/src/H5Tconv_integer.c:1873
  NEW_FUNC: 0x558f33263a80 in H5T__conv_short_dcomplex /src/hdf5/src/H5Tconv_integer.c:1892
  NEW_FUNC: 0x558f33268530 in H5T__conv_short_lcomplex /src/hdf5/src/H5Tconv_integer.c:1911
  NEW_FUNC: 0x558f3326e650 in H5T__conv_ushort_schar /src/hdf5/src/H5Tconv_integer.c:1929
  NEW_FUNC: 0x558f33271740 in H5T__conv_ushort_uchar /src/hdf5/src/H5Tconv_integer.c:1946
  NEW_FUNC: 0x558f33274830 in H5T__conv_ushort_short /src/hdf5/src/H5Tconv_integer.c:1963
  NEW_FUNC: 0x558f332775c0 in H5T__conv_ushort_int /src/hdf5/src/H5Tconv_integer.c:1980
  NEW_FUNC: 0x558f3327c620 in H5T__conv_ushort_uint /src/hdf5/src/H5Tconv_integer.c:1997
  NEW_FUNC: 0x558f3328af00 in H5T__conv_ushort_llong /src/hdf5/src/H5Tconv_integer.c:2048
  NEW_FUNC: 0x558f3328fb40 in H5T__conv_ushort_ullong /src/hdf5/src/H5Tconv_integer.c:2065
  NEW_FUNC: 0x558f33294780 in H5T__conv_ushort_float /src/hdf5/src/H5Tconv_integer.c:2105
  NEW_FUNC: 0x558f3329a260 in H5T__conv_ushort_double /src/hdf5/src/H5Tconv_integer.c:2123
  NEW_FUNC: 0x558f3329f9c0 in H5T__conv_ushort_ldouble /src/hdf5/src/H5Tconv_integer.c:2141
  NEW_FUNC: 0x558f332a4900 in H5T__conv_ushort_fcomplex /src/hdf5/src/H5Tconv_integer.c:2161
  NEW_FUNC: 0x558f332aa270 in H5T__conv_ushort_dcomplex /src/hdf5/src/H5Tconv_integer.c:2180
  NEW_FUNC: 0x558f332aed20 in H5T__conv_ushort_lcomplex /src/hdf5/src/H5Tconv_integer.c:2199
  NEW_FUNC: 0x558f332b4f30 in H5T__conv_int_schar /src/hdf5/src/H5Tconv_integer.c:2217
  NEW_FUNC: 0x558f332b8160 in H5T__conv_int_uchar /src/hdf5/src/H5Tconv_integer.c:2234
  NEW_FUNC: 0x558f332bb330 in H5T__conv_int_short /src/hdf5/src/H5Tconv_integer.c:2251
  NEW_FUNC: 0x558f332be7c0 in H5T__conv_int_ushort /src/hdf5/src/H5Tconv_integer.c:2268
  NEW_FUNC: 0x558f332c1bc0 in H5T__conv_int_uint /src/hdf5/src/H5Tconv_integer.c:2285
  NEW_FUNC: 0x558f332cc780 in H5T__conv_int_llong /src/hdf5/src/H5Tconv_integer.c:2336
  NEW_FUNC: 0x558f332d13c0 in H5T__conv_int_ullong /src/hdf5/src/H5Tconv_integer.c:2353
  NEW_FUNC: 0x558f332d4620 in H5T__conv_int_float /src/hdf5/src/H5Tconv_integer.c:2393
  NEW_FUNC: 0x558f332d96b0 in H5T__conv_int_double /src/hdf5/src/H5Tconv_integer.c:2411
  NEW_FUNC: 0x558f332df1a0 in H5T__conv_int_ldouble /src/hdf5/src/H5Tconv_integer.c:2429
  NEW_FUNC: 0x558f332e4460 in H5T__conv_int_fcomplex /src/hdf5/src/H5Tconv_integer.c:2449
  NEW_FUNC: 0x558f332ea0e0 in H5T__conv_int_dcomplex /src/hdf5/src/H5Tconv_integer.c:2468
  NEW_FUNC: 0x558f332eef30 in H5T__conv_int_lcomplex /src/hdf5/src/H5Tconv_integer.c:2487
  NEW_FUNC: 0x558f332f5400 in H5T__conv_uint_schar /src/hdf5/src/H5Tconv_integer.c:2505
  NEW_FUNC: 0x558f332f84e0 in H5T__conv_uint_uchar /src/hdf5/src/H5Tconv_integer.c:2522
  NEW_FUNC: 0x558f332fb5d0 in H5T__conv_uint_short /src/hdf5/src/H5Tconv_integer.c:2539
  NEW_FUNC: 0x558f332feaa0 in H5T__conv_uint_ushort /src/hdf5/src/H5Tconv_integer.c:2556
  NEW_FUNC: 0x558f33301f70 in H5T__conv_uint_int /src/hdf5/src/H5Tconv_integer.c:2573
  NEW_FUNC: 0x558f3330e560 in H5T__conv_uint_llong /src/hdf5/src/H5Tconv_integer.c:2624
  NEW_FUNC: 0x558f333131a0 in H5T__conv_uint_ullong /src/hdf5/src/H5Tconv_integer.c:2641
  NEW_FUNC: 0x558f33317de0 in H5T__conv_uint_float /src/hdf5/src/H5Tconv_integer.c:2681
  NEW_FUNC: 0x558f3331cfb0 in H5T__conv_uint_double /src/hdf5/src/H5Tconv_integer.c:2699
  NEW_FUNC: 0x558f33322a50 in H5T__conv_uint_ldouble /src/hdf5/src/H5Tconv_integer.c:2717
  NEW_FUNC: 0x558f33327d90 in H5T__conv_uint_fcomplex /src/hdf5/src/H5Tconv_integer.c:2737
  NEW_FUNC: 0x558f3332da40 in H5T__conv_uint_dcomplex /src/hdf5/src/H5Tconv_integer.c:2756
  NEW_FUNC: 0x558f33332920 in H5T__conv_uint_lcomplex /src/hdf5/src/H5Tconv_integer.c:2775
  NEW_FUNC: 0x558f33354e10 in H5T__conv_long_float /src/hdf5/src/H5Tconv_integer.c:2969
  NEW_FUNC: 0x558f3335aff0 in H5T__conv_long_double /src/hdf5/src/H5Tconv_integer.c:2987
  NEW_FUNC: 0x558f33360390 in H5T__conv_long_ldouble /src/hdf5/src/H5Tconv_integer.c:3005
  NEW_FUNC: 0x558f33365cc0 in H5T__conv_long_fcomplex /src/hdf5/src/H5Tconv_integer.c:3025
  NEW_FUNC: 0x558f3336b2c0 in H5T__conv_long_dcomplex /src/hdf5/src/H5Tconv_integer.c:3044
  NEW_FUNC: 0x558f33370630 in H5T__conv_long_lcomplex /src/hdf5/src/H5Tconv_integer.c:3063
  NEW_FUNC: 0x558f33392eb0 in H5T__conv_ulong_float /src/hdf5/src/H5Tconv_integer.c:3257
  NEW_FUNC: 0x558f33399730 in H5T__conv_ulong_double /src/hdf5/src/H5Tconv_integer.c:3275
  NEW_FUNC: 0x558f3339ef80 in H5T__conv_ulong_ldouble /src/hdf5/src/H5Tconv_integer.c:3293
  NEW_FUNC: 0x558f333a4a70 in H5T__conv_ulong_fcomplex /src/hdf5/src/H5Tconv_integer.c:3313
  NEW_FUNC: 0x558f333aa5a0 in H5T__conv_ulong_dcomplex /src/hdf5/src/H5Tconv_integer.c:3332
  NEW_FUNC: 0x558f333afc20 in H5T__conv_ulong_lcomplex /src/hdf5/src/H5Tconv_integer.c:3351
  NEW_FUNC: 0x558f333b68c0 in H5T__conv_llong_schar /src/hdf5/src/H5Tconv_integer.c:3369
  NEW_FUNC: 0x558f333b9a90 in H5T__conv_llong_uchar /src/hdf5/src/H5Tconv_integer.c:3386
  NEW_FUNC: 0x558f333bcbf0 in H5T__conv_llong_short /src/hdf5/src/H5Tconv_integer.c:3403
  NEW_FUNC: 0x558f333c0000 in H5T__conv_llong_ushort /src/hdf5/src/H5Tconv_integer.c:3420
  NEW_FUNC: 0x558f333c3350 in H5T__conv_llong_int /src/hdf5/src/H5Tconv_integer.c:3437
  NEW_FUNC: 0x558f333c67d0 in H5T__conv_llong_uint /src/hdf5/src/H5Tconv_integer.c:3454
  NEW_FUNC: 0x558f333cfef0 in H5T__conv_llong_ullong /src/hdf5/src/H5Tconv_integer.c:3505
  NEW_FUNC: 0x558f333f4ac0 in H5T__conv_ullong_schar /src/hdf5/src/H5Tconv_integer.c:3661
  NEW_FUNC: 0x558f333f7ac0 in H5T__conv_ullong_uchar /src/hdf5/src/H5Tconv_integer.c:3678
  NEW_FUNC: 0x558f333faae0 in H5T__conv_ullong_short /src/hdf5/src/H5Tconv_integer.c:3695
  NEW_FUNC: 0x558f333fdea0 in H5T__conv_ullong_ushort /src/hdf5/src/H5Tconv_integer.c:3712
  NEW_FUNC: 0x558f33401260 in H5T__conv_ullong_int /src/hdf5/src/H5Tconv_integer.c:3729
  NEW_FUNC: 0x558f33404610 in H5T__conv_ullong_uint /src/hdf5/src/H5Tconv_integer.c:3746
  NEW_FUNC: 0x558f3340de90 in H5T__conv_ullong_llong /src/hdf5/src/H5Tconv_integer.c:3797
  NEW_FUNC: 0x558f33441080 in H5T__init_native_float_types /src/hdf5/src/H5Tinit_float.c:465
  NEW_FUNC: 0x558f334451a0 in H5T__fix_order /src/hdf5/src/H5Tinit_float.c:302
  NEW_FUNC: 0x558f33445f70 in H5T__imp_bit /src/hdf5/src/H5Tinit_float.c:372
  NEW_FUNC: 0x558f334461b0 in H5T__bit_cmp /src/hdf5/src/H5Tinit_float.c:254
  NEW_FUNC: 0x558f334466c0 in H5T__find_bias /src/hdf5/src/H5Tinit_float.c:414
  NEW_FUNC: 0x558f3344b030 in H5T__init_native_internal /src/hdf5/src/H5Tnative.c:1119
  NEW_FUNC: 0x558f3344b880 in H5T__init_native_complex_types /src/hdf5/src/H5Tnative.c:1425
  NEW_FUNC: 0x558f3344f6b0 in H5T__ref_set_loc /src/hdf5/src/H5Tref.c:160
  NEW_FUNC: 0x558f334557b0 in H5T__vlen_create /src/hdf5/src/H5Tvlen.c:176
  NEW_FUNC: 0x558f33455c90 in H5T__vlen_set_loc /src/hdf5/src/H5Tvlen.c:234
  NEW_FUNC: 0x558f33472b30 in H5VL_file_open /src/hdf5/src/H5VLcallback.c:3826
  NEW_FUNC: 0x558f33473260 in H5VL__file_open /src/hdf5/src/H5VLcallback.c:3701
  NEW_FUNC: 0x558f33492380 in H5VL_init_phase1 /src/hdf5/src/H5VLint.c:161
  NEW_FUNC: 0x558f334924b0 in H5VL__init_package /src/hdf5/src/H5VLint.c:237
  NEW_FUNC: 0x558f334925f0 in H5VL_init_phase2 /src/hdf5/src/H5VLint.c:187
  NEW_FUNC: 0x558f33492cc0 in H5VL__set_def_conn /src/hdf5/src/H5VLint.c:366
  NEW_FUNC: 0x558f33493e90 in H5VL_conn_prop_free /src/hdf5/src/H5VLint.c:714
  NEW_FUNC: 0x558f33494720 in H5VL_conn_inc_rc /src/hdf5/src/H5VLint.c:985
  NEW_FUNC: 0x558f33494eb0 in H5VL_conn_dec_rc /src/hdf5/src/H5VLint.c:1014
  NEW_FUNC: 0x558f33496240 in H5VL_conn_prop_copy /src/hdf5/src/H5VLint.c:611
  NEW_FUNC: 0x558f33499c00 in H5VL__register_connector /src/hdf5/src/H5VLint.c:1313
  NEW_FUNC: 0x558f334a03c0 in H5VL__is_default_conn /src/hdf5/src/H5VLint.c:2575
  NEW_FUNC: 0x558f334a2860 in H5VL__native_register /src/hdf5/src/H5VLnative.c:193
  NEW_FUNC: 0x558f334aeae0 in H5VL__native_file_open /src/hdf5/src/H5VLnative_file.c:120
  NEW_FUNC: 0x558f334bcc30 in H5VL__passthru_register /src/hdf5/src/H5VLpassthru_int.c:54
  NEW_FUNC: 0x558f33533020 in H5__init_package /src/hdf5/src/H5.c:114
  NEW_FUNC: 0x558f33533150 in H5_init_library /src/hdf5/src/H5.c:144
  NEW_FUNC: 0x558f33533a90 in H5_check_version /src/hdf5/src/H5.c:853
  NEW_FUNC: 0x558f33536450 in H5__debug_mask /src/hdf5/src/H5.c:670
  NEW_FUNC: 0x558f33537300 in H5_user_cb_prepare /src/hdf5/src/H5.c:1300
  NEW_FUNC: 0x558f335374e0 in H5_user_cb_restore /src/hdf5/src/H5.c:1330
  NEW_FUNC: 0x558f3353a530 in H5_hash_string /src/hdf5/src/H5checksum.c:499
  NEW_FUNC: 0x558f33550980 in H5A_init /src/hdf5/src/H5Aint.c:148
  NEW_FUNC: 0x558f33550ab0 in H5A__init_package /src/hdf5/src/H5Aint.c:172
  NEW_FUNC: 0x558f33560060 in H5AC_create /src/hdf5/src/H5AC.c:251
  NEW_FUNC: 0x558f335609c0 in H5AC_validate_config /src/hdf5/src/H5AC.c:1883
  NEW_FUNC: 0x558f335619a0 in H5AC_validate_cache_image_config /src/hdf5/src/H5AC.c:1956
  NEW_FUNC: 0x558f33561f10 in H5AC_set_cache_auto_resize_config /src/hdf5/src/H5AC.c:1794
  NEW_FUNC: 0x558f33562cd0 in H5AC_dest /src/hdf5/src/H5AC.c:428
  NEW_FUNC: 0x558f33565bd0 in H5AC_prep_for_file_close /src/hdf5/src/H5AC.c:1107
  NEW_FUNC: 0x558f33566480 in H5AC_protect /src/hdf5/src/H5AC.c:1269
  NEW_FUNC: 0x558f33568b30 in H5AC_tag /src/hdf5/src/H5AC.c:2141
  NEW_FUNC: 0x558f33569940 in H5AC_set_ring /src/hdf5/src/H5AC.c:2431
  NEW_FUNC: 0x558f335b1a30 in H5C_create /src/hdf5/src/H5C.c:128
  NEW_FUNC: 0x558f335b2d20 in H5C_reset_cache_hit_rate_stats /src/hdf5/src/H5C.c:785
  NEW_FUNC: 0x558f335b2ed0 in H5C_prep_for_file_close /src/hdf5/src/H5C.c:395
  NEW_FUNC: 0x558f335b3230 in H5C_dest /src/hdf5/src/H5C.c:482
  NEW_FUNC: 0x558f335b3e50 in H5C_set_slist_enabled /src/hdf5/src/H5C.c:1075
  NEW_FUNC: 0x558f335b55e0 in H5C_set_cache_auto_resize_config /src/hdf5/src/H5C.c:818
  NEW_FUNC: 0x558f335b6ee0 in H5C_validate_resize_config /src/hdf5/src/H5C.c:1207
  NEW_FUNC: 0x558f335b8330 in H5C_set_evictions_enabled /src/hdf5/src/H5C.c:1005
  NEW_FUNC: 0x558f335bb500 in H5C_stats__reset /src/hdf5/src/H5Cdbg.c:683
  NEW_FUNC: 0x558f335c9ae0 in H5C_protect /src/hdf5/src/H5Centry.c:2996
  NEW_FUNC: 0x558f335d6d70 in H5C__verify_len_eoa /src/hdf5/src/H5Centry.c:950
  NEW_FUNC: 0x558f335d7fc0 in H5C_cache_image_status /src/hdf5/src/H5Cimage.c:229
  NEW_FUNC: 0x558f335e2ed0 in H5C__prep_image_for_file_close /src/hdf5/src/H5Cimage.c:832
  NEW_FUNC: 0x558f335e6fc0 in H5C_set_cache_image_config /src/hdf5/src/H5Cimage.c:1114
  NEW_FUNC: 0x558f335e7310 in H5C_validate_cache_image_config /src/hdf5/src/H5Cimage.c:1186
  NEW_FUNC: 0x558f335ecf70 in H5C__flush_invalidate_cache /src/hdf5/src/H5Cint.c:991
  NEW_FUNC: 0x558f335f1e50 in H5C_get_logging_status /src/hdf5/src/H5Clog.c:257
  NEW_FUNC: 0x558f33609ec0 in H5CX__init_package /src/hdf5/src/H5CX.c:266
  NEW_FUNC: 0x558f3360b570 in H5CX_pushed /src/hdf5/src/H5CX.c:507
  NEW_FUNC: 0x558f3360b5f0 in H5CX_push /src/hdf5/src/H5CX.c:533
  NEW_FUNC: 0x558f3360dee0 in H5CX_set_apl /src/hdf5/src/H5CX.c:1012
  NEW_FUNC: 0x558f3360e7f0 in H5CX_set_vol_connector_prop /src/hdf5/src/H5CX.c:1210
  NEW_FUNC: 0x558f3360e9f0 in H5CX_get_dxpl /src/hdf5/src/H5CX.c:1241
  NEW_FUNC: 0x558f3360ee20 in H5CX_get_vol_connector_prop /src/hdf5/src/H5CX.c:1336
  NEW_FUNC: 0x558f3360f040 in H5CX_get_tag /src/hdf5/src/H5CX.c:1369
  NEW_FUNC: 0x558f3360f0d0 in H5CX_get_ring /src/hdf5/src/H5CX.c:1396
  NEW_FUNC: 0x558f336161c0 in H5CX_set_tag /src/hdf5/src/H5CX.c:2597
  NEW_FUNC: 0x558f33616250 in H5CX_set_ring /src/hdf5/src/H5CX.c:2622
  NEW_FUNC: 0x558f33616f50 in H5CX_pop /src/hdf5/src/H5CX.c:3317
  NEW_FUNC: 0x558f336a7740 in H5F__accum_read /src/hdf5/src/H5Faccum.c:99
  NEW_FUNC: 0x558f336ab900 in H5F__accum_reset /src/hdf5/src/H5Faccum.c:1046
  NEW_FUNC: 0x558f336f1210 in H5FS_init /src/hdf5/src/H5FSint.c:80
  NEW_FUNC: 0x558f3377d340 in H5L_register_external /src/hdf5/src/H5Lexternal.c:318
  NEW_FUNC: 0x558f3377efc0 in H5M_init /src/hdf5/src/H5M.c:94
  NEW_FUNC: 0x558f3377f0f0 in H5M__init_package /src/hdf5/src/H5M.c:117
  NEW_FUNC: 0x558f337cffc0 in H5O__efl_copy /src/hdf5/src/H5Oefl.c:269
  NEW_FUNC: 0x558f337d3580 in H5P__fcrt_reg_prop /src/hdf5/src/H5Pfcpl.c:207
  NEW_FUNC: 0x558f337e1070 in H5P__fmnt_reg_prop /src/hdf5/src/H5Pfmpl.c:105
  NEW_FUNC: 0x558f337e1220 in H5P__gcrt_reg_prop /src/hdf5/src/H5Pgcpl.c:114
  NEW_FUNC: 0x558f337f7e10 in H5VL_pass_through_init /src/hdf5/src/H5VLpassthru.c:427
#2018: cov: 2013 ft: 2179 corp: 3 exec/s: 367 oom/timeout/crash: 0/0/0 time: 5s job: 2 dft_time: 0
#3180: cov: 2013 ft: 2179 corp: 3 exec/s: 290 oom/timeout/crash: 0/0/0 time: 6s job: 3 dft_time: 0
#4605: cov: 2013 ft: 2179 corp: 3 exec/s: 285 oom/timeout/crash: 0/0/0 time: 6s job: 4 dft_time: 0
#6351: cov: 2014 ft: 2187 corp: 5 exec/s: 291 oom/timeout/crash: 0/0/0 time: 7s job: 5 dft_time: 0
#7964: cov: 2014 ft: 2187 corp: 5 exec/s: 230 oom/timeout/crash: 0/0/0 time: 13s job: 6 dft_time: 0
#9772: cov: 2015 ft: 2188 corp: 6 exec/s: 226 oom/timeout/crash: 0/0/0 time: 14s job: 7 dft_time: 0
#11782: cov: 2015 ft: 2188 corp: 6 exec/s: 223 oom/timeout/crash: 0/0/0 time: 16s job: 8 dft_time: 0
#13704: cov: 2015 ft: 2188 corp: 6 exec/s: 192 oom/timeout/crash: 0/0/0 time: 17s job: 9 dft_time: 0
#15988: cov: 2016 ft: 2189 corp: 7 exec/s: 207 oom/timeout/crash: 0/0/0 time: 18s job: 10 dft_time: 0
#18465: cov: 2016 ft: 2189 corp: 7 exec/s: 206 oom/timeout/crash: 0/0/0 time: 26s job: 11 dft_time: 0
#21446: cov: 2016 ft: 2189 corp: 7 exec/s: 229 oom/timeout/crash: 0/0/0 time: 28s job: 12 dft_time: 0
#24627: cov: 2016 ft: 2189 corp: 7 exec/s: 227 oom/timeout/crash: 0/0/0 time: 31s job: 13 dft_time: 0
#27719: cov: 2016 ft: 2189 corp: 7 exec/s: 206 oom/timeout/crash: 0/0/0 time: 33s job: 14 dft_time: 0
#31028: cov: 2016 ft: 2189 corp: 7 exec/s: 206 oom/timeout/crash: 0/0/0 time: 35s job: 15 dft_time: 0
#34004: cov: 2016 ft: 2189 corp: 7 exec/s: 175 oom/timeout/crash: 0/0/0 time: 44s job: 16 dft_time: 0
#37405: cov: 2016 ft: 2189 corp: 7 exec/s: 188 oom/timeout/crash: 0/0/0 time: 47s job: 17 dft_time: 0
#40919: cov: 2016 ft: 2189 corp: 7 exec/s: 184 oom/timeout/crash: 0/0/0 time: 50s job: 18 dft_time: 0
#44678: cov: 2017 ft: 2206 corp: 8 exec/s: 187 oom/timeout/crash: 0/0/0 time: 54s job: 19 dft_time: 0
#48637: cov: 2017 ft: 2206 corp: 8 exec/s: 188 oom/timeout/crash: 0/0/0 time: 57s job: 20 dft_time: 0
#52761: cov: 2017 ft: 2206 corp: 8 exec/s: 187 oom/timeout/crash: 0/0/0 time: 67s job: 21 dft_time: 0
#57387: cov: 2017 ft: 2206 corp: 8 exec/s: 201 oom/timeout/crash: 0/0/0 time: 71s job: 22 dft_time: 0
#62249: cov: 2017 ft: 2206 corp: 8 exec/s: 202 oom/timeout/crash: 0/0/0 time: 75s job: 23 dft_time: 0
#67085: cov: 2017 ft: 2206 corp: 8 exec/s: 193 oom/timeout/crash: 0/0/0 time: 80s job: 24 dft_time: 0
#72162: cov: 2019 ft: 2208 corp: 9 exec/s: 195 oom/timeout/crash: 0/0/0 time: 84s job: 25 dft_time: 0
#77455: cov: 2019 ft: 2208 corp: 9 exec/s: 196 oom/timeout/crash: 0/0/0 time: 94s job: 26 dft_time: 0
#83308: cov: 2019 ft: 2208 corp: 9 exec/s: 209 oom/timeout/crash: 0/0/0 time: 100s job: 27 dft_time: 0
#88860: cov: 2019 ft: 2208 corp: 9 exec/s: 191 oom/timeout/crash: 0/0/0 time: 105s job: 28 dft_time: 0
#94601: cov: 2019 ft: 2208 corp: 9 exec/s: 191 oom/timeout/crash: 0/0/0 time: 111s job: 29 dft_time: 0
#100423: cov: 2019 ft: 2208 corp: 9 exec/s: 187 oom/timeout/crash: 0/0/0 time: 116s job: 30 dft_time: 0
#105984: cov: 2019 ft: 2208 corp: 9 exec/s: 173 oom/timeout/crash: 0/0/0 time: 127s job: 31 dft_time: 0
#111801: cov: 2019 ft: 2208 corp: 9 exec/s: 176 oom/timeout/crash: 0/0/0 time: 134s job: 32 dft_time: 0
  NEW_FUNC: 0x558f32cad2e0 in H5F_get_checksums /src/hdf5/src/H5Fio.c:500
  NEW_FUNC: 0x558f32cbf510 in H5F__cache_superblock_verify_chksum /src/hdf5/src/H5Fsuper_cache.c:366
  NEW_FUNC: 0x558f33539cb0 in H5_checksum_lookup3 /src/hdf5/src/H5checksum.c:366
  NEW_FUNC: 0x558f3353a500 in H5_checksum_metadata /src/hdf5/src/H5checksum.c:473
  NEW_FUNC: 0x558f3353b630 in H5_nanosleep /src/hdf5/src/H5system.c:858
#117922: cov: 2042 ft: 2242 corp: 11 exec/s: 180 oom/timeout/crash: 0/0/0 time: 140s job: 33 dft_time: 0
#124376: cov: 2042 ft: 2242 corp: 11 exec/s: 184 oom/timeout/crash: 0/0/0 time: 147s job: 34 dft_time: 0
#130616: cov: 2042 ft: 2242 corp: 11 exec/s: 173 oom/timeout/crash: 0/0/0 time: 153s job: 35 dft_time: 0
#138145: cov: 2042 ft: 2242 corp: 11 exec/s: 203 oom/timeout/crash: 0/0/0 time: 165s job: 36 dft_time: 0
#145377: cov: 2042 ft: 2242 corp: 11 exec/s: 190 oom/timeout/crash: 0/0/0 time: 173s job: 37 dft_time: 0
  NEW_FUNC: 0x558f32cbdb00 in H5F__super_free /src/hdf5/src/H5Fsuper.c:1573
  NEW_FUNC: 0x558f32cbf830 in H5F__cache_superblock_deserialize /src/hdf5/src/H5Fsuper_cache.c:404
#152444: cov: 2061 ft: 2315 corp: 16 exec/s: 181 oom/timeout/crash: 0/0/0 time: 180s job: 38 dft_time: 0
#159388: cov: 2062 ft: 2317 corp: 18 exec/s: 173 oom/timeout/crash: 0/0/0 time: 188s job: 39 dft_time: 0
#166925: cov: 2062 ft: 2319 corp: 19 exec/s: 183 oom/timeout/crash: 0/0/0 time: 195s job: 40 dft_time: 0
#173805: cov: 2062 ft: 2319 corp: 19 exec/s: 163 oom/timeout/crash: 0/0/0 time: 208s job: 41 dft_time: 0
#180815: cov: 2063 ft: 2321 corp: 21 exec/s: 163 oom/timeout/crash: 0/0/0 time: 217s job: 42 dft_time: 0
  NEW_FUNC: 0x558f32ca3b00 in H5F_addr_decode /src/hdf5/src/H5Fint.c:3071
  NEW_FUNC: 0x558f32ca5af0 in H5F__set_base_addr /src/hdf5/src/H5Fint.c:3556
  NEW_FUNC: 0x558f32cb1bb0 in H5F_sizeof_addr /src/hdf5/src/H5Fquery.c:383
  NEW_FUNC: 0x558f32cb1c00 in H5F_sizeof_size /src/hdf5/src/H5Fquery.c:404
  NEW_FUNC: 0x558f32cc2d80 in H5F__cache_superblock_free_icr /src/hdf5/src/H5Fsuper_cache.c:786
  NEW_FUNC: 0x558f32cc2ef0 in H5F__cache_drvrinfo_get_initial_load_size /src/hdf5/src/H5Fsuper_cache.c:813
  NEW_FUNC: 0x558f32cc2fb0 in H5F__cache_drvrinfo_get_final_load_size /src/hdf5/src/H5Fsuper_cache.c:835
  NEW_FUNC: 0x558f32cc3170 in H5F__cache_drvrinfo_deserialize /src/hdf5/src/H5Fsuper_cache.c:871
  NEW_FUNC: 0x558f32cc3a00 in H5F__cache_drvrinfo_free_icr /src/hdf5/src/H5Fsuper_cache.c:1000
  NEW_FUNC: 0x558f32cc4410 in H5F__drvrinfo_prefix_decode /src/hdf5/src/H5Fsuper_cache.c:227
  NEW_FUNC: 0x558f32cc8670 in H5FD_sb_load /src/hdf5/src/H5FD.c:682
  NEW_FUNC: 0x558f32cdc4c0 in H5FD_set_base_addr /src/hdf5/src/H5FD.c:2921
  NEW_FUNC: 0x558f32d38fe0 in H5G_ent_decode /src/hdf5/src/H5Gent.c:109
  NEW_FUNC: 0x558f32ebe690 in H5P__set_pclass_cb /src/hdf5/src/H5Pint.c:3138
  NEW_FUNC: 0x558f32ebf650 in H5P_exist_plist /src/hdf5/src/H5Pint.c:3388
  NEW_FUNC: 0x558f33561e80 in H5AC__check_if_write_permitted /src/hdf5/src/H5AC.c:2009
  NEW_FUNC: 0x558f33563580 in H5AC_expunge_entry /src/hdf5/src/H5AC.c:580
  NEW_FUNC: 0x558f335658c0 in H5AC_pin_protected_entry /src/hdf5/src/H5AC.c:1062
  NEW_FUNC: 0x558f33566bb0 in H5AC_unpin_entry /src/hdf5/src/H5AC.c:1427
  NEW_FUNC: 0x558f335671e0 in H5AC_unprotect /src/hdf5/src/H5AC.c:1532
  NEW_FUNC: 0x558f335bbe50 in H5C__flush_single_entry /src/hdf5/src/H5Centry.c:430
  NEW_FUNC: 0x558f335c9640 in H5C_pin_protected_entry /src/hdf5/src/H5Centry.c:2937
  NEW_FUNC: 0x558f335d0410 in H5C_unpin_entry /src/hdf5/src/H5Centry.c:3398
  NEW_FUNC: 0x558f335d0680 in H5C__unpin_entry_from_client /src/hdf5/src/H5Centry.c:200
  NEW_FUNC: 0x558f335d0e70 in H5C_unprotect /src/hdf5/src/H5Centry.c:3454
  NEW_FUNC: 0x558f335d55d0 in H5C_expunge_entry /src/hdf5/src/H5Centry.c:4061
  NEW_FUNC: 0x558f33602fc0 in H5C__tag_entry /src/hdf5/src/H5Ctag.c:186
  NEW_FUNC: 0x558f33604d10 in H5C__untag_entry /src/hdf5/src/H5Ctag.c:266
#188121: cov: 2292 ft: 2742 corp: 32 exec/s: 166 oom/timeout/crash: 0/0/0 time: 225s job: 43 dft_time: 0
#195082: cov: 2295 ft: 2746 corp: 34 exec/s: 154 oom/timeout/crash: 0/0/0 time: 234s job: 44 dft_time: 0
#202107: cov: 2296 ft: 2747 corp: 35 exec/s: 152 oom/timeout/crash: 0/0/0 time: 242s job: 45 dft_time: 0
#209374: cov: 2297 ft: 2752 corp: 39 exec/s: 154 oom/timeout/crash: 0/0/0 time: 256s job: 46 dft_time: 0
#216758: cov: 2303 ft: 2768 corp: 46 exec/s: 153 oom/timeout/crash: 0/0/0 time: 266s job: 47 dft_time: 0
#224429: cov: 2304 ft: 2771 corp: 48 exec/s: 156 oom/timeout/crash: 0/0/0 time: 275s job: 48 dft_time: 0
#232107: cov: 2305 ft: 2777 corp: 50 exec/s: 153 oom/timeout/crash: 0/0/0 time: 284s job: 49 dft_time: 0
#235335: cov: 2305 ft: 2777 corp: 50 exec/s: 94 oom/timeout/crash: 0/0/0 time: 291s job: 51 dft_time: 0
  NEW_FUNC: 0x558f335ec6f0 in H5C__flash_increase_cache_size /src/hdf5/src/H5Cint.c:859
  NEW_FUNC: 0x558f335ef080 in H5C__make_space_in_cache /src/hdf5/src/H5Cint.c:1819
INFO: fuzzed for 306 seconds, wrapping up soon
INFO: exiting: 71 time: 306s
