INFO: Running with entropic power schedule (0xFF, 100).
INFO: Seed: 588708678
INFO: Loaded 1 modules   (125691 inline 8-bit counters): 125691 [0x564d57efd360, 0x564d57f1be5b), 
INFO: Loaded 1 PC tables (125691 PCs): 125691 [0x564d57f1be60,0x564d58106e10), 
INFO: -fork=5: fuzzing in separate process(s)
INFO: -fork=5: 0 seed inputs, starting to fuzz in /tmp/libFuzzerTemp.FuzzWithFork27355.dir
#2545: cov: 0 ft: 0 corp: 0 exec/s: 1272 oom/timeout/crash: 0/0/0 time: 2s job: 1 dft_time: 0
  NEW_FUNC: 0x564d57054700 in LLVMFuzzerTestOneInput /src/h5_hlt_fuzzer.c:244
  NEW_FUNC: 0x564d57057220 in H5LTopen_file_image /src/hdf5/hl/src/H5LT.c:764
  NEW_FUNC: 0x564d5706f8a0 in H5__init_package /src/hdf5/src/H5.c:114
  NEW_FUNC: 0x564d5706f9d0 in H5_init_library /src/hdf5/src/H5.c:144
  NEW_FUNC: 0x564d57070310 in H5_check_version /src/hdf5/src/H5.c:853
  NEW_FUNC: 0x564d57072cd0 in H5__debug_mask /src/hdf5/src/H5.c:670
  NEW_FUNC: 0x564d57073b80 in H5_user_cb_prepare /src/hdf5/src/H5.c:1300
  NEW_FUNC: 0x564d57073d60 in H5_user_cb_restore /src/hdf5/src/H5.c:1330
  NEW_FUNC: 0x564d5708e130 in H5A_init /src/hdf5/src/H5Aint.c:148
  NEW_FUNC: 0x564d5708e260 in H5A__init_package /src/hdf5/src/H5Aint.c:172
  NEW_FUNC: 0x564d5709d810 in H5AC_create /src/hdf5/src/H5AC.c:251
  NEW_FUNC: 0x564d5709e170 in H5AC_validate_config /src/hdf5/src/H5AC.c:1883
  NEW_FUNC: 0x564d5709f150 in H5AC_validate_cache_image_config /src/hdf5/src/H5AC.c:1956
  NEW_FUNC: 0x564d5709f6c0 in H5AC_set_cache_auto_resize_config /src/hdf5/src/H5AC.c:1794
  NEW_FUNC: 0x564d570a0480 in H5AC_dest /src/hdf5/src/H5AC.c:428
  NEW_FUNC: 0x564d570a3380 in H5AC_prep_for_file_close /src/hdf5/src/H5AC.c:1107
  NEW_FUNC: 0x564d570a3c30 in H5AC_protect /src/hdf5/src/H5AC.c:1269
  NEW_FUNC: 0x564d570a62e0 in H5AC_tag /src/hdf5/src/H5AC.c:2141
  NEW_FUNC: 0x564d570a70f0 in H5AC_set_ring /src/hdf5/src/H5AC.c:2431
  NEW_FUNC: 0x564d570e0a00 in H5C_create /src/hdf5/src/H5C.c:128
  NEW_FUNC: 0x564d570e1cf0 in H5C_reset_cache_hit_rate_stats /src/hdf5/src/H5C.c:785
  NEW_FUNC: 0x564d570e1ea0 in H5C_prep_for_file_close /src/hdf5/src/H5C.c:395
  NEW_FUNC: 0x564d570e2200 in H5C_dest /src/hdf5/src/H5C.c:482
  NEW_FUNC: 0x564d570e2e20 in H5C_set_slist_enabled /src/hdf5/src/H5C.c:1075
  NEW_FUNC: 0x564d570e45b0 in H5C_set_cache_auto_resize_config /src/hdf5/src/H5C.c:818
  NEW_FUNC: 0x564d570e5eb0 in H5C_validate_resize_config /src/hdf5/src/H5C.c:1207
  NEW_FUNC: 0x564d570e7300 in H5C_set_evictions_enabled /src/hdf5/src/H5C.c:1005
  NEW_FUNC: 0x564d570ea4d0 in H5C_stats__reset /src/hdf5/src/H5Cdbg.c:683
  NEW_FUNC: 0x564d570f8ab0 in H5C_protect /src/hdf5/src/H5Centry.c:2996
  NEW_FUNC: 0x564d57105d40 in H5C__verify_len_eoa /src/hdf5/src/H5Centry.c:950
  NEW_FUNC: 0x564d57106f90 in H5C_cache_image_status /src/hdf5/src/H5Cimage.c:229
  NEW_FUNC: 0x564d57111ea0 in H5C__prep_image_for_file_close /src/hdf5/src/H5Cimage.c:832
  NEW_FUNC: 0x564d57115f90 in H5C_set_cache_image_config /src/hdf5/src/H5Cimage.c:1114
  NEW_FUNC: 0x564d571162e0 in H5C_validate_cache_image_config /src/hdf5/src/H5Cimage.c:1186
  NEW_FUNC: 0x564d5711bf40 in H5C__flush_invalidate_cache /src/hdf5/src/H5Cint.c:991
  NEW_FUNC: 0x564d57120e20 in H5C_get_logging_status /src/hdf5/src/H5Clog.c:257
  NEW_FUNC: 0x564d57138e90 in H5CX__init_package /src/hdf5/src/H5CX.c:266
  NEW_FUNC: 0x564d5713a540 in H5CX_pushed /src/hdf5/src/H5CX.c:507
  NEW_FUNC: 0x564d5713a5c0 in H5CX_push /src/hdf5/src/H5CX.c:533
  NEW_FUNC: 0x564d5713ceb0 in H5CX_set_apl /src/hdf5/src/H5CX.c:1012
  NEW_FUNC: 0x564d5713d7c0 in H5CX_set_vol_connector_prop /src/hdf5/src/H5CX.c:1210
  NEW_FUNC: 0x564d5713d9c0 in H5CX_get_dxpl /src/hdf5/src/H5CX.c:1241
  NEW_FUNC: 0x564d5713ddf0 in H5CX_get_vol_connector_prop /src/hdf5/src/H5CX.c:1336
  NEW_FUNC: 0x564d5713e010 in H5CX_get_tag /src/hdf5/src/H5CX.c:1369
  NEW_FUNC: 0x564d5713e0a0 in H5CX_get_ring /src/hdf5/src/H5CX.c:1396
  NEW_FUNC: 0x564d57145190 in H5CX_set_tag /src/hdf5/src/H5CX.c:2597
  NEW_FUNC: 0x564d57145220 in H5CX_set_ring /src/hdf5/src/H5CX.c:2622
  NEW_FUNC: 0x564d57145f20 in H5CX_pop /src/hdf5/src/H5CX.c:3317
  NEW_FUNC: 0x564d57169e50 in H5D_init /src/hdf5/src/H5Dint.c:162
  NEW_FUNC: 0x564d5716a020 in H5D__init_package /src/hdf5/src/H5Dint.c:189
  NEW_FUNC: 0x564d571cc340 in H5Eget_auto2 /src/hdf5/src/H5E.c:709
  NEW_FUNC: 0x564d571cca80 in H5Eset_auto2 /src/hdf5/src/H5E.c:767
  NEW_FUNC: 0x564d571cd1d0 in H5Eauto_is_v2 /src/hdf5/src/H5E.c:825
  NEW_FUNC: 0x564d571d2d90 in H5E_init /src/hdf5/src/H5Eint.c:217
  NEW_FUNC: 0x564d571d2f20 in H5E__init_package /src/hdf5/src/H5Eint.c:241
  NEW_FUNC: 0x564d571d78e0 in H5E_printf_stack /src/hdf5/src/H5Eint.c:1547
  NEW_FUNC: 0x564d571d8cd0 in H5E_clear_stack /src/hdf5/src/H5Eint.c:1844
  NEW_FUNC: 0x564d571d8f90 in H5E_user_cb_prepare /src/hdf5/src/H5Eint.c:367
  NEW_FUNC: 0x564d571d92b0 in H5E_user_cb_restore /src/hdf5/src/H5Eint.c:406
  NEW_FUNC: 0x564d571dd1b0 in H5E__get_auto /src/hdf5/src/H5Eint.c:1453
  NEW_FUNC: 0x564d571dd5b0 in H5E__set_auto /src/hdf5/src/H5Eint.c:1523
  NEW_FUNC: 0x564d571ddc50 in H5E__clear_entries /src/hdf5/src/H5Eint.c:1775
  NEW_FUNC: 0x564d571de290 in H5E_dump_api_stack /src/hdf5/src/H5Eint.c:1939
  NEW_FUNC: 0x564d572027a0 in H5Fopen /src/hdf5/src/H5F.c:813
  NEW_FUNC: 0x564d57202ef0 in H5F__open_api_common /src/hdf5/src/H5F.c:739
  NEW_FUNC: 0x564d57205560 in H5Fclose /src/hdf5/src/H5F.c:1028
  NEW_FUNC: 0x564d5721c000 in H5F_init /src/hdf5/src/H5Fint.c:138
  NEW_FUNC: 0x564d5721c130 in H5F__init_package /src/hdf5/src/H5Fint.c:161
  NEW_FUNC: 0x564d5721c280 in H5F__parse_file_lock_env_var /src/hdf5/src/H5Fint.c:276
  NEW_FUNC: 0x564d57220b00 in H5F_open /src/hdf5/src/H5Fint.c:1827
  NEW_FUNC: 0x564d57223f20 in H5F__new /src/hdf5/src/H5Fint.c:1132
  NEW_FUNC: 0x564d57227b10 in H5F__dest /src/hdf5/src/H5Fint.c:1405
  NEW_FUNC: 0x564d5722e820 in H5F_set_retries /src/hdf5/src/H5Fint.c:3485
  NEW_FUNC: 0x564d5722f080 in H5F__set_eoa /src/hdf5/src/H5Fint.c:3582
  NEW_FUNC: 0x564d57233c70 in H5F__set_vol_conn /src/hdf5/src/H5Fint.c:315
  NEW_FUNC: 0x564d57234510 in H5F_block_read /src/hdf5/src/H5Fio.c:117
  NEW_FUNC: 0x564d5723abe0 in H5F_get_intent /src/hdf5/src/H5Fquery.c:97
  NEW_FUNC: 0x564d5723af20 in H5F_get_read_attempts /src/hdf5/src/H5Fquery.c:342
  NEW_FUNC: 0x564d5723b4c0 in H5F_grp_btree_shared /src/hdf5/src/H5Fquery.c:672
  NEW_FUNC: 0x564d5723bee0 in H5F_get_eoa /src/hdf5/src/H5Fquery.c:924
  NEW_FUNC: 0x564d5723c7b0 in H5F_use_mdc_logging /src/hdf5/src/H5Fquery.c:1122
  NEW_FUNC: 0x564d5723cfe0 in H5F__sfile_add /src/hdf5/src/H5Fsfile.c:94
  NEW_FUNC: 0x564d5723d1c0 in H5F__sfile_search /src/hdf5/src/H5Fsfile.c:130
  NEW_FUNC: 0x564d5723d380 in H5F__sfile_remove /src/hdf5/src/H5Fsfile.c:165
  NEW_FUNC: 0x564d5723dc90 in H5F__super_read /src/hdf5/src/H5Fsuper.c:307
  NEW_FUNC: 0x564d572485e0 in H5F__cache_superblock_get_initial_load_size /src/hdf5/src/H5Fsuper_cache.c:303
  NEW_FUNC: 0x564d572486a0 in H5F__cache_superblock_get_final_load_size /src/hdf5/src/H5Fsuper_cache.c:325
  NEW_FUNC: 0x564d5724cee0 in H5F__superblock_prefix_decode /src/hdf5/src/H5Fsuper_cache.c:142
  NEW_FUNC: 0x564d57259520 in H5FD_init /src/hdf5/src/H5FD.c:110
  NEW_FUNC: 0x564d57259650 in H5FD__init_package /src/hdf5/src/H5FD.c:131
  NEW_FUNC: 0x564d5725ab90 in H5FD_register /src/hdf5/src/H5FD.c:388
  NEW_FUNC: 0x564d5725bfc0 in H5FD_get_class /src/hdf5/src/H5FD.c:527
  NEW_FUNC: 0x564d5725da30 in H5FD_free_driver_info /src/hdf5/src/H5FD.c:765
  NEW_FUNC: 0x564d5725e6f0 in H5FD_open /src/hdf5/src/H5FD.c:891
  NEW_FUNC: 0x564d5725f780 in H5FD__query /src/hdf5/src/H5FD.c:1213
  NEW_FUNC: 0x564d57260260 in H5FD_close /src/hdf5/src/H5FD.c:1055
  NEW_FUNC: 0x564d57264270 in H5FD_get_maxaddr /src/hdf5/src/H5FD.c:1498
  NEW_FUNC: 0x564d57264450 in H5FD_get_feature_flags /src/hdf5/src/H5FD.c:1524
  NEW_FUNC: 0x564d57264590 in H5FD_get_fs_type_map /src/hdf5/src/H5FD.c:1571
  NEW_FUNC: 0x564d5726df70 in H5FD_lock /src/hdf5/src/H5FD.c:2613
  NEW_FUNC: 0x564d57271f70 in H5FD__core_register /src/hdf5/src/H5FDcore.c:454
  NEW_FUNC: 0x564d57273360 in H5Pset_fapl_core /src/hdf5/src/H5FDcore.c:584
  NEW_FUNC: 0x564d57274590 in H5FD__core_open /src/hdf5/src/H5FDcore.c:692
  NEW_FUNC: 0x564d57276200 in H5FD__core_close /src/hdf5/src/H5FDcore.c:973
  NEW_FUNC: 0x564d57276e00 in H5FD__core_query /src/hdf5/src/H5FDcore.c:1103
  NEW_FUNC: 0x564d57276fb0 in H5FD__core_get_eoa /src/hdf5/src/H5FDcore.c:1143
  NEW_FUNC: 0x564d57276fe0 in H5FD__core_set_eoa /src/hdf5/src/H5FDcore.c:1164
  NEW_FUNC: 0x564d57277180 in H5FD__core_get_eof /src/hdf5/src/H5FDcore.c:1194
  NEW_FUNC: 0x564d57277690 in H5FD__core_read /src/hdf5/src/H5FDcore.c:1274
  NEW_FUNC: 0x564d57278a30 in H5FD__core_flush /src/hdf5/src/H5FDcore.c:1418
  NEW_FUNC: 0x564d572798a0 in H5FD__core_lock /src/hdf5/src/H5FDcore.c:1602
  NEW_FUNC: 0x564d5727a770 in H5FD__family_register /src/hdf5/src/H5FDfamily.c:279
  NEW_FUNC: 0x564d57281fd0 in H5FD_locate_signature /src/hdf5/src/H5FDint.c:149
  NEW_FUNC: 0x564d572826c0 in H5FD_get_eof /src/hdf5/src/H5FDint.c:2491
  NEW_FUNC: 0x564d57282d20 in H5FD_get_eoa /src/hdf5/src/H5FDint.c:2449
  NEW_FUNC: 0x564d572832f0 in H5FD_set_eoa /src/hdf5/src/H5FDint.c:2409
  NEW_FUNC: 0x564d572838b0 in H5FD_read /src/hdf5/src/H5FDint.c:214
  NEW_FUNC: 0x564d57293260 in H5FD_driver_query /src/hdf5/src/H5FDint.c:2533
  NEW_FUNC: 0x564d57298840 in H5FD__log_register /src/hdf5/src/H5FDlog.c:215
  NEW_FUNC: 0x564d5729fbe0 in H5FD__multi_register /src/hdf5/src/H5FDmulti_int.c:52
  NEW_FUNC: 0x564d5729fd10 in H5FD__onion_register /src/hdf5/src/H5FDonion.c:226
  NEW_FUNC: 0x564d572b5ce0 in H5FD__sec2_register /src/hdf5/src/H5FDsec2.c:174
  NEW_FUNC: 0x564d572bbe40 in H5FD__splitter_register /src/hdf5/src/H5FDsplitter.c:177
  NEW_FUNC: 0x564d572c3c00 in H5FD__stdio_register /src/hdf5/src/H5FDstdio_int.c:52
  NEW_FUNC: 0x564d572c4d40 in H5FL_reg_free /src/hdf5/src/H5FL.c:277
  NEW_FUNC: 0x564d572c5350 in H5FL_reg_malloc /src/hdf5/src/H5FL.c:334
  NEW_FUNC: 0x564d572c59e0 in H5FL_reg_calloc /src/hdf5/src/H5FL.c:386
  NEW_FUNC: 0x564d572c9cf0 in H5FL_fac_init /src/hdf5/src/H5FL.c:1695
  NEW_FUNC: 0x564d572ca1d0 in H5FL_fac_free /src/hdf5/src/H5FL.c:1758
  NEW_FUNC: 0x564d572ca7e0 in H5FL_fac_malloc /src/hdf5/src/H5FL.c:1814
  NEW_FUNC: 0x564d572cbd10 in H5FO_create /src/hdf5/src/H5FO.c:72
  NEW_FUNC: 0x564d572cc860 in H5FO_dest /src/hdf5/src/H5FO.c:341
  NEW_FUNC: 0x564d572cca90 in H5FO_top_create /src/hdf5/src/H5FO.c:385
  NEW_FUNC: 0x564d572cd310 in H5FO_top_dest /src/hdf5/src/H5FO.c:569
  NEW_FUNC: 0x564d572d7260 in H5FS_init /src/hdf5/src/H5FSint.c:80
  NEW_FUNC: 0x564d572e98c0 in H5G_init /src/hdf5/src/H5Gint.c:134
  NEW_FUNC: 0x564d572e99f0 in H5G__init_package /src/hdf5/src/H5Gint.c:165
  NEW_FUNC: 0x564d572fa460 in H5G_name_free /src/hdf5/src/H5Gname.c:536
  NEW_FUNC: 0x564d572fa860 in H5G_name_reset /src/hdf5/src/H5Gname.c:513
  NEW_FUNC: 0x564d57303720 in H5G_node_close /src/hdf5/src/H5Gnode.c:1112
  NEW_FUNC: 0x564d57393da0 in H5I_register_type /src/hdf5/src/H5Iint.c:242
  NEW_FUNC: 0x564d57395b90 in H5I__register /src/hdf5/src/H5Iint.c:581
  NEW_FUNC: 0x564d57397660 in H5I_register /src/hdf5/src/H5Iint.c:639
  NEW_FUNC: 0x564d573993e0 in H5I__find_id /src/hdf5/src/H5Iint.c:1666
  NEW_FUNC: 0x564d57399fb0 in H5I_object /src/hdf5/src/H5Iint.c:779
  NEW_FUNC: 0x564d5739a0f0 in H5I_object_verify /src/hdf5/src/H5Iint.c:807
  NEW_FUNC: 0x564d5739a270 in H5I_get_type /src/hdf5/src/H5Iint.c:840
  NEW_FUNC: 0x564d5739aba0 in H5I__remove_common /src/hdf5/src/H5Iint.c:944
  NEW_FUNC: 0x564d5739b790 in H5I_dec_ref /src/hdf5/src/H5Iint.c:1115
  NEW_FUNC: 0x564d5739b940 in H5I__dec_ref /src/hdf5/src/H5Iint.c:1036
  NEW_FUNC: 0x564d5739bf60 in H5I_dec_app_ref /src/hdf5/src/H5Iint.c:1192
  NEW_FUNC: 0x564d5739ccb0 in H5I_inc_ref /src/hdf5/src/H5Iint.c:1357
  NEW_FUNC: 0x564d573b20d0 in H5L_init /src/hdf5/src/H5Lint.c:206
  NEW_FUNC: 0x564d573b2200 in H5L__init_package /src/hdf5/src/H5Lint.c:227
  NEW_FUNC: 0x564d573b2730 in H5L_register /src/hdf5/src/H5Lint.c:344
  NEW_FUNC: 0x564d573bcc40 in H5M_init /src/hdf5/src/H5M.c:94
  NEW_FUNC: 0x564d573bcd70 in H5M__init_package /src/hdf5/src/H5M.c:117
  NEW_FUNC: 0x564d573bd350 in H5MF_init_merge_flags /src/hdf5/src/H5MF.c:137
  NEW_FUNC: 0x564d573d97b0 in H5MM_realloc /src/hdf5/src/H5MM.c:77
  NEW_FUNC: 0x564d573d9840 in H5MM_xstrdup /src/hdf5/src/H5MM.c:109
  NEW_FUNC: 0x564d573d9900 in H5MM_strdup /src/hdf5/src/H5MM.c:136
  NEW_FUNC: 0x564d573d9b60 in H5MM_xfree /src/hdf5/src/H5MM.c:197
  NEW_FUNC: 0x564d573d9b90 in H5MM_xfree_const /src/hdf5/src/H5MM.c:219
  NEW_FUNC: 0x564d5742f940 in H5O__fill_copy /src/hdf5/src/H5Ofill.c:534
  NEW_FUNC: 0x564d5743c470 in H5O_init /src/hdf5/src/H5Oint.c:192
  NEW_FUNC: 0x564d57446550 in H5O_loc_reset /src/hdf5/src/H5Oint.c:1804
  NEW_FUNC: 0x564d57452d90 in H5O__layout_copy /src/hdf5/src/H5Olayout.c:750
  NEW_FUNC: 0x564d574609a0 in H5O_msg_reset /src/hdf5/src/H5Omessage.c:516
  NEW_FUNC: 0x564d574616d0 in H5O_msg_copy /src/hdf5/src/H5Omessage.c:665
  NEW_FUNC: 0x564d57466740 in H5O_msg_reset_share /src/hdf5/src/H5Omessage.c:1530
  NEW_FUNC: 0x564d5746e7a0 in H5O__pline_copy /src/hdf5/src/H5Opline.c:369
  NEW_FUNC: 0x564d5746fd10 in H5O__pline_reset /src/hdf5/src/H5Opline.c:521
  NEW_FUNC: 0x564d5747dd20 in H5Pcreate /src/hdf5/src/H5P.c:229
  NEW_FUNC: 0x564d574865b0 in H5Pclose /src/hdf5/src/H5P.c:1458
  NEW_FUNC: 0x564d57487f20 in H5P__dacc_reg_prop /src/hdf5/src/H5Pdapl.c:197
  NEW_FUNC: 0x564d57493b60 in H5P__dcrt_reg_prop /src/hdf5/src/H5Pdcpl.c:301
  NEW_FUNC: 0x564d574b25f0 in H5P__dcrt_layout_get /src/hdf5/src/H5Pdcpl.c:391
  NEW_FUNC: 0x564d574bc730 in H5P__dcrt_fill_value_get /src/hdf5/src/H5Pdcpl.c:1098
  NEW_FUNC: 0x564d574bee70 in H5P__dcrt_ext_file_list_get /src/hdf5/src/H5Pdcpl.c:1476
  NEW_FUNC: 0x564d574c3aa0 in H5P__dxfr_reg_prop /src/hdf5/src/H5Pdxpl.c:313
  NEW_FUNC: 0x564d574d9ad0 in H5P__facc_reg_prop /src/hdf5/src/H5Pfapl.c:553
  NEW_FUNC: 0x564d574dbf90 in H5P__facc_set_def_driver /src/hdf5/src/H5Pfapl.c:860
  NEW_FUNC: 0x564d574dd5c0 in H5P_set_driver /src/hdf5/src/H5Pfapl.c:1162
  NEW_FUNC: 0x564d574e1750 in H5P_peek_driver_info /src/hdf5/src/H5Pfapl.c:1497
  NEW_FUNC: 0x564d574ee250 in H5Pset_file_image /src/hdf5/src/H5Pfapl.c:2977
  NEW_FUNC: 0x564d574f7b00 in H5P_set_vol /src/hdf5/src/H5Pfapl.c:5979
  NEW_FUNC: 0x564d574f8050 in H5P_reset_vol_class /src/hdf5/src/H5Pfapl.c:6020
  NEW_FUNC: 0x564d57505500 in H5P__facc_file_driver_create /src/hdf5/src/H5Pfapl.c:1765
  NEW_FUNC: 0x564d57505680 in H5P__facc_file_driver_set /src/hdf5/src/H5Pfapl.c:1791
  NEW_FUNC: 0x564d57505980 in H5P__facc_file_driver_del /src/hdf5/src/H5Pfapl.c:1849
  NEW_FUNC: 0x564d575060e0 in H5P__facc_file_driver_close /src/hdf5/src/H5Pfapl.c:1970
  NEW_FUNC: 0x564d575074f0 in H5P__facc_file_image_info_close /src/hdf5/src/H5Pfapl.c:3801
  NEW_FUNC: 0x564d57508860 in H5P__facc_mdc_log_location_close /src/hdf5/src/H5Pfapl.c:4890
  NEW_FUNC: 0x564d5750acb0 in H5P__facc_vol_create /src/hdf5/src/H5Pfapl.c:6238
  NEW_FUNC: 0x564d5750ae30 in H5P__facc_vol_set /src/hdf5/src/H5Pfapl.c:6264
  NEW_FUNC: 0x564d5750b130 in H5P__facc_vol_del /src/hdf5/src/H5Pfapl.c:6322
  NEW_FUNC: 0x564d5750b600 in H5P__facc_vol_close /src/hdf5/src/H5Pfapl.c:6408
  NEW_FUNC: 0x564d5750b780 in H5P__file_driver_copy /src/hdf5/src/H5Pfapl.c:1658
  NEW_FUNC: 0x564d5750bd90 in H5P__file_driver_free /src/hdf5/src/H5Pfapl.c:1725
  NEW_FUNC: 0x564d5750cbf0 in H5P__file_image_info_free /src/hdf5/src/H5Pfapl.c:3424
  NEW_FUNC: 0x564d5750d3f0 in H5P_init_phase1 /src/hdf5/src/H5Pint.c:424
  NEW_FUNC: 0x564d5750d5c0 in H5P__init_package /src/hdf5/src/H5Pint.c:475
  NEW_FUNC: 0x564d5750e1c0 in H5P_init_phase2 /src/hdf5/src/H5Pint.c:450
  NEW_FUNC: 0x564d5750e4e0 in H5P__create_class /src/hdf5/src/H5Pint.c:1781
  NEW_FUNC: 0x564d5750ebb0 in H5P_create_id /src/hdf5/src/H5Pint.c:2014
  NEW_FUNC: 0x564d57510890 in H5P__dup_prop /src/hdf5/src/H5Pint.c:1179
  NEW_FUNC: 0x564d57510ef0 in H5P_copy_plist /src/hdf5/src/H5Pint.c:938
  NEW_FUNC: 0x564d57512f30 in H5P__do_prop_cb1 /src/hdf5/src/H5Pint.c:789
  NEW_FUNC: 0x564d57513840 in H5P__access_class /src/hdf5/src/H5Pint.c:1630
  NEW_FUNC: 0x564d57513df0 in H5P_close /src/hdf5/src/H5Pint.c:5285
  NEW_FUNC: 0x564d575150f0 in H5P__free_prop_cb /src/hdf5/src/H5Pint.c:1547
  NEW_FUNC: 0x564d575155a0 in H5P__register_real /src/hdf5/src/H5Pint.c:2257
  NEW_FUNC: 0x564d57515ba0 in H5P__create_prop /src/hdf5/src/H5Pint.c:1293
  NEW_FUNC: 0x564d57517290 in H5P_poke /src/hdf5/src/H5Pint.c:3007
  NEW_FUNC: 0x564d575176e0 in H5P__do_prop /src/hdf5/src/H5Pint.c:2818
  NEW_FUNC: 0x564d57517d60 in H5P__poke_pclass_cb /src/hdf5/src/H5Pint.c:2945
  NEW_FUNC: 0x564d57518330 in H5P_set /src/hdf5/src/H5Pint.c:3237
  NEW_FUNC: 0x564d57518780 in H5P__set_plist_cb /src/hdf5/src/H5Pint.c:3050
  NEW_FUNC: 0x564d57519c00 in H5P__class_get /src/hdf5/src/H5Pint.c:3284
  NEW_FUNC: 0x564d57519e70 in H5P__class_set /src/hdf5/src/H5Pint.c:3339
  NEW_FUNC: 0x564d5751acb0 in H5P__cmp_class /src/hdf5/src/H5Pint.c:3808
  NEW_FUNC: 0x564d5751cfe0 in H5P_class_isa /src/hdf5/src/H5Pint.c:4078
  NEW_FUNC: 0x564d5751d300 in H5P_isa_class /src/hdf5/src/H5Pint.c:4129
  NEW_FUNC: 0x564d5751da30 in H5P_is_default_plist /src/hdf5/src/H5Pint.c:4161
  NEW_FUNC: 0x564d5751ddf0 in H5P_object_verify /src/hdf5/src/H5Pint.c:4215
  NEW_FUNC: 0x564d5751efa0 in H5P_peek /src/hdf5/src/H5Pint.c:4662
  NEW_FUNC: 0x564d5751f3e0 in H5P__peek_cb /src/hdf5/src/H5Pint.c:4614
  NEW_FUNC: 0x564d5751f5c0 in H5P_get /src/hdf5/src/H5Pint.c:4784
  NEW_FUNC: 0x564d5751fa00 in H5P__get_cb /src/hdf5/src/H5Pint.c:4706
  NEW_FUNC: 0x564d57524590 in H5P__close_list_cb /src/hdf5/src/H5Pint.c:748
  NEW_FUNC: 0x564d57524700 in H5P__lacc_reg_prop /src/hdf5/src/H5Plapl.c:184
  NEW_FUNC: 0x564d5752cb20 in H5P__lcrt_reg_prop /src/hdf5/src/H5Plcpl.c:108
  NEW_FUNC: 0x564d5752dac0 in H5P__macc_reg_prop /src/hdf5/src/H5Pmapl.c:107
  NEW_FUNC: 0x564d5752de30 in H5P__mcrt_reg_prop /src/hdf5/src/H5Pmcpl.c:96
  NEW_FUNC: 0x564d5752de40 in H5P__ocrt_reg_prop /src/hdf5/src/H5Pocpl.c:147
  NEW_FUNC: 0x564d57538de0 in H5P__ocrt_pipeline_get /src/hdf5/src/H5Pocpl.c:1234
  NEW_FUNC: 0x564d5753c1e0 in H5P__ocrt_pipeline_copy /src/hdf5/src/H5Pocpl.c:1477
  NEW_FUNC: 0x564d5753cc90 in H5P__ocrt_pipeline_close /src/hdf5/src/H5Pocpl.c:1604
  NEW_FUNC: 0x564d5753ce10 in H5P__ocpy_reg_prop /src/hdf5/src/H5Pocpypl.c:149
  NEW_FUNC: 0x564d57541960 in H5P__strcrt_reg_prop /src/hdf5/src/H5Pstrcpl.c:112
  NEW_FUNC: 0x564d57544380 in H5PB_dest /src/hdf5/src/H5PB.c:450
  NEW_FUNC: 0x564d57545e90 in H5PB_read /src/hdf5/src/H5PB.c:653
  NEW_FUNC: 0x564d5754be10 in H5PL__init_package /src/hdf5/src/H5PLint.c:136
  NEW_FUNC: 0x564d5754d840 in H5PL_iterate /src/hdf5/src/H5PLint.c:525
  NEW_FUNC: 0x564d5754da20 in H5PL__create_path_table /src/hdf5/src/H5PLpath.c:231
  NEW_FUNC: 0x564d5754e390 in H5PL__insert_at /src/hdf5/src/H5PLpath.c:104
  NEW_FUNC: 0x564d5754f5d0 in H5PL__path_table_iterate /src/hdf5/src/H5PLpath.c:568
  NEW_FUNC: 0x564d57550e70 in H5PL__create_plugin_cache /src/hdf5/src/H5PLplugin_cache.c:99
  NEW_FUNC: 0x564d57560b70 in H5S_init /src/hdf5/src/H5S.c:114
  NEW_FUNC: 0x564d57560ca0 in H5S__init_package /src/hdf5/src/H5S.c:136
  NEW_FUNC: 0x564d575eb7b0 in H5SL__init_package /src/hdf5/src/H5SL.c:544
  NEW_FUNC: 0x564d575eba00 in H5SL_create /src/hdf5/src/H5SL.c:931
  NEW_FUNC: 0x564d575ebdd0 in H5SL__new_node /src/hdf5/src/H5SL.c:641
  NEW_FUNC: 0x564d575ec0d0 in H5SL_count /src/hdf5/src/H5SL.c:1001
  NEW_FUNC: 0x564d575ec100 in H5SL_insert /src/hdf5/src/H5SL.c:1036
  NEW_FUNC: 0x564d575ec230 in H5SL__insert_common /src/hdf5/src/H5SL.c:688
  NEW_FUNC: 0x564d5760b850 in H5SL_search /src/hdf5/src/H5SL.c:1314
  NEW_FUNC: 0x564d5761d710 in H5SL_first /src/hdf5/src/H5SL.c:1896
  NEW_FUNC: 0x564d5761d770 in H5SL_next /src/hdf5/src/H5SL.c:1929
  NEW_FUNC: 0x564d5761d870 in H5SL_item /src/hdf5/src/H5SL.c:2029
  NEW_FUNC: 0x564d5761dc20 in H5SL__release_common /src/hdf5/src/H5SL.c:806
  NEW_FUNC: 0x564d5761e3f0 in H5SL_destroy /src/hdf5/src/H5SL.c:2232
  NEW_FUNC: 0x564d5761e530 in H5SL__close_common /src/hdf5/src/H5SL.c:885
  NEW_FUNC: 0x564d5761e790 in H5SL_close /src/hdf5/src/H5SL.c:2272
  NEW_FUNC: 0x564d57634080 in H5T_init /src/hdf5/src/H5T.c:794
  NEW_FUNC: 0x564d576341b0 in H5T__init_package /src/hdf5/src/H5T.c:1025
  NEW_FUNC: 0x564d57642a30 in H5T_copy /src/hdf5/src/H5T.c:4430
  NEW_FUNC: 0x564d57643060 in H5T__alloc /src/hdf5/src/H5T.c:4649
  NEW_FUNC: 0x564d57643360 in H5T_set_loc /src/hdf5/src/H5T.c:6907
  NEW_FUNC: 0x564d57644500 in H5T__create /src/hdf5/src/H5T.c:3997
  NEW_FUNC: 0x564d576451c0 in H5T__register_int /src/hdf5/src/H5T.c:3201
  NEW_FUNC: 0x564d57645310 in H5T__init_inf /src/hdf5/src/H5T.c:817
  NEW_FUNC: 0x564d576471f0 in H5T_close_real /src/hdf5/src/H5T.c:4787
  NEW_FUNC: 0x564d5764b120 in H5T_cmp /src/hdf5/src/H5T.c:5133
  NEW_FUNC: 0x564d57654560 in H5T__register /src/hdf5/src/H5T.c:3245
  NEW_FUNC: 0x564d5765bff0 in H5T__initiate_copy /src/hdf5/src/H5T.c:4124
  NEW_FUNC: 0x564d5765c530 in H5T__copy_all /src/hdf5/src/H5T.c:4200
  NEW_FUNC: 0x564d5765c660 in H5T__complete_copy /src/hdf5/src/H5T.c:4229
  NEW_FUNC: 0x564d5765eeb0 in H5T__free /src/hdf5/src/H5T.c:4699
  NEW_FUNC: 0x564d576604c0 in H5T__path_find_real /src/hdf5/src/H5T.c:5755
  NEW_FUNC: 0x564d57668a50 in H5T__array_create /src/hdf5/src/H5Tarray.c:133
  NEW_FUNC: 0x564d5766cda0 in H5T__bit_set /src/hdf5/src/H5Tbit.c:328
  NEW_FUNC: 0x564d5767b7d0 in H5T__complex_create /src/hdf5/src/H5Tcomplex.c:111
  NEW_FUNC: 0x564d57683ec0 in H5T__conv_noop /src/hdf5/src/H5Tconv.c:242
  NEW_FUNC: 0x564d57696670 in H5T__conv_fcomplex_schar /src/hdf5/src/H5Tconv_complex.c:1436
  NEW_FUNC: 0x564d5769a530 in H5T__conv_fcomplex_uchar /src/hdf5/src/H5Tconv_complex.c:1455
  NEW_FUNC: 0x564d5769e3a0 in H5T__conv_fcomplex_short /src/hdf5/src/H5Tconv_complex.c:1474
  NEW_FUNC: 0x564d576a24f0 in H5T__conv_fcomplex_ushort /src/hdf5/src/H5Tconv_complex.c:1493
  NEW_FUNC: 0x564d576a65d0 in H5T__conv_fcomplex_int /src/hdf5/src/H5Tconv_complex.c:1512
  NEW_FUNC: 0x564d576aa7b0 in H5T__conv_fcomplex_uint /src/hdf5/src/H5Tconv_complex.c:1531
  NEW_FUNC: 0x564d576ae890 in H5T__conv_fcomplex_long /src/hdf5/src/H5Tconv_complex.c:1550
  NEW_FUNC: 0x564d576b2410 in H5T__conv_fcomplex_ulong /src/hdf5/src/H5Tconv_complex.c:1569
  NEW_FUNC: 0x564d576bd9b0 in H5T__conv_fcomplex_float /src/hdf5/src/H5Tconv_complex.c:1649
  NEW_FUNC: 0x564d576c2a40 in H5T__conv_fcomplex_double /src/hdf5/src/H5Tconv_complex.c:1666
  NEW_FUNC: 0x564d576c5210 in H5T__conv_fcomplex_ldouble /src/hdf5/src/H5Tconv_complex.c:1683
  NEW_FUNC: 0x564d576c89e0 in H5T__conv_fcomplex_dcomplex /src/hdf5/src/H5Tconv_complex.c:1701
  NEW_FUNC: 0x564d576cc040 in H5T__conv_fcomplex_lcomplex /src/hdf5/src/H5Tconv_complex.c:1719
  NEW_FUNC: 0x564d576cfbe0 in H5T__conv_dcomplex_schar /src/hdf5/src/H5Tconv_complex.c:1736
  NEW_FUNC: 0x564d576d3600 in H5T__conv_dcomplex_uchar /src/hdf5/src/H5Tconv_complex.c:1755
  NEW_FUNC: 0x564d576d6fe0 in H5T__conv_dcomplex_short /src/hdf5/src/H5Tconv_complex.c:1774
  NEW_FUNC: 0x564d576dab50 in H5T__conv_dcomplex_ushort /src/hdf5/src/H5Tconv_complex.c:1794
  NEW_FUNC: 0x564d576de650 in H5T__conv_dcomplex_int /src/hdf5/src/H5Tconv_complex.c:1813
  NEW_FUNC: 0x564d576e2200 in H5T__conv_dcomplex_uint /src/hdf5/src/H5Tconv_complex.c:1832
  NEW_FUNC: 0x564d576e5d10 in H5T__conv_dcomplex_long /src/hdf5/src/H5Tconv_complex.c:1851
  NEW_FUNC: 0x564d576e9850 in H5T__conv_dcomplex_ulong /src/hdf5/src/H5Tconv_complex.c:1870
  NEW_FUNC: 0x564d576f4cd0 in H5T__conv_dcomplex_float /src/hdf5/src/H5Tconv_complex.c:1950
  NEW_FUNC: 0x564d576f7cd0 in H5T__conv_dcomplex_double /src/hdf5/src/H5Tconv_complex.c:1967
  NEW_FUNC: 0x564d576fc650 in H5T__conv_dcomplex_ldouble /src/hdf5/src/H5Tconv_complex.c:1984
  NEW_FUNC: 0x564d576ff260 in H5T__conv_dcomplex_fcomplex /src/hdf5/src/H5Tconv_complex.c:2002
  NEW_FUNC: 0x564d57702a20 in H5T__conv_dcomplex_lcomplex /src/hdf5/src/H5Tconv_complex.c:2020
  NEW_FUNC: 0x564d577063f0 in H5T__conv_lcomplex_schar /src/hdf5/src/H5Tconv_complex.c:2038
  NEW_FUNC: 0x564d5770a310 in H5T__conv_lcomplex_uchar /src/hdf5/src/H5Tconv_complex.c:2058
  NEW_FUNC: 0x564d5770e1f0 in H5T__conv_lcomplex_short /src/hdf5/src/H5Tconv_complex.c:2077
  NEW_FUNC: 0x564d577122b0 in H5T__conv_lcomplex_ushort /src/hdf5/src/H5Tconv_complex.c:2097
  NEW_FUNC: 0x564d577162c0 in H5T__conv_lcomplex_int /src/hdf5/src/H5Tconv_complex.c:2116
  NEW_FUNC: 0x564d5771a350 in H5T__conv_lcomplex_uint /src/hdf5/src/H5Tconv_complex.c:2136
  NEW_FUNC: 0x564d5771e300 in H5T__conv_lcomplex_long /src/hdf5/src/H5Tconv_complex.c:2155
  NEW_FUNC: 0x564d577223b0 in H5T__conv_lcomplex_ulong /src/hdf5/src/H5Tconv_complex.c:2175
  NEW_FUNC: 0x564d5772e660 in H5T__conv_lcomplex_float /src/hdf5/src/H5Tconv_complex.c:2262
  NEW_FUNC: 0x564d57731970 in H5T__conv_lcomplex_double /src/hdf5/src/H5Tconv_complex.c:2279
  NEW_FUNC: 0x564d57734a10 in H5T__conv_lcomplex_ldouble /src/hdf5/src/H5Tconv_complex.c:2297
  NEW_FUNC: 0x564d5773ae70 in H5T__conv_lcomplex_fcomplex /src/hdf5/src/H5Tconv_complex.c:2315
  NEW_FUNC: 0x564d5773eb60 in H5T__conv_lcomplex_dcomplex /src/hdf5/src/H5Tconv_complex.c:2333
  NEW_FUNC: 0x564d57757ac0 in H5T__conv_float_schar /src/hdf5/src/H5Tconv_float.c:1741
  NEW_FUNC: 0x564d5775bac0 in H5T__conv_float_uchar /src/hdf5/src/H5Tconv_float.c:1761
  NEW_FUNC: 0x564d5775fa70 in H5T__conv_float_short /src/hdf5/src/H5Tconv_float.c:1781
  NEW_FUNC: 0x564d57763cc0 in H5T__conv_float_ushort /src/hdf5/src/H5Tconv_float.c:1801
  NEW_FUNC: 0x564d57767e90 in H5T__conv_float_int /src/hdf5/src/H5Tconv_float.c:1821
  NEW_FUNC: 0x564d5776ba90 in H5T__conv_float_uint /src/hdf5/src/H5Tconv_float.c:1841
  NEW_FUNC: 0x564d5776f650 in H5T__conv_float_long /src/hdf5/src/H5Tconv_float.c:1861
  NEW_FUNC: 0x564d577738e0 in H5T__conv_float_ulong /src/hdf5/src/H5Tconv_float.c:1881
  NEW_FUNC: 0x564d577803b0 in H5T__conv_float_double /src/hdf5/src/H5Tconv_float.c:1964
  NEW_FUNC: 0x564d57783510 in H5T__conv_float_ldouble /src/hdf5/src/H5Tconv_float.c:1982
  NEW_FUNC: 0x564d57786ce0 in H5T__conv_float_fcomplex /src/hdf5/src/H5Tconv_float.c:2002
  NEW_FUNC: 0x564d5778a480 in H5T__conv_float_dcomplex /src/hdf5/src/H5Tconv_float.c:2021
  NEW_FUNC: 0x564d5778e5e0 in H5T__conv_float_lcomplex /src/hdf5/src/H5Tconv_float.c:2040
  NEW_FUNC: 0x564d57793670 in H5T__conv_double_schar /src/hdf5/src/H5Tconv_float.c:2059
  NEW_FUNC: 0x564d57797640 in H5T__conv_double_uchar /src/hdf5/src/H5Tconv_float.c:2079
  NEW_FUNC: 0x564d5779b5d0 in H5T__conv_double_short /src/hdf5/src/H5Tconv_float.c:2099
  NEW_FUNC: 0x564d5779f7e0 in H5T__conv_double_ushort /src/hdf5/src/H5Tconv_float.c:2119
  NEW_FUNC: 0x564d577a3990 in H5T__conv_double_int /src/hdf5/src/H5Tconv_float.c:2139
  NEW_FUNC: 0x564d577a7bb0 in H5T__conv_double_uint /src/hdf5/src/H5Tconv_float.c:2159
  NEW_FUNC: 0x564d577abd70 in H5T__conv_double_long /src/hdf5/src/H5Tconv_float.c:2179
  NEW_FUNC: 0x564d577afa40 in H5T__conv_double_ulong /src/hdf5/src/H5Tconv_float.c:2199
  NEW_FUNC: 0x564d577bb270 in H5T__conv_double_float /src/hdf5/src/H5Tconv_float.c:2282
  NEW_FUNC: 0x564d577be390 in H5T__conv_double_ldouble /src/hdf5/src/H5Tconv_float.c:2300
  NEW_FUNC: 0x564d577c19e0 in H5T__conv_double_fcomplex /src/hdf5/src/H5Tconv_float.c:2320
  NEW_FUNC: 0x564d577c4c80 in H5T__conv_double_dcomplex /src/hdf5/src/H5Tconv_float.c:2339
  NEW_FUNC: 0x564d577c7b70 in H5T__conv_double_lcomplex /src/hdf5/src/H5Tconv_float.c:2358
  NEW_FUNC: 0x564d577cc8c0 in H5T__conv_ldouble_schar /src/hdf5/src/H5Tconv_float.c:2377
  NEW_FUNC: 0x564d577d0960 in H5T__conv_ldouble_uchar /src/hdf5/src/H5Tconv_float.c:2397
  NEW_FUNC: 0x564d577d49c0 in H5T__conv_ldouble_short /src/hdf5/src/H5Tconv_float.c:2417
  NEW_FUNC: 0x564d577d8c60 in H5T__conv_ldouble_ushort /src/hdf5/src/H5Tconv_float.c:2437
  NEW_FUNC: 0x564d577dce20 in H5T__conv_ldouble_int /src/hdf5/src/H5Tconv_float.c:2457
  NEW_FUNC: 0x564d577e1040 in H5T__conv_ldouble_uint /src/hdf5/src/H5Tconv_float.c:2477
  NEW_FUNC: 0x564d577e52d0 in H5T__conv_ldouble_long /src/hdf5/src/H5Tconv_float.c:2497
  NEW_FUNC: 0x564d577e95a0 in H5T__conv_ldouble_ulong /src/hdf5/src/H5Tconv_float.c:2517
  NEW_FUNC: 0x564d577f61f0 in H5T__conv_ldouble_float /src/hdf5/src/H5Tconv_float.c:2606
  NEW_FUNC: 0x564d577f9420 in H5T__conv_ldouble_double /src/hdf5/src/H5Tconv_float.c:2624
  NEW_FUNC: 0x564d577fc460 in H5T__conv_ldouble_fcomplex /src/hdf5/src/H5Tconv_float.c:2644
  NEW_FUNC: 0x564d577ff8e0 in H5T__conv_ldouble_dcomplex /src/hdf5/src/H5Tconv_float.c:2663
  NEW_FUNC: 0x564d578020f0 in H5T__conv_ldouble_lcomplex /src/hdf5/src/H5Tconv_float.c:2682
  NEW_FUNC: 0x564d5780ed00 in H5T__conv_schar_uchar /src/hdf5/src/H5Tconv_integer.c:1074
  NEW_FUNC: 0x564d57811380 in H5T__conv_schar_short /src/hdf5/src/H5Tconv_integer.c:1091
  NEW_FUNC: 0x564d57815a30 in H5T__conv_schar_ushort /src/hdf5/src/H5Tconv_integer.c:1108
  NEW_FUNC: 0x564d57818ac0 in H5T__conv_schar_int /src/hdf5/src/H5Tconv_integer.c:1125
  NEW_FUNC: 0x564d5781d170 in H5T__conv_schar_uint /src/hdf5/src/H5Tconv_integer.c:1142
  NEW_FUNC: 0x564d578273f0 in H5T__conv_schar_llong /src/hdf5/src/H5Tconv_integer.c:1193
  NEW_FUNC: 0x564d5782b700 in H5T__conv_schar_ullong /src/hdf5/src/H5Tconv_integer.c:1210
  NEW_FUNC: 0x564d5782e640 in H5T__conv_schar_float /src/hdf5/src/H5Tconv_integer.c:1247
  NEW_FUNC: 0x564d578338d0 in H5T__conv_schar_double /src/hdf5/src/H5Tconv_integer.c:1265
  NEW_FUNC: 0x564d57838820 in H5T__conv_schar_ldouble /src/hdf5/src/H5Tconv_integer.c:1283
  NEW_FUNC: 0x564d5783d0c0 in H5T__conv_schar_fcomplex /src/hdf5/src/H5Tconv_integer.c:1303
  NEW_FUNC: 0x564d578422e0 in H5T__conv_schar_dcomplex /src/hdf5/src/H5Tconv_integer.c:1322
  NEW_FUNC: 0x564d57846740 in H5T__conv_schar_lcomplex /src/hdf5/src/H5Tconv_integer.c:1341
  NEW_FUNC: 0x564d5784c0b0 in H5T__conv_uchar_schar /src/hdf5/src/H5Tconv_integer.c:1359
  NEW_FUNC: 0x564d5784e720 in H5T__conv_uchar_short /src/hdf5/src/H5Tconv_integer.c:1376
  NEW_FUNC: 0x564d57852dd0 in H5T__conv_uchar_ushort /src/hdf5/src/H5Tconv_integer.c:1393
  NEW_FUNC: 0x564d57857480 in H5T__conv_uchar_int /src/hdf5/src/H5Tconv_integer.c:1410
  NEW_FUNC: 0x564d5785bb30 in H5T__conv_uchar_uint /src/hdf5/src/H5Tconv_integer.c:1427
  NEW_FUNC: 0x564d57868800 in H5T__conv_uchar_llong /src/hdf5/src/H5Tconv_integer.c:1478
  NEW_FUNC: 0x564d5786cb10 in H5T__conv_uchar_ullong /src/hdf5/src/H5Tconv_integer.c:1495
  NEW_FUNC: 0x564d57870e20 in H5T__conv_uchar_float /src/hdf5/src/H5Tconv_integer.c:1532
  NEW_FUNC: 0x564d578760b0 in H5T__conv_uchar_double /src/hdf5/src/H5Tconv_integer.c:1550
  NEW_FUNC: 0x564d5787b000 in H5T__conv_uchar_ldouble /src/hdf5/src/H5Tconv_integer.c:1568
  NEW_FUNC: 0x564d5787f8a0 in H5T__conv_uchar_fcomplex /src/hdf5/src/H5Tconv_integer.c:1588
  NEW_FUNC: 0x564d57884ac0 in H5T__conv_uchar_dcomplex /src/hdf5/src/H5Tconv_integer.c:1607
  NEW_FUNC: 0x564d57888f20 in H5T__conv_uchar_lcomplex /src/hdf5/src/H5Tconv_integer.c:1626
  NEW_FUNC: 0x564d5788e890 in H5T__conv_short_schar /src/hdf5/src/H5Tconv_integer.c:1644
  NEW_FUNC: 0x564d57891b60 in H5T__conv_short_uchar /src/hdf5/src/H5Tconv_integer.c:1661
  NEW_FUNC: 0x564d57894da0 in H5T__conv_short_ushort /src/hdf5/src/H5Tconv_integer.c:1678
  NEW_FUNC: 0x564d57897b10 in H5T__conv_short_int /src/hdf5/src/H5Tconv_integer.c:1695
  NEW_FUNC: 0x564d5789cb70 in H5T__conv_short_uint /src/hdf5/src/H5Tconv_integer.c:1712
  NEW_FUNC: 0x564d578a7de0 in H5T__conv_short_llong /src/hdf5/src/H5Tconv_integer.c:1763
  NEW_FUNC: 0x564d578aca20 in H5T__conv_short_ullong /src/hdf5/src/H5Tconv_integer.c:1780
  NEW_FUNC: 0x564d578afcc0 in H5T__conv_short_float /src/hdf5/src/H5Tconv_integer.c:1817
  NEW_FUNC: 0x564d578b57a0 in H5T__conv_short_double /src/hdf5/src/H5Tconv_integer.c:1835
  NEW_FUNC: 0x564d578baf00 in H5T__conv_short_ldouble /src/hdf5/src/H5Tconv_integer.c:1853
  NEW_FUNC: 0x564d578bfea0 in H5T__conv_short_fcomplex /src/hdf5/src/H5Tconv_integer.c:1873
  NEW_FUNC: 0x564d578c5810 in H5T__conv_short_dcomplex /src/hdf5/src/H5Tconv_integer.c:1892
  NEW_FUNC: 0x564d578ca2c0 in H5T__conv_short_lcomplex /src/hdf5/src/H5Tconv_integer.c:1911
  NEW_FUNC: 0x564d578d03e0 in H5T__conv_ushort_schar /src/hdf5/src/H5Tconv_integer.c:1929
  NEW_FUNC: 0x564d578d34d0 in H5T__conv_ushort_uchar /src/hdf5/src/H5Tconv_integer.c:1946
  NEW_FUNC: 0x564d578d65c0 in H5T__conv_ushort_short /src/hdf5/src/H5Tconv_integer.c:1963
  NEW_FUNC: 0x564d578d9350 in H5T__conv_ushort_int /src/hdf5/src/H5Tconv_integer.c:1980
  NEW_FUNC: 0x564d578de3b0 in H5T__conv_ushort_uint /src/hdf5/src/H5Tconv_integer.c:1997
  NEW_FUNC: 0x564d578ecc90 in H5T__conv_ushort_llong /src/hdf5/src/H5Tconv_integer.c:2048
  NEW_FUNC: 0x564d578f18d0 in H5T__conv_ushort_ullong /src/hdf5/src/H5Tconv_integer.c:2065
  NEW_FUNC: 0x564d578f6510 in H5T__conv_ushort_float /src/hdf5/src/H5Tconv_integer.c:2105
  NEW_FUNC: 0x564d578fbff0 in H5T__conv_ushort_double /src/hdf5/src/H5Tconv_integer.c:2123
  NEW_FUNC: 0x564d57901750 in H5T__conv_ushort_ldouble /src/hdf5/src/H5Tconv_integer.c:2141
  NEW_FUNC: 0x564d57906690 in H5T__conv_ushort_fcomplex /src/hdf5/src/H5Tconv_integer.c:2161
  NEW_FUNC: 0x564d5790c000 in H5T__conv_ushort_dcomplex /src/hdf5/src/H5Tconv_integer.c:2180
  NEW_FUNC: 0x564d57910ab0 in H5T__conv_ushort_lcomplex /src/hdf5/src/H5Tconv_integer.c:2199
  NEW_FUNC: 0x564d57916cc0 in H5T__conv_int_schar /src/hdf5/src/H5Tconv_integer.c:2217
  NEW_FUNC: 0x564d57919ef0 in H5T__conv_int_uchar /src/hdf5/src/H5Tconv_integer.c:2234
  NEW_FUNC: 0x564d5791d0c0 in H5T__conv_int_short /src/hdf5/src/H5Tconv_integer.c:2251
  NEW_FUNC: 0x564d57920550 in H5T__conv_int_ushort /src/hdf5/src/H5Tconv_integer.c:2268
  NEW_FUNC: 0x564d57923950 in H5T__conv_int_uint /src/hdf5/src/H5Tconv_integer.c:2285
  NEW_FUNC: 0x564d5792e510 in H5T__conv_int_llong /src/hdf5/src/H5Tconv_integer.c:2336
  NEW_FUNC: 0x564d57933150 in H5T__conv_int_ullong /src/hdf5/src/H5Tconv_integer.c:2353
  NEW_FUNC: 0x564d579363b0 in H5T__conv_int_float /src/hdf5/src/H5Tconv_integer.c:2393
  NEW_FUNC: 0x564d5793b440 in H5T__conv_int_double /src/hdf5/src/H5Tconv_integer.c:2411
  NEW_FUNC: 0x564d57940f30 in H5T__conv_int_ldouble /src/hdf5/src/H5Tconv_integer.c:2429
  NEW_FUNC: 0x564d579461f0 in H5T__conv_int_fcomplex /src/hdf5/src/H5Tconv_integer.c:2449
  NEW_FUNC: 0x564d5794be70 in H5T__conv_int_dcomplex /src/hdf5/src/H5Tconv_integer.c:2468
  NEW_FUNC: 0x564d57950cc0 in H5T__conv_int_lcomplex /src/hdf5/src/H5Tconv_integer.c:2487
  NEW_FUNC: 0x564d57957190 in H5T__conv_uint_schar /src/hdf5/src/H5Tconv_integer.c:2505
  NEW_FUNC: 0x564d5795a270 in H5T__conv_uint_uchar /src/hdf5/src/H5Tconv_integer.c:2522
  NEW_FUNC: 0x564d5795d360 in H5T__conv_uint_short /src/hdf5/src/H5Tconv_integer.c:2539
  NEW_FUNC: 0x564d57960830 in H5T__conv_uint_ushort /src/hdf5/src/H5Tconv_integer.c:2556
  NEW_FUNC: 0x564d57963d00 in H5T__conv_uint_int /src/hdf5/src/H5Tconv_integer.c:2573
  NEW_FUNC: 0x564d579702f0 in H5T__conv_uint_llong /src/hdf5/src/H5Tconv_integer.c:2624
  NEW_FUNC: 0x564d57974f30 in H5T__conv_uint_ullong /src/hdf5/src/H5Tconv_integer.c:2641
  NEW_FUNC: 0x564d57979b70 in H5T__conv_uint_float /src/hdf5/src/H5Tconv_integer.c:2681
  NEW_FUNC: 0x564d5797ed40 in H5T__conv_uint_double /src/hdf5/src/H5Tconv_integer.c:2699
  NEW_FUNC: 0x564d579847e0 in H5T__conv_uint_ldouble /src/hdf5/src/H5Tconv_integer.c:2717
  NEW_FUNC: 0x564d57989b20 in H5T__conv_uint_fcomplex /src/hdf5/src/H5Tconv_integer.c:2737
  NEW_FUNC: 0x564d5798f7d0 in H5T__conv_uint_dcomplex /src/hdf5/src/H5Tconv_integer.c:2756
  NEW_FUNC: 0x564d579946b0 in H5T__conv_uint_lcomplex /src/hdf5/src/H5Tconv_integer.c:2775
  NEW_FUNC: 0x564d579b6ba0 in H5T__conv_long_float /src/hdf5/src/H5Tconv_integer.c:2969
  NEW_FUNC: 0x564d579bcd80 in H5T__conv_long_double /src/hdf5/src/H5Tconv_integer.c:2987
  NEW_FUNC: 0x564d579c2120 in H5T__conv_long_ldouble /src/hdf5/src/H5Tconv_integer.c:3005
  NEW_FUNC: 0x564d579c7a50 in H5T__conv_long_fcomplex /src/hdf5/src/H5Tconv_integer.c:3025
  NEW_FUNC: 0x564d579cd050 in H5T__conv_long_dcomplex /src/hdf5/src/H5Tconv_integer.c:3044
  NEW_FUNC: 0x564d579d23c0 in H5T__conv_long_lcomplex /src/hdf5/src/H5Tconv_integer.c:3063
  NEW_FUNC: 0x564d579f4c40 in H5T__conv_ulong_float /src/hdf5/src/H5Tconv_integer.c:3257
  NEW_FUNC: 0x564d579fb4c0 in H5T__conv_ulong_double /src/hdf5/src/H5Tconv_integer.c:3275
  NEW_FUNC: 0x564d57a00d10 in H5T__conv_ulong_ldouble /src/hdf5/src/H5Tconv_integer.c:3293
  NEW_FUNC: 0x564d57a06800 in H5T__conv_ulong_fcomplex /src/hdf5/src/H5Tconv_integer.c:3313
  NEW_FUNC: 0x564d57a0c330 in H5T__conv_ulong_dcomplex /src/hdf5/src/H5Tconv_integer.c:3332
  NEW_FUNC: 0x564d57a119b0 in H5T__conv_ulong_lcomplex /src/hdf5/src/H5Tconv_integer.c:3351
  NEW_FUNC: 0x564d57a18650 in H5T__conv_llong_schar /src/hdf5/src/H5Tconv_integer.c:3369
  NEW_FUNC: 0x564d57a1b820 in H5T__conv_llong_uchar /src/hdf5/src/H5Tconv_integer.c:3386
  NEW_FUNC: 0x564d57a1e980 in H5T__conv_llong_short /src/hdf5/src/H5Tconv_integer.c:3403
  NEW_FUNC: 0x564d57a21d90 in H5T__conv_llong_ushort /src/hdf5/src/H5Tconv_integer.c:3420
  NEW_FUNC: 0x564d57a250e0 in H5T__conv_llong_int /src/hdf5/src/H5Tconv_integer.c:3437
  NEW_FUNC: 0x564d57a28560 in H5T__conv_llong_uint /src/hdf5/src/H5Tconv_integer.c:3454
  NEW_FUNC: 0x564d57a31c80 in H5T__conv_llong_ullong /src/hdf5/src/H5Tconv_integer.c:3505
  NEW_FUNC: 0x564d57a56850 in H5T__conv_ullong_schar /src/hdf5/src/H5Tconv_integer.c:3661
  NEW_FUNC: 0x564d57a59850 in H5T__conv_ullong_uchar /src/hdf5/src/H5Tconv_integer.c:3678
  NEW_FUNC: 0x564d57a5c870 in H5T__conv_ullong_short /src/hdf5/src/H5Tconv_integer.c:3695
  NEW_FUNC: 0x564d57a5fc30 in H5T__conv_ullong_ushort /src/hdf5/src/H5Tconv_integer.c:3712
  NEW_FUNC: 0x564d57a62ff0 in H5T__conv_ullong_int /src/hdf5/src/H5Tconv_integer.c:3729
  NEW_FUNC: 0x564d57a663a0 in H5T__conv_ullong_uint /src/hdf5/src/H5Tconv_integer.c:3746
  NEW_FUNC: 0x564d57a6fc20 in H5T__conv_ullong_llong /src/hdf5/src/H5Tconv_integer.c:3797
  NEW_FUNC: 0x564d57aa9c20 in H5T__init_native_float_types /src/hdf5/src/H5Tinit_float.c:465
  NEW_FUNC: 0x564d57aadd40 in H5T__fix_order /src/hdf5/src/H5Tinit_float.c:302
  NEW_FUNC: 0x564d57aaeb10 in H5T__imp_bit /src/hdf5/src/H5Tinit_float.c:372
  NEW_FUNC: 0x564d57aaed50 in H5T__bit_cmp /src/hdf5/src/H5Tinit_float.c:254
  NEW_FUNC: 0x564d57aaf260 in H5T__find_bias /src/hdf5/src/H5Tinit_float.c:414
  NEW_FUNC: 0x564d57ab3bd0 in H5T__init_native_internal /src/hdf5/src/H5Tnative.c:1119
  NEW_FUNC: 0x564d57ab4420 in H5T__init_native_complex_types /src/hdf5/src/H5Tnative.c:1425
  NEW_FUNC: 0x564d57abb170 in H5T__ref_set_loc /src/hdf5/src/H5Tref.c:160
  NEW_FUNC: 0x564d57ac2600 in H5T__vlen_create /src/hdf5/src/H5Tvlen.c:176
  NEW_FUNC: 0x564d57ac2ae0 in H5T__vlen_set_loc /src/hdf5/src/H5Tvlen.c:234
  NEW_FUNC: 0x564d57adf980 in H5VL_file_open /src/hdf5/src/H5VLcallback.c:3826
  NEW_FUNC: 0x564d57ae00b0 in H5VL__file_open /src/hdf5/src/H5VLcallback.c:3701
  NEW_FUNC: 0x564d57aff1d0 in H5VL_init_phase1 /src/hdf5/src/H5VLint.c:161
  NEW_FUNC: 0x564d57aff300 in H5VL__init_package /src/hdf5/src/H5VLint.c:237
  NEW_FUNC: 0x564d57aff440 in H5VL_init_phase2 /src/hdf5/src/H5VLint.c:187
  NEW_FUNC: 0x564d57affb10 in H5VL__set_def_conn /src/hdf5/src/H5VLint.c:366
  NEW_FUNC: 0x564d57b00ce0 in H5VL_conn_prop_free /src/hdf5/src/H5VLint.c:714
  NEW_FUNC: 0x564d57b01570 in H5VL_conn_inc_rc /src/hdf5/src/H5VLint.c:985
  NEW_FUNC: 0x564d57b01d00 in H5VL_conn_dec_rc /src/hdf5/src/H5VLint.c:1014
  NEW_FUNC: 0x564d57b03090 in H5VL_conn_prop_copy /src/hdf5/src/H5VLint.c:611
  NEW_FUNC: 0x564d57b06a50 in H5VL__register_connector /src/hdf5/src/H5VLint.c:1313
  NEW_FUNC: 0x564d57b0d210 in H5VL__is_default_conn /src/hdf5/src/H5VLint.c:2575
  NEW_FUNC: 0x564d57b0f6b0 in H5VL__native_register /src/hdf5/src/H5VLnative.c:193
  NEW_FUNC: 0x564d57b1b930 in H5VL__native_file_open /src/hdf5/src/H5VLnative_file.c:120
  NEW_FUNC: 0x564d57b29a80 in H5VL__passthru_register /src/hdf5/src/H5VLpassthru_int.c:54
  NEW_FUNC: 0x564d57ba0fa0 in H5_hash_string /src/hdf5/src/H5checksum.c:499
  NEW_FUNC: 0x564d57c3e390 in H5F__accum_read /src/hdf5/src/H5Faccum.c:99
  NEW_FUNC: 0x564d57c42550 in H5F__accum_reset /src/hdf5/src/H5Faccum.c:1046
  NEW_FUNC: 0x564d57c8b460 in H5L_register_external /src/hdf5/src/H5Lexternal.c:318
  NEW_FUNC: 0x564d57cab650 in H5O__efl_copy /src/hdf5/src/H5Oefl.c:269
  NEW_FUNC: 0x564d57caec10 in H5P__fcrt_reg_prop /src/hdf5/src/H5Pfcpl.c:207
  NEW_FUNC: 0x564d57cbc700 in H5P__fmnt_reg_prop /src/hdf5/src/H5Pfmpl.c:105
  NEW_FUNC: 0x564d57cbc8b0 in H5P__gcrt_reg_prop /src/hdf5/src/H5Pgcpl.c:114
  NEW_FUNC: 0x564d57cc4960 in H5VL_pass_through_init /src/hdf5/src/H5VLpassthru.c:427
#6331: cov: 2148 ft: 2372 corp: 7 exec/s: 1262 oom/timeout/crash: 0/0/0 time: 3s job: 2 dft_time: 0
#10780: cov: 2148 ft: 2372 corp: 7 exec/s: 1112 oom/timeout/crash: 0/0/0 time: 4s job: 3 dft_time: 0
#15863: cov: 2148 ft: 2372 corp: 7 exec/s: 1016 oom/timeout/crash: 0/0/0 time: 5s job: 4 dft_time: 0
#23122: cov: 2149 ft: 2373 corp: 8 exec/s: 1209 oom/timeout/crash: 0/0/0 time: 6s job: 5 dft_time: 0
#32691: cov: 2149 ft: 2375 corp: 10 exec/s: 1367 oom/timeout/crash: 0/0/0 time: 10s job: 6 dft_time: 0
#42246: cov: 2150 ft: 2376 corp: 11 exec/s: 1194 oom/timeout/crash: 0/0/0 time: 11s job: 7 dft_time: 0
#54859: cov: 2150 ft: 2376 corp: 11 exec/s: 1401 oom/timeout/crash: 0/0/0 time: 13s job: 8 dft_time: 0
#66928: cov: 2154 ft: 2380 corp: 14 exec/s: 1206 oom/timeout/crash: 0/0/0 time: 15s job: 9 dft_time: 0
  NEW_FUNC: 0x564d57236700 in H5F_get_checksums /src/hdf5/src/H5Fio.c:500
  NEW_FUNC: 0x564d57248930 in H5F__cache_superblock_verify_chksum /src/hdf5/src/H5Fsuper_cache.c:366
  NEW_FUNC: 0x564d57ba0720 in H5_checksum_lookup3 /src/hdf5/src/H5checksum.c:366
  NEW_FUNC: 0x564d57ba0f70 in H5_checksum_metadata /src/hdf5/src/H5checksum.c:473
  NEW_FUNC: 0x564d57ba20a0 in H5_nanosleep /src/hdf5/src/H5system.c:858
#77529: cov: 2182 ft: 2458 corp: 18 exec/s: 963 oom/timeout/crash: 0/0/0 time: 17s job: 10 dft_time: 0
#84825: cov: 2182 ft: 2458 corp: 18 exec/s: 608 oom/timeout/crash: 0/0/0 time: 23s job: 11 dft_time: 0
#93470: cov: 2182 ft: 2458 corp: 18 exec/s: 665 oom/timeout/crash: 0/0/0 time: 25s job: 12 dft_time: 0
#103226: cov: 2182 ft: 2458 corp: 18 exec/s: 696 oom/timeout/crash: 0/0/0 time: 27s job: 13 dft_time: 0
  NEW_FUNC: 0x564d5709f630 in H5AC__check_if_write_permitted /src/hdf5/src/H5AC.c:2009
  NEW_FUNC: 0x564d570a0d30 in H5AC_expunge_entry /src/hdf5/src/H5AC.c:580
  NEW_FUNC: 0x564d570a3070 in H5AC_pin_protected_entry /src/hdf5/src/H5AC.c:1062
  NEW_FUNC: 0x564d570a4360 in H5AC_unpin_entry /src/hdf5/src/H5AC.c:1427
  NEW_FUNC: 0x564d570a4990 in H5AC_unprotect /src/hdf5/src/H5AC.c:1532
  NEW_FUNC: 0x564d570eae20 in H5C__flush_single_entry /src/hdf5/src/H5Centry.c:430
  NEW_FUNC: 0x564d570f8610 in H5C_pin_protected_entry /src/hdf5/src/H5Centry.c:2937
  NEW_FUNC: 0x564d570ff3e0 in H5C_unpin_entry /src/hdf5/src/H5Centry.c:3398
  NEW_FUNC: 0x564d570ff650 in H5C__unpin_entry_from_client /src/hdf5/src/H5Centry.c:200
  NEW_FUNC: 0x564d570ffe40 in H5C_unprotect /src/hdf5/src/H5Centry.c:3454
  NEW_FUNC: 0x564d571045a0 in H5C_expunge_entry /src/hdf5/src/H5Centry.c:4061
  NEW_FUNC: 0x564d57131f90 in H5C__tag_entry /src/hdf5/src/H5Ctag.c:186
  NEW_FUNC: 0x564d57133ce0 in H5C__untag_entry /src/hdf5/src/H5Ctag.c:266
  NEW_FUNC: 0x564d5722cf20 in H5F_addr_decode /src/hdf5/src/H5Fint.c:3071
  NEW_FUNC: 0x564d5723afd0 in H5F_sizeof_addr /src/hdf5/src/H5Fquery.c:383
  NEW_FUNC: 0x564d5723b020 in H5F_sizeof_size /src/hdf5/src/H5Fquery.c:404
  NEW_FUNC: 0x564d57246f20 in H5F__super_free /src/hdf5/src/H5Fsuper.c:1573
  NEW_FUNC: 0x564d57248c50 in H5F__cache_superblock_deserialize /src/hdf5/src/H5Fsuper_cache.c:404
  NEW_FUNC: 0x564d5724c1a0 in H5F__cache_superblock_free_icr /src/hdf5/src/H5Fsuper_cache.c:786
  NEW_FUNC: 0x564d572e6970 in H5G_ent_decode /src/hdf5/src/H5Gent.c:109
  NEW_FUNC: 0x564d57519120 in H5P__set_pclass_cb /src/hdf5/src/H5Pint.c:3138
  NEW_FUNC: 0x564d5751a0e0 in H5P_exist_plist /src/hdf5/src/H5Pint.c:3388
#113294: cov: 2373 ft: 2735 corp: 30 exec/s: 671 oom/timeout/crash: 0/0/0 time: 31s job: 14 dft_time: 0
#123723: cov: 2375 ft: 2739 corp: 33 exec/s: 651 oom/timeout/crash: 0/0/0 time: 33s job: 15 dft_time: 0
#136186: cov: 2375 ft: 2739 corp: 33 exec/s: 733 oom/timeout/crash: 0/0/0 time: 40s job: 16 dft_time: 0
  NEW_FUNC: 0x564d5722ef10 in H5F__set_base_addr /src/hdf5/src/H5Fint.c:3556
  NEW_FUNC: 0x564d57270c50 in H5FD_set_base_addr /src/hdf5/src/H5FD.c:2921
#148701: cov: 2386 ft: 2761 corp: 42 exec/s: 695 oom/timeout/crash: 0/0/0 time: 43s job: 17 dft_time: 0
#162007: cov: 2386 ft: 2761 corp: 42 exec/s: 700 oom/timeout/crash: 0/0/0 time: 47s job: 18 dft_time: 0
#176241: cov: 2386 ft: 2765 corp: 44 exec/s: 711 oom/timeout/crash: 0/0/0 time: 51s job: 19 dft_time: 0
  NEW_FUNC: 0x564d57055c00 in probe_attribute_string /src/h5_hlt_fuzzer.c:121
  NEW_FUNC: 0x564d57059ad0 in H5LTget_dataset_ndims /src/hdf5/hl/src/H5LT.c:1089
  NEW_FUNC: 0x564d5705a250 in H5LTfind_dataset /src/hdf5/hl/src/H5LT.c:1262
  NEW_FUNC: 0x564d5705ba30 in H5LTfind_attribute /src/hdf5/hl/src/H5LT.c:1720
  NEW_FUNC: 0x564d5705bc10 in H5LTget_attribute_info /src/hdf5/hl/src/H5LT.c:1798
  NEW_FUNC: 0x564d5708ae50 in H5Aexists /src/hdf5/src/H5A.c:2365
  NEW_FUNC: 0x564d5708b4a0 in H5A__exists_api_common /src/hdf5/src/H5A.c:2323
  NEW_FUNC: 0x564d5713d5a0 in H5CX_set_vol_wrap_ctx /src/hdf5/src/H5CX.c:1179
  NEW_FUNC: 0x564d5713dae0 in H5CX_get_vol_wrap_ctx /src/hdf5/src/H5CX.c:1295
  NEW_FUNC: 0x564d57143630 in H5CX_get_nlinks /src/hdf5/src/H5CX.c:2386
  NEW_FUNC: 0x564d57145580 in H5CX_set_nlinks /src/hdf5/src/H5CX.c:2853
  NEW_FUNC: 0x564d571488d0 in H5Dopen2 /src/hdf5/src/H5D.c:394
  NEW_FUNC: 0x564d57148e60 in H5D__open_api_common /src/hdf5/src/H5D.c:340
  NEW_FUNC: 0x564d57172290 in H5D__open_name /src/hdf5/src/H5Dint.c:1454
  NEW_FUNC: 0x564d572018f0 in H5F__post_open_api_common /src/hdf5/src/H5F.c:510
  NEW_FUNC: 0x564d57226cb0 in H5F__build_actual_name /src/hdf5/src/H5Fint.c:2820
  NEW_FUNC: 0x564d57229d60 in H5F__post_open /src/hdf5/src/H5Fint.c:2269
  NEW_FUNC: 0x564d5722a920 in H5F__close /src/hdf5/src/H5Fint.c:2456
  NEW_FUNC: 0x564d5722add0 in H5F_try_close /src/hdf5/src/H5Fint.c:2534
  NEW_FUNC: 0x564d5722c540 in H5F_incr_nopen_objs /src/hdf5/src/H5Fint.c:2778
  NEW_FUNC: 0x564d5722d200 in H5F_set_grp_btree_shared /src/hdf5/src/H5Fint.c:3092
  NEW_FUNC: 0x564d5722f1f0 in H5F__set_paged_aggr /src/hdf5/src/H5Fint.c:3609
  NEW_FUNC: 0x564d57233190 in H5F__close_cb /src/hdf5/src/H5Fint.c:240
  NEW_FUNC: 0x564d57236a00 in H5F__close_mounts /src/hdf5/src/H5Fmount.c:37
  NEW_FUNC: 0x564d57239690 in H5F_is_mount /src/hdf5/src/H5Fmount.c:393
  NEW_FUNC: 0x564d57239760 in H5F__mount_count_ids /src/hdf5/src/H5Fmount.c:466
  NEW_FUNC: 0x564d57239870 in H5F__mount_count_ids_recurse /src/hdf5/src/H5Fmount.c:420
  NEW_FUNC: 0x564d5723b260 in H5F_kvalue /src/hdf5/src/H5Fquery.c:531
  NEW_FUNC: 0x564d5723b300 in H5F_get_nrefs /src/hdf5/src/H5Fquery.c:553
  NEW_FUNC: 0x564d5724c310 in H5F__cache_drvrinfo_get_initial_load_size /src/hdf5/src/H5Fsuper_cache.c:813
  NEW_FUNC: 0x564d5724c3d0 in H5F__cache_drvrinfo_get_final_load_size /src/hdf5/src/H5Fsuper_cache.c:835
  NEW_FUNC: 0x564d5724c590 in H5F__cache_drvrinfo_deserialize /src/hdf5/src/H5Fsuper_cache.c:871
  NEW_FUNC: 0x564d5724ce20 in H5F__cache_drvrinfo_free_icr /src/hdf5/src/H5Fsuper_cache.c:1000
  NEW_FUNC: 0x564d5724d830 in H5F__drvrinfo_prefix_decode /src/hdf5/src/H5Fsuper_cache.c:227
  NEW_FUNC: 0x564d5725ce00 in H5FD_sb_load /src/hdf5/src/H5FD.c:682
  NEW_FUNC: 0x564d57270d10 in H5FD_set_paged_aggr /src/hdf5/src/H5FD.c:2967
  NEW_FUNC: 0x564d572c5f80 in H5FL_blk_malloc /src/hdf5/src/H5FL.c:733
  NEW_FUNC: 0x564d572c6930 in H5FL__blk_create_list /src/hdf5/src/H5FL.c:624
  NEW_FUNC: 0x564d572c6e30 in H5FL_blk_free /src/hdf5/src/H5FL.c:844
  NEW_FUNC: 0x564d572c9510 in H5FL_seq_free /src/hdf5/src/H5FL.c:1584
  NEW_FUNC: 0x564d572c95b0 in H5FL_seq_malloc /src/hdf5/src/H5FL.c:1614
  NEW_FUNC: 0x564d572ea740 in H5G__open_name /src/hdf5/src/H5Gint.c:414
  NEW_FUNC: 0x564d572ec940 in H5G_oloc /src/hdf5/src/H5Gint.c:701
  NEW_FUNC: 0x564d572ec970 in H5G_nameof /src/hdf5/src/H5Gint.c:720
  NEW_FUNC: 0x564d572ecbd0 in H5G_iterate /src/hdf5/src/H5Gint.c:908
  NEW_FUNC: 0x564d572f3910 in H5G_loc_real /src/hdf5/src/H5Gloc.c:143
  NEW_FUNC: 0x564d572f4a40 in H5G_loc_copy /src/hdf5/src/H5Gloc.c:283
  NEW_FUNC: 0x564d572f4e80 in H5G_loc_reset /src/hdf5/src/H5Gloc.c:313
  NEW_FUNC: 0x564d572f5270 in H5G_loc_free /src/hdf5/src/H5Gloc.c:342
  NEW_FUNC: 0x564d572f5660 in H5G_loc_find /src/hdf5/src/H5Gloc.c:405
  NEW_FUNC: 0x564d572f5b70 in H5G__loc_find_cb /src/hdf5/src/H5Gloc.c:373
  NEW_FUNC: 0x564d572f9600 in H5G__component /src/hdf5/src/H5Gname.c:110
  NEW_FUNC: 0x564d572f9d80 in H5G__name_init /src/hdf5/src/H5Gname.c:334
  NEW_FUNC: 0x564d572fa620 in H5G_name_copy /src/hdf5/src/H5Gname.c:414
  NEW_FUNC: 0x564d57303500 in H5G__node_init /src/hdf5/src/H5Gnode.c:1070
  NEW_FUNC: 0x564d573070e0 in H5G__obj_get_linfo /src/hdf5/src/H5Gobj.c:298
  NEW_FUNC: 0x564d5730c5c0 in H5G__obj_lookup /src/hdf5/src/H5Gobj.c:1057
  NEW_FUNC: 0x564d5730d590 in H5G_mkroot /src/hdf5/src/H5Groot.c:125
  NEW_FUNC: 0x564d5730ef50 in H5G_root_free /src/hdf5/src/H5Groot.c:321
  NEW_FUNC: 0x564d5730f070 in H5G_root_loc /src/hdf5/src/H5Groot.c:349
  NEW_FUNC: 0x564d573169f0 in H5G_traverse /src/hdf5/src/H5Gtraverse.c:813
  NEW_FUNC: 0x564d57317200 in H5G__traverse_real /src/hdf5/src/H5Gtraverse.c:462
  NEW_FUNC: 0x564d573adfc0 in H5Literate2 /src/hdf5/src/H5L.c:1604
  NEW_FUNC: 0x564d573ae5f0 in H5L__iterate_api_common /src/hdf5/src/H5L.c:1539
  NEW_FUNC: 0x564d573b9d00 in H5L_iterate /src/hdf5/src/H5Lint.c:2182
  NEW_FUNC: 0x564d573d9bc0 in H5Oopen /src/hdf5/src/H5O.c:151
  NEW_FUNC: 0x564d573da1f0 in H5O__open_api_common /src/hdf5/src/H5O.c:98
  NEW_FUNC: 0x564d573ff3c0 in H5O__attr_exists /src/hdf5/src/H5Oattribute.c:1705
  NEW_FUNC: 0x564d57400720 in H5O__cache_get_initial_load_size /src/hdf5/src/H5Ocache.c:151
  NEW_FUNC: 0x564d5743eab0 in H5O_open /src/hdf5/src/H5Oint.c:567
  NEW_FUNC: 0x564d5743ec30 in H5O_open_name /src/hdf5/src/H5Oint.c:598
  NEW_FUNC: 0x564d574401e0 in H5O__obj_class /src/hdf5/src/H5Oint.c:1669
  NEW_FUNC: 0x564d57440cd0 in H5O_loc_free /src/hdf5/src/H5Oint.c:1953
  NEW_FUNC: 0x564d57443210 in H5O_protect /src/hdf5/src/H5Oint.c:973
  NEW_FUNC: 0x564d57445a10 in H5O_obj_type /src/hdf5/src/H5Oint.c:1601
  NEW_FUNC: 0x564d57446600 in H5O_loc_copy /src/hdf5/src/H5Oint.c:1829
  NEW_FUNC: 0x564d57462150 in H5O_msg_exists /src/hdf5/src/H5Omessage.c:779
  NEW_FUNC: 0x564d57559300 in H5UC_create /src/hdf5/src/H5UC.c:56
  NEW_FUNC: 0x564d57559440 in H5UC_decr /src/hdf5/src/H5UC.c:99
  NEW_FUNC: 0x564d575595c0 in H5RS_create /src/hdf5/src/H5RS.c:270
  NEW_FUNC: 0x564d5755bac0 in H5RS_decr /src/hdf5/src/H5RS.c:548
  NEW_FUNC: 0x564d5755c0d0 in H5RS_dup /src/hdf5/src/H5RS.c:632
  NEW_FUNC: 0x564d576565b0 in H5T_unregister /src/hdf5/src/H5T.c:3507
  NEW_FUNC: 0x564d57acaf40 in H5VL_wrap_object /src/hdf5/src/H5VLcallback.c:857
  NEW_FUNC: 0x564d57acb700 in H5VL_unwrap_object /src/hdf5/src/H5VLcallback.c:929
  NEW_FUNC: 0x564d57acfd90 in H5VL_attr_specific /src/hdf5/src/H5VLcallback.c:1603
  NEW_FUNC: 0x564d57ad0250 in H5VL__attr_specific /src/hdf5/src/H5VLcallback.c:1566
  NEW_FUNC: 0x564d57ad37e0 in H5VL_dataset_open /src/hdf5/src/H5VLcallback.c:2076
  NEW_FUNC: 0x564d57ad3cb0 in H5VL__dataset_open /src/hdf5/src/H5VLcallback.c:2040
  NEW_FUNC: 0x564d57ae2a90 in H5VL_file_optional /src/hdf5/src/H5VLcallback.c:4199
  NEW_FUNC: 0x564d57ae2f60 in H5VL__file_optional /src/hdf5/src/H5VLcallback.c:4164
  NEW_FUNC: 0x564d57ae3df0 in H5VL_file_close /src/hdf5/src/H5VLcallback.c:4348
  NEW_FUNC: 0x564d57ae42b0 in H5VL__file_close /src/hdf5/src/H5VLcallback.c:4309
  NEW_FUNC: 0x564d57aec810 in H5VL_link_specific /src/hdf5/src/H5VLcallback.c:5581
  NEW_FUNC: 0x564d57aeccd0 in H5VL__link_specific /src/hdf5/src/H5VLcallback.c:5544
  NEW_FUNC: 0x564d57aeea30 in H5VL_object_open /src/hdf5/src/H5VLcallback.c:5853
  NEW_FUNC: 0x564d57aeeef0 in H5VL__object_open /src/hdf5/src/H5VLcallback.c:5817
  NEW_FUNC: 0x564d57af45e0 in H5VL_introspect_opt_query /src/hdf5/src/H5VLcallback.c:6648
  NEW_FUNC: 0x564d57af4ab0 in H5VL__introspect_opt_query /src/hdf5/src/H5VLcallback.c:6612
  NEW_FUNC: 0x564d57b02210 in H5VL_new_vol_obj /src/hdf5/src/H5VLint.c:541
  NEW_FUNC: 0x564d57b02a70 in H5VL__wrap_obj /src/hdf5/src/H5VLint.c:502
  NEW_FUNC: 0x564d57b02df0 in H5VL_object_unwrap /src/hdf5/src/H5VLint.c:1836
  NEW_FUNC: 0x564d57b04350 in H5VL_register /src/hdf5/src/H5VLint.c:752
  NEW_FUNC: 0x564d57b05600 in H5VL_free_object /src/hdf5/src/H5VLint.c:1176
  NEW_FUNC: 0x564d57b08be0 in H5VL_vol_object /src/hdf5/src/H5VLint.c:1736
  NEW_FUNC: 0x564d57b08e20 in H5VL_vol_object_verify /src/hdf5/src/H5VLint.c:1764
  NEW_FUNC: 0x564d57b0aab0 in H5VL_set_vol_wrapper /src/hdf5/src/H5VLint.c:2285
  NEW_FUNC: 0x564d57b0bcc0 in H5VL__free_vol_wrapper /src/hdf5/src/H5VLint.c:2237
  NEW_FUNC: 0x564d57b0c1b0 in H5VL_reset_vol_wrapper /src/hdf5/src/H5VLint.c:2428
  NEW_FUNC: 0x564d57b0d9f0 in H5VL_setup_acc_args /src/hdf5/src/H5VLint.c:2670
  NEW_FUNC: 0x564d57b0dda0 in H5VL_setup_self_args /src/hdf5/src/H5VLint.c:2708
  NEW_FUNC: 0x564d57b0e080 in H5VL_setup_name_args /src/hdf5/src/H5VLint.c:2741
  NEW_FUNC: 0x564d57b13840 in H5VL__native_attr_specific /src/hdf5/src/H5VLnative_attr.c:429
  NEW_FUNC: 0x564d57b15eb0 in H5VL__native_dataset_open /src/hdf5/src/H5VLnative_dataset.c:320
  NEW_FUNC: 0x564d57b1d270 in H5VL__native_file_optional /src/hdf5/src/H5VLnative_file.c:388
  NEW_FUNC: 0x564d57b1f200 in H5VL__native_file_close /src/hdf5/src/H5VLnative_file.c:742
  NEW_FUNC: 0x564d57b236b0 in H5VL__native_link_specific /src/hdf5/src/H5VLnative_link.c:329
  NEW_FUNC: 0x564d57b24740 in H5VL__native_introspect_opt_query /src/hdf5/src/H5VLnative_introspect.c:72
  NEW_FUNC: 0x564d57b252a0 in H5VL__native_object_open /src/hdf5/src/H5VLnative_object.c:75
  NEW_FUNC: 0x564d57b31ca0 in H5WB_wrap /src/hdf5/src/H5WB.c:91
  NEW_FUNC: 0x564d57b31dc0 in H5WB_actual /src/hdf5/src/H5WB.c:140
  NEW_FUNC: 0x564d57b323d0 in H5WB_unwrap /src/hdf5/src/H5WB.c:236
  NEW_FUNC: 0x564d57ba16d0 in H5_build_extpath /src/hdf5/src/H5system.c:668
  NEW_FUNC: 0x564d57bcea90 in H5B_shared_new /src/hdf5/src/H5B.c:1652
  NEW_FUNC: 0x564d57bcf2d0 in H5B_shared_free /src/hdf5/src/H5B.c:1720
#190886: cov: 2962 ft: 3637 corp: 51 exec/s: 697 oom/timeout/crash: 0/0/0 time: 54s job: 20 dft_time: 0
#206699: cov: 2962 ft: 3637 corp: 51 exec/s: 718 oom/timeout/crash: 0/0/0 time: 62s job: 21 dft_time: 0
#222362: cov: 2973 ft: 3681 corp: 62 exec/s: 681 oom/timeout/crash: 0/0/0 time: 66s job: 22 dft_time: 0
#239286: cov: 2973 ft: 3681 corp: 62 exec/s: 705 oom/timeout/crash: 0/0/0 time: 71s job: 23 dft_time: 0
#253345: cov: 2973 ft: 3681 corp: 62 exec/s: 562 oom/timeout/crash: 0/0/0 time: 77s job: 24 dft_time: 0
  NEW_FUNC: 0x564d5711b6c0 in H5C__flash_increase_cache_size /src/hdf5/src/H5Cint.c:859
  NEW_FUNC: 0x564d5711e050 in H5C__make_space_in_cache /src/hdf5/src/H5Cint.c:1819
  NEW_FUNC: 0x564d572c74a0 in H5FL__blk_gc_list /src/hdf5/src/H5FL.c:965
#269108: cov: 3004 ft: 3762 corp: 71 exec/s: 606 oom/timeout/crash: 0/0/0 time: 81s job: 25 dft_time: 0
#286564: cov: 3005 ft: 3783 corp: 74 exec/s: 646 oom/timeout/crash: 0/0/0 time: 89s job: 26 dft_time: 0
#302807: cov: 3013 ft: 3869 corp: 83 exec/s: 580 oom/timeout/crash: 0/0/0 time: 95s job: 27 dft_time: 0
#314343: cov: 3013 ft: 3879 corp: 88 exec/s: 412 oom/timeout/crash: 0/0/0 time: 101s job: 28 dft_time: 0
#322016: cov: 3013 ft: 3882 corp: 89 exec/s: 255 oom/timeout/crash: 1/0/0 time: 108s job: 29 dft_time: 0
#325570: cov: 3014 ft: 3885 corp: 91 exec/s: 197 oom/timeout/crash: 1/0/0 time: 109s job: 31 dft_time: 0
#345537: cov: 3014 ft: 3885 corp: 91 exec/s: 644 oom/timeout/crash: 2/0/0 time: 112s job: 30 dft_time: 0
#347293: cov: 3014 ft: 3885 corp: 91 exec/s: 219 oom/timeout/crash: 2/0/0 time: 121s job: 36 dft_time: 0
#376643: cov: 3014 ft: 3885 corp: 91 exec/s: 889 oom/timeout/crash: 3/0/0 time: 128s job: 32 dft_time: 0
#397073: cov: 3014 ft: 3885 corp: 91 exec/s: 583 oom/timeout/crash: 3/0/0 time: 137s job: 33 dft_time: 0
#404174: cov: 3014 ft: 3886 corp: 92 exec/s: 244 oom/timeout/crash: 3/0/0 time: 139s job: 34 dft_time: 0
#414717: cov: 3015 ft: 3887 corp: 93 exec/s: 878 oom/timeout/crash: 4/0/0 time: 141s job: 38 dft_time: 0
#451713: cov: 3015 ft: 3887 corp: 93 exec/s: 1027 oom/timeout/crash: 5/0/0 time: 145s job: 35 dft_time: 0
#463195: cov: 3019 ft: 3891 corp: 94 exec/s: 478 oom/timeout/crash: 5/0/0 time: 146s job: 37 dft_time: 0
#470475: cov: 3019 ft: 3891 corp: 94 exec/s: 728 oom/timeout/crash: 6/0/0 time: 156s job: 42 dft_time: 0
#475610: cov: 3019 ft: 3892 corp: 95 exec/s: 205 oom/timeout/crash: 7/0/0 time: 162s job: 39 dft_time: 0
#476604: cov: 3019 ft: 3896 corp: 96 exec/s: 248 oom/timeout/crash: 8/0/0 time: 167s job: 45 dft_time: 0
#485733: cov: 3023 ft: 3925 corp: 97 exec/s: 212 oom/timeout/crash: 9/0/0 time: 185s job: 41 dft_time: 0
#486394: cov: 3023 ft: 3925 corp: 97 exec/s: 41 oom/timeout/crash: 9/0/0 time: 185s job: 46 dft_time: 0
#517669: cov: 3023 ft: 3925 corp: 97 exec/s: 651 oom/timeout/crash: 10/0/0 time: 189s job: 40 dft_time: 0
#559153: cov: 3023 ft: 3925 corp: 97 exec/s: 942 oom/timeout/crash: 11/0/0 time: 190s job: 43 dft_time: 0
#582413: cov: 3023 ft: 3925 corp: 97 exec/s: 516 oom/timeout/crash: 11/0/0 time: 201s job: 44 dft_time: 0
#583206: cov: 3023 ft: 3925 corp: 97 exec/s: 88 oom/timeout/crash: 11/0/0 time: 201s job: 50 dft_time: 0
#587441: cov: 3023 ft: 3925 corp: 97 exec/s: 249 oom/timeout/crash: 12/0/0 time: 219s job: 51 dft_time: 0
#591296: cov: 3023 ft: 3925 corp: 97 exec/s: 202 oom/timeout/crash: 13/0/0 time: 222s job: 52 dft_time: 0
#596729: cov: 3023 ft: 3925 corp: 97 exec/s: 132 oom/timeout/crash: 14/0/0 time: 228s job: 47 dft_time: 0
#627845: cov: 3023 ft: 3925 corp: 97 exec/s: 635 oom/timeout/crash: 15/0/0 time: 238s job: 48 dft_time: 0
#634834: cov: 3023 ft: 3925 corp: 97 exec/s: 139 oom/timeout/crash: 15/0/0 time: 239s job: 49 dft_time: 0
#634994: cov: 3023 ft: 3925 corp: 97 exec/s: 20 oom/timeout/crash: 15/0/0 time: 249s job: 57 dft_time: 0
#635498: cov: 3023 ft: 3925 corp: 97 exec/s: 50 oom/timeout/crash: 16/0/0 time: 260s job: 58 dft_time: 0
#639130: cov: 3023 ft: 3925 corp: 97 exec/s: 103 oom/timeout/crash: 17/0/0 time: 265s job: 55 dft_time: 0
#673582: cov: 3023 ft: 3925 corp: 97 exec/s: 638 oom/timeout/crash: 18/0/0 time: 274s job: 53 dft_time: 0
#685190: cov: 3023 ft: 3925 corp: 97 exec/s: 211 oom/timeout/crash: 18/0/0 time: 278s job: 54 dft_time: 0
#702440: cov: 3023 ft: 3925 corp: 97 exec/s: 539 oom/timeout/crash: 18/0/0 time: 293s job: 59 dft_time: 0
#712997: cov: 3023 ft: 3925 corp: 97 exec/s: 555 oom/timeout/crash: 19/0/0 time: 294s job: 61 dft_time: 0
#737872: cov: 3023 ft: 3925 corp: 97 exec/s: 436 oom/timeout/crash: 20/0/0 time: 295s job: 56 dft_time: 0
#738093: cov: 3023 ft: 3925 corp: 97 exec/s: 36 oom/timeout/crash: 20/0/0 time: 303s job: 65 dft_time: 0
INFO: fuzzed for 303 seconds, wrapping up soon
INFO: exiting: 71 time: 304s
