INFO: Running with entropic power schedule (0xFF, 100).
INFO: Seed: 3312190179
INFO: Loaded 1 modules   (123244 inline 8-bit counters): 123244 [0x563c5be92b40, 0x563c5beb0cac), 
INFO: Loaded 1 PC tables (123244 PCs): 123244 [0x563c5beb0cb0,0x563c5c092370), 
INFO: -fork=5: fuzzing in separate process(s)
INFO: -fork=5: 0 seed inputs, starting to fuzz in /tmp/libFuzzerTemp.FuzzWithFork25691.dir
#4125: cov: 0 ft: 0 corp: 0 exec/s: 2062 oom/timeout/crash: 0/0/0 time: 2s job: 1 dft_time: 0
  NEW_FUNC: 0x563c5b0276b0 in LLVMFuzzerTestOneInput /src/h5_ref_fuzzer.c:197
  NEW_FUNC: 0x563c5b028550 in H5__init_package /src/hdf5/src/H5.c:114
  NEW_FUNC: 0x563c5b028680 in H5_init_library /src/hdf5/src/H5.c:144
  NEW_FUNC: 0x563c5b028fc0 in H5_check_version /src/hdf5/src/H5.c:853
  NEW_FUNC: 0x563c5b02b980 in H5__debug_mask /src/hdf5/src/H5.c:670
  NEW_FUNC: 0x563c5b02c830 in H5_user_cb_prepare /src/hdf5/src/H5.c:1300
  NEW_FUNC: 0x563c5b02ca10 in H5_user_cb_restore /src/hdf5/src/H5.c:1330
  NEW_FUNC: 0x563c5b02e930 in H5A_init /src/hdf5/src/H5Aint.c:148
  NEW_FUNC: 0x563c5b02ea60 in H5A__init_package /src/hdf5/src/H5Aint.c:172
  NEW_FUNC: 0x563c5b03e010 in H5AC_create /src/hdf5/src/H5AC.c:251
  NEW_FUNC: 0x563c5b03e970 in H5AC_validate_config /src/hdf5/src/H5AC.c:1883
  NEW_FUNC: 0x563c5b03f950 in H5AC_validate_cache_image_config /src/hdf5/src/H5AC.c:1956
  NEW_FUNC: 0x563c5b03fec0 in H5AC_set_cache_auto_resize_config /src/hdf5/src/H5AC.c:1794
  NEW_FUNC: 0x563c5b040c80 in H5AC_dest /src/hdf5/src/H5AC.c:428
  NEW_FUNC: 0x563c5b043b80 in H5AC_prep_for_file_close /src/hdf5/src/H5AC.c:1107
  NEW_FUNC: 0x563c5b044430 in H5AC_protect /src/hdf5/src/H5AC.c:1269
  NEW_FUNC: 0x563c5b046ae0 in H5AC_tag /src/hdf5/src/H5AC.c:2141
  NEW_FUNC: 0x563c5b0478f0 in H5AC_set_ring /src/hdf5/src/H5AC.c:2431
  NEW_FUNC: 0x563c5b081200 in H5C_create /src/hdf5/src/H5C.c:128
  NEW_FUNC: 0x563c5b0824f0 in H5C_reset_cache_hit_rate_stats /src/hdf5/src/H5C.c:785
  NEW_FUNC: 0x563c5b0826a0 in H5C_prep_for_file_close /src/hdf5/src/H5C.c:395
  NEW_FUNC: 0x563c5b082a00 in H5C_dest /src/hdf5/src/H5C.c:482
  NEW_FUNC: 0x563c5b083620 in H5C_set_slist_enabled /src/hdf5/src/H5C.c:1075
  NEW_FUNC: 0x563c5b084db0 in H5C_set_cache_auto_resize_config /src/hdf5/src/H5C.c:818
  NEW_FUNC: 0x563c5b0866b0 in H5C_validate_resize_config /src/hdf5/src/H5C.c:1207
  NEW_FUNC: 0x563c5b087b00 in H5C_set_evictions_enabled /src/hdf5/src/H5C.c:1005
  NEW_FUNC: 0x563c5b08acd0 in H5C_stats__reset /src/hdf5/src/H5Cdbg.c:683
  NEW_FUNC: 0x563c5b0992b0 in H5C_protect /src/hdf5/src/H5Centry.c:2996
  NEW_FUNC: 0x563c5b0a6540 in H5C__verify_len_eoa /src/hdf5/src/H5Centry.c:950
  NEW_FUNC: 0x563c5b0a7790 in H5C_cache_image_status /src/hdf5/src/H5Cimage.c:229
  NEW_FUNC: 0x563c5b0b26a0 in H5C__prep_image_for_file_close /src/hdf5/src/H5Cimage.c:832
  NEW_FUNC: 0x563c5b0b6790 in H5C_set_cache_image_config /src/hdf5/src/H5Cimage.c:1114
  NEW_FUNC: 0x563c5b0b6ae0 in H5C_validate_cache_image_config /src/hdf5/src/H5Cimage.c:1186
  NEW_FUNC: 0x563c5b0bc740 in H5C__flush_invalidate_cache /src/hdf5/src/H5Cint.c:991
  NEW_FUNC: 0x563c5b0c1620 in H5C_get_logging_status /src/hdf5/src/H5Clog.c:257
  NEW_FUNC: 0x563c5b0d9690 in H5CX__init_package /src/hdf5/src/H5CX.c:266
  NEW_FUNC: 0x563c5b0dad40 in H5CX_pushed /src/hdf5/src/H5CX.c:507
  NEW_FUNC: 0x563c5b0dadc0 in H5CX_push /src/hdf5/src/H5CX.c:533
  NEW_FUNC: 0x563c5b0dd6b0 in H5CX_set_apl /src/hdf5/src/H5CX.c:1012
  NEW_FUNC: 0x563c5b0ddfc0 in H5CX_set_vol_connector_prop /src/hdf5/src/H5CX.c:1210
  NEW_FUNC: 0x563c5b0de1c0 in H5CX_get_dxpl /src/hdf5/src/H5CX.c:1241
  NEW_FUNC: 0x563c5b0de5f0 in H5CX_get_vol_connector_prop /src/hdf5/src/H5CX.c:1336
  NEW_FUNC: 0x563c5b0de810 in H5CX_get_tag /src/hdf5/src/H5CX.c:1369
  NEW_FUNC: 0x563c5b0de8a0 in H5CX_get_ring /src/hdf5/src/H5CX.c:1396
  NEW_FUNC: 0x563c5b0e5990 in H5CX_set_tag /src/hdf5/src/H5CX.c:2597
  NEW_FUNC: 0x563c5b0e5a20 in H5CX_set_ring /src/hdf5/src/H5CX.c:2622
  NEW_FUNC: 0x563c5b0e6720 in H5CX_pop /src/hdf5/src/H5CX.c:3317
  NEW_FUNC: 0x563c5b10a650 in H5D_init /src/hdf5/src/H5Dint.c:162
  NEW_FUNC: 0x563c5b10a820 in H5D__init_package /src/hdf5/src/H5Dint.c:189
  NEW_FUNC: 0x563c5b16d280 in H5Eset_auto2 /src/hdf5/src/H5E.c:767
  NEW_FUNC: 0x563c5b16fa20 in H5E_init /src/hdf5/src/H5Eint.c:217
  NEW_FUNC: 0x563c5b16fbb0 in H5E__init_package /src/hdf5/src/H5Eint.c:241
  NEW_FUNC: 0x563c5b174570 in H5E_printf_stack /src/hdf5/src/H5Eint.c:1547
  NEW_FUNC: 0x563c5b175960 in H5E_clear_stack /src/hdf5/src/H5Eint.c:1844
  NEW_FUNC: 0x563c5b175c20 in H5E_user_cb_prepare /src/hdf5/src/H5Eint.c:367
  NEW_FUNC: 0x563c5b175f40 in H5E_user_cb_restore /src/hdf5/src/H5Eint.c:406
  NEW_FUNC: 0x563c5b179e40 in H5E__get_auto /src/hdf5/src/H5Eint.c:1453
  NEW_FUNC: 0x563c5b17a240 in H5E__set_auto /src/hdf5/src/H5Eint.c:1523
  NEW_FUNC: 0x563c5b17a8e0 in H5E__clear_entries /src/hdf5/src/H5Eint.c:1775
  NEW_FUNC: 0x563c5b17af20 in H5E_dump_api_stack /src/hdf5/src/H5Eint.c:1939
  NEW_FUNC: 0x563c5b19f430 in H5Fopen /src/hdf5/src/H5F.c:813
  NEW_FUNC: 0x563c5b19fb80 in H5F__open_api_common /src/hdf5/src/H5F.c:739
  NEW_FUNC: 0x563c5b1b8c90 in H5F_init /src/hdf5/src/H5Fint.c:138
  NEW_FUNC: 0x563c5b1b8dc0 in H5F__init_package /src/hdf5/src/H5Fint.c:161
  NEW_FUNC: 0x563c5b1b8f10 in H5F__parse_file_lock_env_var /src/hdf5/src/H5Fint.c:276
  NEW_FUNC: 0x563c5b1bd790 in H5F_open /src/hdf5/src/H5Fint.c:1827
  NEW_FUNC: 0x563c5b1c0bb0 in H5F__new /src/hdf5/src/H5Fint.c:1132
  NEW_FUNC: 0x563c5b1c47a0 in H5F__dest /src/hdf5/src/H5Fint.c:1405
  NEW_FUNC: 0x563c5b1cb4b0 in H5F_set_retries /src/hdf5/src/H5Fint.c:3485
  NEW_FUNC: 0x563c5b1cbd10 in H5F__set_eoa /src/hdf5/src/H5Fint.c:3582
  NEW_FUNC: 0x563c5b1d0900 in H5F__set_vol_conn /src/hdf5/src/H5Fint.c:315
  NEW_FUNC: 0x563c5b1d11a0 in H5F_block_read /src/hdf5/src/H5Fio.c:117
  NEW_FUNC: 0x563c5b1d7870 in H5F_get_intent /src/hdf5/src/H5Fquery.c:97
  NEW_FUNC: 0x563c5b1d7bb0 in H5F_get_read_attempts /src/hdf5/src/H5Fquery.c:342
  NEW_FUNC: 0x563c5b1d8150 in H5F_grp_btree_shared /src/hdf5/src/H5Fquery.c:672
  NEW_FUNC: 0x563c5b1d8b70 in H5F_get_eoa /src/hdf5/src/H5Fquery.c:924
  NEW_FUNC: 0x563c5b1d9440 in H5F_use_mdc_logging /src/hdf5/src/H5Fquery.c:1122
  NEW_FUNC: 0x563c5b1d9c70 in H5F__sfile_add /src/hdf5/src/H5Fsfile.c:94
  NEW_FUNC: 0x563c5b1d9e50 in H5F__sfile_search /src/hdf5/src/H5Fsfile.c:130
  NEW_FUNC: 0x563c5b1da010 in H5F__sfile_remove /src/hdf5/src/H5Fsfile.c:165
  NEW_FUNC: 0x563c5b1da920 in H5F__super_read /src/hdf5/src/H5Fsuper.c:307
  NEW_FUNC: 0x563c5b1e5270 in H5F__cache_superblock_get_initial_load_size /src/hdf5/src/H5Fsuper_cache.c:303
  NEW_FUNC: 0x563c5b1e5330 in H5F__cache_superblock_get_final_load_size /src/hdf5/src/H5Fsuper_cache.c:325
  NEW_FUNC: 0x563c5b1e9b70 in H5F__superblock_prefix_decode /src/hdf5/src/H5Fsuper_cache.c:142
  NEW_FUNC: 0x563c5b1f61b0 in H5FD_init /src/hdf5/src/H5FD.c:110
  NEW_FUNC: 0x563c5b1f62e0 in H5FD__init_package /src/hdf5/src/H5FD.c:131
  NEW_FUNC: 0x563c5b1f7820 in H5FD_register /src/hdf5/src/H5FD.c:388
  NEW_FUNC: 0x563c5b1f8c50 in H5FD_get_class /src/hdf5/src/H5FD.c:527
  NEW_FUNC: 0x563c5b1fb380 in H5FD_open /src/hdf5/src/H5FD.c:891
  NEW_FUNC: 0x563c5b1fc410 in H5FD__query /src/hdf5/src/H5FD.c:1213
  NEW_FUNC: 0x563c5b1fcef0 in H5FD_close /src/hdf5/src/H5FD.c:1055
  NEW_FUNC: 0x563c5b200f00 in H5FD_get_maxaddr /src/hdf5/src/H5FD.c:1498
  NEW_FUNC: 0x563c5b2010e0 in H5FD_get_feature_flags /src/hdf5/src/H5FD.c:1524
  NEW_FUNC: 0x563c5b201220 in H5FD_get_fs_type_map /src/hdf5/src/H5FD.c:1571
  NEW_FUNC: 0x563c5b20ac00 in H5FD_lock /src/hdf5/src/H5FD.c:2613
  NEW_FUNC: 0x563c5b20ec00 in H5FD__core_register /src/hdf5/src/H5FDcore.c:454
  NEW_FUNC: 0x563c5b217400 in H5FD__family_register /src/hdf5/src/H5FDfamily.c:279
  NEW_FUNC: 0x563c5b21ec60 in H5FD_locate_signature /src/hdf5/src/H5FDint.c:149
  NEW_FUNC: 0x563c5b21f350 in H5FD_get_eof /src/hdf5/src/H5FDint.c:2491
  NEW_FUNC: 0x563c5b21f9b0 in H5FD_get_eoa /src/hdf5/src/H5FDint.c:2449
  NEW_FUNC: 0x563c5b21ff80 in H5FD_set_eoa /src/hdf5/src/H5FDint.c:2409
  NEW_FUNC: 0x563c5b220540 in H5FD_read /src/hdf5/src/H5FDint.c:214
  NEW_FUNC: 0x563c5b22fef0 in H5FD_driver_query /src/hdf5/src/H5FDint.c:2533
  NEW_FUNC: 0x563c5b2354d0 in H5FD__log_register /src/hdf5/src/H5FDlog.c:215
  NEW_FUNC: 0x563c5b23c870 in H5FD__multi_register /src/hdf5/src/H5FDmulti_int.c:52
  NEW_FUNC: 0x563c5b23c9a0 in H5FD__onion_register /src/hdf5/src/H5FDonion.c:226
  NEW_FUNC: 0x563c5b252970 in H5FD__sec2_register /src/hdf5/src/H5FDsec2.c:174
  NEW_FUNC: 0x563c5b253230 in H5FD__sec2_open /src/hdf5/src/H5FDsec2.c:249
  NEW_FUNC: 0x563c5b253e10 in H5FD__sec2_close /src/hdf5/src/H5FDsec2.c:378
  NEW_FUNC: 0x563c5b254200 in H5FD__sec2_query /src/hdf5/src/H5FDsec2.c:462
  NEW_FUNC: 0x563c5b254350 in H5FD__sec2_get_eoa /src/hdf5/src/H5FDsec2.c:508
  NEW_FUNC: 0x563c5b254380 in H5FD__sec2_set_eoa /src/hdf5/src/H5FDsec2.c:529
  NEW_FUNC: 0x563c5b254440 in H5FD__sec2_get_eof /src/hdf5/src/H5FDsec2.c:553
  NEW_FUNC: 0x563c5b2545f0 in H5FD__sec2_read /src/hdf5/src/H5FDsec2.c:603
  NEW_FUNC: 0x563c5b2555e0 in H5FD__sec2_lock /src/hdf5/src/H5FDsec2.c:889
  NEW_FUNC: 0x563c5b258ad0 in H5FD__splitter_register /src/hdf5/src/H5FDsplitter.c:177
  NEW_FUNC: 0x563c5b260890 in H5FD__stdio_register /src/hdf5/src/H5FDstdio_int.c:52
  NEW_FUNC: 0x563c5b2619d0 in H5FL_reg_free /src/hdf5/src/H5FL.c:277
  NEW_FUNC: 0x563c5b261fe0 in H5FL_reg_malloc /src/hdf5/src/H5FL.c:334
  NEW_FUNC: 0x563c5b262670 in H5FL_reg_calloc /src/hdf5/src/H5FL.c:386
  NEW_FUNC: 0x563c5b266980 in H5FL_fac_init /src/hdf5/src/H5FL.c:1695
  NEW_FUNC: 0x563c5b266e60 in H5FL_fac_free /src/hdf5/src/H5FL.c:1758
  NEW_FUNC: 0x563c5b267470 in H5FL_fac_malloc /src/hdf5/src/H5FL.c:1814
  NEW_FUNC: 0x563c5b2689a0 in H5FO_create /src/hdf5/src/H5FO.c:72
  NEW_FUNC: 0x563c5b2694f0 in H5FO_dest /src/hdf5/src/H5FO.c:341
  NEW_FUNC: 0x563c5b269720 in H5FO_top_create /src/hdf5/src/H5FO.c:385
  NEW_FUNC: 0x563c5b269fa0 in H5FO_top_dest /src/hdf5/src/H5FO.c:569
  NEW_FUNC: 0x563c5b273ef0 in H5FS_init /src/hdf5/src/H5FSint.c:80
  NEW_FUNC: 0x563c5b28ff50 in H5G_init /src/hdf5/src/H5Gint.c:134
  NEW_FUNC: 0x563c5b290080 in H5G__init_package /src/hdf5/src/H5Gint.c:165
  NEW_FUNC: 0x563c5b2a0af0 in H5G_name_free /src/hdf5/src/H5Gname.c:536
  NEW_FUNC: 0x563c5b2a0ef0 in H5G_name_reset /src/hdf5/src/H5Gname.c:513
  NEW_FUNC: 0x563c5b2a9db0 in H5G_node_close /src/hdf5/src/H5Gnode.c:1112
  NEW_FUNC: 0x563c5b332140 in H5I_register_type /src/hdf5/src/H5Iint.c:242
  NEW_FUNC: 0x563c5b333f30 in H5I__register /src/hdf5/src/H5Iint.c:581
  NEW_FUNC: 0x563c5b335a00 in H5I_register /src/hdf5/src/H5Iint.c:639
  NEW_FUNC: 0x563c5b337780 in H5I__find_id /src/hdf5/src/H5Iint.c:1666
  NEW_FUNC: 0x563c5b338350 in H5I_object /src/hdf5/src/H5Iint.c:779
  NEW_FUNC: 0x563c5b338490 in H5I_object_verify /src/hdf5/src/H5Iint.c:807
  NEW_FUNC: 0x563c5b338610 in H5I_get_type /src/hdf5/src/H5Iint.c:840
  NEW_FUNC: 0x563c5b338f40 in H5I__remove_common /src/hdf5/src/H5Iint.c:944
  NEW_FUNC: 0x563c5b339b30 in H5I_dec_ref /src/hdf5/src/H5Iint.c:1115
  NEW_FUNC: 0x563c5b339ce0 in H5I__dec_ref /src/hdf5/src/H5Iint.c:1036
  NEW_FUNC: 0x563c5b33b050 in H5I_inc_ref /src/hdf5/src/H5Iint.c:1357
  NEW_FUNC: 0x563c5b33d730 in H5L_init /src/hdf5/src/H5Lint.c:206
  NEW_FUNC: 0x563c5b33d860 in H5L__init_package /src/hdf5/src/H5Lint.c:227
  NEW_FUNC: 0x563c5b33dd90 in H5L_register /src/hdf5/src/H5Lint.c:344
  NEW_FUNC: 0x563c5b3482a0 in H5M_init /src/hdf5/src/H5M.c:94
  NEW_FUNC: 0x563c5b3483d0 in H5M__init_package /src/hdf5/src/H5M.c:117
  NEW_FUNC: 0x563c5b3489b0 in H5MF_init_merge_flags /src/hdf5/src/H5MF.c:137
  NEW_FUNC: 0x563c5b364e10 in H5MM_realloc /src/hdf5/src/H5MM.c:77
  NEW_FUNC: 0x563c5b364ea0 in H5MM_xstrdup /src/hdf5/src/H5MM.c:109
  NEW_FUNC: 0x563c5b364f60 in H5MM_strdup /src/hdf5/src/H5MM.c:136
  NEW_FUNC: 0x563c5b3651c0 in H5MM_xfree /src/hdf5/src/H5MM.c:197
  NEW_FUNC: 0x563c5b3651f0 in H5MM_xfree_const /src/hdf5/src/H5MM.c:219
  NEW_FUNC: 0x563c5b3bafa0 in H5O__fill_copy /src/hdf5/src/H5Ofill.c:534
  NEW_FUNC: 0x563c5b3c7ad0 in H5O_init /src/hdf5/src/H5Oint.c:192
  NEW_FUNC: 0x563c5b3d1bb0 in H5O_loc_reset /src/hdf5/src/H5Oint.c:1804
  NEW_FUNC: 0x563c5b3de3f0 in H5O__layout_copy /src/hdf5/src/H5Olayout.c:750
  NEW_FUNC: 0x563c5b3ec000 in H5O_msg_reset /src/hdf5/src/H5Omessage.c:516
  NEW_FUNC: 0x563c5b3ecd30 in H5O_msg_copy /src/hdf5/src/H5Omessage.c:665
  NEW_FUNC: 0x563c5b3f1da0 in H5O_msg_reset_share /src/hdf5/src/H5Omessage.c:1530
  NEW_FUNC: 0x563c5b3f9e00 in H5O__pline_copy /src/hdf5/src/H5Opline.c:369
  NEW_FUNC: 0x563c5b3fb370 in H5O__pline_reset /src/hdf5/src/H5Opline.c:521
  NEW_FUNC: 0x563c5b408140 in H5P__dacc_reg_prop /src/hdf5/src/H5Pdapl.c:197
  NEW_FUNC: 0x563c5b413d80 in H5P__dcrt_reg_prop /src/hdf5/src/H5Pdcpl.c:301
  NEW_FUNC: 0x563c5b432810 in H5P__dcrt_layout_get /src/hdf5/src/H5Pdcpl.c:391
  NEW_FUNC: 0x563c5b43c950 in H5P__dcrt_fill_value_get /src/hdf5/src/H5Pdcpl.c:1098
  NEW_FUNC: 0x563c5b43f090 in H5P__dcrt_ext_file_list_get /src/hdf5/src/H5Pdcpl.c:1476
  NEW_FUNC: 0x563c5b443cc0 in H5P__dxfr_reg_prop /src/hdf5/src/H5Pdxpl.c:313
  NEW_FUNC: 0x563c5b459cf0 in H5P__facc_reg_prop /src/hdf5/src/H5Pfapl.c:553
  NEW_FUNC: 0x563c5b45c1b0 in H5P__facc_set_def_driver /src/hdf5/src/H5Pfapl.c:860
  NEW_FUNC: 0x563c5b477d20 in H5P_set_vol /src/hdf5/src/H5Pfapl.c:5979
  NEW_FUNC: 0x563c5b478270 in H5P_reset_vol_class /src/hdf5/src/H5Pfapl.c:6020
  NEW_FUNC: 0x563c5b485720 in H5P__facc_file_driver_create /src/hdf5/src/H5Pfapl.c:1765
  NEW_FUNC: 0x563c5b48aed0 in H5P__facc_vol_create /src/hdf5/src/H5Pfapl.c:6238
  NEW_FUNC: 0x563c5b48b050 in H5P__facc_vol_set /src/hdf5/src/H5Pfapl.c:6264
  NEW_FUNC: 0x563c5b48b350 in H5P__facc_vol_del /src/hdf5/src/H5Pfapl.c:6322
  NEW_FUNC: 0x563c5b48b9a0 in H5P__file_driver_copy /src/hdf5/src/H5Pfapl.c:1658
  NEW_FUNC: 0x563c5b48d610 in H5P_init_phase1 /src/hdf5/src/H5Pint.c:424
  NEW_FUNC: 0x563c5b48d7e0 in H5P__init_package /src/hdf5/src/H5Pint.c:475
  NEW_FUNC: 0x563c5b48e3e0 in H5P_init_phase2 /src/hdf5/src/H5Pint.c:450
  NEW_FUNC: 0x563c5b48e700 in H5P__create_class /src/hdf5/src/H5Pint.c:1781
  NEW_FUNC: 0x563c5b48edd0 in H5P_create_id /src/hdf5/src/H5Pint.c:2014
  NEW_FUNC: 0x563c5b490ab0 in H5P__dup_prop /src/hdf5/src/H5Pint.c:1179
  NEW_FUNC: 0x563c5b491110 in H5P_copy_plist /src/hdf5/src/H5Pint.c:938
  NEW_FUNC: 0x563c5b493150 in H5P__do_prop_cb1 /src/hdf5/src/H5Pint.c:789
  NEW_FUNC: 0x563c5b493a60 in H5P__access_class /src/hdf5/src/H5Pint.c:1630
  NEW_FUNC: 0x563c5b494010 in H5P_close /src/hdf5/src/H5Pint.c:5285
  NEW_FUNC: 0x563c5b495310 in H5P__free_prop_cb /src/hdf5/src/H5Pint.c:1547
  NEW_FUNC: 0x563c5b4957c0 in H5P__register_real /src/hdf5/src/H5Pint.c:2257
  NEW_FUNC: 0x563c5b495dc0 in H5P__create_prop /src/hdf5/src/H5Pint.c:1293
  NEW_FUNC: 0x563c5b497900 in H5P__do_prop /src/hdf5/src/H5Pint.c:2818
  NEW_FUNC: 0x563c5b498550 in H5P_set /src/hdf5/src/H5Pint.c:3237
  NEW_FUNC: 0x563c5b4989a0 in H5P__set_plist_cb /src/hdf5/src/H5Pint.c:3050
  NEW_FUNC: 0x563c5b499e20 in H5P__class_get /src/hdf5/src/H5Pint.c:3284
  NEW_FUNC: 0x563c5b49a090 in H5P__class_set /src/hdf5/src/H5Pint.c:3339
  NEW_FUNC: 0x563c5b49aed0 in H5P__cmp_class /src/hdf5/src/H5Pint.c:3808
  NEW_FUNC: 0x563c5b49d520 in H5P_isa_class /src/hdf5/src/H5Pint.c:4129
  NEW_FUNC: 0x563c5b49f1c0 in H5P_peek /src/hdf5/src/H5Pint.c:4662
  NEW_FUNC: 0x563c5b49f600 in H5P__peek_cb /src/hdf5/src/H5Pint.c:4614
  NEW_FUNC: 0x563c5b49f7e0 in H5P_get /src/hdf5/src/H5Pint.c:4784
  NEW_FUNC: 0x563c5b49fc20 in H5P__get_cb /src/hdf5/src/H5Pint.c:4706
  NEW_FUNC: 0x563c5b4a47b0 in H5P__close_list_cb /src/hdf5/src/H5Pint.c:748
  NEW_FUNC: 0x563c5b4a4920 in H5P__lacc_reg_prop /src/hdf5/src/H5Plapl.c:184
  NEW_FUNC: 0x563c5b4acd40 in H5P__lcrt_reg_prop /src/hdf5/src/H5Plcpl.c:108
  NEW_FUNC: 0x563c5b4adce0 in H5P__macc_reg_prop /src/hdf5/src/H5Pmapl.c:107
  NEW_FUNC: 0x563c5b4ae050 in H5P__mcrt_reg_prop /src/hdf5/src/H5Pmcpl.c:96
  NEW_FUNC: 0x563c5b4ae060 in H5P__ocrt_reg_prop /src/hdf5/src/H5Pocpl.c:147
  NEW_FUNC: 0x563c5b4b9000 in H5P__ocrt_pipeline_get /src/hdf5/src/H5Pocpl.c:1234
  NEW_FUNC: 0x563c5b4bc400 in H5P__ocrt_pipeline_copy /src/hdf5/src/H5Pocpl.c:1477
  NEW_FUNC: 0x563c5b4bceb0 in H5P__ocrt_pipeline_close /src/hdf5/src/H5Pocpl.c:1604
  NEW_FUNC: 0x563c5b4bd030 in H5P__ocpy_reg_prop /src/hdf5/src/H5Pocpypl.c:149
  NEW_FUNC: 0x563c5b4c1b80 in H5P__strcrt_reg_prop /src/hdf5/src/H5Pstrcpl.c:112
  NEW_FUNC: 0x563c5b4c45a0 in H5PB_dest /src/hdf5/src/H5PB.c:450
  NEW_FUNC: 0x563c5b4c60b0 in H5PB_read /src/hdf5/src/H5PB.c:653
  NEW_FUNC: 0x563c5b4cc030 in H5PL__init_package /src/hdf5/src/H5PLint.c:136
  NEW_FUNC: 0x563c5b4cda60 in H5PL_iterate /src/hdf5/src/H5PLint.c:525
  NEW_FUNC: 0x563c5b4cdc40 in H5PL__create_path_table /src/hdf5/src/H5PLpath.c:231
  NEW_FUNC: 0x563c5b4ce5b0 in H5PL__insert_at /src/hdf5/src/H5PLpath.c:104
  NEW_FUNC: 0x563c5b4cf7f0 in H5PL__path_table_iterate /src/hdf5/src/H5PLpath.c:568
  NEW_FUNC: 0x563c5b4d1090 in H5PL__create_plugin_cache /src/hdf5/src/H5PLplugin_cache.c:99
  NEW_FUNC: 0x563c5b4ed490 in H5S_init /src/hdf5/src/H5S.c:114
  NEW_FUNC: 0x563c5b4ed5c0 in H5S__init_package /src/hdf5/src/H5S.c:136
  NEW_FUNC: 0x563c5b5780d0 in H5SL__init_package /src/hdf5/src/H5SL.c:544
  NEW_FUNC: 0x563c5b578320 in H5SL_create /src/hdf5/src/H5SL.c:931
  NEW_FUNC: 0x563c5b5786f0 in H5SL__new_node /src/hdf5/src/H5SL.c:641
  NEW_FUNC: 0x563c5b5789f0 in H5SL_count /src/hdf5/src/H5SL.c:1001
  NEW_FUNC: 0x563c5b578a20 in H5SL_insert /src/hdf5/src/H5SL.c:1036
  NEW_FUNC: 0x563c5b578b50 in H5SL__insert_common /src/hdf5/src/H5SL.c:688
  NEW_FUNC: 0x563c5b598170 in H5SL_search /src/hdf5/src/H5SL.c:1314
  NEW_FUNC: 0x563c5b5aa030 in H5SL_first /src/hdf5/src/H5SL.c:1896
  NEW_FUNC: 0x563c5b5aa090 in H5SL_next /src/hdf5/src/H5SL.c:1929
  NEW_FUNC: 0x563c5b5aa190 in H5SL_item /src/hdf5/src/H5SL.c:2029
  NEW_FUNC: 0x563c5b5aa540 in H5SL__release_common /src/hdf5/src/H5SL.c:806
  NEW_FUNC: 0x563c5b5aad10 in H5SL_destroy /src/hdf5/src/H5SL.c:2232
  NEW_FUNC: 0x563c5b5aae50 in H5SL__close_common /src/hdf5/src/H5SL.c:885
  NEW_FUNC: 0x563c5b5ab0b0 in H5SL_close /src/hdf5/src/H5SL.c:2272
  NEW_FUNC: 0x563c5b5c09a0 in H5T_init /src/hdf5/src/H5T.c:794
  NEW_FUNC: 0x563c5b5c0ad0 in H5T__init_package /src/hdf5/src/H5T.c:1025
  NEW_FUNC: 0x563c5b5cf350 in H5T_copy /src/hdf5/src/H5T.c:4430
  NEW_FUNC: 0x563c5b5cf980 in H5T__alloc /src/hdf5/src/H5T.c:4649
  NEW_FUNC: 0x563c5b5cfc80 in H5T_set_loc /src/hdf5/src/H5T.c:6907
  NEW_FUNC: 0x563c5b5d0e20 in H5T__create /src/hdf5/src/H5T.c:3997
  NEW_FUNC: 0x563c5b5d1ae0 in H5T__register_int /src/hdf5/src/H5T.c:3201
  NEW_FUNC: 0x563c5b5d1c30 in H5T__init_inf /src/hdf5/src/H5T.c:817
  NEW_FUNC: 0x563c5b5d3b10 in H5T_close_real /src/hdf5/src/H5T.c:4787
  NEW_FUNC: 0x563c5b5d7a40 in H5T_cmp /src/hdf5/src/H5T.c:5133
  NEW_FUNC: 0x563c5b5e0e80 in H5T__register /src/hdf5/src/H5T.c:3245
  NEW_FUNC: 0x563c5b5e8910 in H5T__initiate_copy /src/hdf5/src/H5T.c:4124
  NEW_FUNC: 0x563c5b5e8e50 in H5T__copy_all /src/hdf5/src/H5T.c:4200
  NEW_FUNC: 0x563c5b5e8f80 in H5T__complete_copy /src/hdf5/src/H5T.c:4229
  NEW_FUNC: 0x563c5b5eb7d0 in H5T__free /src/hdf5/src/H5T.c:4699
  NEW_FUNC: 0x563c5b5ecde0 in H5T__path_find_real /src/hdf5/src/H5T.c:5755
  NEW_FUNC: 0x563c5b5f5370 in H5T__array_create /src/hdf5/src/H5Tarray.c:133
  NEW_FUNC: 0x563c5b5f96c0 in H5T__bit_set /src/hdf5/src/H5Tbit.c:328
  NEW_FUNC: 0x563c5b6080f0 in H5T__complex_create /src/hdf5/src/H5Tcomplex.c:111
  NEW_FUNC: 0x563c5b6107e0 in H5T__conv_noop /src/hdf5/src/H5Tconv.c:242
  NEW_FUNC: 0x563c5b622f90 in H5T__conv_fcomplex_schar /src/hdf5/src/H5Tconv_complex.c:1436
  NEW_FUNC: 0x563c5b626e50 in H5T__conv_fcomplex_uchar /src/hdf5/src/H5Tconv_complex.c:1455
  NEW_FUNC: 0x563c5b62acc0 in H5T__conv_fcomplex_short /src/hdf5/src/H5Tconv_complex.c:1474
  NEW_FUNC: 0x563c5b62ee10 in H5T__conv_fcomplex_ushort /src/hdf5/src/H5Tconv_complex.c:1493
  NEW_FUNC: 0x563c5b632ef0 in H5T__conv_fcomplex_int /src/hdf5/src/H5Tconv_complex.c:1512
  NEW_FUNC: 0x563c5b6370d0 in H5T__conv_fcomplex_uint /src/hdf5/src/H5Tconv_complex.c:1531
  NEW_FUNC: 0x563c5b63b1b0 in H5T__conv_fcomplex_long /src/hdf5/src/H5Tconv_complex.c:1550
  NEW_FUNC: 0x563c5b63ed30 in H5T__conv_fcomplex_ulong /src/hdf5/src/H5Tconv_complex.c:1569
  NEW_FUNC: 0x563c5b64a2d0 in H5T__conv_fcomplex_float /src/hdf5/src/H5Tconv_complex.c:1649
  NEW_FUNC: 0x563c5b64f360 in H5T__conv_fcomplex_double /src/hdf5/src/H5Tconv_complex.c:1666
  NEW_FUNC: 0x563c5b651b30 in H5T__conv_fcomplex_ldouble /src/hdf5/src/H5Tconv_complex.c:1683
  NEW_FUNC: 0x563c5b655300 in H5T__conv_fcomplex_dcomplex /src/hdf5/src/H5Tconv_complex.c:1701
  NEW_FUNC: 0x563c5b658960 in H5T__conv_fcomplex_lcomplex /src/hdf5/src/H5Tconv_complex.c:1719
  NEW_FUNC: 0x563c5b65c500 in H5T__conv_dcomplex_schar /src/hdf5/src/H5Tconv_complex.c:1736
  NEW_FUNC: 0x563c5b65ff20 in H5T__conv_dcomplex_uchar /src/hdf5/src/H5Tconv_complex.c:1755
  NEW_FUNC: 0x563c5b663900 in H5T__conv_dcomplex_short /src/hdf5/src/H5Tconv_complex.c:1774
  NEW_FUNC: 0x563c5b667470 in H5T__conv_dcomplex_ushort /src/hdf5/src/H5Tconv_complex.c:1794
  NEW_FUNC: 0x563c5b66af70 in H5T__conv_dcomplex_int /src/hdf5/src/H5Tconv_complex.c:1813
  NEW_FUNC: 0x563c5b66eb20 in H5T__conv_dcomplex_uint /src/hdf5/src/H5Tconv_complex.c:1832
  NEW_FUNC: 0x563c5b672630 in H5T__conv_dcomplex_long /src/hdf5/src/H5Tconv_complex.c:1851
  NEW_FUNC: 0x563c5b676170 in H5T__conv_dcomplex_ulong /src/hdf5/src/H5Tconv_complex.c:1870
  NEW_FUNC: 0x563c5b6815f0 in H5T__conv_dcomplex_float /src/hdf5/src/H5Tconv_complex.c:1950
  NEW_FUNC: 0x563c5b6845f0 in H5T__conv_dcomplex_double /src/hdf5/src/H5Tconv_complex.c:1967
  NEW_FUNC: 0x563c5b688f70 in H5T__conv_dcomplex_ldouble /src/hdf5/src/H5Tconv_complex.c:1984
  NEW_FUNC: 0x563c5b68bb80 in H5T__conv_dcomplex_fcomplex /src/hdf5/src/H5Tconv_complex.c:2002
  NEW_FUNC: 0x563c5b68f340 in H5T__conv_dcomplex_lcomplex /src/hdf5/src/H5Tconv_complex.c:2020
  NEW_FUNC: 0x563c5b692d10 in H5T__conv_lcomplex_schar /src/hdf5/src/H5Tconv_complex.c:2038
  NEW_FUNC: 0x563c5b696c30 in H5T__conv_lcomplex_uchar /src/hdf5/src/H5Tconv_complex.c:2058
  NEW_FUNC: 0x563c5b69ab10 in H5T__conv_lcomplex_short /src/hdf5/src/H5Tconv_complex.c:2077
  NEW_FUNC: 0x563c5b69ebd0 in H5T__conv_lcomplex_ushort /src/hdf5/src/H5Tconv_complex.c:2097
  NEW_FUNC: 0x563c5b6a2be0 in H5T__conv_lcomplex_int /src/hdf5/src/H5Tconv_complex.c:2116
  NEW_FUNC: 0x563c5b6a6c70 in H5T__conv_lcomplex_uint /src/hdf5/src/H5Tconv_complex.c:2136
  NEW_FUNC: 0x563c5b6aac20 in H5T__conv_lcomplex_long /src/hdf5/src/H5Tconv_complex.c:2155
  NEW_FUNC: 0x563c5b6aecd0 in H5T__conv_lcomplex_ulong /src/hdf5/src/H5Tconv_complex.c:2175
  NEW_FUNC: 0x563c5b6baf80 in H5T__conv_lcomplex_float /src/hdf5/src/H5Tconv_complex.c:2262
  NEW_FUNC: 0x563c5b6be290 in H5T__conv_lcomplex_double /src/hdf5/src/H5Tconv_complex.c:2279
  NEW_FUNC: 0x563c5b6c1330 in H5T__conv_lcomplex_ldouble /src/hdf5/src/H5Tconv_complex.c:2297
  NEW_FUNC: 0x563c5b6c7790 in H5T__conv_lcomplex_fcomplex /src/hdf5/src/H5Tconv_complex.c:2315
  NEW_FUNC: 0x563c5b6cb480 in H5T__conv_lcomplex_dcomplex /src/hdf5/src/H5Tconv_complex.c:2333
  NEW_FUNC: 0x563c5b6e43e0 in H5T__conv_float_schar /src/hdf5/src/H5Tconv_float.c:1741
  NEW_FUNC: 0x563c5b6e83e0 in H5T__conv_float_uchar /src/hdf5/src/H5Tconv_float.c:1761
  NEW_FUNC: 0x563c5b6ec390 in H5T__conv_float_short /src/hdf5/src/H5Tconv_float.c:1781
  NEW_FUNC: 0x563c5b6f05e0 in H5T__conv_float_ushort /src/hdf5/src/H5Tconv_float.c:1801
  NEW_FUNC: 0x563c5b6f47b0 in H5T__conv_float_int /src/hdf5/src/H5Tconv_float.c:1821
  NEW_FUNC: 0x563c5b6f83b0 in H5T__conv_float_uint /src/hdf5/src/H5Tconv_float.c:1841
  NEW_FUNC: 0x563c5b6fbf70 in H5T__conv_float_long /src/hdf5/src/H5Tconv_float.c:1861
  NEW_FUNC: 0x563c5b700200 in H5T__conv_float_ulong /src/hdf5/src/H5Tconv_float.c:1881
  NEW_FUNC: 0x563c5b70ccd0 in H5T__conv_float_double /src/hdf5/src/H5Tconv_float.c:1964
  NEW_FUNC: 0x563c5b70fe30 in H5T__conv_float_ldouble /src/hdf5/src/H5Tconv_float.c:1982
  NEW_FUNC: 0x563c5b713600 in H5T__conv_float_fcomplex /src/hdf5/src/H5Tconv_float.c:2002
  NEW_FUNC: 0x563c5b716da0 in H5T__conv_float_dcomplex /src/hdf5/src/H5Tconv_float.c:2021
  NEW_FUNC: 0x563c5b71af00 in H5T__conv_float_lcomplex /src/hdf5/src/H5Tconv_float.c:2040
  NEW_FUNC: 0x563c5b71ff90 in H5T__conv_double_schar /src/hdf5/src/H5Tconv_float.c:2059
  NEW_FUNC: 0x563c5b723f60 in H5T__conv_double_uchar /src/hdf5/src/H5Tconv_float.c:2079
  NEW_FUNC: 0x563c5b727ef0 in H5T__conv_double_short /src/hdf5/src/H5Tconv_float.c:2099
  NEW_FUNC: 0x563c5b72c100 in H5T__conv_double_ushort /src/hdf5/src/H5Tconv_float.c:2119
  NEW_FUNC: 0x563c5b7302b0 in H5T__conv_double_int /src/hdf5/src/H5Tconv_float.c:2139
  NEW_FUNC: 0x563c5b7344d0 in H5T__conv_double_uint /src/hdf5/src/H5Tconv_float.c:2159
  NEW_FUNC: 0x563c5b738690 in H5T__conv_double_long /src/hdf5/src/H5Tconv_float.c:2179
  NEW_FUNC: 0x563c5b73c360 in H5T__conv_double_ulong /src/hdf5/src/H5Tconv_float.c:2199
  NEW_FUNC: 0x563c5b747b90 in H5T__conv_double_float /src/hdf5/src/H5Tconv_float.c:2282
  NEW_FUNC: 0x563c5b74acb0 in H5T__conv_double_ldouble /src/hdf5/src/H5Tconv_float.c:2300
  NEW_FUNC: 0x563c5b74e300 in H5T__conv_double_fcomplex /src/hdf5/src/H5Tconv_float.c:2320
  NEW_FUNC: 0x563c5b7515a0 in H5T__conv_double_dcomplex /src/hdf5/src/H5Tconv_float.c:2339
  NEW_FUNC: 0x563c5b754490 in H5T__conv_double_lcomplex /src/hdf5/src/H5Tconv_float.c:2358
  NEW_FUNC: 0x563c5b7591e0 in H5T__conv_ldouble_schar /src/hdf5/src/H5Tconv_float.c:2377
  NEW_FUNC: 0x563c5b75d280 in H5T__conv_ldouble_uchar /src/hdf5/src/H5Tconv_float.c:2397
  NEW_FUNC: 0x563c5b7612e0 in H5T__conv_ldouble_short /src/hdf5/src/H5Tconv_float.c:2417
  NEW_FUNC: 0x563c5b765580 in H5T__conv_ldouble_ushort /src/hdf5/src/H5Tconv_float.c:2437
  NEW_FUNC: 0x563c5b769740 in H5T__conv_ldouble_int /src/hdf5/src/H5Tconv_float.c:2457
  NEW_FUNC: 0x563c5b76d960 in H5T__conv_ldouble_uint /src/hdf5/src/H5Tconv_float.c:2477
  NEW_FUNC: 0x563c5b771bf0 in H5T__conv_ldouble_long /src/hdf5/src/H5Tconv_float.c:2497
  NEW_FUNC: 0x563c5b775ec0 in H5T__conv_ldouble_ulong /src/hdf5/src/H5Tconv_float.c:2517
  NEW_FUNC: 0x563c5b782b10 in H5T__conv_ldouble_float /src/hdf5/src/H5Tconv_float.c:2606
  NEW_FUNC: 0x563c5b785d40 in H5T__conv_ldouble_double /src/hdf5/src/H5Tconv_float.c:2624
  NEW_FUNC: 0x563c5b788d80 in H5T__conv_ldouble_fcomplex /src/hdf5/src/H5Tconv_float.c:2644
  NEW_FUNC: 0x563c5b78c200 in H5T__conv_ldouble_dcomplex /src/hdf5/src/H5Tconv_float.c:2663
  NEW_FUNC: 0x563c5b78ea10 in H5T__conv_ldouble_lcomplex /src/hdf5/src/H5Tconv_float.c:2682
  NEW_FUNC: 0x563c5b79b620 in H5T__conv_schar_uchar /src/hdf5/src/H5Tconv_integer.c:1074
  NEW_FUNC: 0x563c5b79dca0 in H5T__conv_schar_short /src/hdf5/src/H5Tconv_integer.c:1091
  NEW_FUNC: 0x563c5b7a2350 in H5T__conv_schar_ushort /src/hdf5/src/H5Tconv_integer.c:1108
  NEW_FUNC: 0x563c5b7a53e0 in H5T__conv_schar_int /src/hdf5/src/H5Tconv_integer.c:1125
  NEW_FUNC: 0x563c5b7a9a90 in H5T__conv_schar_uint /src/hdf5/src/H5Tconv_integer.c:1142
  NEW_FUNC: 0x563c5b7b3d10 in H5T__conv_schar_llong /src/hdf5/src/H5Tconv_integer.c:1193
  NEW_FUNC: 0x563c5b7b8020 in H5T__conv_schar_ullong /src/hdf5/src/H5Tconv_integer.c:1210
  NEW_FUNC: 0x563c5b7baf60 in H5T__conv_schar_float /src/hdf5/src/H5Tconv_integer.c:1247
  NEW_FUNC: 0x563c5b7c01f0 in H5T__conv_schar_double /src/hdf5/src/H5Tconv_integer.c:1265
  NEW_FUNC: 0x563c5b7c5140 in H5T__conv_schar_ldouble /src/hdf5/src/H5Tconv_integer.c:1283
  NEW_FUNC: 0x563c5b7c99e0 in H5T__conv_schar_fcomplex /src/hdf5/src/H5Tconv_integer.c:1303
  NEW_FUNC: 0x563c5b7cec00 in H5T__conv_schar_dcomplex /src/hdf5/src/H5Tconv_integer.c:1322
  NEW_FUNC: 0x563c5b7d3060 in H5T__conv_schar_lcomplex /src/hdf5/src/H5Tconv_integer.c:1341
  NEW_FUNC: 0x563c5b7d89d0 in H5T__conv_uchar_schar /src/hdf5/src/H5Tconv_integer.c:1359
  NEW_FUNC: 0x563c5b7db040 in H5T__conv_uchar_short /src/hdf5/src/H5Tconv_integer.c:1376
  NEW_FUNC: 0x563c5b7df6f0 in H5T__conv_uchar_ushort /src/hdf5/src/H5Tconv_integer.c:1393
  NEW_FUNC: 0x563c5b7e3da0 in H5T__conv_uchar_int /src/hdf5/src/H5Tconv_integer.c:1410
  NEW_FUNC: 0x563c5b7e8450 in H5T__conv_uchar_uint /src/hdf5/src/H5Tconv_integer.c:1427
  NEW_FUNC: 0x563c5b7f5120 in H5T__conv_uchar_llong /src/hdf5/src/H5Tconv_integer.c:1478
  NEW_FUNC: 0x563c5b7f9430 in H5T__conv_uchar_ullong /src/hdf5/src/H5Tconv_integer.c:1495
  NEW_FUNC: 0x563c5b7fd740 in H5T__conv_uchar_float /src/hdf5/src/H5Tconv_integer.c:1532
  NEW_FUNC: 0x563c5b8029d0 in H5T__conv_uchar_double /src/hdf5/src/H5Tconv_integer.c:1550
  NEW_FUNC: 0x563c5b807920 in H5T__conv_uchar_ldouble /src/hdf5/src/H5Tconv_integer.c:1568
  NEW_FUNC: 0x563c5b80c1c0 in H5T__conv_uchar_fcomplex /src/hdf5/src/H5Tconv_integer.c:1588
  NEW_FUNC: 0x563c5b8113e0 in H5T__conv_uchar_dcomplex /src/hdf5/src/H5Tconv_integer.c:1607
  NEW_FUNC: 0x563c5b815840 in H5T__conv_uchar_lcomplex /src/hdf5/src/H5Tconv_integer.c:1626
  NEW_FUNC: 0x563c5b81b1b0 in H5T__conv_short_schar /src/hdf5/src/H5Tconv_integer.c:1644
  NEW_FUNC: 0x563c5b81e480 in H5T__conv_short_uchar /src/hdf5/src/H5Tconv_integer.c:1661
  NEW_FUNC: 0x563c5b8216c0 in H5T__conv_short_ushort /src/hdf5/src/H5Tconv_integer.c:1678
  NEW_FUNC: 0x563c5b824430 in H5T__conv_short_int /src/hdf5/src/H5Tconv_integer.c:1695
  NEW_FUNC: 0x563c5b829490 in H5T__conv_short_uint /src/hdf5/src/H5Tconv_integer.c:1712
  NEW_FUNC: 0x563c5b834700 in H5T__conv_short_llong /src/hdf5/src/H5Tconv_integer.c:1763
  NEW_FUNC: 0x563c5b839340 in H5T__conv_short_ullong /src/hdf5/src/H5Tconv_integer.c:1780
  NEW_FUNC: 0x563c5b83c5e0 in H5T__conv_short_float /src/hdf5/src/H5Tconv_integer.c:1817
  NEW_FUNC: 0x563c5b8420c0 in H5T__conv_short_double /src/hdf5/src/H5Tconv_integer.c:1835
  NEW_FUNC: 0x563c5b847820 in H5T__conv_short_ldouble /src/hdf5/src/H5Tconv_integer.c:1853
  NEW_FUNC: 0x563c5b84c7c0 in H5T__conv_short_fcomplex /src/hdf5/src/H5Tconv_integer.c:1873
  NEW_FUNC: 0x563c5b852130 in H5T__conv_short_dcomplex /src/hdf5/src/H5Tconv_integer.c:1892
  NEW_FUNC: 0x563c5b856be0 in H5T__conv_short_lcomplex /src/hdf5/src/H5Tconv_integer.c:1911
  NEW_FUNC: 0x563c5b85cd00 in H5T__conv_ushort_schar /src/hdf5/src/H5Tconv_integer.c:1929
  NEW_FUNC: 0x563c5b85fdf0 in H5T__conv_ushort_uchar /src/hdf5/src/H5Tconv_integer.c:1946
  NEW_FUNC: 0x563c5b862ee0 in H5T__conv_ushort_short /src/hdf5/src/H5Tconv_integer.c:1963
  NEW_FUNC: 0x563c5b865c70 in H5T__conv_ushort_int /src/hdf5/src/H5Tconv_integer.c:1980
  NEW_FUNC: 0x563c5b86acd0 in H5T__conv_ushort_uint /src/hdf5/src/H5Tconv_integer.c:1997
  NEW_FUNC: 0x563c5b8795b0 in H5T__conv_ushort_llong /src/hdf5/src/H5Tconv_integer.c:2048
  NEW_FUNC: 0x563c5b87e1f0 in H5T__conv_ushort_ullong /src/hdf5/src/H5Tconv_integer.c:2065
  NEW_FUNC: 0x563c5b882e30 in H5T__conv_ushort_float /src/hdf5/src/H5Tconv_integer.c:2105
  NEW_FUNC: 0x563c5b888910 in H5T__conv_ushort_double /src/hdf5/src/H5Tconv_integer.c:2123
  NEW_FUNC: 0x563c5b88e070 in H5T__conv_ushort_ldouble /src/hdf5/src/H5Tconv_integer.c:2141
  NEW_FUNC: 0x563c5b892fb0 in H5T__conv_ushort_fcomplex /src/hdf5/src/H5Tconv_integer.c:2161
  NEW_FUNC: 0x563c5b898920 in H5T__conv_ushort_dcomplex /src/hdf5/src/H5Tconv_integer.c:2180
  NEW_FUNC: 0x563c5b89d3d0 in H5T__conv_ushort_lcomplex /src/hdf5/src/H5Tconv_integer.c:2199
  NEW_FUNC: 0x563c5b8a35e0 in H5T__conv_int_schar /src/hdf5/src/H5Tconv_integer.c:2217
  NEW_FUNC: 0x563c5b8a6810 in H5T__conv_int_uchar /src/hdf5/src/H5Tconv_integer.c:2234
  NEW_FUNC: 0x563c5b8a99e0 in H5T__conv_int_short /src/hdf5/src/H5Tconv_integer.c:2251
  NEW_FUNC: 0x563c5b8ace70 in H5T__conv_int_ushort /src/hdf5/src/H5Tconv_integer.c:2268
  NEW_FUNC: 0x563c5b8b0270 in H5T__conv_int_uint /src/hdf5/src/H5Tconv_integer.c:2285
  NEW_FUNC: 0x563c5b8bae30 in H5T__conv_int_llong /src/hdf5/src/H5Tconv_integer.c:2336
  NEW_FUNC: 0x563c5b8bfa70 in H5T__conv_int_ullong /src/hdf5/src/H5Tconv_integer.c:2353
  NEW_FUNC: 0x563c5b8c2cd0 in H5T__conv_int_float /src/hdf5/src/H5Tconv_integer.c:2393
  NEW_FUNC: 0x563c5b8c7d60 in H5T__conv_int_double /src/hdf5/src/H5Tconv_integer.c:2411
  NEW_FUNC: 0x563c5b8cd850 in H5T__conv_int_ldouble /src/hdf5/src/H5Tconv_integer.c:2429
  NEW_FUNC: 0x563c5b8d2b10 in H5T__conv_int_fcomplex /src/hdf5/src/H5Tconv_integer.c:2449
  NEW_FUNC: 0x563c5b8d8790 in H5T__conv_int_dcomplex /src/hdf5/src/H5Tconv_integer.c:2468
  NEW_FUNC: 0x563c5b8dd5e0 in H5T__conv_int_lcomplex /src/hdf5/src/H5Tconv_integer.c:2487
  NEW_FUNC: 0x563c5b8e3ab0 in H5T__conv_uint_schar /src/hdf5/src/H5Tconv_integer.c:2505
  NEW_FUNC: 0x563c5b8e6b90 in H5T__conv_uint_uchar /src/hdf5/src/H5Tconv_integer.c:2522
  NEW_FUNC: 0x563c5b8e9c80 in H5T__conv_uint_short /src/hdf5/src/H5Tconv_integer.c:2539
  NEW_FUNC: 0x563c5b8ed150 in H5T__conv_uint_ushort /src/hdf5/src/H5Tconv_integer.c:2556
  NEW_FUNC: 0x563c5b8f0620 in H5T__conv_uint_int /src/hdf5/src/H5Tconv_integer.c:2573
  NEW_FUNC: 0x563c5b8fcc10 in H5T__conv_uint_llong /src/hdf5/src/H5Tconv_integer.c:2624
  NEW_FUNC: 0x563c5b901850 in H5T__conv_uint_ullong /src/hdf5/src/H5Tconv_integer.c:2641
  NEW_FUNC: 0x563c5b906490 in H5T__conv_uint_float /src/hdf5/src/H5Tconv_integer.c:2681
  NEW_FUNC: 0x563c5b90b660 in H5T__conv_uint_double /src/hdf5/src/H5Tconv_integer.c:2699
  NEW_FUNC: 0x563c5b911100 in H5T__conv_uint_ldouble /src/hdf5/src/H5Tconv_integer.c:2717
  NEW_FUNC: 0x563c5b916440 in H5T__conv_uint_fcomplex /src/hdf5/src/H5Tconv_integer.c:2737
  NEW_FUNC: 0x563c5b91c0f0 in H5T__conv_uint_dcomplex /src/hdf5/src/H5Tconv_integer.c:2756
  NEW_FUNC: 0x563c5b920fd0 in H5T__conv_uint_lcomplex /src/hdf5/src/H5Tconv_integer.c:2775
  NEW_FUNC: 0x563c5b9434c0 in H5T__conv_long_float /src/hdf5/src/H5Tconv_integer.c:2969
  NEW_FUNC: 0x563c5b9496a0 in H5T__conv_long_double /src/hdf5/src/H5Tconv_integer.c:2987
  NEW_FUNC: 0x563c5b94ea40 in H5T__conv_long_ldouble /src/hdf5/src/H5Tconv_integer.c:3005
  NEW_FUNC: 0x563c5b954370 in H5T__conv_long_fcomplex /src/hdf5/src/H5Tconv_integer.c:3025
  NEW_FUNC: 0x563c5b959970 in H5T__conv_long_dcomplex /src/hdf5/src/H5Tconv_integer.c:3044
  NEW_FUNC: 0x563c5b95ece0 in H5T__conv_long_lcomplex /src/hdf5/src/H5Tconv_integer.c:3063
  NEW_FUNC: 0x563c5b981560 in H5T__conv_ulong_float /src/hdf5/src/H5Tconv_integer.c:3257
  NEW_FUNC: 0x563c5b987de0 in H5T__conv_ulong_double /src/hdf5/src/H5Tconv_integer.c:3275
  NEW_FUNC: 0x563c5b98d630 in H5T__conv_ulong_ldouble /src/hdf5/src/H5Tconv_integer.c:3293
  NEW_FUNC: 0x563c5b993120 in H5T__conv_ulong_fcomplex /src/hdf5/src/H5Tconv_integer.c:3313
  NEW_FUNC: 0x563c5b998c50 in H5T__conv_ulong_dcomplex /src/hdf5/src/H5Tconv_integer.c:3332
  NEW_FUNC: 0x563c5b99e2d0 in H5T__conv_ulong_lcomplex /src/hdf5/src/H5Tconv_integer.c:3351
  NEW_FUNC: 0x563c5b9a4f70 in H5T__conv_llong_schar /src/hdf5/src/H5Tconv_integer.c:3369
  NEW_FUNC: 0x563c5b9a8140 in H5T__conv_llong_uchar /src/hdf5/src/H5Tconv_integer.c:3386
  NEW_FUNC: 0x563c5b9ab2a0 in H5T__conv_llong_short /src/hdf5/src/H5Tconv_integer.c:3403
  NEW_FUNC: 0x563c5b9ae6b0 in H5T__conv_llong_ushort /src/hdf5/src/H5Tconv_integer.c:3420
  NEW_FUNC: 0x563c5b9b1a00 in H5T__conv_llong_int /src/hdf5/src/H5Tconv_integer.c:3437
  NEW_FUNC: 0x563c5b9b4e80 in H5T__conv_llong_uint /src/hdf5/src/H5Tconv_integer.c:3454
  NEW_FUNC: 0x563c5b9be5a0 in H5T__conv_llong_ullong /src/hdf5/src/H5Tconv_integer.c:3505
  NEW_FUNC: 0x563c5b9e3170 in H5T__conv_ullong_schar /src/hdf5/src/H5Tconv_integer.c:3661
  NEW_FUNC: 0x563c5b9e6170 in H5T__conv_ullong_uchar /src/hdf5/src/H5Tconv_integer.c:3678
  NEW_FUNC: 0x563c5b9e9190 in H5T__conv_ullong_short /src/hdf5/src/H5Tconv_integer.c:3695
  NEW_FUNC: 0x563c5b9ec550 in H5T__conv_ullong_ushort /src/hdf5/src/H5Tconv_integer.c:3712
  NEW_FUNC: 0x563c5b9ef910 in H5T__conv_ullong_int /src/hdf5/src/H5Tconv_integer.c:3729
  NEW_FUNC: 0x563c5b9f2cc0 in H5T__conv_ullong_uint /src/hdf5/src/H5Tconv_integer.c:3746
  NEW_FUNC: 0x563c5b9fc540 in H5T__conv_ullong_llong /src/hdf5/src/H5Tconv_integer.c:3797
  NEW_FUNC: 0x563c5ba2f730 in H5T__init_native_float_types /src/hdf5/src/H5Tinit_float.c:465
  NEW_FUNC: 0x563c5ba33850 in H5T__fix_order /src/hdf5/src/H5Tinit_float.c:302
  NEW_FUNC: 0x563c5ba34620 in H5T__imp_bit /src/hdf5/src/H5Tinit_float.c:372
  NEW_FUNC: 0x563c5ba34860 in H5T__bit_cmp /src/hdf5/src/H5Tinit_float.c:254
  NEW_FUNC: 0x563c5ba34d70 in H5T__find_bias /src/hdf5/src/H5Tinit_float.c:414
  NEW_FUNC: 0x563c5ba396e0 in H5T__init_native_internal /src/hdf5/src/H5Tnative.c:1119
  NEW_FUNC: 0x563c5ba39f30 in H5T__init_native_complex_types /src/hdf5/src/H5Tnative.c:1425
  NEW_FUNC: 0x563c5ba3dd60 in H5T__ref_set_loc /src/hdf5/src/H5Tref.c:160
  NEW_FUNC: 0x563c5ba43e60 in H5T__vlen_create /src/hdf5/src/H5Tvlen.c:176
  NEW_FUNC: 0x563c5ba44340 in H5T__vlen_set_loc /src/hdf5/src/H5Tvlen.c:234
  NEW_FUNC: 0x563c5ba611e0 in H5VL_file_open /src/hdf5/src/H5VLcallback.c:3826
  NEW_FUNC: 0x563c5ba61910 in H5VL__file_open /src/hdf5/src/H5VLcallback.c:3701
  NEW_FUNC: 0x563c5ba80a30 in H5VL_init_phase1 /src/hdf5/src/H5VLint.c:161
  NEW_FUNC: 0x563c5ba80b60 in H5VL__init_package /src/hdf5/src/H5VLint.c:237
  NEW_FUNC: 0x563c5ba80ca0 in H5VL_init_phase2 /src/hdf5/src/H5VLint.c:187
  NEW_FUNC: 0x563c5ba81370 in H5VL__set_def_conn /src/hdf5/src/H5VLint.c:366
  NEW_FUNC: 0x563c5ba82540 in H5VL_conn_prop_free /src/hdf5/src/H5VLint.c:714
  NEW_FUNC: 0x563c5ba82dd0 in H5VL_conn_inc_rc /src/hdf5/src/H5VLint.c:985
  NEW_FUNC: 0x563c5ba83560 in H5VL_conn_dec_rc /src/hdf5/src/H5VLint.c:1014
  NEW_FUNC: 0x563c5ba848f0 in H5VL_conn_prop_copy /src/hdf5/src/H5VLint.c:611
  NEW_FUNC: 0x563c5ba882b0 in H5VL__register_connector /src/hdf5/src/H5VLint.c:1313
  NEW_FUNC: 0x563c5ba8ea70 in H5VL__is_default_conn /src/hdf5/src/H5VLint.c:2575
  NEW_FUNC: 0x563c5ba90f10 in H5VL__native_register /src/hdf5/src/H5VLnative.c:193
  NEW_FUNC: 0x563c5ba9d190 in H5VL__native_file_open /src/hdf5/src/H5VLnative_file.c:120
  NEW_FUNC: 0x563c5baab2e0 in H5VL__passthru_register /src/hdf5/src/H5VLpassthru_int.c:54
  NEW_FUNC: 0x563c5bb22800 in H5_hash_string /src/hdf5/src/H5checksum.c:499
  NEW_FUNC: 0x563c5bbc3760 in H5F__accum_read /src/hdf5/src/H5Faccum.c:99
  NEW_FUNC: 0x563c5bbc7920 in H5F__accum_reset /src/hdf5/src/H5Faccum.c:1046
  NEW_FUNC: 0x563c5bc18b20 in H5L_register_external /src/hdf5/src/H5Lexternal.c:318
  NEW_FUNC: 0x563c5bc38d10 in H5O__efl_copy /src/hdf5/src/H5Oefl.c:269
  NEW_FUNC: 0x563c5bc47710 in H5P__fcrt_reg_prop /src/hdf5/src/H5Pfcpl.c:207
  NEW_FUNC: 0x563c5bc55200 in H5P__fmnt_reg_prop /src/hdf5/src/H5Pfmpl.c:105
  NEW_FUNC: 0x563c5bc553b0 in H5P__gcrt_reg_prop /src/hdf5/src/H5Pgcpl.c:114
  NEW_FUNC: 0x563c5bc64ca0 in H5VL_pass_through_init /src/hdf5/src/H5VLpassthru.c:427
#9702: cov: 2015 ft: 2188 corp: 4 exec/s: 1859 oom/timeout/crash: 0/0/0 time: 3s job: 2 dft_time: 0
#17807: cov: 2018 ft: 2191 corp: 6 exec/s: 2026 oom/timeout/crash: 0/0/0 time: 4s job: 3 dft_time: 0
#26734: cov: 2019 ft: 2195 corp: 9 exec/s: 1785 oom/timeout/crash: 0/0/0 time: 5s job: 4 dft_time: 0
  NEW_FUNC: 0x563c5b1d3390 in H5F_get_checksums /src/hdf5/src/H5Fio.c:500
  NEW_FUNC: 0x563c5b1e3bb0 in H5F__super_free /src/hdf5/src/H5Fsuper.c:1573
  NEW_FUNC: 0x563c5b1e55c0 in H5F__cache_superblock_verify_chksum /src/hdf5/src/H5Fsuper_cache.c:366
  NEW_FUNC: 0x563c5b1e58e0 in H5F__cache_superblock_deserialize /src/hdf5/src/H5Fsuper_cache.c:404
  NEW_FUNC: 0x563c5bb21f80 in H5_checksum_lookup3 /src/hdf5/src/H5checksum.c:366
  NEW_FUNC: 0x563c5bb227d0 in H5_checksum_metadata /src/hdf5/src/H5checksum.c:473
  NEW_FUNC: 0x563c5bb23900 in H5_nanosleep /src/hdf5/src/H5system.c:858
#37915: cov: 2057 ft: 2296 corp: 15 exec/s: 1863 oom/timeout/crash: 0/0/0 time: 6s job: 5 dft_time: 0
#50739: cov: 2057 ft: 2296 corp: 15 exec/s: 1832 oom/timeout/crash: 0/0/0 time: 9s job: 6 dft_time: 0
  NEW_FUNC: 0x563c5b03fe30 in H5AC__check_if_write_permitted /src/hdf5/src/H5AC.c:2009
  NEW_FUNC: 0x563c5b041530 in H5AC_expunge_entry /src/hdf5/src/H5AC.c:580
  NEW_FUNC: 0x563c5b043870 in H5AC_pin_protected_entry /src/hdf5/src/H5AC.c:1062
  NEW_FUNC: 0x563c5b044b60 in H5AC_unpin_entry /src/hdf5/src/H5AC.c:1427
  NEW_FUNC: 0x563c5b045190 in H5AC_unprotect /src/hdf5/src/H5AC.c:1532
  NEW_FUNC: 0x563c5b08b620 in H5C__flush_single_entry /src/hdf5/src/H5Centry.c:430
  NEW_FUNC: 0x563c5b098e10 in H5C_pin_protected_entry /src/hdf5/src/H5Centry.c:2937
  NEW_FUNC: 0x563c5b09fbe0 in H5C_unpin_entry /src/hdf5/src/H5Centry.c:3398
  NEW_FUNC: 0x563c5b09fe50 in H5C__unpin_entry_from_client /src/hdf5/src/H5Centry.c:200
  NEW_FUNC: 0x563c5b0a0640 in H5C_unprotect /src/hdf5/src/H5Centry.c:3454
  NEW_FUNC: 0x563c5b0a4da0 in H5C_expunge_entry /src/hdf5/src/H5Centry.c:4061
  NEW_FUNC: 0x563c5b0d2790 in H5C__tag_entry /src/hdf5/src/H5Ctag.c:186
  NEW_FUNC: 0x563c5b0d44e0 in H5C__untag_entry /src/hdf5/src/H5Ctag.c:266
  NEW_FUNC: 0x563c5b1c9bb0 in H5F_addr_decode /src/hdf5/src/H5Fint.c:3071
  NEW_FUNC: 0x563c5b1cbba0 in H5F__set_base_addr /src/hdf5/src/H5Fint.c:3556
  NEW_FUNC: 0x563c5b1d7c60 in H5F_sizeof_addr /src/hdf5/src/H5Fquery.c:383
  NEW_FUNC: 0x563c5b1d7cb0 in H5F_sizeof_size /src/hdf5/src/H5Fquery.c:404
  NEW_FUNC: 0x563c5b1e8e30 in H5F__cache_superblock_free_icr /src/hdf5/src/H5Fsuper_cache.c:786
  NEW_FUNC: 0x563c5b1e8fa0 in H5F__cache_drvrinfo_get_initial_load_size /src/hdf5/src/H5Fsuper_cache.c:813
  NEW_FUNC: 0x563c5b1e9060 in H5F__cache_drvrinfo_get_final_load_size /src/hdf5/src/H5Fsuper_cache.c:835
  NEW_FUNC: 0x563c5b1e9220 in H5F__cache_drvrinfo_deserialize /src/hdf5/src/H5Fsuper_cache.c:871
  NEW_FUNC: 0x563c5b1e9ab0 in H5F__cache_drvrinfo_free_icr /src/hdf5/src/H5Fsuper_cache.c:1000
  NEW_FUNC: 0x563c5b1ea4c0 in H5F__drvrinfo_prefix_decode /src/hdf5/src/H5Fsuper_cache.c:227
  NEW_FUNC: 0x563c5b1f9a90 in H5FD_sb_load /src/hdf5/src/H5FD.c:682
  NEW_FUNC: 0x563c5b20d8e0 in H5FD_set_base_addr /src/hdf5/src/H5FD.c:2921
  NEW_FUNC: 0x563c5b28d000 in H5G_ent_decode /src/hdf5/src/H5Gent.c:109
  NEW_FUNC: 0x563c5b499340 in H5P__set_pclass_cb /src/hdf5/src/H5Pint.c:3138
  NEW_FUNC: 0x563c5b49a300 in H5P_exist_plist /src/hdf5/src/H5Pint.c:3388
#63014: cov: 2289 ft: 2737 corp: 28 exec/s: 1534 oom/timeout/crash: 0/0/0 time: 11s job: 7 dft_time: 0
#77639: cov: 2291 ft: 2740 corp: 30 exec/s: 1625 oom/timeout/crash: 0/0/0 time: 13s job: 8 dft_time: 0
#93201: cov: 2298 ft: 2756 corp: 40 exec/s: 1556 oom/timeout/crash: 0/0/0 time: 15s job: 9 dft_time: 0
#110322: cov: 2299 ft: 2760 corp: 44 exec/s: 1556 oom/timeout/crash: 0/0/0 time: 17s job: 10 dft_time: 0
#124716: cov: 2301 ft: 2773 corp: 51 exec/s: 1308 oom/timeout/crash: 0/0/0 time: 21s job: 11 dft_time: 0
  NEW_FUNC: 0x563c5b0bbec0 in H5C__flash_increase_cache_size /src/hdf5/src/H5Cint.c:859
  NEW_FUNC: 0x563c5b0be850 in H5C__make_space_in_cache /src/hdf5/src/H5Cint.c:1819
#142616: cov: 2327 ft: 2848 corp: 62 exec/s: 1376 oom/timeout/crash: 1/0/0 time: 24s job: 12 dft_time: 0
#142625: cov: 2328 ft: 2851 corp: 65 exec/s: 4 oom/timeout/crash: 1/0/0 time: 27s job: 17 dft_time: 0
#162218: cov: 2328 ft: 2851 corp: 65 exec/s: 1399 oom/timeout/crash: 2/0/0 time: 27s job: 13 dft_time: 0
  NEW_FUNC: 0x563c5b0ddda0 in H5CX_set_vol_wrap_ctx /src/hdf5/src/H5CX.c:1179
  NEW_FUNC: 0x563c5b0de2e0 in H5CX_get_vol_wrap_ctx /src/hdf5/src/H5CX.c:1295
  NEW_FUNC: 0x563c5b0e3e30 in H5CX_get_nlinks /src/hdf5/src/H5CX.c:2386
  NEW_FUNC: 0x563c5b0e5d80 in H5CX_set_nlinks /src/hdf5/src/H5CX.c:2853
  NEW_FUNC: 0x563c5b19e580 in H5F__post_open_api_common /src/hdf5/src/H5F.c:510
  NEW_FUNC: 0x563c5b1a21f0 in H5Fclose /src/hdf5/src/H5F.c:1028
  NEW_FUNC: 0x563c5b1c3940 in H5F__build_actual_name /src/hdf5/src/H5Fint.c:2820
  NEW_FUNC: 0x563c5b1c69f0 in H5F__post_open /src/hdf5/src/H5Fint.c:2269
  NEW_FUNC: 0x563c5b1c75b0 in H5F__close /src/hdf5/src/H5Fint.c:2456
  NEW_FUNC: 0x563c5b1c7a60 in H5F_try_close /src/hdf5/src/H5Fint.c:2534
  NEW_FUNC: 0x563c5b1c91d0 in H5F_incr_nopen_objs /src/hdf5/src/H5Fint.c:2778
  NEW_FUNC: 0x563c5b1c9e90 in H5F_set_grp_btree_shared /src/hdf5/src/H5Fint.c:3092
  NEW_FUNC: 0x563c5b1cbe80 in H5F__set_paged_aggr /src/hdf5/src/H5Fint.c:3609
  NEW_FUNC: 0x563c5b1cfe20 in H5F__close_cb /src/hdf5/src/H5Fint.c:240
  NEW_FUNC: 0x563c5b1d3690 in H5F__close_mounts /src/hdf5/src/H5Fmount.c:37
  NEW_FUNC: 0x563c5b1d6320 in H5F_is_mount /src/hdf5/src/H5Fmount.c:393
  NEW_FUNC: 0x563c5b1d63f0 in H5F__mount_count_ids /src/hdf5/src/H5Fmount.c:466
  NEW_FUNC: 0x563c5b1d6500 in H5F__mount_count_ids_recurse /src/hdf5/src/H5Fmount.c:420
  NEW_FUNC: 0x563c5b1d7ef0 in H5F_kvalue /src/hdf5/src/H5Fquery.c:531
  NEW_FUNC: 0x563c5b1d7f90 in H5F_get_nrefs /src/hdf5/src/H5Fquery.c:553
  NEW_FUNC: 0x563c5b20d9a0 in H5FD_set_paged_aggr /src/hdf5/src/H5FD.c:2967
  NEW_FUNC: 0x563c5b262c10 in H5FL_blk_malloc /src/hdf5/src/H5FL.c:733
  NEW_FUNC: 0x563c5b2635c0 in H5FL__blk_create_list /src/hdf5/src/H5FL.c:624
  NEW_FUNC: 0x563c5b263ac0 in H5FL_blk_free /src/hdf5/src/H5FL.c:844
  NEW_FUNC: 0x563c5b2661a0 in H5FL_seq_free /src/hdf5/src/H5FL.c:1584
  NEW_FUNC: 0x563c5b266240 in H5FL_seq_malloc /src/hdf5/src/H5FL.c:1614
  NEW_FUNC: 0x563c5b292fd0 in H5G_oloc /src/hdf5/src/H5Gint.c:701
  NEW_FUNC: 0x563c5b293000 in H5G_nameof /src/hdf5/src/H5Gint.c:720
  NEW_FUNC: 0x563c5b299fa0 in H5G_loc_real /src/hdf5/src/H5Gloc.c:143
  NEW_FUNC: 0x563c5b29b0d0 in H5G_loc_copy /src/hdf5/src/H5Gloc.c:283
  NEW_FUNC: 0x563c5b29b510 in H5G_loc_reset /src/hdf5/src/H5Gloc.c:313
  NEW_FUNC: 0x563c5b29b900 in H5G_loc_free /src/hdf5/src/H5Gloc.c:342
  NEW_FUNC: 0x563c5b29bcf0 in H5G_loc_find /src/hdf5/src/H5Gloc.c:405
  NEW_FUNC: 0x563c5b29c200 in H5G__loc_find_cb /src/hdf5/src/H5Gloc.c:373
  NEW_FUNC: 0x563c5b29fc90 in H5G__component /src/hdf5/src/H5Gname.c:110
  NEW_FUNC: 0x563c5b2a0410 in H5G__name_init /src/hdf5/src/H5Gname.c:334
  NEW_FUNC: 0x563c5b2a0cb0 in H5G_name_copy /src/hdf5/src/H5Gname.c:414
  NEW_FUNC: 0x563c5b2a9b90 in H5G__node_init /src/hdf5/src/H5Gnode.c:1070
  NEW_FUNC: 0x563c5b2b3c20 in H5G_mkroot /src/hdf5/src/H5Groot.c:125
  NEW_FUNC: 0x563c5b2b55e0 in H5G_root_free /src/hdf5/src/H5Groot.c:321
  NEW_FUNC: 0x563c5b2b5700 in H5G_root_loc /src/hdf5/src/H5Groot.c:349
  NEW_FUNC: 0x563c5b2bd080 in H5G_traverse /src/hdf5/src/H5Gtraverse.c:813
  NEW_FUNC: 0x563c5b2bd890 in H5G__traverse_real /src/hdf5/src/H5Gtraverse.c:462
  NEW_FUNC: 0x563c5b33a300 in H5I_dec_app_ref /src/hdf5/src/H5Iint.c:1192
  NEW_FUNC: 0x563c5b374fc0 in H5Ovisit3 /src/hdf5/src/H5O.c:1698
  NEW_FUNC: 0x563c5b38bd80 in H5O__cache_get_initial_load_size /src/hdf5/src/H5Ocache.c:151
  NEW_FUNC: 0x563c5b3ca110 in H5O_open /src/hdf5/src/H5Oint.c:567
  NEW_FUNC: 0x563c5b3cc330 in H5O_loc_free /src/hdf5/src/H5Oint.c:1953
  NEW_FUNC: 0x563c5b3ce870 in H5O_protect /src/hdf5/src/H5Oint.c:973
  NEW_FUNC: 0x563c5b3d1c60 in H5O_loc_copy /src/hdf5/src/H5Oint.c:1829
  NEW_FUNC: 0x563c5b3d2eb0 in H5O_get_info /src/hdf5/src/H5Oint.c:2104
  NEW_FUNC: 0x563c5b3d5900 in H5O__visit /src/hdf5/src/H5Oint.c:2579
  NEW_FUNC: 0x563c5b4e5c20 in H5UC_create /src/hdf5/src/H5UC.c:56
  NEW_FUNC: 0x563c5b4e5d60 in H5UC_decr /src/hdf5/src/H5UC.c:99
  NEW_FUNC: 0x563c5b4e5ee0 in H5RS_create /src/hdf5/src/H5RS.c:270
  NEW_FUNC: 0x563c5b4e83e0 in H5RS_decr /src/hdf5/src/H5RS.c:548
  NEW_FUNC: 0x563c5b4e89f0 in H5RS_dup /src/hdf5/src/H5RS.c:632
  NEW_FUNC: 0x563c5b5e2ed0 in H5T_unregister /src/hdf5/src/H5T.c:3507
  NEW_FUNC: 0x563c5ba4c7a0 in H5VL_wrap_object /src/hdf5/src/H5VLcallback.c:857
  NEW_FUNC: 0x563c5ba4cf60 in H5VL_unwrap_object /src/hdf5/src/H5VLcallback.c:929
  NEW_FUNC: 0x563c5ba642f0 in H5VL_file_optional /src/hdf5/src/H5VLcallback.c:4199
  NEW_FUNC: 0x563c5ba647c0 in H5VL__file_optional /src/hdf5/src/H5VLcallback.c:4164
  NEW_FUNC: 0x563c5ba65650 in H5VL_file_close /src/hdf5/src/H5VLcallback.c:4348
  NEW_FUNC: 0x563c5ba65b10 in H5VL__file_close /src/hdf5/src/H5VLcallback.c:4309
  NEW_FUNC: 0x563c5ba727b0 in H5VL_object_specific /src/hdf5/src/H5VLcallback.c:6181
  NEW_FUNC: 0x563c5ba72c70 in H5VL__object_specific /src/hdf5/src/H5VLcallback.c:6144
  NEW_FUNC: 0x563c5ba75e40 in H5VL_introspect_opt_query /src/hdf5/src/H5VLcallback.c:6648
  NEW_FUNC: 0x563c5ba76310 in H5VL__introspect_opt_query /src/hdf5/src/H5VLcallback.c:6612
  NEW_FUNC: 0x563c5ba83a70 in H5VL_new_vol_obj /src/hdf5/src/H5VLint.c:541
  NEW_FUNC: 0x563c5ba842d0 in H5VL__wrap_obj /src/hdf5/src/H5VLint.c:502
  NEW_FUNC: 0x563c5ba84650 in H5VL_object_unwrap /src/hdf5/src/H5VLint.c:1836
  NEW_FUNC: 0x563c5ba85bb0 in H5VL_register /src/hdf5/src/H5VLint.c:752
  NEW_FUNC: 0x563c5ba86e60 in H5VL_free_object /src/hdf5/src/H5VLint.c:1176
  NEW_FUNC: 0x563c5ba8a440 in H5VL_vol_object /src/hdf5/src/H5VLint.c:1736
  NEW_FUNC: 0x563c5ba8a680 in H5VL_vol_object_verify /src/hdf5/src/H5VLint.c:1764
  NEW_FUNC: 0x563c5ba8c310 in H5VL_set_vol_wrapper /src/hdf5/src/H5VLint.c:2285
  NEW_FUNC: 0x563c5ba8d520 in H5VL__free_vol_wrapper /src/hdf5/src/H5VLint.c:2237
  NEW_FUNC: 0x563c5ba8da10 in H5VL_reset_vol_wrapper /src/hdf5/src/H5VLint.c:2428
  NEW_FUNC: 0x563c5ba9ead0 in H5VL__native_file_optional /src/hdf5/src/H5VLnative_file.c:388
  NEW_FUNC: 0x563c5baa0a60 in H5VL__native_file_close /src/hdf5/src/H5VLnative_file.c:742
  NEW_FUNC: 0x563c5baa5fa0 in H5VL__native_introspect_opt_query /src/hdf5/src/H5VLnative_introspect.c:72
  NEW_FUNC: 0x563c5baa8a40 in H5VL__native_object_specific /src/hdf5/src/H5VLnative_object.c:325
  NEW_FUNC: 0x563c5bab3500 in H5WB_wrap /src/hdf5/src/H5WB.c:91
  NEW_FUNC: 0x563c5bab3620 in H5WB_actual /src/hdf5/src/H5WB.c:140
  NEW_FUNC: 0x563c5bab3c30 in H5WB_unwrap /src/hdf5/src/H5WB.c:236
  NEW_FUNC: 0x563c5bb22f30 in H5_build_extpath /src/hdf5/src/H5system.c:668
  NEW_FUNC: 0x563c5bb502f0 in H5B_shared_new /src/hdf5/src/H5B.c:1652
  NEW_FUNC: 0x563c5bb50b30 in H5B_shared_free /src/hdf5/src/H5B.c:1720
#163566: cov: 2723 ft: 3356 corp: 75 exec/s: 449 oom/timeout/crash: 2/0/0 time: 28s job: 16 dft_time: 0
#176546: cov: 2724 ft: 3361 corp: 77 exec/s: 1081 oom/timeout/crash: 3/0/0 time: 29s job: 15 dft_time: 0
  NEW_FUNC: 0x563c5b264130 in H5FL__blk_gc_list /src/hdf5/src/H5FL.c:965
#197546: cov: 2735 ft: 3410 corp: 83 exec/s: 1400 oom/timeout/crash: 4/0/0 time: 30s job: 14 dft_time: 0
#197600: cov: 2737 ft: 3426 corp: 88 exec/s: 18 oom/timeout/crash: 4/0/0 time: 33s job: 21 dft_time: 0
#197612: cov: 2737 ft: 3426 corp: 88 exec/s: 4 oom/timeout/crash: 5/0/0 time: 36s job: 23 dft_time: 0
#199735: cov: 2737 ft: 3426 corp: 88 exec/s: 303 oom/timeout/crash: 6/0/0 time: 36s job: 20 dft_time: 0
#205065: cov: 2737 ft: 3426 corp: 88 exec/s: 761 oom/timeout/crash: 7/0/0 time: 38s job: 22 dft_time: 0
#205086: cov: 2737 ft: 3426 corp: 88 exec/s: 7 oom/timeout/crash: 8/0/0 time: 39s job: 24 dft_time: 0
#213325: cov: 2737 ft: 3426 corp: 88 exec/s: 633 oom/timeout/crash: 9/0/0 time: 41s job: 18 dft_time: 0
#213358: cov: 2737 ft: 3426 corp: 88 exec/s: 11 oom/timeout/crash: 10/0/0 time: 42s job: 27 dft_time: 0
#214330: cov: 2737 ft: 3426 corp: 88 exec/s: 486 oom/timeout/crash: 11/0/0 time: 45s job: 29 dft_time: 0
#220966: cov: 2737 ft: 3426 corp: 88 exec/s: 829 oom/timeout/crash: 12/0/0 time: 47s job: 26 dft_time: 0
  NEW_FUNC: 0x563c5b3ed7b0 in H5O_msg_exists /src/hdf5/src/H5Omessage.c:779
#246075: cov: 2745 ft: 3467 corp: 92 exec/s: 1255 oom/timeout/crash: 13/0/0 time: 47s job: 19 dft_time: 0
#247794: cov: 2745 ft: 3470 corp: 94 exec/s: 573 oom/timeout/crash: 13/0/0 time: 51s job: 32 dft_time: 0
#248543: cov: 2745 ft: 3470 corp: 94 exec/s: 187 oom/timeout/crash: 14/0/0 time: 52s job: 31 dft_time: 0
#268319: cov: 2745 ft: 3470 corp: 94 exec/s: 898 oom/timeout/crash: 15/0/0 time: 59s job: 25 dft_time: 0
  NEW_FUNC: 0x563c5b38be40 in H5O__cache_get_final_load_size /src/hdf5/src/H5Ocache.c:172
  NEW_FUNC: 0x563c5b38ffa0 in H5O__prefix_deserialize /src/hdf5/src/H5Ocache.c:984
  NEW_FUNC: 0x563c5b3c9ca0 in H5O__free /src/hdf5/src/H5Oint.c:2803
#268386: cov: 2759 ft: 3487 corp: 95 exec/s: 33 oom/timeout/crash: 16/0/0 time: 62s job: 35 dft_time: 0
#280645: cov: 2759 ft: 3487 corp: 95 exec/s: 875 oom/timeout/crash: 17/0/0 time: 66s job: 33 dft_time: 0
#311452: cov: 2759 ft: 3495 corp: 98 exec/s: 1141 oom/timeout/crash: 18/0/0 time: 69s job: 28 dft_time: 0
#332005: cov: 2761 ft: 3498 corp: 101 exec/s: 1027 oom/timeout/crash: 19/0/0 time: 72s job: 34 dft_time: 0
#332021: cov: 2761 ft: 3498 corp: 101 exec/s: 8 oom/timeout/crash: 20/0/0 time: 75s job: 39 dft_time: 0
#371278: cov: 2761 ft: 3498 corp: 101 exec/s: 1266 oom/timeout/crash: 21/0/0 time: 77s job: 30 dft_time: 0
#371332: cov: 2761 ft: 3499 corp: 102 exec/s: 18 oom/timeout/crash: 21/0/0 time: 79s job: 40 dft_time: 0
#376621: cov: 2761 ft: 3499 corp: 102 exec/s: 755 oom/timeout/crash: 22/0/0 time: 84s job: 41 dft_time: 0
#387606: cov: 2761 ft: 3499 corp: 102 exec/s: 732 oom/timeout/crash: 23/0/0 time: 85s job: 38 dft_time: 0
#404259: cov: 2761 ft: 3499 corp: 102 exec/s: 832 oom/timeout/crash: 24/0/0 time: 86s job: 37 dft_time: 0
#406787: cov: 2761 ft: 3499 corp: 102 exec/s: 632 oom/timeout/crash: 25/0/0 time: 89s job: 44 dft_time: 0
#407046: cov: 2763 ft: 3501 corp: 103 exec/s: 86 oom/timeout/crash: 26/0/0 time: 90s job: 45 dft_time: 0
#413220: cov: 2763 ft: 3501 corp: 103 exec/s: 882 oom/timeout/crash: 27/0/0 time: 91s job: 43 dft_time: 0
#417276: cov: 2763 ft: 3501 corp: 103 exec/s: 811 oom/timeout/crash: 28/0/0 time: 97s job: 48 dft_time: 0
#454087: cov: 2763 ft: 3502 corp: 104 exec/s: 994 oom/timeout/crash: 29/0/0 time: 100s job: 36 dft_time: 0
#466657: cov: 2763 ft: 3503 corp: 105 exec/s: 546 oom/timeout/crash: 29/0/0 time: 102s job: 42 dft_time: 0
#473086: cov: 2763 ft: 3503 corp: 105 exec/s: 642 oom/timeout/crash: 30/0/0 time: 111s job: 50 dft_time: 0
#483581: cov: 2763 ft: 3503 corp: 105 exec/s: 437 oom/timeout/crash: 31/0/0 time: 115s job: 47 dft_time: 0
#483709: cov: 2763 ft: 3503 corp: 105 exec/s: 42 oom/timeout/crash: 32/0/0 time: 119s job: 53 dft_time: 0
#496907: cov: 2763 ft: 3503 corp: 105 exec/s: 399 oom/timeout/crash: 33/0/0 time: 124s job: 46 dft_time: 0
#498263: cov: 2763 ft: 3504 corp: 106 exec/s: 339 oom/timeout/crash: 34/0/0 time: 124s job: 54 dft_time: 0
#502879: cov: 2763 ft: 3504 corp: 106 exec/s: 923 oom/timeout/crash: 35/0/0 time: 130s job: 56 dft_time: 0
#534290: cov: 2763 ft: 3504 corp: 106 exec/s: 1047 oom/timeout/crash: 36/0/0 time: 132s job: 51 dft_time: 0
#535136: cov: 2763 ft: 3504 corp: 106 exec/s: 282 oom/timeout/crash: 37/0/0 time: 137s job: 58 dft_time: 0
#545349: cov: 2763 ft: 3504 corp: 106 exec/s: 851 oom/timeout/crash: 38/0/0 time: 137s job: 55 dft_time: 0
#546446: cov: 2763 ft: 3504 corp: 106 exec/s: 548 oom/timeout/crash: 39/0/0 time: 140s job: 60 dft_time: 0
#555379: cov: 2763 ft: 3504 corp: 106 exec/s: 308 oom/timeout/crash: 40/0/0 time: 140s job: 52 dft_time: 0
#585205: cov: 2763 ft: 3504 corp: 106 exec/s: 596 oom/timeout/crash: 41/0/0 time: 148s job: 49 dft_time: 0
#600859: cov: 2763 ft: 3504 corp: 106 exec/s: 823 oom/timeout/crash: 41/0/0 time: 157s job: 59 dft_time: 0
#633104: cov: 2763 ft: 3504 corp: 106 exec/s: 1240 oom/timeout/crash: 42/0/0 time: 167s job: 62 dft_time: 0
#646209: cov: 2763 ft: 3504 corp: 106 exec/s: 1092 oom/timeout/crash: 43/0/0 time: 170s job: 64 dft_time: 0
#651170: cov: 2763 ft: 3504 corp: 106 exec/s: 826 oom/timeout/crash: 44/0/0 time: 174s job: 65 dft_time: 0
#704304: cov: 2763 ft: 3504 corp: 106 exec/s: 1180 oom/timeout/crash: 45/0/0 time: 176s job: 57 dft_time: 0
#736967: cov: 2764 ft: 3508 corp: 109 exec/s: 1209 oom/timeout/crash: 46/0/0 time: 176s job: 63 dft_time: 0
#739315: cov: 2765 ft: 3509 corp: 110 exec/s: 293 oom/timeout/crash: 47/0/0 time: 184s job: 68 dft_time: 0
#739784: cov: 2765 ft: 3509 corp: 110 exec/s: 234 oom/timeout/crash: 48/0/0 time: 187s job: 70 dft_time: 0
#742617: cov: 2765 ft: 3509 corp: 110 exec/s: 236 oom/timeout/crash: 49/0/0 time: 187s job: 67 dft_time: 0
#743545: cov: 2765 ft: 3509 corp: 110 exec/s: 185 oom/timeout/crash: 50/0/0 time: 193s job: 71 dft_time: 0
#744669: cov: 2765 ft: 3509 corp: 110 exec/s: 374 oom/timeout/crash: 51/0/0 time: 196s job: 73 dft_time: 0
#755863: cov: 2765 ft: 3509 corp: 110 exec/s: 180 oom/timeout/crash: 52/0/0 time: 202s job: 61 dft_time: 0
#765710: cov: 2765 ft: 3511 corp: 111 exec/s: 1094 oom/timeout/crash: 52/0/0 time: 207s job: 74 dft_time: 0
#799516: cov: 2765 ft: 3511 corp: 111 exec/s: 1126 oom/timeout/crash: 53/0/0 time: 207s job: 69 dft_time: 0
#828977: cov: 2766 ft: 3512 corp: 112 exec/s: 1133 oom/timeout/crash: 54/0/0 time: 214s job: 72 dft_time: 0
#831954: cov: 2766 ft: 3512 corp: 112 exec/s: 496 oom/timeout/crash: 55/0/0 time: 214s job: 76 dft_time: 0
#838546: cov: 2766 ft: 3512 corp: 112 exec/s: 824 oom/timeout/crash: 56/0/0 time: 215s job: 77 dft_time: 0
#838564: cov: 2766 ft: 3512 corp: 112 exec/s: 9 oom/timeout/crash: 57/0/0 time: 218s job: 80 dft_time: 0
#896904: cov: 2766 ft: 3512 corp: 112 exec/s: 1166 oom/timeout/crash: 58/0/0 time: 221s job: 66 dft_time: 0
#919844: cov: 2767 ft: 3513 corp: 113 exec/s: 1042 oom/timeout/crash: 59/0/0 time: 224s job: 75 dft_time: 0
#921498: cov: 2767 ft: 3513 corp: 113 exec/s: 551 oom/timeout/crash: 60/0/0 time: 228s job: 83 dft_time: 0
#921643: cov: 2767 ft: 3513 corp: 113 exec/s: 72 oom/timeout/crash: 61/0/0 time: 231s job: 84 dft_time: 0
#937422: cov: 2767 ft: 3513 corp: 113 exec/s: 986 oom/timeout/crash: 62/0/0 time: 235s job: 81 dft_time: 0
#965217: cov: 2767 ft: 3513 corp: 113 exec/s: 1158 oom/timeout/crash: 63/0/0 time: 239s job: 79 dft_time: 0
#974171: cov: 2767 ft: 3513 corp: 113 exec/s: 895 oom/timeout/crash: 64/0/0 time: 243s job: 85 dft_time: 0
#975826: cov: 2767 ft: 3513 corp: 113 exec/s: 413 oom/timeout/crash: 65/0/0 time: 247s job: 88 dft_time: 0
#978543: cov: 2767 ft: 3513 corp: 113 exec/s: 679 oom/timeout/crash: 66/0/0 time: 252s job: 89 dft_time: 0
#992571: cov: 2767 ft: 3513 corp: 113 exec/s: 637 oom/timeout/crash: 67/0/0 time: 262s job: 87 dft_time: 0
#999843: cov: 2767 ft: 3513 corp: 113 exec/s: 142 oom/timeout/crash: 68/0/0 time: 266s job: 78 dft_time: 0
#1002078: cov: 2767 ft: 3513 corp: 113 exec/s: 279 oom/timeout/crash: 69/0/0 time: 271s job: 91 dft_time: 0
#1020196: cov: 2767 ft: 3513 corp: 113 exec/s: 489 oom/timeout/crash: 70/0/0 time: 272s job: 86 dft_time: 0
#1046716: cov: 2767 ft: 3513 corp: 113 exec/s: 982 oom/timeout/crash: 71/0/0 time: 279s job: 90 dft_time: 0
#1046821: cov: 2767 ft: 3513 corp: 113 exec/s: 52 oom/timeout/crash: 72/0/0 time: 282s job: 95 dft_time: 0
#1145833: cov: 2767 ft: 3513 corp: 113 exec/s: 1192 oom/timeout/crash: 73/0/0 time: 304s job: 82 dft_time: 0
INFO: fuzzed for 304 seconds, wrapping up soon
INFO: exiting: 0 time: 304s
