INFO: Running with entropic power schedule (0xFF, 100).
INFO: Seed: 2542442657
INFO: Loaded 1 modules   (123422 inline 8-bit counters): 123422 [0x558675232b20, 0x558675250d3e), 
INFO: Loaded 1 PC tables (123422 PCs): 123422 [0x558675250d40,0x558675432f20), 
INFO: -fork=5: fuzzing in separate process(s)
INFO: -fork=5: 0 seed inputs, starting to fuzz in /tmp/libFuzzerTemp.FuzzWithFork9131.dir
#577: cov: 0 ft: 0 corp: 0 exec/s: 288 oom/timeout/crash: 0/0/0 time: 2s job: 1 dft_time: 0
  NEW_FUNC: 0x5586743bf6b0 in LLVMFuzzerTestOneInput /src/h5_group_link_fuzzer.c:65
  NEW_FUNC: 0x5586743c6dd0 in H5Eset_auto2 /src/hdf5/src/H5E.c:767
  NEW_FUNC: 0x5586743c9570 in H5E_init /src/hdf5/src/H5Eint.c:217
  NEW_FUNC: 0x5586743c9700 in H5E__init_package /src/hdf5/src/H5Eint.c:241
  NEW_FUNC: 0x5586743ce0c0 in H5E_printf_stack /src/hdf5/src/H5Eint.c:1547
  NEW_FUNC: 0x5586743cf4b0 in H5E_clear_stack /src/hdf5/src/H5Eint.c:1844
  NEW_FUNC: 0x5586743cf770 in H5E_user_cb_prepare /src/hdf5/src/H5Eint.c:367
  NEW_FUNC: 0x5586743cfa90 in H5E_user_cb_restore /src/hdf5/src/H5Eint.c:406
  NEW_FUNC: 0x5586743d3990 in H5E__get_auto /src/hdf5/src/H5Eint.c:1453
  NEW_FUNC: 0x5586743d3d90 in H5E__set_auto /src/hdf5/src/H5Eint.c:1523
  NEW_FUNC: 0x5586743d4430 in H5E__clear_entries /src/hdf5/src/H5Eint.c:1775
  NEW_FUNC: 0x5586743d4a70 in H5E_dump_api_stack /src/hdf5/src/H5Eint.c:1939
  NEW_FUNC: 0x5586743db500 in H5Fopen /src/hdf5/src/H5F.c:813
  NEW_FUNC: 0x5586743dbc50 in H5F__open_api_common /src/hdf5/src/H5F.c:739
  NEW_FUNC: 0x5586743f0b70 in H5F_init /src/hdf5/src/H5Fint.c:138
  NEW_FUNC: 0x5586743f0ca0 in H5F__init_package /src/hdf5/src/H5Fint.c:161
  NEW_FUNC: 0x5586743f0df0 in H5F__parse_file_lock_env_var /src/hdf5/src/H5Fint.c:276
  NEW_FUNC: 0x5586743f5670 in H5F_open /src/hdf5/src/H5Fint.c:1827
  NEW_FUNC: 0x5586743f8a90 in H5F__new /src/hdf5/src/H5Fint.c:1132
  NEW_FUNC: 0x5586743fc680 in H5F__dest /src/hdf5/src/H5Fint.c:1405
  NEW_FUNC: 0x558674403390 in H5F_set_retries /src/hdf5/src/H5Fint.c:3485
  NEW_FUNC: 0x5586744087e0 in H5F__set_vol_conn /src/hdf5/src/H5Fint.c:315
  NEW_FUNC: 0x55867440f750 in H5F_get_intent /src/hdf5/src/H5Fquery.c:97
  NEW_FUNC: 0x558674410030 in H5F_grp_btree_shared /src/hdf5/src/H5Fquery.c:672
  NEW_FUNC: 0x558674411320 in H5F_use_mdc_logging /src/hdf5/src/H5Fquery.c:1122
  NEW_FUNC: 0x558674411b50 in H5F__sfile_add /src/hdf5/src/H5Fsfile.c:94
  NEW_FUNC: 0x558674411d30 in H5F__sfile_search /src/hdf5/src/H5Fsfile.c:130
  NEW_FUNC: 0x558674411ef0 in H5F__sfile_remove /src/hdf5/src/H5Fsfile.c:165
  NEW_FUNC: 0x558674412800 in H5F__super_read /src/hdf5/src/H5Fsuper.c:307
  NEW_FUNC: 0x558674422d20 in H5FD_init /src/hdf5/src/H5FD.c:110
  NEW_FUNC: 0x558674422e50 in H5FD__init_package /src/hdf5/src/H5FD.c:131
  NEW_FUNC: 0x558674424390 in H5FD_register /src/hdf5/src/H5FD.c:388
  NEW_FUNC: 0x5586744257c0 in H5FD_get_class /src/hdf5/src/H5FD.c:527
  NEW_FUNC: 0x558674427ef0 in H5FD_open /src/hdf5/src/H5FD.c:891
  NEW_FUNC: 0x558674428f80 in H5FD__query /src/hdf5/src/H5FD.c:1213
  NEW_FUNC: 0x558674429a60 in H5FD_close /src/hdf5/src/H5FD.c:1055
  NEW_FUNC: 0x55867442da70 in H5FD_get_maxaddr /src/hdf5/src/H5FD.c:1498
  NEW_FUNC: 0x55867442dc50 in H5FD_get_feature_flags /src/hdf5/src/H5FD.c:1524
  NEW_FUNC: 0x55867442dd90 in H5FD_get_fs_type_map /src/hdf5/src/H5FD.c:1571
  NEW_FUNC: 0x558674437770 in H5FD_lock /src/hdf5/src/H5FD.c:2613
  NEW_FUNC: 0x55867443b770 in H5FD__core_register /src/hdf5/src/H5FDcore.c:454
  NEW_FUNC: 0x558674443f70 in H5FD__family_register /src/hdf5/src/H5FDfamily.c:279
  NEW_FUNC: 0x55867444b7d0 in H5FD_locate_signature /src/hdf5/src/H5FDint.c:149
  NEW_FUNC: 0x55867444bec0 in H5FD_get_eof /src/hdf5/src/H5FDint.c:2491
  NEW_FUNC: 0x55867444c520 in H5FD_get_eoa /src/hdf5/src/H5FDint.c:2449
  NEW_FUNC: 0x55867444caf0 in H5FD_set_eoa /src/hdf5/src/H5FDint.c:2409
  NEW_FUNC: 0x55867444d0b0 in H5FD_read /src/hdf5/src/H5FDint.c:214
  NEW_FUNC: 0x55867445ca60 in H5FD_driver_query /src/hdf5/src/H5FDint.c:2533
  NEW_FUNC: 0x558674462040 in H5FD__log_register /src/hdf5/src/H5FDlog.c:215
  NEW_FUNC: 0x5586744693e0 in H5FD__multi_register /src/hdf5/src/H5FDmulti_int.c:52
  NEW_FUNC: 0x558674469510 in H5FD__onion_register /src/hdf5/src/H5FDonion.c:226
  NEW_FUNC: 0x55867447f4e0 in H5FD__sec2_register /src/hdf5/src/H5FDsec2.c:174
  NEW_FUNC: 0x55867447fda0 in H5FD__sec2_open /src/hdf5/src/H5FDsec2.c:249
  NEW_FUNC: 0x558674480980 in H5FD__sec2_close /src/hdf5/src/H5FDsec2.c:378
  NEW_FUNC: 0x558674480d70 in H5FD__sec2_query /src/hdf5/src/H5FDsec2.c:462
  NEW_FUNC: 0x558674480ec0 in H5FD__sec2_get_eoa /src/hdf5/src/H5FDsec2.c:508
  NEW_FUNC: 0x558674480ef0 in H5FD__sec2_set_eoa /src/hdf5/src/H5FDsec2.c:529
  NEW_FUNC: 0x558674480fb0 in H5FD__sec2_get_eof /src/hdf5/src/H5FDsec2.c:553
  NEW_FUNC: 0x558674481160 in H5FD__sec2_read /src/hdf5/src/H5FDsec2.c:603
  NEW_FUNC: 0x558674482150 in H5FD__sec2_lock /src/hdf5/src/H5FDsec2.c:889
  NEW_FUNC: 0x558674485640 in H5FD__splitter_register /src/hdf5/src/H5FDsplitter.c:177
  NEW_FUNC: 0x55867448d400 in H5FD__stdio_register /src/hdf5/src/H5FDstdio_int.c:52
  NEW_FUNC: 0x55867448e540 in H5FL_reg_free /src/hdf5/src/H5FL.c:277
  NEW_FUNC: 0x55867448eb50 in H5FL_reg_malloc /src/hdf5/src/H5FL.c:334
  NEW_FUNC: 0x55867448f1e0 in H5FL_reg_calloc /src/hdf5/src/H5FL.c:386
  NEW_FUNC: 0x5586744934f0 in H5FL_fac_init /src/hdf5/src/H5FL.c:1695
  NEW_FUNC: 0x5586744939d0 in H5FL_fac_free /src/hdf5/src/H5FL.c:1758
  NEW_FUNC: 0x558674493fe0 in H5FL_fac_malloc /src/hdf5/src/H5FL.c:1814
  NEW_FUNC: 0x558674495510 in H5FO_create /src/hdf5/src/H5FO.c:72
  NEW_FUNC: 0x558674496060 in H5FO_dest /src/hdf5/src/H5FO.c:341
  NEW_FUNC: 0x558674496290 in H5FO_top_create /src/hdf5/src/H5FO.c:385
  NEW_FUNC: 0x558674496b10 in H5FO_top_dest /src/hdf5/src/H5FO.c:569
  NEW_FUNC: 0x5586744aeb10 in H5G_init /src/hdf5/src/H5Gint.c:134
  NEW_FUNC: 0x5586744aec40 in H5G__init_package /src/hdf5/src/H5Gint.c:165
  NEW_FUNC: 0x5586744bf6b0 in H5G_name_free /src/hdf5/src/H5Gname.c:536
  NEW_FUNC: 0x5586744bfab0 in H5G_name_reset /src/hdf5/src/H5Gname.c:513
  NEW_FUNC: 0x5586744c8970 in H5G_node_close /src/hdf5/src/H5Gnode.c:1112
  NEW_FUNC: 0x5586744eb700 in H5I_register_type /src/hdf5/src/H5Iint.c:242
  NEW_FUNC: 0x5586744ed4f0 in H5I__register /src/hdf5/src/H5Iint.c:581
  NEW_FUNC: 0x5586744eefc0 in H5I_register /src/hdf5/src/H5Iint.c:639
  NEW_FUNC: 0x5586744f0d40 in H5I__find_id /src/hdf5/src/H5Iint.c:1666
  NEW_FUNC: 0x5586744f1910 in H5I_object /src/hdf5/src/H5Iint.c:779
  NEW_FUNC: 0x5586744f1a50 in H5I_object_verify /src/hdf5/src/H5Iint.c:807
  NEW_FUNC: 0x5586744f1bd0 in H5I_get_type /src/hdf5/src/H5Iint.c:840
  NEW_FUNC: 0x5586744f2500 in H5I__remove_common /src/hdf5/src/H5Iint.c:944
  NEW_FUNC: 0x5586744f30f0 in H5I_dec_ref /src/hdf5/src/H5Iint.c:1115
  NEW_FUNC: 0x5586744f32a0 in H5I__dec_ref /src/hdf5/src/H5Iint.c:1036
  NEW_FUNC: 0x5586744f4610 in H5I_inc_ref /src/hdf5/src/H5Iint.c:1357
  NEW_FUNC: 0x558674509a30 in H5L_init /src/hdf5/src/H5Lint.c:206
  NEW_FUNC: 0x558674509b60 in H5L__init_package /src/hdf5/src/H5Lint.c:227
  NEW_FUNC: 0x55867450a090 in H5L_register /src/hdf5/src/H5Lint.c:344
  NEW_FUNC: 0x5586745145a0 in H5MF_init_merge_flags /src/hdf5/src/H5MF.c:137
  NEW_FUNC: 0x558674530a00 in H5MM_realloc /src/hdf5/src/H5MM.c:77
  NEW_FUNC: 0x558674530a90 in H5MM_xstrdup /src/hdf5/src/H5MM.c:109
  NEW_FUNC: 0x558674530b50 in H5MM_strdup /src/hdf5/src/H5MM.c:136
  NEW_FUNC: 0x558674530db0 in H5MM_xfree /src/hdf5/src/H5MM.c:197
  NEW_FUNC: 0x558674530de0 in H5MM_xfree_const /src/hdf5/src/H5MM.c:219
  NEW_FUNC: 0x5586745419b0 in H5O_init /src/hdf5/src/H5Oint.c:192
  NEW_FUNC: 0x55867454ba90 in H5O_loc_reset /src/hdf5/src/H5Oint.c:1804
  NEW_FUNC: 0x5586745582d0 in H5O__layout_copy /src/hdf5/src/H5Olayout.c:750
  NEW_FUNC: 0x558674565ee0 in H5O_msg_reset /src/hdf5/src/H5Omessage.c:516
  NEW_FUNC: 0x558674566c10 in H5O_msg_copy /src/hdf5/src/H5Omessage.c:665
  NEW_FUNC: 0x55867456bc80 in H5O_msg_reset_share /src/hdf5/src/H5Omessage.c:1530
  NEW_FUNC: 0x558674573ce0 in H5O__pline_copy /src/hdf5/src/H5Opline.c:369
  NEW_FUNC: 0x558674575250 in H5O__pline_reset /src/hdf5/src/H5Opline.c:521
  NEW_FUNC: 0x558674582020 in H5P__dacc_reg_prop /src/hdf5/src/H5Pdapl.c:197
  NEW_FUNC: 0x5586745924a0 in H5P__facc_reg_prop /src/hdf5/src/H5Pfapl.c:553
  NEW_FUNC: 0x558674594960 in H5P__facc_set_def_driver /src/hdf5/src/H5Pfapl.c:860
  NEW_FUNC: 0x5586745b04d0 in H5P_set_vol /src/hdf5/src/H5Pfapl.c:5979
  NEW_FUNC: 0x5586745b0a20 in H5P_reset_vol_class /src/hdf5/src/H5Pfapl.c:6020
  NEW_FUNC: 0x5586745bded0 in H5P__facc_file_driver_create /src/hdf5/src/H5Pfapl.c:1765
  NEW_FUNC: 0x5586745c3680 in H5P__facc_vol_create /src/hdf5/src/H5Pfapl.c:6238
  NEW_FUNC: 0x5586745c3800 in H5P__facc_vol_set /src/hdf5/src/H5Pfapl.c:6264
  NEW_FUNC: 0x5586745c3b00 in H5P__facc_vol_del /src/hdf5/src/H5Pfapl.c:6322
  NEW_FUNC: 0x5586745c4150 in H5P__file_driver_copy /src/hdf5/src/H5Pfapl.c:1658
  NEW_FUNC: 0x5586745c5dc0 in H5P_init_phase1 /src/hdf5/src/H5Pint.c:424
  NEW_FUNC: 0x5586745c5f90 in H5P__init_package /src/hdf5/src/H5Pint.c:475
  NEW_FUNC: 0x5586745c6b90 in H5P_init_phase2 /src/hdf5/src/H5Pint.c:450
  NEW_FUNC: 0x5586745c6eb0 in H5P__create_class /src/hdf5/src/H5Pint.c:1781
  NEW_FUNC: 0x5586745c7580 in H5P_create_id /src/hdf5/src/H5Pint.c:2014
  NEW_FUNC: 0x5586745c9260 in H5P__dup_prop /src/hdf5/src/H5Pint.c:1179
  NEW_FUNC: 0x5586745c98c0 in H5P_copy_plist /src/hdf5/src/H5Pint.c:938
  NEW_FUNC: 0x5586745cb900 in H5P__do_prop_cb1 /src/hdf5/src/H5Pint.c:789
  NEW_FUNC: 0x5586745cc210 in H5P__access_class /src/hdf5/src/H5Pint.c:1630
  NEW_FUNC: 0x5586745cc7c0 in H5P_close /src/hdf5/src/H5Pint.c:5285
  NEW_FUNC: 0x5586745cdac0 in H5P__free_prop_cb /src/hdf5/src/H5Pint.c:1547
  NEW_FUNC: 0x5586745cdf70 in H5P__register_real /src/hdf5/src/H5Pint.c:2257
  NEW_FUNC: 0x5586745ce570 in H5P__create_prop /src/hdf5/src/H5Pint.c:1293
  NEW_FUNC: 0x5586745d00b0 in H5P__do_prop /src/hdf5/src/H5Pint.c:2818
  NEW_FUNC: 0x5586745d0d00 in H5P_set /src/hdf5/src/H5Pint.c:3237
  NEW_FUNC: 0x5586745d1150 in H5P__set_plist_cb /src/hdf5/src/H5Pint.c:3050
  NEW_FUNC: 0x5586745d25d0 in H5P__class_get /src/hdf5/src/H5Pint.c:3284
  NEW_FUNC: 0x5586745d2840 in H5P__class_set /src/hdf5/src/H5Pint.c:3339
  NEW_FUNC: 0x5586745d3680 in H5P__cmp_class /src/hdf5/src/H5Pint.c:3808
  NEW_FUNC: 0x5586745d5cd0 in H5P_isa_class /src/hdf5/src/H5Pint.c:4129
  NEW_FUNC: 0x5586745d7970 in H5P_peek /src/hdf5/src/H5Pint.c:4662
  NEW_FUNC: 0x5586745d7db0 in H5P__peek_cb /src/hdf5/src/H5Pint.c:4614
  NEW_FUNC: 0x5586745d7f90 in H5P_get /src/hdf5/src/H5Pint.c:4784
  NEW_FUNC: 0x5586745d83d0 in H5P__get_cb /src/hdf5/src/H5Pint.c:4706
  NEW_FUNC: 0x5586745dcf60 in H5P__close_list_cb /src/hdf5/src/H5Pint.c:748
  NEW_FUNC: 0x5586745dd0d0 in H5P__lacc_reg_prop /src/hdf5/src/H5Plapl.c:184
  NEW_FUNC: 0x5586745e54f0 in H5P__lcrt_reg_prop /src/hdf5/src/H5Plcpl.c:108
  NEW_FUNC: 0x5586745e6490 in H5P__macc_reg_prop /src/hdf5/src/H5Pmapl.c:107
  NEW_FUNC: 0x5586745e6800 in H5P__mcrt_reg_prop /src/hdf5/src/H5Pmcpl.c:96
  NEW_FUNC: 0x5586745e6810 in H5P__ocrt_reg_prop /src/hdf5/src/H5Pocpl.c:147
  NEW_FUNC: 0x5586745f17b0 in H5P__ocrt_pipeline_get /src/hdf5/src/H5Pocpl.c:1234
  NEW_FUNC: 0x5586745f4bb0 in H5P__ocrt_pipeline_copy /src/hdf5/src/H5Pocpl.c:1477
  NEW_FUNC: 0x5586745f5660 in H5P__ocrt_pipeline_close /src/hdf5/src/H5Pocpl.c:1604
  NEW_FUNC: 0x5586745f57e0 in H5P__ocpy_reg_prop /src/hdf5/src/H5Pocpypl.c:149
  NEW_FUNC: 0x5586745fa330 in H5P__strcrt_reg_prop /src/hdf5/src/H5Pstrcpl.c:112
  NEW_FUNC: 0x5586745fcd50 in H5PB_dest /src/hdf5/src/H5PB.c:450
  NEW_FUNC: 0x5586746047e0 in H5PL__init_package /src/hdf5/src/H5PLint.c:136
  NEW_FUNC: 0x558674606210 in H5PL_iterate /src/hdf5/src/H5PLint.c:525
  NEW_FUNC: 0x5586746063f0 in H5PL__create_path_table /src/hdf5/src/H5PLpath.c:231
  NEW_FUNC: 0x558674606d60 in H5PL__insert_at /src/hdf5/src/H5PLpath.c:104
  NEW_FUNC: 0x558674607fa0 in H5PL__path_table_iterate /src/hdf5/src/H5PLpath.c:568
  NEW_FUNC: 0x558674609840 in H5PL__create_plugin_cache /src/hdf5/src/H5PLplugin_cache.c:99
  NEW_FUNC: 0x55867460db80 in H5S_init /src/hdf5/src/H5S.c:114
  NEW_FUNC: 0x55867460dcb0 in H5S__init_package /src/hdf5/src/H5S.c:136
  NEW_FUNC: 0x558674634a70 in H5SL__init_package /src/hdf5/src/H5SL.c:544
  NEW_FUNC: 0x558674634cc0 in H5SL_create /src/hdf5/src/H5SL.c:931
  NEW_FUNC: 0x558674635090 in H5SL__new_node /src/hdf5/src/H5SL.c:641
  NEW_FUNC: 0x558674635390 in H5SL_count /src/hdf5/src/H5SL.c:1001
  NEW_FUNC: 0x5586746353c0 in H5SL_insert /src/hdf5/src/H5SL.c:1036
  NEW_FUNC: 0x5586746354f0 in H5SL__insert_common /src/hdf5/src/H5SL.c:688
  NEW_FUNC: 0x558674654b10 in H5SL_search /src/hdf5/src/H5SL.c:1314
  NEW_FUNC: 0x5586746669d0 in H5SL_first /src/hdf5/src/H5SL.c:1896
  NEW_FUNC: 0x558674666a30 in H5SL_next /src/hdf5/src/H5SL.c:1929
  NEW_FUNC: 0x558674666b30 in H5SL_item /src/hdf5/src/H5SL.c:2029
  NEW_FUNC: 0x558674666ee0 in H5SL__release_common /src/hdf5/src/H5SL.c:806
  NEW_FUNC: 0x5586746676b0 in H5SL_destroy /src/hdf5/src/H5SL.c:2232
  NEW_FUNC: 0x5586746677f0 in H5SL__close_common /src/hdf5/src/H5SL.c:885
  NEW_FUNC: 0x558674667a50 in H5SL_close /src/hdf5/src/H5SL.c:2272
  NEW_FUNC: 0x55867467d340 in H5T_init /src/hdf5/src/H5T.c:794
  NEW_FUNC: 0x55867467d470 in H5T__init_package /src/hdf5/src/H5T.c:1025
  NEW_FUNC: 0x55867468bcf0 in H5T_copy /src/hdf5/src/H5T.c:4430
  NEW_FUNC: 0x55867468c320 in H5T__alloc /src/hdf5/src/H5T.c:4649
  NEW_FUNC: 0x55867468c620 in H5T_set_loc /src/hdf5/src/H5T.c:6907
  NEW_FUNC: 0x55867468d7c0 in H5T__create /src/hdf5/src/H5T.c:3997
  NEW_FUNC: 0x55867468e480 in H5T__register_int /src/hdf5/src/H5T.c:3201
  NEW_FUNC: 0x55867468e5d0 in H5T__init_inf /src/hdf5/src/H5T.c:817
  NEW_FUNC: 0x5586746904b0 in H5T_close_real /src/hdf5/src/H5T.c:4787
  NEW_FUNC: 0x5586746943e0 in H5T_cmp /src/hdf5/src/H5T.c:5133
  NEW_FUNC: 0x55867469d820 in H5T__register /src/hdf5/src/H5T.c:3245
  NEW_FUNC: 0x5586746a52b0 in H5T__initiate_copy /src/hdf5/src/H5T.c:4124
  NEW_FUNC: 0x5586746a57f0 in H5T__copy_all /src/hdf5/src/H5T.c:4200
  NEW_FUNC: 0x5586746a5920 in H5T__complete_copy /src/hdf5/src/H5T.c:4229
  NEW_FUNC: 0x5586746a8170 in H5T__free /src/hdf5/src/H5T.c:4699
  NEW_FUNC: 0x5586746a9780 in H5T__path_find_real /src/hdf5/src/H5T.c:5755
  NEW_FUNC: 0x5586746b1d10 in H5T__array_create /src/hdf5/src/H5Tarray.c:133
  NEW_FUNC: 0x5586746b6060 in H5T__bit_set /src/hdf5/src/H5Tbit.c:328
  NEW_FUNC: 0x5586746c4a90 in H5T__complex_create /src/hdf5/src/H5Tcomplex.c:111
  NEW_FUNC: 0x5586746cd180 in H5T__conv_noop /src/hdf5/src/H5Tconv.c:242
  NEW_FUNC: 0x5586746df930 in H5T__conv_fcomplex_schar /src/hdf5/src/H5Tconv_complex.c:1436
  NEW_FUNC: 0x5586746e37f0 in H5T__conv_fcomplex_uchar /src/hdf5/src/H5Tconv_complex.c:1455
  NEW_FUNC: 0x5586746e7660 in H5T__conv_fcomplex_short /src/hdf5/src/H5Tconv_complex.c:1474
  NEW_FUNC: 0x5586746eb7b0 in H5T__conv_fcomplex_ushort /src/hdf5/src/H5Tconv_complex.c:1493
  NEW_FUNC: 0x5586746ef890 in H5T__conv_fcomplex_int /src/hdf5/src/H5Tconv_complex.c:1512
  NEW_FUNC: 0x5586746f3a70 in H5T__conv_fcomplex_uint /src/hdf5/src/H5Tconv_complex.c:1531
  NEW_FUNC: 0x5586746f7b50 in H5T__conv_fcomplex_long /src/hdf5/src/H5Tconv_complex.c:1550
  NEW_FUNC: 0x5586746fb6d0 in H5T__conv_fcomplex_ulong /src/hdf5/src/H5Tconv_complex.c:1569
  NEW_FUNC: 0x558674706c70 in H5T__conv_fcomplex_float /src/hdf5/src/H5Tconv_complex.c:1649
  NEW_FUNC: 0x55867470bd00 in H5T__conv_fcomplex_double /src/hdf5/src/H5Tconv_complex.c:1666
  NEW_FUNC: 0x55867470e4d0 in H5T__conv_fcomplex_ldouble /src/hdf5/src/H5Tconv_complex.c:1683
  NEW_FUNC: 0x558674711ca0 in H5T__conv_fcomplex_dcomplex /src/hdf5/src/H5Tconv_complex.c:1701
  NEW_FUNC: 0x558674715300 in H5T__conv_fcomplex_lcomplex /src/hdf5/src/H5Tconv_complex.c:1719
  NEW_FUNC: 0x558674718ea0 in H5T__conv_dcomplex_schar /src/hdf5/src/H5Tconv_complex.c:1736
  NEW_FUNC: 0x55867471c8c0 in H5T__conv_dcomplex_uchar /src/hdf5/src/H5Tconv_complex.c:1755
  NEW_FUNC: 0x5586747202a0 in H5T__conv_dcomplex_short /src/hdf5/src/H5Tconv_complex.c:1774
  NEW_FUNC: 0x558674723e10 in H5T__conv_dcomplex_ushort /src/hdf5/src/H5Tconv_complex.c:1794
  NEW_FUNC: 0x558674727910 in H5T__conv_dcomplex_int /src/hdf5/src/H5Tconv_complex.c:1813
  NEW_FUNC: 0x55867472b4c0 in H5T__conv_dcomplex_uint /src/hdf5/src/H5Tconv_complex.c:1832
  NEW_FUNC: 0x55867472efd0 in H5T__conv_dcomplex_long /src/hdf5/src/H5Tconv_complex.c:1851
  NEW_FUNC: 0x558674732b10 in H5T__conv_dcomplex_ulong /src/hdf5/src/H5Tconv_complex.c:1870
  NEW_FUNC: 0x55867473df90 in H5T__conv_dcomplex_float /src/hdf5/src/H5Tconv_complex.c:1950
  NEW_FUNC: 0x558674740f90 in H5T__conv_dcomplex_double /src/hdf5/src/H5Tconv_complex.c:1967
  NEW_FUNC: 0x558674745910 in H5T__conv_dcomplex_ldouble /src/hdf5/src/H5Tconv_complex.c:1984
  NEW_FUNC: 0x558674748520 in H5T__conv_dcomplex_fcomplex /src/hdf5/src/H5Tconv_complex.c:2002
  NEW_FUNC: 0x55867474bce0 in H5T__conv_dcomplex_lcomplex /src/hdf5/src/H5Tconv_complex.c:2020
  NEW_FUNC: 0x55867474f6b0 in H5T__conv_lcomplex_schar /src/hdf5/src/H5Tconv_complex.c:2038
  NEW_FUNC: 0x5586747535d0 in H5T__conv_lcomplex_uchar /src/hdf5/src/H5Tconv_complex.c:2058
  NEW_FUNC: 0x5586747574b0 in H5T__conv_lcomplex_short /src/hdf5/src/H5Tconv_complex.c:2077
  NEW_FUNC: 0x55867475b570 in H5T__conv_lcomplex_ushort /src/hdf5/src/H5Tconv_complex.c:2097
  NEW_FUNC: 0x55867475f580 in H5T__conv_lcomplex_int /src/hdf5/src/H5Tconv_complex.c:2116
  NEW_FUNC: 0x558674763610 in H5T__conv_lcomplex_uint /src/hdf5/src/H5Tconv_complex.c:2136
  NEW_FUNC: 0x5586747675c0 in H5T__conv_lcomplex_long /src/hdf5/src/H5Tconv_complex.c:2155
  NEW_FUNC: 0x55867476b670 in H5T__conv_lcomplex_ulong /src/hdf5/src/H5Tconv_complex.c:2175
  NEW_FUNC: 0x558674777920 in H5T__conv_lcomplex_float /src/hdf5/src/H5Tconv_complex.c:2262
  NEW_FUNC: 0x55867477ac30 in H5T__conv_lcomplex_double /src/hdf5/src/H5Tconv_complex.c:2279
  NEW_FUNC: 0x55867477dcd0 in H5T__conv_lcomplex_ldouble /src/hdf5/src/H5Tconv_complex.c:2297
  NEW_FUNC: 0x558674784130 in H5T__conv_lcomplex_fcomplex /src/hdf5/src/H5Tconv_complex.c:2315
  NEW_FUNC: 0x558674787e20 in H5T__conv_lcomplex_dcomplex /src/hdf5/src/H5Tconv_complex.c:2333
  NEW_FUNC: 0x5586747a0d80 in H5T__conv_float_schar /src/hdf5/src/H5Tconv_float.c:1741
  NEW_FUNC: 0x5586747a4d80 in H5T__conv_float_uchar /src/hdf5/src/H5Tconv_float.c:1761
  NEW_FUNC: 0x5586747a8d30 in H5T__conv_float_short /src/hdf5/src/H5Tconv_float.c:1781
  NEW_FUNC: 0x5586747acf80 in H5T__conv_float_ushort /src/hdf5/src/H5Tconv_float.c:1801
  NEW_FUNC: 0x5586747b1150 in H5T__conv_float_int /src/hdf5/src/H5Tconv_float.c:1821
  NEW_FUNC: 0x5586747b4d50 in H5T__conv_float_uint /src/hdf5/src/H5Tconv_float.c:1841
  NEW_FUNC: 0x5586747b8910 in H5T__conv_float_long /src/hdf5/src/H5Tconv_float.c:1861
  NEW_FUNC: 0x5586747bcba0 in H5T__conv_float_ulong /src/hdf5/src/H5Tconv_float.c:1881
  NEW_FUNC: 0x5586747c9670 in H5T__conv_float_double /src/hdf5/src/H5Tconv_float.c:1964
  NEW_FUNC: 0x5586747cc7d0 in H5T__conv_float_ldouble /src/hdf5/src/H5Tconv_float.c:1982
  NEW_FUNC: 0x5586747cffa0 in H5T__conv_float_fcomplex /src/hdf5/src/H5Tconv_float.c:2002
  NEW_FUNC: 0x5586747d3740 in H5T__conv_float_dcomplex /src/hdf5/src/H5Tconv_float.c:2021
  NEW_FUNC: 0x5586747d78a0 in H5T__conv_float_lcomplex /src/hdf5/src/H5Tconv_float.c:2040
  NEW_FUNC: 0x5586747dc930 in H5T__conv_double_schar /src/hdf5/src/H5Tconv_float.c:2059
  NEW_FUNC: 0x5586747e0900 in H5T__conv_double_uchar /src/hdf5/src/H5Tconv_float.c:2079
  NEW_FUNC: 0x5586747e4890 in H5T__conv_double_short /src/hdf5/src/H5Tconv_float.c:2099
  NEW_FUNC: 0x5586747e8aa0 in H5T__conv_double_ushort /src/hdf5/src/H5Tconv_float.c:2119
  NEW_FUNC: 0x5586747ecc50 in H5T__conv_double_int /src/hdf5/src/H5Tconv_float.c:2139
  NEW_FUNC: 0x5586747f0e70 in H5T__conv_double_uint /src/hdf5/src/H5Tconv_float.c:2159
  NEW_FUNC: 0x5586747f5030 in H5T__conv_double_long /src/hdf5/src/H5Tconv_float.c:2179
  NEW_FUNC: 0x5586747f8d00 in H5T__conv_double_ulong /src/hdf5/src/H5Tconv_float.c:2199
  NEW_FUNC: 0x558674804530 in H5T__conv_double_float /src/hdf5/src/H5Tconv_float.c:2282
  NEW_FUNC: 0x558674807650 in H5T__conv_double_ldouble /src/hdf5/src/H5Tconv_float.c:2300
  NEW_FUNC: 0x55867480aca0 in H5T__conv_double_fcomplex /src/hdf5/src/H5Tconv_float.c:2320
  NEW_FUNC: 0x55867480df40 in H5T__conv_double_dcomplex /src/hdf5/src/H5Tconv_float.c:2339
  NEW_FUNC: 0x558674810e30 in H5T__conv_double_lcomplex /src/hdf5/src/H5Tconv_float.c:2358
  NEW_FUNC: 0x558674815b80 in H5T__conv_ldouble_schar /src/hdf5/src/H5Tconv_float.c:2377
  NEW_FUNC: 0x558674819c20 in H5T__conv_ldouble_uchar /src/hdf5/src/H5Tconv_float.c:2397
  NEW_FUNC: 0x55867481dc80 in H5T__conv_ldouble_short /src/hdf5/src/H5Tconv_float.c:2417
  NEW_FUNC: 0x558674821f20 in H5T__conv_ldouble_ushort /src/hdf5/src/H5Tconv_float.c:2437
  NEW_FUNC: 0x5586748260e0 in H5T__conv_ldouble_int /src/hdf5/src/H5Tconv_float.c:2457
  NEW_FUNC: 0x55867482a300 in H5T__conv_ldouble_uint /src/hdf5/src/H5Tconv_float.c:2477
  NEW_FUNC: 0x55867482e590 in H5T__conv_ldouble_long /src/hdf5/src/H5Tconv_float.c:2497
  NEW_FUNC: 0x558674832860 in H5T__conv_ldouble_ulong /src/hdf5/src/H5Tconv_float.c:2517
  NEW_FUNC: 0x55867483f4b0 in H5T__conv_ldouble_float /src/hdf5/src/H5Tconv_float.c:2606
  NEW_FUNC: 0x5586748426e0 in H5T__conv_ldouble_double /src/hdf5/src/H5Tconv_float.c:2624
  NEW_FUNC: 0x558674845720 in H5T__conv_ldouble_fcomplex /src/hdf5/src/H5Tconv_float.c:2644
  NEW_FUNC: 0x558674848ba0 in H5T__conv_ldouble_dcomplex /src/hdf5/src/H5Tconv_float.c:2663
  NEW_FUNC: 0x55867484b3b0 in H5T__conv_ldouble_lcomplex /src/hdf5/src/H5Tconv_float.c:2682
  NEW_FUNC: 0x558674857fc0 in H5T__conv_schar_uchar /src/hdf5/src/H5Tconv_integer.c:1074
  NEW_FUNC: 0x55867485a640 in H5T__conv_schar_short /src/hdf5/src/H5Tconv_integer.c:1091
  NEW_FUNC: 0x55867485ecf0 in H5T__conv_schar_ushort /src/hdf5/src/H5Tconv_integer.c:1108
  NEW_FUNC: 0x558674861d80 in H5T__conv_schar_int /src/hdf5/src/H5Tconv_integer.c:1125
  NEW_FUNC: 0x558674866430 in H5T__conv_schar_uint /src/hdf5/src/H5Tconv_integer.c:1142
  NEW_FUNC: 0x5586748706b0 in H5T__conv_schar_llong /src/hdf5/src/H5Tconv_integer.c:1193
  NEW_FUNC: 0x5586748749c0 in H5T__conv_schar_ullong /src/hdf5/src/H5Tconv_integer.c:1210
  NEW_FUNC: 0x558674877900 in H5T__conv_schar_float /src/hdf5/src/H5Tconv_integer.c:1247
  NEW_FUNC: 0x55867487cb90 in H5T__conv_schar_double /src/hdf5/src/H5Tconv_integer.c:1265
  NEW_FUNC: 0x558674881ae0 in H5T__conv_schar_ldouble /src/hdf5/src/H5Tconv_integer.c:1283
  NEW_FUNC: 0x558674886380 in H5T__conv_schar_fcomplex /src/hdf5/src/H5Tconv_integer.c:1303
  NEW_FUNC: 0x55867488b5a0 in H5T__conv_schar_dcomplex /src/hdf5/src/H5Tconv_integer.c:1322
  NEW_FUNC: 0x55867488fa00 in H5T__conv_schar_lcomplex /src/hdf5/src/H5Tconv_integer.c:1341
  NEW_FUNC: 0x558674895370 in H5T__conv_uchar_schar /src/hdf5/src/H5Tconv_integer.c:1359
  NEW_FUNC: 0x5586748979e0 in H5T__conv_uchar_short /src/hdf5/src/H5Tconv_integer.c:1376
  NEW_FUNC: 0x55867489c090 in H5T__conv_uchar_ushort /src/hdf5/src/H5Tconv_integer.c:1393
  NEW_FUNC: 0x5586748a0740 in H5T__conv_uchar_int /src/hdf5/src/H5Tconv_integer.c:1410
  NEW_FUNC: 0x5586748a4df0 in H5T__conv_uchar_uint /src/hdf5/src/H5Tconv_integer.c:1427
  NEW_FUNC: 0x5586748b1ac0 in H5T__conv_uchar_llong /src/hdf5/src/H5Tconv_integer.c:1478
  NEW_FUNC: 0x5586748b5dd0 in H5T__conv_uchar_ullong /src/hdf5/src/H5Tconv_integer.c:1495
  NEW_FUNC: 0x5586748ba0e0 in H5T__conv_uchar_float /src/hdf5/src/H5Tconv_integer.c:1532
  NEW_FUNC: 0x5586748bf370 in H5T__conv_uchar_double /src/hdf5/src/H5Tconv_integer.c:1550
  NEW_FUNC: 0x5586748c42c0 in H5T__conv_uchar_ldouble /src/hdf5/src/H5Tconv_integer.c:1568
  NEW_FUNC: 0x5586748c8b60 in H5T__conv_uchar_fcomplex /src/hdf5/src/H5Tconv_integer.c:1588
  NEW_FUNC: 0x5586748cdd80 in H5T__conv_uchar_dcomplex /src/hdf5/src/H5Tconv_integer.c:1607
  NEW_FUNC: 0x5586748d21e0 in H5T__conv_uchar_lcomplex /src/hdf5/src/H5Tconv_integer.c:1626
  NEW_FUNC: 0x5586748d7b50 in H5T__conv_short_schar /src/hdf5/src/H5Tconv_integer.c:1644
  NEW_FUNC: 0x5586748dae20 in H5T__conv_short_uchar /src/hdf5/src/H5Tconv_integer.c:1661
  NEW_FUNC: 0x5586748de060 in H5T__conv_short_ushort /src/hdf5/src/H5Tconv_integer.c:1678
  NEW_FUNC: 0x5586748e0dd0 in H5T__conv_short_int /src/hdf5/src/H5Tconv_integer.c:1695
  NEW_FUNC: 0x5586748e5e30 in H5T__conv_short_uint /src/hdf5/src/H5Tconv_integer.c:1712
  NEW_FUNC: 0x5586748f10a0 in H5T__conv_short_llong /src/hdf5/src/H5Tconv_integer.c:1763
  NEW_FUNC: 0x5586748f5ce0 in H5T__conv_short_ullong /src/hdf5/src/H5Tconv_integer.c:1780
  NEW_FUNC: 0x5586748f8f80 in H5T__conv_short_float /src/hdf5/src/H5Tconv_integer.c:1817
  NEW_FUNC: 0x5586748fea60 in H5T__conv_short_double /src/hdf5/src/H5Tconv_integer.c:1835
  NEW_FUNC: 0x5586749041c0 in H5T__conv_short_ldouble /src/hdf5/src/H5Tconv_integer.c:1853
  NEW_FUNC: 0x558674909160 in H5T__conv_short_fcomplex /src/hdf5/src/H5Tconv_integer.c:1873
  NEW_FUNC: 0x55867490ead0 in H5T__conv_short_dcomplex /src/hdf5/src/H5Tconv_integer.c:1892
  NEW_FUNC: 0x558674913580 in H5T__conv_short_lcomplex /src/hdf5/src/H5Tconv_integer.c:1911
  NEW_FUNC: 0x5586749196a0 in H5T__conv_ushort_schar /src/hdf5/src/H5Tconv_integer.c:1929
  NEW_FUNC: 0x55867491c790 in H5T__conv_ushort_uchar /src/hdf5/src/H5Tconv_integer.c:1946
  NEW_FUNC: 0x55867491f880 in H5T__conv_ushort_short /src/hdf5/src/H5Tconv_integer.c:1963
  NEW_FUNC: 0x558674922610 in H5T__conv_ushort_int /src/hdf5/src/H5Tconv_integer.c:1980
  NEW_FUNC: 0x558674927670 in H5T__conv_ushort_uint /src/hdf5/src/H5Tconv_integer.c:1997
  NEW_FUNC: 0x558674935f50 in H5T__conv_ushort_llong /src/hdf5/src/H5Tconv_integer.c:2048
  NEW_FUNC: 0x55867493ab90 in H5T__conv_ushort_ullong /src/hdf5/src/H5Tconv_integer.c:2065
  NEW_FUNC: 0x55867493f7d0 in H5T__conv_ushort_float /src/hdf5/src/H5Tconv_integer.c:2105
  NEW_FUNC: 0x5586749452b0 in H5T__conv_ushort_double /src/hdf5/src/H5Tconv_integer.c:2123
  NEW_FUNC: 0x55867494aa10 in H5T__conv_ushort_ldouble /src/hdf5/src/H5Tconv_integer.c:2141
  NEW_FUNC: 0x55867494f950 in H5T__conv_ushort_fcomplex /src/hdf5/src/H5Tconv_integer.c:2161
  NEW_FUNC: 0x5586749552c0 in H5T__conv_ushort_dcomplex /src/hdf5/src/H5Tconv_integer.c:2180
  NEW_FUNC: 0x558674959d70 in H5T__conv_ushort_lcomplex /src/hdf5/src/H5Tconv_integer.c:2199
  NEW_FUNC: 0x55867495ff80 in H5T__conv_int_schar /src/hdf5/src/H5Tconv_integer.c:2217
  NEW_FUNC: 0x5586749631b0 in H5T__conv_int_uchar /src/hdf5/src/H5Tconv_integer.c:2234
  NEW_FUNC: 0x558674966380 in H5T__conv_int_short /src/hdf5/src/H5Tconv_integer.c:2251
  NEW_FUNC: 0x558674969810 in H5T__conv_int_ushort /src/hdf5/src/H5Tconv_integer.c:2268
  NEW_FUNC: 0x55867496cc10 in H5T__conv_int_uint /src/hdf5/src/H5Tconv_integer.c:2285
  NEW_FUNC: 0x5586749777d0 in H5T__conv_int_llong /src/hdf5/src/H5Tconv_integer.c:2336
  NEW_FUNC: 0x55867497c410 in H5T__conv_int_ullong /src/hdf5/src/H5Tconv_integer.c:2353
  NEW_FUNC: 0x55867497f670 in H5T__conv_int_float /src/hdf5/src/H5Tconv_integer.c:2393
  NEW_FUNC: 0x558674984700 in H5T__conv_int_double /src/hdf5/src/H5Tconv_integer.c:2411
  NEW_FUNC: 0x55867498a1f0 in H5T__conv_int_ldouble /src/hdf5/src/H5Tconv_integer.c:2429
  NEW_FUNC: 0x55867498f4b0 in H5T__conv_int_fcomplex /src/hdf5/src/H5Tconv_integer.c:2449
  NEW_FUNC: 0x558674995130 in H5T__conv_int_dcomplex /src/hdf5/src/H5Tconv_integer.c:2468
  NEW_FUNC: 0x558674999f80 in H5T__conv_int_lcomplex /src/hdf5/src/H5Tconv_integer.c:2487
  NEW_FUNC: 0x5586749a0450 in H5T__conv_uint_schar /src/hdf5/src/H5Tconv_integer.c:2505
  NEW_FUNC: 0x5586749a3530 in H5T__conv_uint_uchar /src/hdf5/src/H5Tconv_integer.c:2522
  NEW_FUNC: 0x5586749a6620 in H5T__conv_uint_short /src/hdf5/src/H5Tconv_integer.c:2539
  NEW_FUNC: 0x5586749a9af0 in H5T__conv_uint_ushort /src/hdf5/src/H5Tconv_integer.c:2556
  NEW_FUNC: 0x5586749acfc0 in H5T__conv_uint_int /src/hdf5/src/H5Tconv_integer.c:2573
  NEW_FUNC: 0x5586749b95b0 in H5T__conv_uint_llong /src/hdf5/src/H5Tconv_integer.c:2624
  NEW_FUNC: 0x5586749be1f0 in H5T__conv_uint_ullong /src/hdf5/src/H5Tconv_integer.c:2641
  NEW_FUNC: 0x5586749c2e30 in H5T__conv_uint_float /src/hdf5/src/H5Tconv_integer.c:2681
  NEW_FUNC: 0x5586749c8000 in H5T__conv_uint_double /src/hdf5/src/H5Tconv_integer.c:2699
  NEW_FUNC: 0x5586749cdaa0 in H5T__conv_uint_ldouble /src/hdf5/src/H5Tconv_integer.c:2717
  NEW_FUNC: 0x5586749d2de0 in H5T__conv_uint_fcomplex /src/hdf5/src/H5Tconv_integer.c:2737
  NEW_FUNC: 0x5586749d8a90 in H5T__conv_uint_dcomplex /src/hdf5/src/H5Tconv_integer.c:2756
  NEW_FUNC: 0x5586749dd970 in H5T__conv_uint_lcomplex /src/hdf5/src/H5Tconv_integer.c:2775
  NEW_FUNC: 0x5586749ffe60 in H5T__conv_long_float /src/hdf5/src/H5Tconv_integer.c:2969
  NEW_FUNC: 0x558674a06040 in H5T__conv_long_double /src/hdf5/src/H5Tconv_integer.c:2987
  NEW_FUNC: 0x558674a0b3e0 in H5T__conv_long_ldouble /src/hdf5/src/H5Tconv_integer.c:3005
  NEW_FUNC: 0x558674a10d10 in H5T__conv_long_fcomplex /src/hdf5/src/H5Tconv_integer.c:3025
  NEW_FUNC: 0x558674a16310 in H5T__conv_long_dcomplex /src/hdf5/src/H5Tconv_integer.c:3044
  NEW_FUNC: 0x558674a1b680 in H5T__conv_long_lcomplex /src/hdf5/src/H5Tconv_integer.c:3063
  NEW_FUNC: 0x558674a3df00 in H5T__conv_ulong_float /src/hdf5/src/H5Tconv_integer.c:3257
  NEW_FUNC: 0x558674a44780 in H5T__conv_ulong_double /src/hdf5/src/H5Tconv_integer.c:3275
  NEW_FUNC: 0x558674a49fd0 in H5T__conv_ulong_ldouble /src/hdf5/src/H5Tconv_integer.c:3293
  NEW_FUNC: 0x558674a4fac0 in H5T__conv_ulong_fcomplex /src/hdf5/src/H5Tconv_integer.c:3313
  NEW_FUNC: 0x558674a555f0 in H5T__conv_ulong_dcomplex /src/hdf5/src/H5Tconv_integer.c:3332
  NEW_FUNC: 0x558674a5ac70 in H5T__conv_ulong_lcomplex /src/hdf5/src/H5Tconv_integer.c:3351
  NEW_FUNC: 0x558674a61910 in H5T__conv_llong_schar /src/hdf5/src/H5Tconv_integer.c:3369
  NEW_FUNC: 0x558674a64ae0 in H5T__conv_llong_uchar /src/hdf5/src/H5Tconv_integer.c:3386
  NEW_FUNC: 0x558674a67c40 in H5T__conv_llong_short /src/hdf5/src/H5Tconv_integer.c:3403
  NEW_FUNC: 0x558674a6b050 in H5T__conv_llong_ushort /src/hdf5/src/H5Tconv_integer.c:3420
  NEW_FUNC: 0x558674a6e3a0 in H5T__conv_llong_int /src/hdf5/src/H5Tconv_integer.c:3437
  NEW_FUNC: 0x558674a71820 in H5T__conv_llong_uint /src/hdf5/src/H5Tconv_integer.c:3454
  NEW_FUNC: 0x558674a7af40 in H5T__conv_llong_ullong /src/hdf5/src/H5Tconv_integer.c:3505
  NEW_FUNC: 0x558674a9fb10 in H5T__conv_ullong_schar /src/hdf5/src/H5Tconv_integer.c:3661
  NEW_FUNC: 0x558674aa2b10 in H5T__conv_ullong_uchar /src/hdf5/src/H5Tconv_integer.c:3678
  NEW_FUNC: 0x558674aa5b30 in H5T__conv_ullong_short /src/hdf5/src/H5Tconv_integer.c:3695
  NEW_FUNC: 0x558674aa8ef0 in H5T__conv_ullong_ushort /src/hdf5/src/H5Tconv_integer.c:3712
  NEW_FUNC: 0x558674aac2b0 in H5T__conv_ullong_int /src/hdf5/src/H5Tconv_integer.c:3729
  NEW_FUNC: 0x558674aaf660 in H5T__conv_ullong_uint /src/hdf5/src/H5Tconv_integer.c:3746
  NEW_FUNC: 0x558674ab8ee0 in H5T__conv_ullong_llong /src/hdf5/src/H5Tconv_integer.c:3797
  NEW_FUNC: 0x558674aec0d0 in H5T__init_native_float_types /src/hdf5/src/H5Tinit_float.c:465
  NEW_FUNC: 0x558674af01f0 in H5T__fix_order /src/hdf5/src/H5Tinit_float.c:302
  NEW_FUNC: 0x558674af0fc0 in H5T__imp_bit /src/hdf5/src/H5Tinit_float.c:372
  NEW_FUNC: 0x558674af1200 in H5T__bit_cmp /src/hdf5/src/H5Tinit_float.c:254
  NEW_FUNC: 0x558674af1710 in H5T__find_bias /src/hdf5/src/H5Tinit_float.c:414
  NEW_FUNC: 0x558674af6080 in H5T__init_native_internal /src/hdf5/src/H5Tnative.c:1119
  NEW_FUNC: 0x558674af68d0 in H5T__init_native_complex_types /src/hdf5/src/H5Tnative.c:1425
  NEW_FUNC: 0x558674afa700 in H5T__ref_set_loc /src/hdf5/src/H5Tref.c:160
  NEW_FUNC: 0x558674b00800 in H5T__vlen_create /src/hdf5/src/H5Tvlen.c:176
  NEW_FUNC: 0x558674b00ce0 in H5T__vlen_set_loc /src/hdf5/src/H5Tvlen.c:234
  NEW_FUNC: 0x558674b1db80 in H5VL_file_open /src/hdf5/src/H5VLcallback.c:3826
  NEW_FUNC: 0x558674b1e2b0 in H5VL__file_open /src/hdf5/src/H5VLcallback.c:3701
  NEW_FUNC: 0x558674b3d3d0 in H5VL_init_phase1 /src/hdf5/src/H5VLint.c:161
  NEW_FUNC: 0x558674b3d500 in H5VL__init_package /src/hdf5/src/H5VLint.c:237
  NEW_FUNC: 0x558674b3d640 in H5VL_init_phase2 /src/hdf5/src/H5VLint.c:187
  NEW_FUNC: 0x558674b3dd10 in H5VL__set_def_conn /src/hdf5/src/H5VLint.c:366
  NEW_FUNC: 0x558674b3eee0 in H5VL_conn_prop_free /src/hdf5/src/H5VLint.c:714
  NEW_FUNC: 0x558674b3f770 in H5VL_conn_inc_rc /src/hdf5/src/H5VLint.c:985
  NEW_FUNC: 0x558674b3ff00 in H5VL_conn_dec_rc /src/hdf5/src/H5VLint.c:1014
  NEW_FUNC: 0x558674b41290 in H5VL_conn_prop_copy /src/hdf5/src/H5VLint.c:611
  NEW_FUNC: 0x558674b44c50 in H5VL__register_connector /src/hdf5/src/H5VLint.c:1313
  NEW_FUNC: 0x558674b4b410 in H5VL__is_default_conn /src/hdf5/src/H5VLint.c:2575
  NEW_FUNC: 0x558674b4d8b0 in H5VL__native_register /src/hdf5/src/H5VLnative.c:193
  NEW_FUNC: 0x558674b59b30 in H5VL__native_file_open /src/hdf5/src/H5VLnative_file.c:120
  NEW_FUNC: 0x558674b67c80 in H5VL__passthru_register /src/hdf5/src/H5VLpassthru_int.c:54
  NEW_FUNC: 0x558674ba3c60 in H5__init_package /src/hdf5/src/H5.c:114
  NEW_FUNC: 0x558674ba3d90 in H5_init_library /src/hdf5/src/H5.c:144
  NEW_FUNC: 0x558674ba46d0 in H5_check_version /src/hdf5/src/H5.c:853
  NEW_FUNC: 0x558674ba7090 in H5__debug_mask /src/hdf5/src/H5.c:670
  NEW_FUNC: 0x558674ba7f40 in H5_user_cb_prepare /src/hdf5/src/H5.c:1300
  NEW_FUNC: 0x558674ba8120 in H5_user_cb_restore /src/hdf5/src/H5.c:1330
  NEW_FUNC: 0x558674bab170 in H5_hash_string /src/hdf5/src/H5checksum.c:499
  NEW_FUNC: 0x558674bafb50 in H5A_init /src/hdf5/src/H5Aint.c:148
  NEW_FUNC: 0x558674bafc80 in H5A__init_package /src/hdf5/src/H5Aint.c:172
  NEW_FUNC: 0x558674bbf230 in H5AC_create /src/hdf5/src/H5AC.c:251
  NEW_FUNC: 0x558674bbfb90 in H5AC_validate_config /src/hdf5/src/H5AC.c:1883
  NEW_FUNC: 0x558674bc0b70 in H5AC_validate_cache_image_config /src/hdf5/src/H5AC.c:1956
  NEW_FUNC: 0x558674bc10e0 in H5AC_set_cache_auto_resize_config /src/hdf5/src/H5AC.c:1794
  NEW_FUNC: 0x558674bc1ea0 in H5AC_dest /src/hdf5/src/H5AC.c:428
  NEW_FUNC: 0x558674bc4da0 in H5AC_prep_for_file_close /src/hdf5/src/H5AC.c:1107
  NEW_FUNC: 0x558674bc7d00 in H5AC_tag /src/hdf5/src/H5AC.c:2141
  NEW_FUNC: 0x558674c10c00 in H5C_create /src/hdf5/src/H5C.c:128
  NEW_FUNC: 0x558674c11ef0 in H5C_reset_cache_hit_rate_stats /src/hdf5/src/H5C.c:785
  NEW_FUNC: 0x558674c120a0 in H5C_prep_for_file_close /src/hdf5/src/H5C.c:395
  NEW_FUNC: 0x558674c12400 in H5C_dest /src/hdf5/src/H5C.c:482
  NEW_FUNC: 0x558674c13020 in H5C_set_slist_enabled /src/hdf5/src/H5C.c:1075
  NEW_FUNC: 0x558674c147b0 in H5C_set_cache_auto_resize_config /src/hdf5/src/H5C.c:818
  NEW_FUNC: 0x558674c160b0 in H5C_validate_resize_config /src/hdf5/src/H5C.c:1207
  NEW_FUNC: 0x558674c17500 in H5C_set_evictions_enabled /src/hdf5/src/H5C.c:1005
  NEW_FUNC: 0x558674c1a6d0 in H5C_stats__reset /src/hdf5/src/H5Cdbg.c:683
  NEW_FUNC: 0x558674c37190 in H5C_cache_image_status /src/hdf5/src/H5Cimage.c:229
  NEW_FUNC: 0x558674c420a0 in H5C__prep_image_for_file_close /src/hdf5/src/H5Cimage.c:832
  NEW_FUNC: 0x558674c46190 in H5C_set_cache_image_config /src/hdf5/src/H5Cimage.c:1114
  NEW_FUNC: 0x558674c464e0 in H5C_validate_cache_image_config /src/hdf5/src/H5Cimage.c:1186
  NEW_FUNC: 0x558674c4c140 in H5C__flush_invalidate_cache /src/hdf5/src/H5Cint.c:991
  NEW_FUNC: 0x558674c51020 in H5C_get_logging_status /src/hdf5/src/H5Clog.c:257
  NEW_FUNC: 0x558674c69090 in H5CX__init_package /src/hdf5/src/H5CX.c:266
  NEW_FUNC: 0x558674c6a740 in H5CX_pushed /src/hdf5/src/H5CX.c:507
  NEW_FUNC: 0x558674c6a7c0 in H5CX_push /src/hdf5/src/H5CX.c:533
  NEW_FUNC: 0x558674c6d0b0 in H5CX_set_apl /src/hdf5/src/H5CX.c:1012
  NEW_FUNC: 0x558674c6d9c0 in H5CX_set_vol_connector_prop /src/hdf5/src/H5CX.c:1210
  NEW_FUNC: 0x558674c6dbc0 in H5CX_get_dxpl /src/hdf5/src/H5CX.c:1241
  NEW_FUNC: 0x558674c6dff0 in H5CX_get_vol_connector_prop /src/hdf5/src/H5CX.c:1336
  NEW_FUNC: 0x558674c6e210 in H5CX_get_tag /src/hdf5/src/H5CX.c:1369
  NEW_FUNC: 0x558674c75390 in H5CX_set_tag /src/hdf5/src/H5CX.c:2597
  NEW_FUNC: 0x558674c76120 in H5CX_pop /src/hdf5/src/H5CX.c:3317
  NEW_FUNC: 0x558674ce2380 in H5D_init /src/hdf5/src/H5Dint.c:162
  NEW_FUNC: 0x558674ce2550 in H5D__init_package /src/hdf5/src/H5Dint.c:189
  NEW_FUNC: 0x558674d6b970 in H5F__accum_reset /src/hdf5/src/H5Faccum.c:1046
  NEW_FUNC: 0x558674db3290 in H5FS_init /src/hdf5/src/H5FSint.c:80
  NEW_FUNC: 0x558674e3d3f0 in H5L_register_external /src/hdf5/src/H5Lexternal.c:318
  NEW_FUNC: 0x558674e3f070 in H5M_init /src/hdf5/src/H5M.c:94
  NEW_FUNC: 0x558674e3f1a0 in H5M__init_package /src/hdf5/src/H5M.c:117
  NEW_FUNC: 0x558674ea5d60 in H5O__efl_copy /src/hdf5/src/H5Oefl.c:269
  NEW_FUNC: 0x558674ea8d60 in H5O__fill_copy /src/hdf5/src/H5Ofill.c:534
  NEW_FUNC: 0x558674ebb090 in H5P__dcrt_reg_prop /src/hdf5/src/H5Pdcpl.c:301
  NEW_FUNC: 0x558674ed9b20 in H5P__dcrt_layout_get /src/hdf5/src/H5Pdcpl.c:391
  NEW_FUNC: 0x558674ee3c60 in H5P__dcrt_fill_value_get /src/hdf5/src/H5Pdcpl.c:1098
  NEW_FUNC: 0x558674ee63a0 in H5P__dcrt_ext_file_list_get /src/hdf5/src/H5Pdcpl.c:1476
  NEW_FUNC: 0x558674eeafd0 in H5P__dxfr_reg_prop /src/hdf5/src/H5Pdxpl.c:313
  NEW_FUNC: 0x558674efc7c0 in H5P__fcrt_reg_prop /src/hdf5/src/H5Pfcpl.c:207
  NEW_FUNC: 0x558674f0a2b0 in H5P__fmnt_reg_prop /src/hdf5/src/H5Pfmpl.c:105
  NEW_FUNC: 0x558674f0a460 in H5P__gcrt_reg_prop /src/hdf5/src/H5Pgcpl.c:114
  NEW_FUNC: 0x558674f89460 in H5VL_pass_through_init /src/hdf5/src/H5VLpassthru.c:427
#1512: cov: 1947 ft: 2089 corp: 3 exec/s: 311 oom/timeout/crash: 0/0/0 time: 3s job: 2 dft_time: 0
#2896: cov: 1947 ft: 2089 corp: 3 exec/s: 346 oom/timeout/crash: 0/0/0 time: 4s job: 3 dft_time: 0
#4556: cov: 1947 ft: 2089 corp: 3 exec/s: 332 oom/timeout/crash: 0/0/0 time: 5s job: 4 dft_time: 0
  NEW_FUNC: 0x558674403bf0 in H5F__set_eoa /src/hdf5/src/H5Fint.c:3582
  NEW_FUNC: 0x558674409080 in H5F_block_read /src/hdf5/src/H5Fio.c:117
  NEW_FUNC: 0x55867440fa90 in H5F_get_read_attempts /src/hdf5/src/H5Fquery.c:342
  NEW_FUNC: 0x558674410a50 in H5F_get_eoa /src/hdf5/src/H5Fquery.c:924
  NEW_FUNC: 0x55867441d150 in H5F__cache_superblock_get_initial_load_size /src/hdf5/src/H5Fsuper_cache.c:303
  NEW_FUNC: 0x55867441d210 in H5F__cache_superblock_get_final_load_size /src/hdf5/src/H5Fsuper_cache.c:325
  NEW_FUNC: 0x558674421a50 in H5F__superblock_prefix_decode /src/hdf5/src/H5Fsuper_cache.c:142
  NEW_FUNC: 0x5586745fe860 in H5PB_read /src/hdf5/src/H5PB.c:653
  NEW_FUNC: 0x558674bc5650 in H5AC_protect /src/hdf5/src/H5AC.c:1269
  NEW_FUNC: 0x558674bc8b10 in H5AC_set_ring /src/hdf5/src/H5AC.c:2431
  NEW_FUNC: 0x558674c28cb0 in H5C_protect /src/hdf5/src/H5Centry.c:2996
  NEW_FUNC: 0x558674c35f40 in H5C__verify_len_eoa /src/hdf5/src/H5Centry.c:950
  NEW_FUNC: 0x558674c6e2a0 in H5CX_get_ring /src/hdf5/src/H5CX.c:1396
  NEW_FUNC: 0x558674c75420 in H5CX_set_ring /src/hdf5/src/H5CX.c:2622
  NEW_FUNC: 0x558674d677b0 in H5F__accum_read /src/hdf5/src/H5Faccum.c:99
#6553: cov: 2014 ft: 2187 corp: 5 exec/s: 332 oom/timeout/crash: 0/0/0 time: 6s job: 5 dft_time: 0
#8549: cov: 2014 ft: 2187 corp: 5 exec/s: 285 oom/timeout/crash: 0/0/0 time: 11s job: 6 dft_time: 0
#10918: cov: 2014 ft: 2187 corp: 5 exec/s: 296 oom/timeout/crash: 0/0/0 time: 12s job: 7 dft_time: 0
#13509: cov: 2014 ft: 2187 corp: 5 exec/s: 287 oom/timeout/crash: 0/0/0 time: 13s job: 8 dft_time: 0
#16853: cov: 2014 ft: 2187 corp: 5 exec/s: 334 oom/timeout/crash: 0/0/0 time: 15s job: 9 dft_time: 0
#20581: cov: 2014 ft: 2187 corp: 5 exec/s: 338 oom/timeout/crash: 0/0/0 time: 17s job: 10 dft_time: 0
#24596: cov: 2015 ft: 2188 corp: 6 exec/s: 334 oom/timeout/crash: 0/0/0 time: 23s job: 11 dft_time: 0
#29079: cov: 2015 ft: 2188 corp: 6 exec/s: 344 oom/timeout/crash: 0/0/0 time: 25s job: 12 dft_time: 0
#33655: cov: 2015 ft: 2188 corp: 6 exec/s: 326 oom/timeout/crash: 0/0/0 time: 28s job: 13 dft_time: 0
  NEW_FUNC: 0x55867440b270 in H5F_get_checksums /src/hdf5/src/H5Fio.c:500
  NEW_FUNC: 0x55867441d4a0 in H5F__cache_superblock_verify_chksum /src/hdf5/src/H5Fsuper_cache.c:366
  NEW_FUNC: 0x558674baa8f0 in H5_checksum_lookup3 /src/hdf5/src/H5checksum.c:366
  NEW_FUNC: 0x558674bab140 in H5_checksum_metadata /src/hdf5/src/H5checksum.c:473
  NEW_FUNC: 0x558674bac270 in H5_nanosleep /src/hdf5/src/H5system.c:858
#38197: cov: 2037 ft: 2234 corp: 7 exec/s: 302 oom/timeout/crash: 0/0/0 time: 31s job: 14 dft_time: 0
#43011: cov: 2037 ft: 2234 corp: 7 exec/s: 300 oom/timeout/crash: 0/0/0 time: 34s job: 15 dft_time: 0
#48477: cov: 2037 ft: 2234 corp: 7 exec/s: 321 oom/timeout/crash: 0/0/0 time: 41s job: 16 dft_time: 0
#54499: cov: 2037 ft: 2234 corp: 7 exec/s: 334 oom/timeout/crash: 0/0/0 time: 44s job: 17 dft_time: 0
#60808: cov: 2038 ft: 2235 corp: 8 exec/s: 332 oom/timeout/crash: 0/0/0 time: 47s job: 18 dft_time: 0
  NEW_FUNC: 0x558674401a90 in H5F_addr_decode /src/hdf5/src/H5Fint.c:3071
  NEW_FUNC: 0x558674403a80 in H5F__set_base_addr /src/hdf5/src/H5Fint.c:3556
  NEW_FUNC: 0x55867440fb40 in H5F_sizeof_addr /src/hdf5/src/H5Fquery.c:383
  NEW_FUNC: 0x55867440fb90 in H5F_sizeof_size /src/hdf5/src/H5Fquery.c:404
  NEW_FUNC: 0x55867441ba90 in H5F__super_free /src/hdf5/src/H5Fsuper.c:1573
  NEW_FUNC: 0x55867441d7c0 in H5F__cache_superblock_deserialize /src/hdf5/src/H5Fsuper_cache.c:404
  NEW_FUNC: 0x558674420d10 in H5F__cache_superblock_free_icr /src/hdf5/src/H5Fsuper_cache.c:786
  NEW_FUNC: 0x55867443a450 in H5FD_set_base_addr /src/hdf5/src/H5FD.c:2921
  NEW_FUNC: 0x5586744abbc0 in H5G_ent_decode /src/hdf5/src/H5Gent.c:109
  NEW_FUNC: 0x5586745d1af0 in H5P__set_pclass_cb /src/hdf5/src/H5Pint.c:3138
  NEW_FUNC: 0x5586745d2ab0 in H5P_exist_plist /src/hdf5/src/H5Pint.c:3388
  NEW_FUNC: 0x558674bc1050 in H5AC__check_if_write_permitted /src/hdf5/src/H5AC.c:2009
  NEW_FUNC: 0x558674bc2750 in H5AC_expunge_entry /src/hdf5/src/H5AC.c:580
  NEW_FUNC: 0x558674bc4a90 in H5AC_pin_protected_entry /src/hdf5/src/H5AC.c:1062
  NEW_FUNC: 0x558674bc5d80 in H5AC_unpin_entry /src/hdf5/src/H5AC.c:1427
  NEW_FUNC: 0x558674bc63b0 in H5AC_unprotect /src/hdf5/src/H5AC.c:1532
  NEW_FUNC: 0x558674c1b020 in H5C__flush_single_entry /src/hdf5/src/H5Centry.c:430
  NEW_FUNC: 0x558674c28810 in H5C_pin_protected_entry /src/hdf5/src/H5Centry.c:2937
  NEW_FUNC: 0x558674c2f5e0 in H5C_unpin_entry /src/hdf5/src/H5Centry.c:3398
  NEW_FUNC: 0x558674c2f850 in H5C__unpin_entry_from_client /src/hdf5/src/H5Centry.c:200
  NEW_FUNC: 0x558674c30040 in H5C_unprotect /src/hdf5/src/H5Centry.c:3454
  NEW_FUNC: 0x558674c347a0 in H5C_expunge_entry /src/hdf5/src/H5Centry.c:4061
  NEW_FUNC: 0x558674c62190 in H5C__tag_entry /src/hdf5/src/H5Ctag.c:186
  NEW_FUNC: 0x558674c63ee0 in H5C__untag_entry /src/hdf5/src/H5Ctag.c:266
#67449: cov: 2243 ft: 2548 corp: 24 exec/s: 332 oom/timeout/crash: 0/0/0 time: 51s job: 19 dft_time: 0
#75228: cov: 2244 ft: 2566 corp: 25 exec/s: 370 oom/timeout/crash: 0/0/0 time: 55s job: 20 dft_time: 0
#82685: cov: 2244 ft: 2566 corp: 25 exec/s: 338 oom/timeout/crash: 0/0/0 time: 63s job: 21 dft_time: 0
#91358: cov: 2247 ft: 2570 corp: 27 exec/s: 377 oom/timeout/crash: 0/0/0 time: 67s job: 22 dft_time: 0
#100562: cov: 2247 ft: 2570 corp: 27 exec/s: 383 oom/timeout/crash: 0/0/0 time: 72s job: 23 dft_time: 0
#111009: cov: 2251 ft: 2591 corp: 38 exec/s: 417 oom/timeout/crash: 0/0/0 time: 76s job: 24 dft_time: 0
  NEW_FUNC: 0x5586743da650 in H5F__post_open_api_common /src/hdf5/src/H5F.c:510
  NEW_FUNC: 0x5586743de2c0 in H5Fclose /src/hdf5/src/H5F.c:1028
  NEW_FUNC: 0x5586743fb820 in H5F__build_actual_name /src/hdf5/src/H5Fint.c:2820
  NEW_FUNC: 0x5586743fe8d0 in H5F__post_open /src/hdf5/src/H5Fint.c:2269
  NEW_FUNC: 0x5586743ff490 in H5F__close /src/hdf5/src/H5Fint.c:2456
  NEW_FUNC: 0x5586743ff940 in H5F_try_close /src/hdf5/src/H5Fint.c:2534
  NEW_FUNC: 0x5586744010b0 in H5F_incr_nopen_objs /src/hdf5/src/H5Fint.c:2778
  NEW_FUNC: 0x558674401d70 in H5F_set_grp_btree_shared /src/hdf5/src/H5Fint.c:3092
  NEW_FUNC: 0x558674403d60 in H5F__set_paged_aggr /src/hdf5/src/H5Fint.c:3609
  NEW_FUNC: 0x558674407d00 in H5F__close_cb /src/hdf5/src/H5Fint.c:240
  NEW_FUNC: 0x55867440b570 in H5F__close_mounts /src/hdf5/src/H5Fmount.c:37
  NEW_FUNC: 0x55867440e200 in H5F_is_mount /src/hdf5/src/H5Fmount.c:393
  NEW_FUNC: 0x55867440e2d0 in H5F__mount_count_ids /src/hdf5/src/H5Fmount.c:466
  NEW_FUNC: 0x55867440e3e0 in H5F__mount_count_ids_recurse /src/hdf5/src/H5Fmount.c:420
  NEW_FUNC: 0x55867440fdd0 in H5F_kvalue /src/hdf5/src/H5Fquery.c:531
  NEW_FUNC: 0x55867440fe70 in H5F_get_nrefs /src/hdf5/src/H5Fquery.c:553
  NEW_FUNC: 0x558674420e80 in H5F__cache_drvrinfo_get_initial_load_size /src/hdf5/src/H5Fsuper_cache.c:813
  NEW_FUNC: 0x558674420f40 in H5F__cache_drvrinfo_get_final_load_size /src/hdf5/src/H5Fsuper_cache.c:835
  NEW_FUNC: 0x558674421100 in H5F__cache_drvrinfo_deserialize /src/hdf5/src/H5Fsuper_cache.c:871
  NEW_FUNC: 0x558674421990 in H5F__cache_drvrinfo_free_icr /src/hdf5/src/H5Fsuper_cache.c:1000
  NEW_FUNC: 0x5586744223a0 in H5F__drvrinfo_prefix_decode /src/hdf5/src/H5Fsuper_cache.c:227
  NEW_FUNC: 0x558674426600 in H5FD_sb_load /src/hdf5/src/H5FD.c:682
  NEW_FUNC: 0x55867443a510 in H5FD_set_paged_aggr /src/hdf5/src/H5FD.c:2967
  NEW_FUNC: 0x55867448f780 in H5FL_blk_malloc /src/hdf5/src/H5FL.c:733
  NEW_FUNC: 0x558674490130 in H5FL__blk_create_list /src/hdf5/src/H5FL.c:624
  NEW_FUNC: 0x558674490630 in H5FL_blk_free /src/hdf5/src/H5FL.c:844
  NEW_FUNC: 0x558674492d10 in H5FL_seq_free /src/hdf5/src/H5FL.c:1584
  NEW_FUNC: 0x558674492db0 in H5FL_seq_malloc /src/hdf5/src/H5FL.c:1614
  NEW_FUNC: 0x558674499100 in H5Gopen2 /src/hdf5/src/H5G.c:430
  NEW_FUNC: 0x558674499730 in H5G__open_api_common /src/hdf5/src/H5G.c:377
  NEW_FUNC: 0x5586744af990 in H5G__open_name /src/hdf5/src/H5Gint.c:414
  NEW_FUNC: 0x5586744b1b90 in H5G_oloc /src/hdf5/src/H5Gint.c:701
  NEW_FUNC: 0x5586744b1bc0 in H5G_nameof /src/hdf5/src/H5Gint.c:720
  NEW_FUNC: 0x5586744b8b60 in H5G_loc_real /src/hdf5/src/H5Gloc.c:143
  NEW_FUNC: 0x5586744b9c90 in H5G_loc_copy /src/hdf5/src/H5Gloc.c:283
  NEW_FUNC: 0x5586744ba0d0 in H5G_loc_reset /src/hdf5/src/H5Gloc.c:313
  NEW_FUNC: 0x5586744ba4c0 in H5G_loc_free /src/hdf5/src/H5Gloc.c:342
  NEW_FUNC: 0x5586744ba8b0 in H5G_loc_find /src/hdf5/src/H5Gloc.c:405
  NEW_FUNC: 0x5586744badc0 in H5G__loc_find_cb /src/hdf5/src/H5Gloc.c:373
  NEW_FUNC: 0x5586744be850 in H5G__component /src/hdf5/src/H5Gname.c:110
  NEW_FUNC: 0x5586744befd0 in H5G__name_init /src/hdf5/src/H5Gname.c:334
  NEW_FUNC: 0x5586744bf870 in H5G_name_copy /src/hdf5/src/H5Gname.c:414
  NEW_FUNC: 0x5586744c8750 in H5G__node_init /src/hdf5/src/H5Gnode.c:1070
  NEW_FUNC: 0x5586744cc330 in H5G__obj_get_linfo /src/hdf5/src/H5Gobj.c:298
  NEW_FUNC: 0x5586744d1810 in H5G__obj_lookup /src/hdf5/src/H5Gobj.c:1057
  NEW_FUNC: 0x5586744d2620 in H5G_rootof /src/hdf5/src/H5Groot.c:84
  NEW_FUNC: 0x5586744d27e0 in H5G_mkroot /src/hdf5/src/H5Groot.c:125
  NEW_FUNC: 0x5586744d41a0 in H5G_root_free /src/hdf5/src/H5Groot.c:321
  NEW_FUNC: 0x5586744d42c0 in H5G_root_loc /src/hdf5/src/H5Groot.c:349
  NEW_FUNC: 0x5586744dbc40 in H5G_traverse /src/hdf5/src/H5Gtraverse.c:813
  NEW_FUNC: 0x5586744dc450 in H5G__traverse_real /src/hdf5/src/H5Gtraverse.c:462
  NEW_FUNC: 0x5586744f38c0 in H5I_dec_app_ref /src/hdf5/src/H5Iint.c:1192
  NEW_FUNC: 0x558674543ff0 in H5O_open /src/hdf5/src/H5Oint.c:567
  NEW_FUNC: 0x558674546210 in H5O_loc_free /src/hdf5/src/H5Oint.c:1953
  NEW_FUNC: 0x558674548750 in H5O_protect /src/hdf5/src/H5Oint.c:973
  NEW_FUNC: 0x55867454af50 in H5O_obj_type /src/hdf5/src/H5Oint.c:1601
  NEW_FUNC: 0x55867454bb40 in H5O_loc_copy /src/hdf5/src/H5Oint.c:1829
  NEW_FUNC: 0x558674567690 in H5O_msg_exists /src/hdf5/src/H5Omessage.c:779
  NEW_FUNC: 0x55867460abd0 in H5UC_create /src/hdf5/src/H5UC.c:56
  NEW_FUNC: 0x55867460ad10 in H5UC_decr /src/hdf5/src/H5UC.c:99
  NEW_FUNC: 0x55867460ae90 in H5RS_create /src/hdf5/src/H5RS.c:270
  NEW_FUNC: 0x55867460d390 in H5RS_decr /src/hdf5/src/H5RS.c:548
  NEW_FUNC: 0x55867460d9a0 in H5RS_dup /src/hdf5/src/H5RS.c:632
  NEW_FUNC: 0x55867469f870 in H5T_unregister /src/hdf5/src/H5T.c:3507
  NEW_FUNC: 0x558674b09140 in H5VL_wrap_object /src/hdf5/src/H5VLcallback.c:857
  NEW_FUNC: 0x558674b09900 in H5VL_unwrap_object /src/hdf5/src/H5VLcallback.c:929
  NEW_FUNC: 0x558674b20c90 in H5VL_file_optional /src/hdf5/src/H5VLcallback.c:4199
  NEW_FUNC: 0x558674b21160 in H5VL__file_optional /src/hdf5/src/H5VLcallback.c:4164
  NEW_FUNC: 0x558674b21ff0 in H5VL_file_close /src/hdf5/src/H5VLcallback.c:4348
  NEW_FUNC: 0x558674b224b0 in H5VL__file_close /src/hdf5/src/H5VLcallback.c:4309
  NEW_FUNC: 0x558674b23720 in H5VL_group_open /src/hdf5/src/H5VLcallback.c:4560
  NEW_FUNC: 0x558674b23bf0 in H5VL__group_open /src/hdf5/src/H5VLcallback.c:4524
  NEW_FUNC: 0x558674b327e0 in H5VL_introspect_opt_query /src/hdf5/src/H5VLcallback.c:6648
  NEW_FUNC: 0x558674b32cb0 in H5VL__introspect_opt_query /src/hdf5/src/H5VLcallback.c:6612
  NEW_FUNC: 0x558674b40410 in H5VL_new_vol_obj /src/hdf5/src/H5VLint.c:541
  NEW_FUNC: 0x558674b40c70 in H5VL__wrap_obj /src/hdf5/src/H5VLint.c:502
  NEW_FUNC: 0x558674b40ff0 in H5VL_object_unwrap /src/hdf5/src/H5VLint.c:1836
  NEW_FUNC: 0x558674b42550 in H5VL_register /src/hdf5/src/H5VLint.c:752
  NEW_FUNC: 0x558674b43800 in H5VL_free_object /src/hdf5/src/H5VLint.c:1176
  NEW_FUNC: 0x558674b46de0 in H5VL_vol_object /src/hdf5/src/H5VLint.c:1736
  NEW_FUNC: 0x558674b47020 in H5VL_vol_object_verify /src/hdf5/src/H5VLint.c:1764
  NEW_FUNC: 0x558674b48cb0 in H5VL_set_vol_wrapper /src/hdf5/src/H5VLint.c:2285
  NEW_FUNC: 0x558674b49ec0 in H5VL__free_vol_wrapper /src/hdf5/src/H5VLint.c:2237
  NEW_FUNC: 0x558674b4a3b0 in H5VL_reset_vol_wrapper /src/hdf5/src/H5VLint.c:2428
  NEW_FUNC: 0x558674b4bbf0 in H5VL_setup_acc_args /src/hdf5/src/H5VLint.c:2670
  NEW_FUNC: 0x558674b5b470 in H5VL__native_file_optional /src/hdf5/src/H5VLnative_file.c:388
  NEW_FUNC: 0x558674b5d400 in H5VL__native_file_close /src/hdf5/src/H5VLnative_file.c:742
  NEW_FUNC: 0x558674b5ddb0 in H5VL__native_group_open /src/hdf5/src/H5VLnative_group.c:140
  NEW_FUNC: 0x558674b62940 in H5VL__native_introspect_opt_query /src/hdf5/src/H5VLnative_introspect.c:72
  NEW_FUNC: 0x558674b6fea0 in H5WB_wrap /src/hdf5/src/H5WB.c:91
  NEW_FUNC: 0x558674b6ffc0 in H5WB_actual /src/hdf5/src/H5WB.c:140
  NEW_FUNC: 0x558674b705d0 in H5WB_unwrap /src/hdf5/src/H5WB.c:236
  NEW_FUNC: 0x558674bab8a0 in H5_build_extpath /src/hdf5/src/H5system.c:668
  NEW_FUNC: 0x558674bd6300 in H5B_shared_new /src/hdf5/src/H5B.c:1652
  NEW_FUNC: 0x558674bd6b40 in H5B_shared_free /src/hdf5/src/H5B.c:1720
  NEW_FUNC: 0x558674c6d7a0 in H5CX_set_vol_wrap_ctx /src/hdf5/src/H5CX.c:1179
  NEW_FUNC: 0x558674c6dce0 in H5CX_get_vol_wrap_ctx /src/hdf5/src/H5CX.c:1295
  NEW_FUNC: 0x558674c73830 in H5CX_get_nlinks /src/hdf5/src/H5CX.c:2386
  NEW_FUNC: 0x558674c75780 in H5CX_set_nlinks /src/hdf5/src/H5CX.c:2853
  NEW_FUNC: 0x558674e7b330 in H5O__cache_get_initial_load_size /src/hdf5/src/H5Ocache.c:151
#121832: cov: 2717 ft: 3300 corp: 45 exec/s: 416 oom/timeout/crash: 0/0/0 time: 81s job: 25 dft_time: 0
#135084: cov: 2717 ft: 3302 corp: 47 exec/s: 490 oom/timeout/crash: 0/0/0 time: 90s job: 26 dft_time: 0
  NEW_FUNC: 0x558674543b80 in H5O__free /src/hdf5/src/H5Oint.c:2803
  NEW_FUNC: 0x558674e7b3f0 in H5O__cache_get_final_load_size /src/hdf5/src/H5Ocache.c:172
  NEW_FUNC: 0x558674e7f550 in H5O__prefix_deserialize /src/hdf5/src/H5Ocache.c:984
#147315: cov: 2746 ft: 3418 corp: 57 exec/s: 436 oom/timeout/crash: 0/0/0 time: 95s job: 27 dft_time: 0
  NEW_FUNC: 0x558674490ca0 in H5FL__blk_gc_list /src/hdf5/src/H5FL.c:965
#159085: cov: 2758 ft: 3463 corp: 66 exec/s: 405 oom/timeout/crash: 0/0/0 time: 101s job: 28 dft_time: 0
#171619: cov: 2763 ft: 3506 corp: 71 exec/s: 417 oom/timeout/crash: 0/0/0 time: 107s job: 29 dft_time: 0
#177124: cov: 2763 ft: 3511 corp: 74 exec/s: 177 oom/timeout/crash: 0/0/0 time: 113s job: 30 dft_time: 0
  NEW_FUNC: 0x558674c4b8c0 in H5C__flash_increase_cache_size /src/hdf5/src/H5Cint.c:859
  NEW_FUNC: 0x558674c4e250 in H5C__make_space_in_cache /src/hdf5/src/H5Cint.c:1819
#186129: cov: 2782 ft: 3539 corp: 75 exec/s: 281 oom/timeout/crash: 0/0/0 time: 123s job: 31 dft_time: 0
#197732: cov: 2783 ft: 3543 corp: 78 exec/s: 351 oom/timeout/crash: 0/0/0 time: 129s job: 32 dft_time: 0
#210819: cov: 2783 ft: 3551 corp: 81 exec/s: 384 oom/timeout/crash: 0/0/0 time: 136s job: 33 dft_time: 0
#223532: cov: 2783 ft: 3554 corp: 83 exec/s: 363 oom/timeout/crash: 0/0/0 time: 142s job: 34 dft_time: 0
#233671: cov: 2783 ft: 3555 corp: 84 exec/s: 281 oom/timeout/crash: 0/0/0 time: 152s job: 35 dft_time: 0
#245306: cov: 2784 ft: 3557 corp: 86 exec/s: 314 oom/timeout/crash: 0/0/0 time: 164s job: 36 dft_time: 0
#257845: cov: 2784 ft: 3557 corp: 86 exec/s: 329 oom/timeout/crash: 0/0/0 time: 167s job: 37 dft_time: 0
#262725: cov: 2784 ft: 3558 corp: 87 exec/s: 143 oom/timeout/crash: 0/0/0 time: 171s job: 38 dft_time: 0
#274747: cov: 2784 ft: 3558 corp: 87 exec/s: 300 oom/timeout/crash: 1/0/0 time: 183s job: 39 dft_time: 0
#278023: cov: 2784 ft: 3558 corp: 87 exec/s: 78 oom/timeout/crash: 1/0/0 time: 195s job: 40 dft_time: 0
#284610: cov: 2784 ft: 3558 corp: 87 exec/s: 146 oom/timeout/crash: 1/0/0 time: 210s job: 41 dft_time: 0
#286526: cov: 2784 ft: 3560 corp: 88 exec/s: 44 oom/timeout/crash: 1/0/0 time: 211s job: 42 dft_time: 0
#299331: cov: 2784 ft: 3560 corp: 88 exec/s: 291 oom/timeout/crash: 1/0/0 time: 216s job: 43 dft_time: 0
#313374: cov: 2784 ft: 3563 corp: 89 exec/s: 312 oom/timeout/crash: 1/0/0 time: 229s job: 44 dft_time: 0
#323614: cov: 2786 ft: 3570 corp: 91 exec/s: 222 oom/timeout/crash: 1/0/0 time: 241s job: 45 dft_time: 0
#328525: cov: 2787 ft: 3571 corp: 92 exec/s: 204 oom/timeout/crash: 1/0/0 time: 255s job: 49 dft_time: 0
#344741: cov: 2787 ft: 3572 corp: 93 exec/s: 345 oom/timeout/crash: 2/0/0 time: 257s job: 46 dft_time: 0
#349671: cov: 2787 ft: 3572 corp: 93 exec/s: 109 oom/timeout/crash: 2/0/0 time: 258s job: 47 dft_time: 0
#354297: cov: 2787 ft: 3572 corp: 93 exec/s: 94 oom/timeout/crash: 3/0/0 time: 265s job: 48 dft_time: 0
#362968: cov: 2787 ft: 3572 corp: 93 exec/s: 309 oom/timeout/crash: 3/0/0 time: 270s job: 50 dft_time: 0
#367134: cov: 2787 ft: 3572 corp: 93 exec/s: 416 oom/timeout/crash: 4/0/0 time: 282s job: 55 dft_time: 0
#376438: cov: 2787 ft: 3572 corp: 93 exec/s: 320 oom/timeout/crash: 5/0/0 time: 288s job: 52 dft_time: 0
#390120: cov: 2788 ft: 3573 corp: 94 exec/s: 263 oom/timeout/crash: 6/0/0 time: 307s job: 51 dft_time: 0
INFO: fuzzed for 308 seconds, wrapping up soon
INFO: exiting: 0 time: 309s
