INFO: Running with entropic power schedule (0xFF, 100).
INFO: Seed: 1774400448
INFO: Loaded 1 modules   (121629 inline 8-bit counters): 121629 [0x55804c0f8ae0, 0x55804c1165fd), 
INFO: Loaded 1 PC tables (121629 PCs): 121629 [0x55804c116600,0x55804c2f17d0), 
INFO: -fork=5: fuzzing in separate process(s)
INFO: -fork=5: 0 seed inputs, starting to fuzz in /tmp/libFuzzerTemp.FuzzWithFork17784.dir
#36: cov: 0 ft: 0 corp: 0 exec/s: 36 oom/timeout/crash: 0/0/0 time: 1s job: 2 dft_time: 0
  NEW_FUNC: 0x55804b2c86b0 in LLVMFuzzerTestOneInput /src/h5_plist_encode_decode_fuzzer.c:47
  NEW_FUNC: 0x55804b2cfb50 in H5Eset_auto2 /src/hdf5/src/H5E.c:767
  NEW_FUNC: 0x55804b2d2310 in H5E_init /src/hdf5/src/H5Eint.c:217
  NEW_FUNC: 0x55804b2d24a0 in H5E__init_package /src/hdf5/src/H5Eint.c:241
  NEW_FUNC: 0x55804b2d6e60 in H5E_printf_stack /src/hdf5/src/H5Eint.c:1547
  NEW_FUNC: 0x55804b2d8250 in H5E_clear_stack /src/hdf5/src/H5Eint.c:1844
  NEW_FUNC: 0x55804b2d8510 in H5E_user_cb_prepare /src/hdf5/src/H5Eint.c:367
  NEW_FUNC: 0x55804b2d8830 in H5E_user_cb_restore /src/hdf5/src/H5Eint.c:406
  NEW_FUNC: 0x55804b2dc730 in H5E__get_auto /src/hdf5/src/H5Eint.c:1453
  NEW_FUNC: 0x55804b2dcb30 in H5E__set_auto /src/hdf5/src/H5Eint.c:1523
  NEW_FUNC: 0x55804b2dd810 in H5E_dump_api_stack /src/hdf5/src/H5Eint.c:1939
  NEW_FUNC: 0x55804b2df830 in H5FL_reg_free /src/hdf5/src/H5FL.c:277
  NEW_FUNC: 0x55804b2dfe40 in H5FL_reg_malloc /src/hdf5/src/H5FL.c:334
  NEW_FUNC: 0x55804b2e04d0 in H5FL_reg_calloc /src/hdf5/src/H5FL.c:386
  NEW_FUNC: 0x55804b2e47e0 in H5FL_fac_init /src/hdf5/src/H5FL.c:1695
  NEW_FUNC: 0x55804b2e4cc0 in H5FL_fac_free /src/hdf5/src/H5FL.c:1758
  NEW_FUNC: 0x55804b2e52d0 in H5FL_fac_malloc /src/hdf5/src/H5FL.c:1814
  NEW_FUNC: 0x55804b2e7280 in H5I_register_type /src/hdf5/src/H5Iint.c:242
  NEW_FUNC: 0x55804b2e9070 in H5I__register /src/hdf5/src/H5Iint.c:581
  NEW_FUNC: 0x55804b2eab40 in H5I_register /src/hdf5/src/H5Iint.c:639
  NEW_FUNC: 0x55804b2ec8c0 in H5I__find_id /src/hdf5/src/H5Iint.c:1666
  NEW_FUNC: 0x55804b2ed490 in H5I_object /src/hdf5/src/H5Iint.c:779
  NEW_FUNC: 0x55804b2ed5d0 in H5I_object_verify /src/hdf5/src/H5Iint.c:807
  NEW_FUNC: 0x55804b2ed750 in H5I_get_type /src/hdf5/src/H5Iint.c:840
  NEW_FUNC: 0x55804b2f0190 in H5I_inc_ref /src/hdf5/src/H5Iint.c:1357
  NEW_FUNC: 0x55804b2f2870 in H5MM_realloc /src/hdf5/src/H5MM.c:77
  NEW_FUNC: 0x55804b2f2900 in H5MM_xstrdup /src/hdf5/src/H5MM.c:109
  NEW_FUNC: 0x55804b2f29c0 in H5MM_strdup /src/hdf5/src/H5MM.c:136
  NEW_FUNC: 0x55804b2f2c20 in H5MM_xfree /src/hdf5/src/H5MM.c:197
  NEW_FUNC: 0x55804b2f7840 in H5Pdecode /src/hdf5/src/H5P.c:859
  NEW_FUNC: 0x55804b301cd0 in H5P__decode /src/hdf5/src/H5Pencdec.c:716
  NEW_FUNC: 0x55804b302900 in H5P__facc_reg_prop /src/hdf5/src/H5Pfapl.c:553
  NEW_FUNC: 0x55804b304dc0 in H5P__facc_set_def_driver /src/hdf5/src/H5Pfapl.c:860
  NEW_FUNC: 0x55804b320930 in H5P_set_vol /src/hdf5/src/H5Pfapl.c:5979
  NEW_FUNC: 0x55804b320e80 in H5P_reset_vol_class /src/hdf5/src/H5Pfapl.c:6020
  NEW_FUNC: 0x55804b32e330 in H5P__facc_file_driver_create /src/hdf5/src/H5Pfapl.c:1765
  NEW_FUNC: 0x55804b333ae0 in H5P__facc_vol_create /src/hdf5/src/H5Pfapl.c:6238
  NEW_FUNC: 0x55804b333c60 in H5P__facc_vol_set /src/hdf5/src/H5Pfapl.c:6264
  NEW_FUNC: 0x55804b333f60 in H5P__facc_vol_del /src/hdf5/src/H5Pfapl.c:6322
  NEW_FUNC: 0x55804b3345b0 in H5P__file_driver_copy /src/hdf5/src/H5Pfapl.c:1658
  NEW_FUNC: 0x55804b336220 in H5P_init_phase1 /src/hdf5/src/H5Pint.c:424
  NEW_FUNC: 0x55804b3363f0 in H5P__init_package /src/hdf5/src/H5Pint.c:475
  NEW_FUNC: 0x55804b336ff0 in H5P_init_phase2 /src/hdf5/src/H5Pint.c:450
  NEW_FUNC: 0x55804b337310 in H5P__create_class /src/hdf5/src/H5Pint.c:1781
  NEW_FUNC: 0x55804b3379e0 in H5P_create_id /src/hdf5/src/H5Pint.c:2014
  NEW_FUNC: 0x55804b3396c0 in H5P__dup_prop /src/hdf5/src/H5Pint.c:1179
  NEW_FUNC: 0x55804b33bd60 in H5P__do_prop_cb1 /src/hdf5/src/H5Pint.c:789
  NEW_FUNC: 0x55804b33c670 in H5P__access_class /src/hdf5/src/H5Pint.c:1630
  NEW_FUNC: 0x55804b33e3d0 in H5P__register_real /src/hdf5/src/H5Pint.c:2257
  NEW_FUNC: 0x55804b33e9d0 in H5P__create_prop /src/hdf5/src/H5Pint.c:1293
  NEW_FUNC: 0x55804b340510 in H5P__do_prop /src/hdf5/src/H5Pint.c:2818
  NEW_FUNC: 0x55804b341160 in H5P_set /src/hdf5/src/H5Pint.c:3237
  NEW_FUNC: 0x55804b3415b0 in H5P__set_plist_cb /src/hdf5/src/H5Pint.c:3050
  NEW_FUNC: 0x55804b342a30 in H5P__class_get /src/hdf5/src/H5Pint.c:3284
  NEW_FUNC: 0x55804b342ca0 in H5P__class_set /src/hdf5/src/H5Pint.c:3339
  NEW_FUNC: 0x55804b343ae0 in H5P__cmp_class /src/hdf5/src/H5Pint.c:3808
  NEW_FUNC: 0x55804b346130 in H5P_isa_class /src/hdf5/src/H5Pint.c:4129
  NEW_FUNC: 0x55804b347dd0 in H5P_peek /src/hdf5/src/H5Pint.c:4662
  NEW_FUNC: 0x55804b348210 in H5P__peek_cb /src/hdf5/src/H5Pint.c:4614
  NEW_FUNC: 0x55804b3483f0 in H5P_get /src/hdf5/src/H5Pint.c:4784
  NEW_FUNC: 0x55804b348830 in H5P__get_cb /src/hdf5/src/H5Pint.c:4706
  NEW_FUNC: 0x55804b34d530 in H5P__lacc_reg_prop /src/hdf5/src/H5Plapl.c:184
  NEW_FUNC: 0x55804b355950 in H5P__lcrt_reg_prop /src/hdf5/src/H5Plcpl.c:108
  NEW_FUNC: 0x55804b3568f0 in H5P__macc_reg_prop /src/hdf5/src/H5Pmapl.c:107
  NEW_FUNC: 0x55804b356c60 in H5P__mcrt_reg_prop /src/hdf5/src/H5Pmcpl.c:96
  NEW_FUNC: 0x55804b356c70 in H5P__ocrt_reg_prop /src/hdf5/src/H5Pocpl.c:147
  NEW_FUNC: 0x55804b361c10 in H5P__ocrt_pipeline_get /src/hdf5/src/H5Pocpl.c:1234
  NEW_FUNC: 0x55804b365c40 in H5P__ocpy_reg_prop /src/hdf5/src/H5Pocpypl.c:149
  NEW_FUNC: 0x55804b36a790 in H5P__strcrt_reg_prop /src/hdf5/src/H5Pstrcpl.c:112
  NEW_FUNC: 0x55804b36ba80 in H5SL__init_package /src/hdf5/src/H5SL.c:544
  NEW_FUNC: 0x55804b36bcd0 in H5SL_create /src/hdf5/src/H5SL.c:931
  NEW_FUNC: 0x55804b36c0a0 in H5SL__new_node /src/hdf5/src/H5SL.c:641
  NEW_FUNC: 0x55804b36c3d0 in H5SL_insert /src/hdf5/src/H5SL.c:1036
  NEW_FUNC: 0x55804b36c500 in H5SL__insert_common /src/hdf5/src/H5SL.c:688
  NEW_FUNC: 0x55804b38bb20 in H5SL_search /src/hdf5/src/H5SL.c:1314
  NEW_FUNC: 0x55804b39d9e0 in H5SL_first /src/hdf5/src/H5SL.c:1896
  NEW_FUNC: 0x55804b39da40 in H5SL_next /src/hdf5/src/H5SL.c:1929
  NEW_FUNC: 0x55804b39db40 in H5SL_item /src/hdf5/src/H5SL.c:2029
  NEW_FUNC: 0x55804b39def0 in H5SL__release_common /src/hdf5/src/H5SL.c:806
  NEW_FUNC: 0x55804b39e800 in H5SL__close_common /src/hdf5/src/H5SL.c:885
  NEW_FUNC: 0x55804b39ea60 in H5SL_close /src/hdf5/src/H5SL.c:2272
  NEW_FUNC: 0x55804b39eba0 in H5T_init /src/hdf5/src/H5T.c:794
  NEW_FUNC: 0x55804b39ecd0 in H5T__init_package /src/hdf5/src/H5T.c:1025
  NEW_FUNC: 0x55804b3ad550 in H5T_copy /src/hdf5/src/H5T.c:4430
  NEW_FUNC: 0x55804b3adb80 in H5T__alloc /src/hdf5/src/H5T.c:4649
  NEW_FUNC: 0x55804b3ade80 in H5T_set_loc /src/hdf5/src/H5T.c:6907
  NEW_FUNC: 0x55804b3af020 in H5T__create /src/hdf5/src/H5T.c:3997
  NEW_FUNC: 0x55804b3afce0 in H5T__register_int /src/hdf5/src/H5T.c:3201
  NEW_FUNC: 0x55804b3afe30 in H5T__init_inf /src/hdf5/src/H5T.c:817
  NEW_FUNC: 0x55804b3b1d10 in H5T_close_real /src/hdf5/src/H5T.c:4787
  NEW_FUNC: 0x55804b3b5c40 in H5T_cmp /src/hdf5/src/H5T.c:5133
  NEW_FUNC: 0x55804b3bf080 in H5T__register /src/hdf5/src/H5T.c:3245
  NEW_FUNC: 0x55804b3c6b10 in H5T__initiate_copy /src/hdf5/src/H5T.c:4124
  NEW_FUNC: 0x55804b3c7050 in H5T__copy_all /src/hdf5/src/H5T.c:4200
  NEW_FUNC: 0x55804b3c7180 in H5T__complete_copy /src/hdf5/src/H5T.c:4229
  NEW_FUNC: 0x55804b3c99d0 in H5T__free /src/hdf5/src/H5T.c:4699
  NEW_FUNC: 0x55804b3cafe0 in H5T__path_find_real /src/hdf5/src/H5T.c:5755
  NEW_FUNC: 0x55804b3d3570 in H5T__array_create /src/hdf5/src/H5Tarray.c:133
  NEW_FUNC: 0x55804b3d78c0 in H5T__bit_set /src/hdf5/src/H5Tbit.c:328
  NEW_FUNC: 0x55804b3e62f0 in H5T__complex_create /src/hdf5/src/H5Tcomplex.c:111
  NEW_FUNC: 0x55804b3ee9e0 in H5T__conv_noop /src/hdf5/src/H5Tconv.c:242
  NEW_FUNC: 0x55804b401190 in H5T__conv_fcomplex_schar /src/hdf5/src/H5Tconv_complex.c:1436
  NEW_FUNC: 0x55804b405050 in H5T__conv_fcomplex_uchar /src/hdf5/src/H5Tconv_complex.c:1455
  NEW_FUNC: 0x55804b408ec0 in H5T__conv_fcomplex_short /src/hdf5/src/H5Tconv_complex.c:1474
  NEW_FUNC: 0x55804b40d010 in H5T__conv_fcomplex_ushort /src/hdf5/src/H5Tconv_complex.c:1493
  NEW_FUNC: 0x55804b4110f0 in H5T__conv_fcomplex_int /src/hdf5/src/H5Tconv_complex.c:1512
  NEW_FUNC: 0x55804b4152d0 in H5T__conv_fcomplex_uint /src/hdf5/src/H5Tconv_complex.c:1531
  NEW_FUNC: 0x55804b4193b0 in H5T__conv_fcomplex_long /src/hdf5/src/H5Tconv_complex.c:1550
  NEW_FUNC: 0x55804b41cf30 in H5T__conv_fcomplex_ulong /src/hdf5/src/H5Tconv_complex.c:1569
  NEW_FUNC: 0x55804b4284d0 in H5T__conv_fcomplex_float /src/hdf5/src/H5Tconv_complex.c:1649
  NEW_FUNC: 0x55804b42d560 in H5T__conv_fcomplex_double /src/hdf5/src/H5Tconv_complex.c:1666
  NEW_FUNC: 0x55804b42fd30 in H5T__conv_fcomplex_ldouble /src/hdf5/src/H5Tconv_complex.c:1683
  NEW_FUNC: 0x55804b433500 in H5T__conv_fcomplex_dcomplex /src/hdf5/src/H5Tconv_complex.c:1701
  NEW_FUNC: 0x55804b436b60 in H5T__conv_fcomplex_lcomplex /src/hdf5/src/H5Tconv_complex.c:1719
  NEW_FUNC: 0x55804b43a700 in H5T__conv_dcomplex_schar /src/hdf5/src/H5Tconv_complex.c:1736
  NEW_FUNC: 0x55804b43e120 in H5T__conv_dcomplex_uchar /src/hdf5/src/H5Tconv_complex.c:1755
  NEW_FUNC: 0x55804b441b00 in H5T__conv_dcomplex_short /src/hdf5/src/H5Tconv_complex.c:1774
  NEW_FUNC: 0x55804b445670 in H5T__conv_dcomplex_ushort /src/hdf5/src/H5Tconv_complex.c:1794
  NEW_FUNC: 0x55804b449170 in H5T__conv_dcomplex_int /src/hdf5/src/H5Tconv_complex.c:1813
  NEW_FUNC: 0x55804b44cd20 in H5T__conv_dcomplex_uint /src/hdf5/src/H5Tconv_complex.c:1832
  NEW_FUNC: 0x55804b450830 in H5T__conv_dcomplex_long /src/hdf5/src/H5Tconv_complex.c:1851
  NEW_FUNC: 0x55804b454370 in H5T__conv_dcomplex_ulong /src/hdf5/src/H5Tconv_complex.c:1870
  NEW_FUNC: 0x55804b45f7f0 in H5T__conv_dcomplex_float /src/hdf5/src/H5Tconv_complex.c:1950
  NEW_FUNC: 0x55804b4627f0 in H5T__conv_dcomplex_double /src/hdf5/src/H5Tconv_complex.c:1967
  NEW_FUNC: 0x55804b467170 in H5T__conv_dcomplex_ldouble /src/hdf5/src/H5Tconv_complex.c:1984
  NEW_FUNC: 0x55804b469d80 in H5T__conv_dcomplex_fcomplex /src/hdf5/src/H5Tconv_complex.c:2002
  NEW_FUNC: 0x55804b46d540 in H5T__conv_dcomplex_lcomplex /src/hdf5/src/H5Tconv_complex.c:2020
  NEW_FUNC: 0x55804b470f10 in H5T__conv_lcomplex_schar /src/hdf5/src/H5Tconv_complex.c:2038
  NEW_FUNC: 0x55804b474e30 in H5T__conv_lcomplex_uchar /src/hdf5/src/H5Tconv_complex.c:2058
  NEW_FUNC: 0x55804b478d10 in H5T__conv_lcomplex_short /src/hdf5/src/H5Tconv_complex.c:2077
  NEW_FUNC: 0x55804b47cdd0 in H5T__conv_lcomplex_ushort /src/hdf5/src/H5Tconv_complex.c:2097
  NEW_FUNC: 0x55804b480de0 in H5T__conv_lcomplex_int /src/hdf5/src/H5Tconv_complex.c:2116
  NEW_FUNC: 0x55804b484e70 in H5T__conv_lcomplex_uint /src/hdf5/src/H5Tconv_complex.c:2136
  NEW_FUNC: 0x55804b488e20 in H5T__conv_lcomplex_long /src/hdf5/src/H5Tconv_complex.c:2155
  NEW_FUNC: 0x55804b48ced0 in H5T__conv_lcomplex_ulong /src/hdf5/src/H5Tconv_complex.c:2175
  NEW_FUNC: 0x55804b499180 in H5T__conv_lcomplex_float /src/hdf5/src/H5Tconv_complex.c:2262
  NEW_FUNC: 0x55804b49c490 in H5T__conv_lcomplex_double /src/hdf5/src/H5Tconv_complex.c:2279
  NEW_FUNC: 0x55804b49f530 in H5T__conv_lcomplex_ldouble /src/hdf5/src/H5Tconv_complex.c:2297
  NEW_FUNC: 0x55804b4a5990 in H5T__conv_lcomplex_fcomplex /src/hdf5/src/H5Tconv_complex.c:2315
  NEW_FUNC: 0x55804b4a9680 in H5T__conv_lcomplex_dcomplex /src/hdf5/src/H5Tconv_complex.c:2333
  NEW_FUNC: 0x55804b4c25e0 in H5T__conv_float_schar /src/hdf5/src/H5Tconv_float.c:1741
  NEW_FUNC: 0x55804b4c65e0 in H5T__conv_float_uchar /src/hdf5/src/H5Tconv_float.c:1761
  NEW_FUNC: 0x55804b4ca590 in H5T__conv_float_short /src/hdf5/src/H5Tconv_float.c:1781
  NEW_FUNC: 0x55804b4ce7e0 in H5T__conv_float_ushort /src/hdf5/src/H5Tconv_float.c:1801
  NEW_FUNC: 0x55804b4d29b0 in H5T__conv_float_int /src/hdf5/src/H5Tconv_float.c:1821
  NEW_FUNC: 0x55804b4d65b0 in H5T__conv_float_uint /src/hdf5/src/H5Tconv_float.c:1841
  NEW_FUNC: 0x55804b4da170 in H5T__conv_float_long /src/hdf5/src/H5Tconv_float.c:1861
  NEW_FUNC: 0x55804b4de400 in H5T__conv_float_ulong /src/hdf5/src/H5Tconv_float.c:1881
  NEW_FUNC: 0x55804b4eaed0 in H5T__conv_float_double /src/hdf5/src/H5Tconv_float.c:1964
  NEW_FUNC: 0x55804b4ee030 in H5T__conv_float_ldouble /src/hdf5/src/H5Tconv_float.c:1982
  NEW_FUNC: 0x55804b4f1800 in H5T__conv_float_fcomplex /src/hdf5/src/H5Tconv_float.c:2002
  NEW_FUNC: 0x55804b4f4fa0 in H5T__conv_float_dcomplex /src/hdf5/src/H5Tconv_float.c:2021
  NEW_FUNC: 0x55804b4f9100 in H5T__conv_float_lcomplex /src/hdf5/src/H5Tconv_float.c:2040
  NEW_FUNC: 0x55804b4fe190 in H5T__conv_double_schar /src/hdf5/src/H5Tconv_float.c:2059
  NEW_FUNC: 0x55804b502160 in H5T__conv_double_uchar /src/hdf5/src/H5Tconv_float.c:2079
  NEW_FUNC: 0x55804b5060f0 in H5T__conv_double_short /src/hdf5/src/H5Tconv_float.c:2099
  NEW_FUNC: 0x55804b50a300 in H5T__conv_double_ushort /src/hdf5/src/H5Tconv_float.c:2119
  NEW_FUNC: 0x55804b50e4b0 in H5T__conv_double_int /src/hdf5/src/H5Tconv_float.c:2139
  NEW_FUNC: 0x55804b5126d0 in H5T__conv_double_uint /src/hdf5/src/H5Tconv_float.c:2159
  NEW_FUNC: 0x55804b516890 in H5T__conv_double_long /src/hdf5/src/H5Tconv_float.c:2179
  NEW_FUNC: 0x55804b51a560 in H5T__conv_double_ulong /src/hdf5/src/H5Tconv_float.c:2199
  NEW_FUNC: 0x55804b525d90 in H5T__conv_double_float /src/hdf5/src/H5Tconv_float.c:2282
  NEW_FUNC: 0x55804b528eb0 in H5T__conv_double_ldouble /src/hdf5/src/H5Tconv_float.c:2300
  NEW_FUNC: 0x55804b52c500 in H5T__conv_double_fcomplex /src/hdf5/src/H5Tconv_float.c:2320
  NEW_FUNC: 0x55804b52f7a0 in H5T__conv_double_dcomplex /src/hdf5/src/H5Tconv_float.c:2339
  NEW_FUNC: 0x55804b532690 in H5T__conv_double_lcomplex /src/hdf5/src/H5Tconv_float.c:2358
  NEW_FUNC: 0x55804b5373e0 in H5T__conv_ldouble_schar /src/hdf5/src/H5Tconv_float.c:2377
  NEW_FUNC: 0x55804b53b480 in H5T__conv_ldouble_uchar /src/hdf5/src/H5Tconv_float.c:2397
  NEW_FUNC: 0x55804b53f4e0 in H5T__conv_ldouble_short /src/hdf5/src/H5Tconv_float.c:2417
  NEW_FUNC: 0x55804b543780 in H5T__conv_ldouble_ushort /src/hdf5/src/H5Tconv_float.c:2437
  NEW_FUNC: 0x55804b547940 in H5T__conv_ldouble_int /src/hdf5/src/H5Tconv_float.c:2457
  NEW_FUNC: 0x55804b54bb60 in H5T__conv_ldouble_uint /src/hdf5/src/H5Tconv_float.c:2477
  NEW_FUNC: 0x55804b54fdf0 in H5T__conv_ldouble_long /src/hdf5/src/H5Tconv_float.c:2497
  NEW_FUNC: 0x55804b5540c0 in H5T__conv_ldouble_ulong /src/hdf5/src/H5Tconv_float.c:2517
  NEW_FUNC: 0x55804b560d10 in H5T__conv_ldouble_float /src/hdf5/src/H5Tconv_float.c:2606
  NEW_FUNC: 0x55804b563f40 in H5T__conv_ldouble_double /src/hdf5/src/H5Tconv_float.c:2624
  NEW_FUNC: 0x55804b566f80 in H5T__conv_ldouble_fcomplex /src/hdf5/src/H5Tconv_float.c:2644
  NEW_FUNC: 0x55804b56a400 in H5T__conv_ldouble_dcomplex /src/hdf5/src/H5Tconv_float.c:2663
  NEW_FUNC: 0x55804b56cc10 in H5T__conv_ldouble_lcomplex /src/hdf5/src/H5Tconv_float.c:2682
  NEW_FUNC: 0x55804b579820 in H5T__conv_schar_uchar /src/hdf5/src/H5Tconv_integer.c:1074
  NEW_FUNC: 0x55804b57bea0 in H5T__conv_schar_short /src/hdf5/src/H5Tconv_integer.c:1091
  NEW_FUNC: 0x55804b580550 in H5T__conv_schar_ushort /src/hdf5/src/H5Tconv_integer.c:1108
  NEW_FUNC: 0x55804b5835e0 in H5T__conv_schar_int /src/hdf5/src/H5Tconv_integer.c:1125
  NEW_FUNC: 0x55804b587c90 in H5T__conv_schar_uint /src/hdf5/src/H5Tconv_integer.c:1142
  NEW_FUNC: 0x55804b591f10 in H5T__conv_schar_llong /src/hdf5/src/H5Tconv_integer.c:1193
  NEW_FUNC: 0x55804b596220 in H5T__conv_schar_ullong /src/hdf5/src/H5Tconv_integer.c:1210
  NEW_FUNC: 0x55804b599160 in H5T__conv_schar_float /src/hdf5/src/H5Tconv_integer.c:1247
  NEW_FUNC: 0x55804b59e3f0 in H5T__conv_schar_double /src/hdf5/src/H5Tconv_integer.c:1265
  NEW_FUNC: 0x55804b5a3340 in H5T__conv_schar_ldouble /src/hdf5/src/H5Tconv_integer.c:1283
  NEW_FUNC: 0x55804b5a7be0 in H5T__conv_schar_fcomplex /src/hdf5/src/H5Tconv_integer.c:1303
  NEW_FUNC: 0x55804b5ace00 in H5T__conv_schar_dcomplex /src/hdf5/src/H5Tconv_integer.c:1322
  NEW_FUNC: 0x55804b5b1260 in H5T__conv_schar_lcomplex /src/hdf5/src/H5Tconv_integer.c:1341
  NEW_FUNC: 0x55804b5b6bd0 in H5T__conv_uchar_schar /src/hdf5/src/H5Tconv_integer.c:1359
  NEW_FUNC: 0x55804b5b9240 in H5T__conv_uchar_short /src/hdf5/src/H5Tconv_integer.c:1376
  NEW_FUNC: 0x55804b5bd8f0 in H5T__conv_uchar_ushort /src/hdf5/src/H5Tconv_integer.c:1393
  NEW_FUNC: 0x55804b5c1fa0 in H5T__conv_uchar_int /src/hdf5/src/H5Tconv_integer.c:1410
  NEW_FUNC: 0x55804b5c6650 in H5T__conv_uchar_uint /src/hdf5/src/H5Tconv_integer.c:1427
  NEW_FUNC: 0x55804b5d3320 in H5T__conv_uchar_llong /src/hdf5/src/H5Tconv_integer.c:1478
  NEW_FUNC: 0x55804b5d7630 in H5T__conv_uchar_ullong /src/hdf5/src/H5Tconv_integer.c:1495
  NEW_FUNC: 0x55804b5db940 in H5T__conv_uchar_float /src/hdf5/src/H5Tconv_integer.c:1532
  NEW_FUNC: 0x55804b5e0bd0 in H5T__conv_uchar_double /src/hdf5/src/H5Tconv_integer.c:1550
  NEW_FUNC: 0x55804b5e5b20 in H5T__conv_uchar_ldouble /src/hdf5/src/H5Tconv_integer.c:1568
  NEW_FUNC: 0x55804b5ea3c0 in H5T__conv_uchar_fcomplex /src/hdf5/src/H5Tconv_integer.c:1588
  NEW_FUNC: 0x55804b5ef5e0 in H5T__conv_uchar_dcomplex /src/hdf5/src/H5Tconv_integer.c:1607
  NEW_FUNC: 0x55804b5f3a40 in H5T__conv_uchar_lcomplex /src/hdf5/src/H5Tconv_integer.c:1626
  NEW_FUNC: 0x55804b5f93b0 in H5T__conv_short_schar /src/hdf5/src/H5Tconv_integer.c:1644
  NEW_FUNC: 0x55804b5fc680 in H5T__conv_short_uchar /src/hdf5/src/H5Tconv_integer.c:1661
  NEW_FUNC: 0x55804b5ff8c0 in H5T__conv_short_ushort /src/hdf5/src/H5Tconv_integer.c:1678
  NEW_FUNC: 0x55804b602630 in H5T__conv_short_int /src/hdf5/src/H5Tconv_integer.c:1695
  NEW_FUNC: 0x55804b607690 in H5T__conv_short_uint /src/hdf5/src/H5Tconv_integer.c:1712
  NEW_FUNC: 0x55804b612900 in H5T__conv_short_llong /src/hdf5/src/H5Tconv_integer.c:1763
  NEW_FUNC: 0x55804b617540 in H5T__conv_short_ullong /src/hdf5/src/H5Tconv_integer.c:1780
  NEW_FUNC: 0x55804b61a7e0 in H5T__conv_short_float /src/hdf5/src/H5Tconv_integer.c:1817
  NEW_FUNC: 0x55804b6202c0 in H5T__conv_short_double /src/hdf5/src/H5Tconv_integer.c:1835
  NEW_FUNC: 0x55804b625a20 in H5T__conv_short_ldouble /src/hdf5/src/H5Tconv_integer.c:1853
  NEW_FUNC: 0x55804b62a9c0 in H5T__conv_short_fcomplex /src/hdf5/src/H5Tconv_integer.c:1873
  NEW_FUNC: 0x55804b630330 in H5T__conv_short_dcomplex /src/hdf5/src/H5Tconv_integer.c:1892
  NEW_FUNC: 0x55804b634de0 in H5T__conv_short_lcomplex /src/hdf5/src/H5Tconv_integer.c:1911
  NEW_FUNC: 0x55804b63af00 in H5T__conv_ushort_schar /src/hdf5/src/H5Tconv_integer.c:1929
  NEW_FUNC: 0x55804b63dff0 in H5T__conv_ushort_uchar /src/hdf5/src/H5Tconv_integer.c:1946
  NEW_FUNC: 0x55804b6410e0 in H5T__conv_ushort_short /src/hdf5/src/H5Tconv_integer.c:1963
  NEW_FUNC: 0x55804b643e70 in H5T__conv_ushort_int /src/hdf5/src/H5Tconv_integer.c:1980
  NEW_FUNC: 0x55804b648ed0 in H5T__conv_ushort_uint /src/hdf5/src/H5Tconv_integer.c:1997
  NEW_FUNC: 0x55804b6577b0 in H5T__conv_ushort_llong /src/hdf5/src/H5Tconv_integer.c:2048
  NEW_FUNC: 0x55804b65c3f0 in H5T__conv_ushort_ullong /src/hdf5/src/H5Tconv_integer.c:2065
  NEW_FUNC: 0x55804b661030 in H5T__conv_ushort_float /src/hdf5/src/H5Tconv_integer.c:2105
  NEW_FUNC: 0x55804b666b10 in H5T__conv_ushort_double /src/hdf5/src/H5Tconv_integer.c:2123
  NEW_FUNC: 0x55804b66c270 in H5T__conv_ushort_ldouble /src/hdf5/src/H5Tconv_integer.c:2141
  NEW_FUNC: 0x55804b6711b0 in H5T__conv_ushort_fcomplex /src/hdf5/src/H5Tconv_integer.c:2161
  NEW_FUNC: 0x55804b676b20 in H5T__conv_ushort_dcomplex /src/hdf5/src/H5Tconv_integer.c:2180
  NEW_FUNC: 0x55804b67b5d0 in H5T__conv_ushort_lcomplex /src/hdf5/src/H5Tconv_integer.c:2199
  NEW_FUNC: 0x55804b6817e0 in H5T__conv_int_schar /src/hdf5/src/H5Tconv_integer.c:2217
  NEW_FUNC: 0x55804b684a10 in H5T__conv_int_uchar /src/hdf5/src/H5Tconv_integer.c:2234
  NEW_FUNC: 0x55804b687be0 in H5T__conv_int_short /src/hdf5/src/H5Tconv_integer.c:2251
  NEW_FUNC: 0x55804b68b070 in H5T__conv_int_ushort /src/hdf5/src/H5Tconv_integer.c:2268
  NEW_FUNC: 0x55804b68e470 in H5T__conv_int_uint /src/hdf5/src/H5Tconv_integer.c:2285
  NEW_FUNC: 0x55804b699030 in H5T__conv_int_llong /src/hdf5/src/H5Tconv_integer.c:2336
  NEW_FUNC: 0x55804b69dc70 in H5T__conv_int_ullong /src/hdf5/src/H5Tconv_integer.c:2353
  NEW_FUNC: 0x55804b6a0ed0 in H5T__conv_int_float /src/hdf5/src/H5Tconv_integer.c:2393
  NEW_FUNC: 0x55804b6a5f60 in H5T__conv_int_double /src/hdf5/src/H5Tconv_integer.c:2411
  NEW_FUNC: 0x55804b6aba50 in H5T__conv_int_ldouble /src/hdf5/src/H5Tconv_integer.c:2429
  NEW_FUNC: 0x55804b6b0d10 in H5T__conv_int_fcomplex /src/hdf5/src/H5Tconv_integer.c:2449
  NEW_FUNC: 0x55804b6b6990 in H5T__conv_int_dcomplex /src/hdf5/src/H5Tconv_integer.c:2468
  NEW_FUNC: 0x55804b6bb7e0 in H5T__conv_int_lcomplex /src/hdf5/src/H5Tconv_integer.c:2487
  NEW_FUNC: 0x55804b6c1cb0 in H5T__conv_uint_schar /src/hdf5/src/H5Tconv_integer.c:2505
  NEW_FUNC: 0x55804b6c4d90 in H5T__conv_uint_uchar /src/hdf5/src/H5Tconv_integer.c:2522
  NEW_FUNC: 0x55804b6c7e80 in H5T__conv_uint_short /src/hdf5/src/H5Tconv_integer.c:2539
  NEW_FUNC: 0x55804b6cb350 in H5T__conv_uint_ushort /src/hdf5/src/H5Tconv_integer.c:2556
  NEW_FUNC: 0x55804b6ce820 in H5T__conv_uint_int /src/hdf5/src/H5Tconv_integer.c:2573
  NEW_FUNC: 0x55804b6dae10 in H5T__conv_uint_llong /src/hdf5/src/H5Tconv_integer.c:2624
  NEW_FUNC: 0x55804b6dfa50 in H5T__conv_uint_ullong /src/hdf5/src/H5Tconv_integer.c:2641
  NEW_FUNC: 0x55804b6e4690 in H5T__conv_uint_float /src/hdf5/src/H5Tconv_integer.c:2681
  NEW_FUNC: 0x55804b6e9860 in H5T__conv_uint_double /src/hdf5/src/H5Tconv_integer.c:2699
  NEW_FUNC: 0x55804b6ef300 in H5T__conv_uint_ldouble /src/hdf5/src/H5Tconv_integer.c:2717
  NEW_FUNC: 0x55804b6f4640 in H5T__conv_uint_fcomplex /src/hdf5/src/H5Tconv_integer.c:2737
  NEW_FUNC: 0x55804b6fa2f0 in H5T__conv_uint_dcomplex /src/hdf5/src/H5Tconv_integer.c:2756
  NEW_FUNC: 0x55804b6ff1d0 in H5T__conv_uint_lcomplex /src/hdf5/src/H5Tconv_integer.c:2775
  NEW_FUNC: 0x55804b7216c0 in H5T__conv_long_float /src/hdf5/src/H5Tconv_integer.c:2969
  NEW_FUNC: 0x55804b7278a0 in H5T__conv_long_double /src/hdf5/src/H5Tconv_integer.c:2987
  NEW_FUNC: 0x55804b72cc40 in H5T__conv_long_ldouble /src/hdf5/src/H5Tconv_integer.c:3005
  NEW_FUNC: 0x55804b732570 in H5T__conv_long_fcomplex /src/hdf5/src/H5Tconv_integer.c:3025
  NEW_FUNC: 0x55804b737b70 in H5T__conv_long_dcomplex /src/hdf5/src/H5Tconv_integer.c:3044
  NEW_FUNC: 0x55804b73cee0 in H5T__conv_long_lcomplex /src/hdf5/src/H5Tconv_integer.c:3063
  NEW_FUNC: 0x55804b75f760 in H5T__conv_ulong_float /src/hdf5/src/H5Tconv_integer.c:3257
  NEW_FUNC: 0x55804b765fe0 in H5T__conv_ulong_double /src/hdf5/src/H5Tconv_integer.c:3275
  NEW_FUNC: 0x55804b76b830 in H5T__conv_ulong_ldouble /src/hdf5/src/H5Tconv_integer.c:3293
  NEW_FUNC: 0x55804b771320 in H5T__conv_ulong_fcomplex /src/hdf5/src/H5Tconv_integer.c:3313
  NEW_FUNC: 0x55804b776e50 in H5T__conv_ulong_dcomplex /src/hdf5/src/H5Tconv_integer.c:3332
  NEW_FUNC: 0x55804b77c4d0 in H5T__conv_ulong_lcomplex /src/hdf5/src/H5Tconv_integer.c:3351
  NEW_FUNC: 0x55804b783170 in H5T__conv_llong_schar /src/hdf5/src/H5Tconv_integer.c:3369
  NEW_FUNC: 0x55804b786340 in H5T__conv_llong_uchar /src/hdf5/src/H5Tconv_integer.c:3386
  NEW_FUNC: 0x55804b7894a0 in H5T__conv_llong_short /src/hdf5/src/H5Tconv_integer.c:3403
  NEW_FUNC: 0x55804b78c8b0 in H5T__conv_llong_ushort /src/hdf5/src/H5Tconv_integer.c:3420
  NEW_FUNC: 0x55804b78fc00 in H5T__conv_llong_int /src/hdf5/src/H5Tconv_integer.c:3437
  NEW_FUNC: 0x55804b793080 in H5T__conv_llong_uint /src/hdf5/src/H5Tconv_integer.c:3454
  NEW_FUNC: 0x55804b79c7a0 in H5T__conv_llong_ullong /src/hdf5/src/H5Tconv_integer.c:3505
  NEW_FUNC: 0x55804b7c1370 in H5T__conv_ullong_schar /src/hdf5/src/H5Tconv_integer.c:3661
  NEW_FUNC: 0x55804b7c4370 in H5T__conv_ullong_uchar /src/hdf5/src/H5Tconv_integer.c:3678
  NEW_FUNC: 0x55804b7c7390 in H5T__conv_ullong_short /src/hdf5/src/H5Tconv_integer.c:3695
  NEW_FUNC: 0x55804b7ca750 in H5T__conv_ullong_ushort /src/hdf5/src/H5Tconv_integer.c:3712
  NEW_FUNC: 0x55804b7cdb10 in H5T__conv_ullong_int /src/hdf5/src/H5Tconv_integer.c:3729
  NEW_FUNC: 0x55804b7d0ec0 in H5T__conv_ullong_uint /src/hdf5/src/H5Tconv_integer.c:3746
  NEW_FUNC: 0x55804b7da740 in H5T__conv_ullong_llong /src/hdf5/src/H5Tconv_integer.c:3797
  NEW_FUNC: 0x55804b80d930 in H5T__init_native_float_types /src/hdf5/src/H5Tinit_float.c:465
  NEW_FUNC: 0x55804b811a50 in H5T__fix_order /src/hdf5/src/H5Tinit_float.c:302
  NEW_FUNC: 0x55804b812820 in H5T__imp_bit /src/hdf5/src/H5Tinit_float.c:372
  NEW_FUNC: 0x55804b812a60 in H5T__bit_cmp /src/hdf5/src/H5Tinit_float.c:254
  NEW_FUNC: 0x55804b812f70 in H5T__find_bias /src/hdf5/src/H5Tinit_float.c:414
  NEW_FUNC: 0x55804b8178e0 in H5T__init_native_internal /src/hdf5/src/H5Tnative.c:1119
  NEW_FUNC: 0x55804b818130 in H5T__init_native_complex_types /src/hdf5/src/H5Tnative.c:1425
  NEW_FUNC: 0x55804b81b710 in H5T__ref_set_loc /src/hdf5/src/H5Tref.c:160
  NEW_FUNC: 0x55804b821810 in H5T__vlen_create /src/hdf5/src/H5Tvlen.c:176
  NEW_FUNC: 0x55804b821cf0 in H5T__vlen_set_loc /src/hdf5/src/H5Tvlen.c:234
  NEW_FUNC: 0x55804b85e3e0 in H5VL_init_phase1 /src/hdf5/src/H5VLint.c:161
  NEW_FUNC: 0x55804b85e510 in H5VL__init_package /src/hdf5/src/H5VLint.c:237
  NEW_FUNC: 0x55804b85e650 in H5VL_init_phase2 /src/hdf5/src/H5VLint.c:187
  NEW_FUNC: 0x55804b85ed20 in H5VL__set_def_conn /src/hdf5/src/H5VLint.c:366
  NEW_FUNC: 0x55804b85fef0 in H5VL_conn_prop_free /src/hdf5/src/H5VLint.c:714
  NEW_FUNC: 0x55804b860780 in H5VL_conn_inc_rc /src/hdf5/src/H5VLint.c:985
  NEW_FUNC: 0x55804b8622a0 in H5VL_conn_prop_copy /src/hdf5/src/H5VLint.c:611
  NEW_FUNC: 0x55804b865c60 in H5VL__register_connector /src/hdf5/src/H5VLint.c:1313
  NEW_FUNC: 0x55804b86e8c0 in H5VL__native_register /src/hdf5/src/H5VLnative.c:193
  NEW_FUNC: 0x55804b888c90 in H5VL__passthru_register /src/hdf5/src/H5VLpassthru_int.c:54
  NEW_FUNC: 0x55804b8bcdb0 in H5__init_package /src/hdf5/src/H5.c:114
  NEW_FUNC: 0x55804b8bcee0 in H5_init_library /src/hdf5/src/H5.c:144
  NEW_FUNC: 0x55804b8bd820 in H5_check_version /src/hdf5/src/H5.c:853
  NEW_FUNC: 0x55804b8c01e0 in H5__debug_mask /src/hdf5/src/H5.c:670
  NEW_FUNC: 0x55804b8c1090 in H5_user_cb_prepare /src/hdf5/src/H5.c:1300
  NEW_FUNC: 0x55804b8c1270 in H5_user_cb_restore /src/hdf5/src/H5.c:1330
  NEW_FUNC: 0x55804b8c42c0 in H5_hash_string /src/hdf5/src/H5checksum.c:499
  NEW_FUNC: 0x55804b8c4420 in H5A_init /src/hdf5/src/H5Aint.c:148
  NEW_FUNC: 0x55804b8c4550 in H5A__init_package /src/hdf5/src/H5Aint.c:172
  NEW_FUNC: 0x55804b96f180 in H5CX__init_package /src/hdf5/src/H5CX.c:266
  NEW_FUNC: 0x55804b970830 in H5CX_pushed /src/hdf5/src/H5CX.c:507
  NEW_FUNC: 0x55804b9708b0 in H5CX_push /src/hdf5/src/H5CX.c:533
  NEW_FUNC: 0x55804b97c210 in H5CX_pop /src/hdf5/src/H5CX.c:3317
  NEW_FUNC: 0x55804b9e1380 in H5D_init /src/hdf5/src/H5Dint.c:162
  NEW_FUNC: 0x55804b9e1550 in H5D__init_package /src/hdf5/src/H5Dint.c:189
  NEW_FUNC: 0x55804ba69410 in H5F_init /src/hdf5/src/H5Fint.c:138
  NEW_FUNC: 0x55804ba69540 in H5F__init_package /src/hdf5/src/H5Fint.c:161
  NEW_FUNC: 0x55804ba69690 in H5F__parse_file_lock_env_var /src/hdf5/src/H5Fint.c:276
  NEW_FUNC: 0x55804baab1f0 in H5FD_init /src/hdf5/src/H5FD.c:110
  NEW_FUNC: 0x55804baab320 in H5FD__init_package /src/hdf5/src/H5FD.c:131
  NEW_FUNC: 0x55804baac860 in H5FD_register /src/hdf5/src/H5FD.c:388
  NEW_FUNC: 0x55804bac3c40 in H5FD__core_register /src/hdf5/src/H5FDcore.c:454
  NEW_FUNC: 0x55804bacc440 in H5FD__family_register /src/hdf5/src/H5FDfamily.c:279
  NEW_FUNC: 0x55804baea510 in H5FD__log_register /src/hdf5/src/H5FDlog.c:215
  NEW_FUNC: 0x55804baf18b0 in H5FD__multi_register /src/hdf5/src/H5FDmulti_int.c:52
  NEW_FUNC: 0x55804baf19e0 in H5FD__onion_register /src/hdf5/src/H5FDonion.c:226
  NEW_FUNC: 0x55804bb079b0 in H5FD__sec2_register /src/hdf5/src/H5FDsec2.c:174
  NEW_FUNC: 0x55804bb0db10 in H5FD__splitter_register /src/hdf5/src/H5FDsplitter.c:177
  NEW_FUNC: 0x55804bb158d0 in H5FD__stdio_register /src/hdf5/src/H5FDstdio_int.c:52
  NEW_FUNC: 0x55804bb20f50 in H5FS_init /src/hdf5/src/H5FSint.c:80
  NEW_FUNC: 0x55804bb3e800 in H5G_init /src/hdf5/src/H5Gint.c:134
  NEW_FUNC: 0x55804bb3e930 in H5G__init_package /src/hdf5/src/H5Gint.c:165
  NEW_FUNC: 0x55804bb4f3a0 in H5G_name_free /src/hdf5/src/H5Gname.c:536
  NEW_FUNC: 0x55804bb4f7a0 in H5G_name_reset /src/hdf5/src/H5Gname.c:513
  NEW_FUNC: 0x55804bbdff70 in H5L_init /src/hdf5/src/H5Lint.c:206
  NEW_FUNC: 0x55804bbe00a0 in H5L__init_package /src/hdf5/src/H5Lint.c:227
  NEW_FUNC: 0x55804bbe05d0 in H5L_register /src/hdf5/src/H5Lint.c:344
  NEW_FUNC: 0x55804bbeaae0 in H5M_init /src/hdf5/src/H5M.c:94
  NEW_FUNC: 0x55804bbeac10 in H5M__init_package /src/hdf5/src/H5M.c:117
  NEW_FUNC: 0x55804bc5d3d0 in H5O__fill_copy /src/hdf5/src/H5Ofill.c:534
  NEW_FUNC: 0x55804bc69f00 in H5O_init /src/hdf5/src/H5Oint.c:192
  NEW_FUNC: 0x55804bc73fe0 in H5O_loc_reset /src/hdf5/src/H5Oint.c:1804
  NEW_FUNC: 0x55804bc80820 in H5O__layout_copy /src/hdf5/src/H5Olayout.c:750
  NEW_FUNC: 0x55804bc8f160 in H5O_msg_copy /src/hdf5/src/H5Omessage.c:665
  NEW_FUNC: 0x55804bc941d0 in H5O_msg_reset_share /src/hdf5/src/H5Omessage.c:1530
  NEW_FUNC: 0x55804bc9c230 in H5O__pline_copy /src/hdf5/src/H5Opline.c:369
  NEW_FUNC: 0x55804bcaa570 in H5P__dacc_reg_prop /src/hdf5/src/H5Pdapl.c:197
  NEW_FUNC: 0x55804bcb61b0 in H5P__dcrt_reg_prop /src/hdf5/src/H5Pdcpl.c:301
  NEW_FUNC: 0x55804bcd4c40 in H5P__dcrt_layout_get /src/hdf5/src/H5Pdcpl.c:391
  NEW_FUNC: 0x55804bcded80 in H5P__dcrt_fill_value_get /src/hdf5/src/H5Pdcpl.c:1098
  NEW_FUNC: 0x55804bce14c0 in H5P__dcrt_ext_file_list_get /src/hdf5/src/H5Pdcpl.c:1476
  NEW_FUNC: 0x55804bce60f0 in H5P__dxfr_reg_prop /src/hdf5/src/H5Pdxpl.c:313
  NEW_FUNC: 0x55804bcf78e0 in H5P__fcrt_reg_prop /src/hdf5/src/H5Pfcpl.c:207
  NEW_FUNC: 0x55804bd053d0 in H5P__fmnt_reg_prop /src/hdf5/src/H5Pfmpl.c:105
  NEW_FUNC: 0x55804bd05580 in H5P__gcrt_reg_prop /src/hdf5/src/H5Pgcpl.c:114
  NEW_FUNC: 0x55804bd287b0 in H5S_init /src/hdf5/src/H5S.c:114
  NEW_FUNC: 0x55804bd288e0 in H5S__init_package /src/hdf5/src/H5S.c:136
  NEW_FUNC: 0x55804bdd39d0 in H5VL_pass_through_init /src/hdf5/src/H5VLpassthru.c:427
  NEW_FUNC: 0x55804beb7f00 in H5L_register_external /src/hdf5/src/H5Lexternal.c:318
  NEW_FUNC: 0x55804bed80f0 in H5O__efl_copy /src/hdf5/src/H5Oefl.c:269
[redacted — crash / sanitizer detail]
