INFO: Running with entropic power schedule (0xFF, 100).
INFO: Seed: 2068929781
INFO: Loaded 1 modules   (123129 inline 8-bit counters): 123129 [0x561d1558cb20, 0x561d155aac19), 
INFO: Loaded 1 PC tables (123129 PCs): 123129 [0x561d155aac20,0x561d1578bbb0), 
INFO: -fork=5: fuzzing in separate process(s)
INFO: -fork=5: 0 seed inputs, starting to fuzz in /tmp/libFuzzerTemp.FuzzWithFork6566.dir
#326: cov: 0 ft: 0 corp: 0 exec/s: 163 oom/timeout/crash: 0/0/0 time: 2s job: 1 dft_time: 0
  NEW_FUNC: 0x561d147246b0 in LLVMFuzzerTestOneInput /src/h5_obj_visit_fuzzer.c:140
  NEW_FUNC: 0x561d1472c1b0 in H5Eset_auto2 /src/hdf5/src/H5E.c:767
  NEW_FUNC: 0x561d1472e950 in H5E_init /src/hdf5/src/H5Eint.c:217
  NEW_FUNC: 0x561d1472eae0 in H5E__init_package /src/hdf5/src/H5Eint.c:241
  NEW_FUNC: 0x561d147334a0 in H5E_printf_stack /src/hdf5/src/H5Eint.c:1547
  NEW_FUNC: 0x561d14734890 in H5E_clear_stack /src/hdf5/src/H5Eint.c:1844
  NEW_FUNC: 0x561d14734b50 in H5E_user_cb_prepare /src/hdf5/src/H5Eint.c:367
  NEW_FUNC: 0x561d14734e70 in H5E_user_cb_restore /src/hdf5/src/H5Eint.c:406
  NEW_FUNC: 0x561d14738d70 in H5E__get_auto /src/hdf5/src/H5Eint.c:1453
  NEW_FUNC: 0x561d14739170 in H5E__set_auto /src/hdf5/src/H5Eint.c:1523
  NEW_FUNC: 0x561d14739810 in H5E__clear_entries /src/hdf5/src/H5Eint.c:1775
  NEW_FUNC: 0x561d14739e50 in H5E_dump_api_stack /src/hdf5/src/H5Eint.c:1939
  NEW_FUNC: 0x561d147408e0 in H5Fopen /src/hdf5/src/H5F.c:813
  NEW_FUNC: 0x561d14741030 in H5F__open_api_common /src/hdf5/src/H5F.c:739
  NEW_FUNC: 0x561d14755f50 in H5F_init /src/hdf5/src/H5Fint.c:138
  NEW_FUNC: 0x561d14756080 in H5F__init_package /src/hdf5/src/H5Fint.c:161
  NEW_FUNC: 0x561d147561d0 in H5F__parse_file_lock_env_var /src/hdf5/src/H5Fint.c:276
  NEW_FUNC: 0x561d1475aa50 in H5F_open /src/hdf5/src/H5Fint.c:1827
  NEW_FUNC: 0x561d1475de70 in H5F__new /src/hdf5/src/H5Fint.c:1132
  NEW_FUNC: 0x561d14761a60 in H5F__dest /src/hdf5/src/H5Fint.c:1405
  NEW_FUNC: 0x561d14768770 in H5F_set_retries /src/hdf5/src/H5Fint.c:3485
  NEW_FUNC: 0x561d1476dbc0 in H5F__set_vol_conn /src/hdf5/src/H5Fint.c:315
  NEW_FUNC: 0x561d14774b30 in H5F_get_intent /src/hdf5/src/H5Fquery.c:97
  NEW_FUNC: 0x561d14775410 in H5F_grp_btree_shared /src/hdf5/src/H5Fquery.c:672
  NEW_FUNC: 0x561d14776700 in H5F_use_mdc_logging /src/hdf5/src/H5Fquery.c:1122
  NEW_FUNC: 0x561d14776f30 in H5F__sfile_add /src/hdf5/src/H5Fsfile.c:94
  NEW_FUNC: 0x561d14777110 in H5F__sfile_search /src/hdf5/src/H5Fsfile.c:130
  NEW_FUNC: 0x561d147772d0 in H5F__sfile_remove /src/hdf5/src/H5Fsfile.c:165
  NEW_FUNC: 0x561d14777be0 in H5F__super_read /src/hdf5/src/H5Fsuper.c:307
  NEW_FUNC: 0x561d14788100 in H5FD_init /src/hdf5/src/H5FD.c:110
  NEW_FUNC: 0x561d14788230 in H5FD__init_package /src/hdf5/src/H5FD.c:131
  NEW_FUNC: 0x561d14789770 in H5FD_register /src/hdf5/src/H5FD.c:388
  NEW_FUNC: 0x561d1478aba0 in H5FD_get_class /src/hdf5/src/H5FD.c:527
  NEW_FUNC: 0x561d1478d2d0 in H5FD_open /src/hdf5/src/H5FD.c:891
  NEW_FUNC: 0x561d1478e360 in H5FD__query /src/hdf5/src/H5FD.c:1213
  NEW_FUNC: 0x561d1478ee40 in H5FD_close /src/hdf5/src/H5FD.c:1055
  NEW_FUNC: 0x561d14792e50 in H5FD_get_maxaddr /src/hdf5/src/H5FD.c:1498
  NEW_FUNC: 0x561d14793030 in H5FD_get_feature_flags /src/hdf5/src/H5FD.c:1524
  NEW_FUNC: 0x561d14793170 in H5FD_get_fs_type_map /src/hdf5/src/H5FD.c:1571
  NEW_FUNC: 0x561d1479cb50 in H5FD_lock /src/hdf5/src/H5FD.c:2613
  NEW_FUNC: 0x561d147a0b50 in H5FD__core_register /src/hdf5/src/H5FDcore.c:454
  NEW_FUNC: 0x561d147a9350 in H5FD__family_register /src/hdf5/src/H5FDfamily.c:279
  NEW_FUNC: 0x561d147b0bb0 in H5FD_locate_signature /src/hdf5/src/H5FDint.c:149
  NEW_FUNC: 0x561d147b12a0 in H5FD_get_eof /src/hdf5/src/H5FDint.c:2491
  NEW_FUNC: 0x561d147b1900 in H5FD_get_eoa /src/hdf5/src/H5FDint.c:2449
  NEW_FUNC: 0x561d147b1ed0 in H5FD_set_eoa /src/hdf5/src/H5FDint.c:2409
  NEW_FUNC: 0x561d147b2490 in H5FD_read /src/hdf5/src/H5FDint.c:214
  NEW_FUNC: 0x561d147c1e40 in H5FD_driver_query /src/hdf5/src/H5FDint.c:2533
  NEW_FUNC: 0x561d147c7420 in H5FD__log_register /src/hdf5/src/H5FDlog.c:215
  NEW_FUNC: 0x561d147ce7c0 in H5FD__multi_register /src/hdf5/src/H5FDmulti_int.c:52
  NEW_FUNC: 0x561d147ce8f0 in H5FD__onion_register /src/hdf5/src/H5FDonion.c:226
  NEW_FUNC: 0x561d147e48c0 in H5FD__sec2_register /src/hdf5/src/H5FDsec2.c:174
  NEW_FUNC: 0x561d147e5180 in H5FD__sec2_open /src/hdf5/src/H5FDsec2.c:249
  NEW_FUNC: 0x561d147e5d60 in H5FD__sec2_close /src/hdf5/src/H5FDsec2.c:378
  NEW_FUNC: 0x561d147e6150 in H5FD__sec2_query /src/hdf5/src/H5FDsec2.c:462
  NEW_FUNC: 0x561d147e62a0 in H5FD__sec2_get_eoa /src/hdf5/src/H5FDsec2.c:508
  NEW_FUNC: 0x561d147e62d0 in H5FD__sec2_set_eoa /src/hdf5/src/H5FDsec2.c:529
  NEW_FUNC: 0x561d147e6390 in H5FD__sec2_get_eof /src/hdf5/src/H5FDsec2.c:553
  NEW_FUNC: 0x561d147e6540 in H5FD__sec2_read /src/hdf5/src/H5FDsec2.c:603
  NEW_FUNC: 0x561d147e7530 in H5FD__sec2_lock /src/hdf5/src/H5FDsec2.c:889
  NEW_FUNC: 0x561d147eaa20 in H5FD__splitter_register /src/hdf5/src/H5FDsplitter.c:177
  NEW_FUNC: 0x561d147f27e0 in H5FD__stdio_register /src/hdf5/src/H5FDstdio_int.c:52
  NEW_FUNC: 0x561d147f3920 in H5FL_reg_free /src/hdf5/src/H5FL.c:277
  NEW_FUNC: 0x561d147f3f30 in H5FL_reg_malloc /src/hdf5/src/H5FL.c:334
  NEW_FUNC: 0x561d147f45c0 in H5FL_reg_calloc /src/hdf5/src/H5FL.c:386
  NEW_FUNC: 0x561d147f88d0 in H5FL_fac_init /src/hdf5/src/H5FL.c:1695
  NEW_FUNC: 0x561d147f8db0 in H5FL_fac_free /src/hdf5/src/H5FL.c:1758
  NEW_FUNC: 0x561d147f93c0 in H5FL_fac_malloc /src/hdf5/src/H5FL.c:1814
  NEW_FUNC: 0x561d147fa8f0 in H5FO_create /src/hdf5/src/H5FO.c:72
  NEW_FUNC: 0x561d147fb440 in H5FO_dest /src/hdf5/src/H5FO.c:341
  NEW_FUNC: 0x561d147fb670 in H5FO_top_create /src/hdf5/src/H5FO.c:385
  NEW_FUNC: 0x561d147fbef0 in H5FO_top_dest /src/hdf5/src/H5FO.c:569
  NEW_FUNC: 0x561d147ff2a0 in H5G_init /src/hdf5/src/H5Gint.c:134
  NEW_FUNC: 0x561d147ff3d0 in H5G__init_package /src/hdf5/src/H5Gint.c:165
  NEW_FUNC: 0x561d1480fe40 in H5G_name_free /src/hdf5/src/H5Gname.c:536
  NEW_FUNC: 0x561d14810240 in H5G_name_reset /src/hdf5/src/H5Gname.c:513
  NEW_FUNC: 0x561d14819100 in H5G_node_close /src/hdf5/src/H5Gnode.c:1112
  NEW_FUNC: 0x561d1483be90 in H5I_register_type /src/hdf5/src/H5Iint.c:242
  NEW_FUNC: 0x561d1483dc80 in H5I__register /src/hdf5/src/H5Iint.c:581
  NEW_FUNC: 0x561d1483f750 in H5I_register /src/hdf5/src/H5Iint.c:639
  NEW_FUNC: 0x561d148414d0 in H5I__find_id /src/hdf5/src/H5Iint.c:1666
  NEW_FUNC: 0x561d148420a0 in H5I_object /src/hdf5/src/H5Iint.c:779
  NEW_FUNC: 0x561d148421e0 in H5I_object_verify /src/hdf5/src/H5Iint.c:807
  NEW_FUNC: 0x561d14842360 in H5I_get_type /src/hdf5/src/H5Iint.c:840
  NEW_FUNC: 0x561d14842c90 in H5I__remove_common /src/hdf5/src/H5Iint.c:944
  NEW_FUNC: 0x561d14843880 in H5I_dec_ref /src/hdf5/src/H5Iint.c:1115
  NEW_FUNC: 0x561d14843a30 in H5I__dec_ref /src/hdf5/src/H5Iint.c:1036
  NEW_FUNC: 0x561d14844da0 in H5I_inc_ref /src/hdf5/src/H5Iint.c:1357
  NEW_FUNC: 0x561d1485a1c0 in H5L_init /src/hdf5/src/H5Lint.c:206
  NEW_FUNC: 0x561d1485a2f0 in H5L__init_package /src/hdf5/src/H5Lint.c:227
  NEW_FUNC: 0x561d1485a820 in H5L_register /src/hdf5/src/H5Lint.c:344
  NEW_FUNC: 0x561d14864d30 in H5MF_init_merge_flags /src/hdf5/src/H5MF.c:137
  NEW_FUNC: 0x561d14881190 in H5MM_realloc /src/hdf5/src/H5MM.c:77
  NEW_FUNC: 0x561d14881220 in H5MM_xstrdup /src/hdf5/src/H5MM.c:109
  NEW_FUNC: 0x561d148812e0 in H5MM_strdup /src/hdf5/src/H5MM.c:136
  NEW_FUNC: 0x561d14881540 in H5MM_xfree /src/hdf5/src/H5MM.c:197
  NEW_FUNC: 0x561d14881570 in H5MM_xfree_const /src/hdf5/src/H5MM.c:219
  NEW_FUNC: 0x561d148a7e30 in H5O_init /src/hdf5/src/H5Oint.c:192
  NEW_FUNC: 0x561d148b1f10 in H5O_loc_reset /src/hdf5/src/H5Oint.c:1804
  NEW_FUNC: 0x561d148be750 in H5O__layout_copy /src/hdf5/src/H5Olayout.c:750
  NEW_FUNC: 0x561d148cc360 in H5O_msg_reset /src/hdf5/src/H5Omessage.c:516
  NEW_FUNC: 0x561d148cd090 in H5O_msg_copy /src/hdf5/src/H5Omessage.c:665
  NEW_FUNC: 0x561d148d2100 in H5O_msg_reset_share /src/hdf5/src/H5Omessage.c:1530
  NEW_FUNC: 0x561d148da160 in H5O__pline_copy /src/hdf5/src/H5Opline.c:369
  NEW_FUNC: 0x561d148db6d0 in H5O__pline_reset /src/hdf5/src/H5Opline.c:521
  NEW_FUNC: 0x561d148e84a0 in H5P__dacc_reg_prop /src/hdf5/src/H5Pdapl.c:197
  NEW_FUNC: 0x561d148f8920 in H5P__facc_reg_prop /src/hdf5/src/H5Pfapl.c:553
  NEW_FUNC: 0x561d148fade0 in H5P__facc_set_def_driver /src/hdf5/src/H5Pfapl.c:860
  NEW_FUNC: 0x561d14916950 in H5P_set_vol /src/hdf5/src/H5Pfapl.c:5979
  NEW_FUNC: 0x561d14916ea0 in H5P_reset_vol_class /src/hdf5/src/H5Pfapl.c:6020
  NEW_FUNC: 0x561d14924350 in H5P__facc_file_driver_create /src/hdf5/src/H5Pfapl.c:1765
  NEW_FUNC: 0x561d14929b00 in H5P__facc_vol_create /src/hdf5/src/H5Pfapl.c:6238
  NEW_FUNC: 0x561d14929c80 in H5P__facc_vol_set /src/hdf5/src/H5Pfapl.c:6264
  NEW_FUNC: 0x561d14929f80 in H5P__facc_vol_del /src/hdf5/src/H5Pfapl.c:6322
  NEW_FUNC: 0x561d1492a5d0 in H5P__file_driver_copy /src/hdf5/src/H5Pfapl.c:1658
  NEW_FUNC: 0x561d1492c240 in H5P_init_phase1 /src/hdf5/src/H5Pint.c:424
  NEW_FUNC: 0x561d1492c410 in H5P__init_package /src/hdf5/src/H5Pint.c:475
  NEW_FUNC: 0x561d1492d010 in H5P_init_phase2 /src/hdf5/src/H5Pint.c:450
  NEW_FUNC: 0x561d1492d330 in H5P__create_class /src/hdf5/src/H5Pint.c:1781
  NEW_FUNC: 0x561d1492da00 in H5P_create_id /src/hdf5/src/H5Pint.c:2014
  NEW_FUNC: 0x561d1492f6e0 in H5P__dup_prop /src/hdf5/src/H5Pint.c:1179
  NEW_FUNC: 0x561d1492fd40 in H5P_copy_plist /src/hdf5/src/H5Pint.c:938
  NEW_FUNC: 0x561d14931d80 in H5P__do_prop_cb1 /src/hdf5/src/H5Pint.c:789
  NEW_FUNC: 0x561d14932690 in H5P__access_class /src/hdf5/src/H5Pint.c:1630
  NEW_FUNC: 0x561d14932c40 in H5P_close /src/hdf5/src/H5Pint.c:5285
  NEW_FUNC: 0x561d14933f40 in H5P__free_prop_cb /src/hdf5/src/H5Pint.c:1547
  NEW_FUNC: 0x561d149343f0 in H5P__register_real /src/hdf5/src/H5Pint.c:2257
  NEW_FUNC: 0x561d149349f0 in H5P__create_prop /src/hdf5/src/H5Pint.c:1293
  NEW_FUNC: 0x561d14936530 in H5P__do_prop /src/hdf5/src/H5Pint.c:2818
  NEW_FUNC: 0x561d14937180 in H5P_set /src/hdf5/src/H5Pint.c:3237
  NEW_FUNC: 0x561d149375d0 in H5P__set_plist_cb /src/hdf5/src/H5Pint.c:3050
  NEW_FUNC: 0x561d14938a50 in H5P__class_get /src/hdf5/src/H5Pint.c:3284
  NEW_FUNC: 0x561d14938cc0 in H5P__class_set /src/hdf5/src/H5Pint.c:3339
  NEW_FUNC: 0x561d14939b00 in H5P__cmp_class /src/hdf5/src/H5Pint.c:3808
  NEW_FUNC: 0x561d1493c150 in H5P_isa_class /src/hdf5/src/H5Pint.c:4129
  NEW_FUNC: 0x561d1493ddf0 in H5P_peek /src/hdf5/src/H5Pint.c:4662
  NEW_FUNC: 0x561d1493e230 in H5P__peek_cb /src/hdf5/src/H5Pint.c:4614
  NEW_FUNC: 0x561d1493e410 in H5P_get /src/hdf5/src/H5Pint.c:4784
  NEW_FUNC: 0x561d1493e850 in H5P__get_cb /src/hdf5/src/H5Pint.c:4706
  NEW_FUNC: 0x561d149433e0 in H5P__close_list_cb /src/hdf5/src/H5Pint.c:748
  NEW_FUNC: 0x561d14943550 in H5P__lacc_reg_prop /src/hdf5/src/H5Plapl.c:184
  NEW_FUNC: 0x561d1494b970 in H5P__lcrt_reg_prop /src/hdf5/src/H5Plcpl.c:108
  NEW_FUNC: 0x561d1494c910 in H5P__macc_reg_prop /src/hdf5/src/H5Pmapl.c:107
  NEW_FUNC: 0x561d1494cc80 in H5P__mcrt_reg_prop /src/hdf5/src/H5Pmcpl.c:96
  NEW_FUNC: 0x561d1494cc90 in H5P__ocrt_reg_prop /src/hdf5/src/H5Pocpl.c:147
  NEW_FUNC: 0x561d14957c30 in H5P__ocrt_pipeline_get /src/hdf5/src/H5Pocpl.c:1234
  NEW_FUNC: 0x561d1495b030 in H5P__ocrt_pipeline_copy /src/hdf5/src/H5Pocpl.c:1477
  NEW_FUNC: 0x561d1495bae0 in H5P__ocrt_pipeline_close /src/hdf5/src/H5Pocpl.c:1604
  NEW_FUNC: 0x561d1495bc60 in H5P__ocpy_reg_prop /src/hdf5/src/H5Pocpypl.c:149
  NEW_FUNC: 0x561d149607b0 in H5P__strcrt_reg_prop /src/hdf5/src/H5Pstrcpl.c:112
  NEW_FUNC: 0x561d149631d0 in H5PB_dest /src/hdf5/src/H5PB.c:450
  NEW_FUNC: 0x561d1496ac60 in H5PL__init_package /src/hdf5/src/H5PLint.c:136
  NEW_FUNC: 0x561d1496c690 in H5PL_iterate /src/hdf5/src/H5PLint.c:525
  NEW_FUNC: 0x561d1496c870 in H5PL__create_path_table /src/hdf5/src/H5PLpath.c:231
  NEW_FUNC: 0x561d1496d1e0 in H5PL__insert_at /src/hdf5/src/H5PLpath.c:104
  NEW_FUNC: 0x561d1496e420 in H5PL__path_table_iterate /src/hdf5/src/H5PLpath.c:568
  NEW_FUNC: 0x561d1496fcc0 in H5PL__create_plugin_cache /src/hdf5/src/H5PLplugin_cache.c:99
  NEW_FUNC: 0x561d14974000 in H5S_init /src/hdf5/src/H5S.c:114
  NEW_FUNC: 0x561d14974130 in H5S__init_package /src/hdf5/src/H5S.c:136
  NEW_FUNC: 0x561d1499aef0 in H5SL__init_package /src/hdf5/src/H5SL.c:544
  NEW_FUNC: 0x561d1499b140 in H5SL_create /src/hdf5/src/H5SL.c:931
  NEW_FUNC: 0x561d1499b510 in H5SL__new_node /src/hdf5/src/H5SL.c:641
  NEW_FUNC: 0x561d1499b810 in H5SL_count /src/hdf5/src/H5SL.c:1001
  NEW_FUNC: 0x561d1499b840 in H5SL_insert /src/hdf5/src/H5SL.c:1036
  NEW_FUNC: 0x561d1499b970 in H5SL__insert_common /src/hdf5/src/H5SL.c:688
  NEW_FUNC: 0x561d149baf90 in H5SL_search /src/hdf5/src/H5SL.c:1314
  NEW_FUNC: 0x561d149cce50 in H5SL_first /src/hdf5/src/H5SL.c:1896
  NEW_FUNC: 0x561d149cceb0 in H5SL_next /src/hdf5/src/H5SL.c:1929
  NEW_FUNC: 0x561d149ccfb0 in H5SL_item /src/hdf5/src/H5SL.c:2029
  NEW_FUNC: 0x561d149cd360 in H5SL__release_common /src/hdf5/src/H5SL.c:806
  NEW_FUNC: 0x561d149cdb30 in H5SL_destroy /src/hdf5/src/H5SL.c:2232
  NEW_FUNC: 0x561d149cdc70 in H5SL__close_common /src/hdf5/src/H5SL.c:885
  NEW_FUNC: 0x561d149cded0 in H5SL_close /src/hdf5/src/H5SL.c:2272
  NEW_FUNC: 0x561d149e37c0 in H5T_init /src/hdf5/src/H5T.c:794
  NEW_FUNC: 0x561d149e38f0 in H5T__init_package /src/hdf5/src/H5T.c:1025
  NEW_FUNC: 0x561d149f2170 in H5T_copy /src/hdf5/src/H5T.c:4430
  NEW_FUNC: 0x561d149f27a0 in H5T__alloc /src/hdf5/src/H5T.c:4649
  NEW_FUNC: 0x561d149f2aa0 in H5T_set_loc /src/hdf5/src/H5T.c:6907
  NEW_FUNC: 0x561d149f3c40 in H5T__create /src/hdf5/src/H5T.c:3997
  NEW_FUNC: 0x561d149f4900 in H5T__register_int /src/hdf5/src/H5T.c:3201
  NEW_FUNC: 0x561d149f4a50 in H5T__init_inf /src/hdf5/src/H5T.c:817
  NEW_FUNC: 0x561d149f6930 in H5T_close_real /src/hdf5/src/H5T.c:4787
  NEW_FUNC: 0x561d149fa860 in H5T_cmp /src/hdf5/src/H5T.c:5133
  NEW_FUNC: 0x561d14a03ca0 in H5T__register /src/hdf5/src/H5T.c:3245
  NEW_FUNC: 0x561d14a0b730 in H5T__initiate_copy /src/hdf5/src/H5T.c:4124
  NEW_FUNC: 0x561d14a0bc70 in H5T__copy_all /src/hdf5/src/H5T.c:4200
  NEW_FUNC: 0x561d14a0bda0 in H5T__complete_copy /src/hdf5/src/H5T.c:4229
  NEW_FUNC: 0x561d14a0e5f0 in H5T__free /src/hdf5/src/H5T.c:4699
  NEW_FUNC: 0x561d14a0fc00 in H5T__path_find_real /src/hdf5/src/H5T.c:5755
  NEW_FUNC: 0x561d14a18190 in H5T__array_create /src/hdf5/src/H5Tarray.c:133
  NEW_FUNC: 0x561d14a1c4e0 in H5T__bit_set /src/hdf5/src/H5Tbit.c:328
  NEW_FUNC: 0x561d14a2af10 in H5T__complex_create /src/hdf5/src/H5Tcomplex.c:111
  NEW_FUNC: 0x561d14a33600 in H5T__conv_noop /src/hdf5/src/H5Tconv.c:242
  NEW_FUNC: 0x561d14a45db0 in H5T__conv_fcomplex_schar /src/hdf5/src/H5Tconv_complex.c:1436
  NEW_FUNC: 0x561d14a49c70 in H5T__conv_fcomplex_uchar /src/hdf5/src/H5Tconv_complex.c:1455
  NEW_FUNC: 0x561d14a4dae0 in H5T__conv_fcomplex_short /src/hdf5/src/H5Tconv_complex.c:1474
  NEW_FUNC: 0x561d14a51c30 in H5T__conv_fcomplex_ushort /src/hdf5/src/H5Tconv_complex.c:1493
  NEW_FUNC: 0x561d14a55d10 in H5T__conv_fcomplex_int /src/hdf5/src/H5Tconv_complex.c:1512
  NEW_FUNC: 0x561d14a59ef0 in H5T__conv_fcomplex_uint /src/hdf5/src/H5Tconv_complex.c:1531
  NEW_FUNC: 0x561d14a5dfd0 in H5T__conv_fcomplex_long /src/hdf5/src/H5Tconv_complex.c:1550
  NEW_FUNC: 0x561d14a61b50 in H5T__conv_fcomplex_ulong /src/hdf5/src/H5Tconv_complex.c:1569
  NEW_FUNC: 0x561d14a6d0f0 in H5T__conv_fcomplex_float /src/hdf5/src/H5Tconv_complex.c:1649
  NEW_FUNC: 0x561d14a72180 in H5T__conv_fcomplex_double /src/hdf5/src/H5Tconv_complex.c:1666
  NEW_FUNC: 0x561d14a74950 in H5T__conv_fcomplex_ldouble /src/hdf5/src/H5Tconv_complex.c:1683
  NEW_FUNC: 0x561d14a78120 in H5T__conv_fcomplex_dcomplex /src/hdf5/src/H5Tconv_complex.c:1701
  NEW_FUNC: 0x561d14a7b780 in H5T__conv_fcomplex_lcomplex /src/hdf5/src/H5Tconv_complex.c:1719
  NEW_FUNC: 0x561d14a7f320 in H5T__conv_dcomplex_schar /src/hdf5/src/H5Tconv_complex.c:1736
  NEW_FUNC: 0x561d14a82d40 in H5T__conv_dcomplex_uchar /src/hdf5/src/H5Tconv_complex.c:1755
  NEW_FUNC: 0x561d14a86720 in H5T__conv_dcomplex_short /src/hdf5/src/H5Tconv_complex.c:1774
  NEW_FUNC: 0x561d14a8a290 in H5T__conv_dcomplex_ushort /src/hdf5/src/H5Tconv_complex.c:1794
  NEW_FUNC: 0x561d14a8dd90 in H5T__conv_dcomplex_int /src/hdf5/src/H5Tconv_complex.c:1813
  NEW_FUNC: 0x561d14a91940 in H5T__conv_dcomplex_uint /src/hdf5/src/H5Tconv_complex.c:1832
  NEW_FUNC: 0x561d14a95450 in H5T__conv_dcomplex_long /src/hdf5/src/H5Tconv_complex.c:1851
  NEW_FUNC: 0x561d14a98f90 in H5T__conv_dcomplex_ulong /src/hdf5/src/H5Tconv_complex.c:1870
  NEW_FUNC: 0x561d14aa4410 in H5T__conv_dcomplex_float /src/hdf5/src/H5Tconv_complex.c:1950
  NEW_FUNC: 0x561d14aa7410 in H5T__conv_dcomplex_double /src/hdf5/src/H5Tconv_complex.c:1967
  NEW_FUNC: 0x561d14aabd90 in H5T__conv_dcomplex_ldouble /src/hdf5/src/H5Tconv_complex.c:1984
  NEW_FUNC: 0x561d14aae9a0 in H5T__conv_dcomplex_fcomplex /src/hdf5/src/H5Tconv_complex.c:2002
  NEW_FUNC: 0x561d14ab2160 in H5T__conv_dcomplex_lcomplex /src/hdf5/src/H5Tconv_complex.c:2020
  NEW_FUNC: 0x561d14ab5b30 in H5T__conv_lcomplex_schar /src/hdf5/src/H5Tconv_complex.c:2038
  NEW_FUNC: 0x561d14ab9a50 in H5T__conv_lcomplex_uchar /src/hdf5/src/H5Tconv_complex.c:2058
  NEW_FUNC: 0x561d14abd930 in H5T__conv_lcomplex_short /src/hdf5/src/H5Tconv_complex.c:2077
  NEW_FUNC: 0x561d14ac19f0 in H5T__conv_lcomplex_ushort /src/hdf5/src/H5Tconv_complex.c:2097
  NEW_FUNC: 0x561d14ac5a00 in H5T__conv_lcomplex_int /src/hdf5/src/H5Tconv_complex.c:2116
  NEW_FUNC: 0x561d14ac9a90 in H5T__conv_lcomplex_uint /src/hdf5/src/H5Tconv_complex.c:2136
  NEW_FUNC: 0x561d14acda40 in H5T__conv_lcomplex_long /src/hdf5/src/H5Tconv_complex.c:2155
  NEW_FUNC: 0x561d14ad1af0 in H5T__conv_lcomplex_ulong /src/hdf5/src/H5Tconv_complex.c:2175
  NEW_FUNC: 0x561d14addda0 in H5T__conv_lcomplex_float /src/hdf5/src/H5Tconv_complex.c:2262
  NEW_FUNC: 0x561d14ae10b0 in H5T__conv_lcomplex_double /src/hdf5/src/H5Tconv_complex.c:2279
  NEW_FUNC: 0x561d14ae4150 in H5T__conv_lcomplex_ldouble /src/hdf5/src/H5Tconv_complex.c:2297
  NEW_FUNC: 0x561d14aea5b0 in H5T__conv_lcomplex_fcomplex /src/hdf5/src/H5Tconv_complex.c:2315
  NEW_FUNC: 0x561d14aee2a0 in H5T__conv_lcomplex_dcomplex /src/hdf5/src/H5Tconv_complex.c:2333
  NEW_FUNC: 0x561d14b07200 in H5T__conv_float_schar /src/hdf5/src/H5Tconv_float.c:1741
  NEW_FUNC: 0x561d14b0b200 in H5T__conv_float_uchar /src/hdf5/src/H5Tconv_float.c:1761
  NEW_FUNC: 0x561d14b0f1b0 in H5T__conv_float_short /src/hdf5/src/H5Tconv_float.c:1781
  NEW_FUNC: 0x561d14b13400 in H5T__conv_float_ushort /src/hdf5/src/H5Tconv_float.c:1801
  NEW_FUNC: 0x561d14b175d0 in H5T__conv_float_int /src/hdf5/src/H5Tconv_float.c:1821
  NEW_FUNC: 0x561d14b1b1d0 in H5T__conv_float_uint /src/hdf5/src/H5Tconv_float.c:1841
  NEW_FUNC: 0x561d14b1ed90 in H5T__conv_float_long /src/hdf5/src/H5Tconv_float.c:1861
  NEW_FUNC: 0x561d14b23020 in H5T__conv_float_ulong /src/hdf5/src/H5Tconv_float.c:1881
  NEW_FUNC: 0x561d14b2faf0 in H5T__conv_float_double /src/hdf5/src/H5Tconv_float.c:1964
  NEW_FUNC: 0x561d14b32c50 in H5T__conv_float_ldouble /src/hdf5/src/H5Tconv_float.c:1982
  NEW_FUNC: 0x561d14b36420 in H5T__conv_float_fcomplex /src/hdf5/src/H5Tconv_float.c:2002
  NEW_FUNC: 0x561d14b39bc0 in H5T__conv_float_dcomplex /src/hdf5/src/H5Tconv_float.c:2021
  NEW_FUNC: 0x561d14b3dd20 in H5T__conv_float_lcomplex /src/hdf5/src/H5Tconv_float.c:2040
  NEW_FUNC: 0x561d14b42db0 in H5T__conv_double_schar /src/hdf5/src/H5Tconv_float.c:2059
  NEW_FUNC: 0x561d14b46d80 in H5T__conv_double_uchar /src/hdf5/src/H5Tconv_float.c:2079
  NEW_FUNC: 0x561d14b4ad10 in H5T__conv_double_short /src/hdf5/src/H5Tconv_float.c:2099
  NEW_FUNC: 0x561d14b4ef20 in H5T__conv_double_ushort /src/hdf5/src/H5Tconv_float.c:2119
  NEW_FUNC: 0x561d14b530d0 in H5T__conv_double_int /src/hdf5/src/H5Tconv_float.c:2139
  NEW_FUNC: 0x561d14b572f0 in H5T__conv_double_uint /src/hdf5/src/H5Tconv_float.c:2159
  NEW_FUNC: 0x561d14b5b4b0 in H5T__conv_double_long /src/hdf5/src/H5Tconv_float.c:2179
  NEW_FUNC: 0x561d14b5f180 in H5T__conv_double_ulong /src/hdf5/src/H5Tconv_float.c:2199
  NEW_FUNC: 0x561d14b6a9b0 in H5T__conv_double_float /src/hdf5/src/H5Tconv_float.c:2282
  NEW_FUNC: 0x561d14b6dad0 in H5T__conv_double_ldouble /src/hdf5/src/H5Tconv_float.c:2300
  NEW_FUNC: 0x561d14b71120 in H5T__conv_double_fcomplex /src/hdf5/src/H5Tconv_float.c:2320
  NEW_FUNC: 0x561d14b743c0 in H5T__conv_double_dcomplex /src/hdf5/src/H5Tconv_float.c:2339
  NEW_FUNC: 0x561d14b772b0 in H5T__conv_double_lcomplex /src/hdf5/src/H5Tconv_float.c:2358
  NEW_FUNC: 0x561d14b7c000 in H5T__conv_ldouble_schar /src/hdf5/src/H5Tconv_float.c:2377
  NEW_FUNC: 0x561d14b800a0 in H5T__conv_ldouble_uchar /src/hdf5/src/H5Tconv_float.c:2397
  NEW_FUNC: 0x561d14b84100 in H5T__conv_ldouble_short /src/hdf5/src/H5Tconv_float.c:2417
  NEW_FUNC: 0x561d14b883a0 in H5T__conv_ldouble_ushort /src/hdf5/src/H5Tconv_float.c:2437
  NEW_FUNC: 0x561d14b8c560 in H5T__conv_ldouble_int /src/hdf5/src/H5Tconv_float.c:2457
  NEW_FUNC: 0x561d14b90780 in H5T__conv_ldouble_uint /src/hdf5/src/H5Tconv_float.c:2477
  NEW_FUNC: 0x561d14b94a10 in H5T__conv_ldouble_long /src/hdf5/src/H5Tconv_float.c:2497
  NEW_FUNC: 0x561d14b98ce0 in H5T__conv_ldouble_ulong /src/hdf5/src/H5Tconv_float.c:2517
  NEW_FUNC: 0x561d14ba5930 in H5T__conv_ldouble_float /src/hdf5/src/H5Tconv_float.c:2606
  NEW_FUNC: 0x561d14ba8b60 in H5T__conv_ldouble_double /src/hdf5/src/H5Tconv_float.c:2624
  NEW_FUNC: 0x561d14babba0 in H5T__conv_ldouble_fcomplex /src/hdf5/src/H5Tconv_float.c:2644
  NEW_FUNC: 0x561d14baf020 in H5T__conv_ldouble_dcomplex /src/hdf5/src/H5Tconv_float.c:2663
  NEW_FUNC: 0x561d14bb1830 in H5T__conv_ldouble_lcomplex /src/hdf5/src/H5Tconv_float.c:2682
  NEW_FUNC: 0x561d14bbe440 in H5T__conv_schar_uchar /src/hdf5/src/H5Tconv_integer.c:1074
  NEW_FUNC: 0x561d14bc0ac0 in H5T__conv_schar_short /src/hdf5/src/H5Tconv_integer.c:1091
  NEW_FUNC: 0x561d14bc5170 in H5T__conv_schar_ushort /src/hdf5/src/H5Tconv_integer.c:1108
  NEW_FUNC: 0x561d14bc8200 in H5T__conv_schar_int /src/hdf5/src/H5Tconv_integer.c:1125
  NEW_FUNC: 0x561d14bcc8b0 in H5T__conv_schar_uint /src/hdf5/src/H5Tconv_integer.c:1142
  NEW_FUNC: 0x561d14bd6b30 in H5T__conv_schar_llong /src/hdf5/src/H5Tconv_integer.c:1193
  NEW_FUNC: 0x561d14bdae40 in H5T__conv_schar_ullong /src/hdf5/src/H5Tconv_integer.c:1210
  NEW_FUNC: 0x561d14bddd80 in H5T__conv_schar_float /src/hdf5/src/H5Tconv_integer.c:1247
  NEW_FUNC: 0x561d14be3010 in H5T__conv_schar_double /src/hdf5/src/H5Tconv_integer.c:1265
  NEW_FUNC: 0x561d14be7f60 in H5T__conv_schar_ldouble /src/hdf5/src/H5Tconv_integer.c:1283
  NEW_FUNC: 0x561d14bec800 in H5T__conv_schar_fcomplex /src/hdf5/src/H5Tconv_integer.c:1303
  NEW_FUNC: 0x561d14bf1a20 in H5T__conv_schar_dcomplex /src/hdf5/src/H5Tconv_integer.c:1322
  NEW_FUNC: 0x561d14bf5e80 in H5T__conv_schar_lcomplex /src/hdf5/src/H5Tconv_integer.c:1341
  NEW_FUNC: 0x561d14bfb7f0 in H5T__conv_uchar_schar /src/hdf5/src/H5Tconv_integer.c:1359
  NEW_FUNC: 0x561d14bfde60 in H5T__conv_uchar_short /src/hdf5/src/H5Tconv_integer.c:1376
  NEW_FUNC: 0x561d14c02510 in H5T__conv_uchar_ushort /src/hdf5/src/H5Tconv_integer.c:1393
  NEW_FUNC: 0x561d14c06bc0 in H5T__conv_uchar_int /src/hdf5/src/H5Tconv_integer.c:1410
  NEW_FUNC: 0x561d14c0b270 in H5T__conv_uchar_uint /src/hdf5/src/H5Tconv_integer.c:1427
  NEW_FUNC: 0x561d14c17f40 in H5T__conv_uchar_llong /src/hdf5/src/H5Tconv_integer.c:1478
  NEW_FUNC: 0x561d14c1c250 in H5T__conv_uchar_ullong /src/hdf5/src/H5Tconv_integer.c:1495
  NEW_FUNC: 0x561d14c20560 in H5T__conv_uchar_float /src/hdf5/src/H5Tconv_integer.c:1532
  NEW_FUNC: 0x561d14c257f0 in H5T__conv_uchar_double /src/hdf5/src/H5Tconv_integer.c:1550
  NEW_FUNC: 0x561d14c2a740 in H5T__conv_uchar_ldouble /src/hdf5/src/H5Tconv_integer.c:1568
  NEW_FUNC: 0x561d14c2efe0 in H5T__conv_uchar_fcomplex /src/hdf5/src/H5Tconv_integer.c:1588
  NEW_FUNC: 0x561d14c34200 in H5T__conv_uchar_dcomplex /src/hdf5/src/H5Tconv_integer.c:1607
  NEW_FUNC: 0x561d14c38660 in H5T__conv_uchar_lcomplex /src/hdf5/src/H5Tconv_integer.c:1626
  NEW_FUNC: 0x561d14c3dfd0 in H5T__conv_short_schar /src/hdf5/src/H5Tconv_integer.c:1644
  NEW_FUNC: 0x561d14c412a0 in H5T__conv_short_uchar /src/hdf5/src/H5Tconv_integer.c:1661
  NEW_FUNC: 0x561d14c444e0 in H5T__conv_short_ushort /src/hdf5/src/H5Tconv_integer.c:1678
  NEW_FUNC: 0x561d14c47250 in H5T__conv_short_int /src/hdf5/src/H5Tconv_integer.c:1695
  NEW_FUNC: 0x561d14c4c2b0 in H5T__conv_short_uint /src/hdf5/src/H5Tconv_integer.c:1712
  NEW_FUNC: 0x561d14c57520 in H5T__conv_short_llong /src/hdf5/src/H5Tconv_integer.c:1763
  NEW_FUNC: 0x561d14c5c160 in H5T__conv_short_ullong /src/hdf5/src/H5Tconv_integer.c:1780
  NEW_FUNC: 0x561d14c5f400 in H5T__conv_short_float /src/hdf5/src/H5Tconv_integer.c:1817
  NEW_FUNC: 0x561d14c64ee0 in H5T__conv_short_double /src/hdf5/src/H5Tconv_integer.c:1835
  NEW_FUNC: 0x561d14c6a640 in H5T__conv_short_ldouble /src/hdf5/src/H5Tconv_integer.c:1853
  NEW_FUNC: 0x561d14c6f5e0 in H5T__conv_short_fcomplex /src/hdf5/src/H5Tconv_integer.c:1873
  NEW_FUNC: 0x561d14c74f50 in H5T__conv_short_dcomplex /src/hdf5/src/H5Tconv_integer.c:1892
  NEW_FUNC: 0x561d14c79a00 in H5T__conv_short_lcomplex /src/hdf5/src/H5Tconv_integer.c:1911
  NEW_FUNC: 0x561d14c7fb20 in H5T__conv_ushort_schar /src/hdf5/src/H5Tconv_integer.c:1929
  NEW_FUNC: 0x561d14c82c10 in H5T__conv_ushort_uchar /src/hdf5/src/H5Tconv_integer.c:1946
  NEW_FUNC: 0x561d14c85d00 in H5T__conv_ushort_short /src/hdf5/src/H5Tconv_integer.c:1963
  NEW_FUNC: 0x561d14c88a90 in H5T__conv_ushort_int /src/hdf5/src/H5Tconv_integer.c:1980
  NEW_FUNC: 0x561d14c8daf0 in H5T__conv_ushort_uint /src/hdf5/src/H5Tconv_integer.c:1997
  NEW_FUNC: 0x561d14c9c3d0 in H5T__conv_ushort_llong /src/hdf5/src/H5Tconv_integer.c:2048
  NEW_FUNC: 0x561d14ca1010 in H5T__conv_ushort_ullong /src/hdf5/src/H5Tconv_integer.c:2065
  NEW_FUNC: 0x561d14ca5c50 in H5T__conv_ushort_float /src/hdf5/src/H5Tconv_integer.c:2105
  NEW_FUNC: 0x561d14cab730 in H5T__conv_ushort_double /src/hdf5/src/H5Tconv_integer.c:2123
  NEW_FUNC: 0x561d14cb0e90 in H5T__conv_ushort_ldouble /src/hdf5/src/H5Tconv_integer.c:2141
  NEW_FUNC: 0x561d14cb5dd0 in H5T__conv_ushort_fcomplex /src/hdf5/src/H5Tconv_integer.c:2161
  NEW_FUNC: 0x561d14cbb740 in H5T__conv_ushort_dcomplex /src/hdf5/src/H5Tconv_integer.c:2180
  NEW_FUNC: 0x561d14cc01f0 in H5T__conv_ushort_lcomplex /src/hdf5/src/H5Tconv_integer.c:2199
  NEW_FUNC: 0x561d14cc6400 in H5T__conv_int_schar /src/hdf5/src/H5Tconv_integer.c:2217
  NEW_FUNC: 0x561d14cc9630 in H5T__conv_int_uchar /src/hdf5/src/H5Tconv_integer.c:2234
  NEW_FUNC: 0x561d14ccc800 in H5T__conv_int_short /src/hdf5/src/H5Tconv_integer.c:2251
  NEW_FUNC: 0x561d14ccfc90 in H5T__conv_int_ushort /src/hdf5/src/H5Tconv_integer.c:2268
  NEW_FUNC: 0x561d14cd3090 in H5T__conv_int_uint /src/hdf5/src/H5Tconv_integer.c:2285
  NEW_FUNC: 0x561d14cddc50 in H5T__conv_int_llong /src/hdf5/src/H5Tconv_integer.c:2336
  NEW_FUNC: 0x561d14ce2890 in H5T__conv_int_ullong /src/hdf5/src/H5Tconv_integer.c:2353
  NEW_FUNC: 0x561d14ce5af0 in H5T__conv_int_float /src/hdf5/src/H5Tconv_integer.c:2393
  NEW_FUNC: 0x561d14ceab80 in H5T__conv_int_double /src/hdf5/src/H5Tconv_integer.c:2411
  NEW_FUNC: 0x561d14cf0670 in H5T__conv_int_ldouble /src/hdf5/src/H5Tconv_integer.c:2429
  NEW_FUNC: 0x561d14cf5930 in H5T__conv_int_fcomplex /src/hdf5/src/H5Tconv_integer.c:2449
  NEW_FUNC: 0x561d14cfb5b0 in H5T__conv_int_dcomplex /src/hdf5/src/H5Tconv_integer.c:2468
  NEW_FUNC: 0x561d14d00400 in H5T__conv_int_lcomplex /src/hdf5/src/H5Tconv_integer.c:2487
  NEW_FUNC: 0x561d14d068d0 in H5T__conv_uint_schar /src/hdf5/src/H5Tconv_integer.c:2505
  NEW_FUNC: 0x561d14d099b0 in H5T__conv_uint_uchar /src/hdf5/src/H5Tconv_integer.c:2522
  NEW_FUNC: 0x561d14d0caa0 in H5T__conv_uint_short /src/hdf5/src/H5Tconv_integer.c:2539
  NEW_FUNC: 0x561d14d0ff70 in H5T__conv_uint_ushort /src/hdf5/src/H5Tconv_integer.c:2556
  NEW_FUNC: 0x561d14d13440 in H5T__conv_uint_int /src/hdf5/src/H5Tconv_integer.c:2573
  NEW_FUNC: 0x561d14d1fa30 in H5T__conv_uint_llong /src/hdf5/src/H5Tconv_integer.c:2624
  NEW_FUNC: 0x561d14d24670 in H5T__conv_uint_ullong /src/hdf5/src/H5Tconv_integer.c:2641
  NEW_FUNC: 0x561d14d292b0 in H5T__conv_uint_float /src/hdf5/src/H5Tconv_integer.c:2681
  NEW_FUNC: 0x561d14d2e480 in H5T__conv_uint_double /src/hdf5/src/H5Tconv_integer.c:2699
  NEW_FUNC: 0x561d14d33f20 in H5T__conv_uint_ldouble /src/hdf5/src/H5Tconv_integer.c:2717
  NEW_FUNC: 0x561d14d39260 in H5T__conv_uint_fcomplex /src/hdf5/src/H5Tconv_integer.c:2737
  NEW_FUNC: 0x561d14d3ef10 in H5T__conv_uint_dcomplex /src/hdf5/src/H5Tconv_integer.c:2756
  NEW_FUNC: 0x561d14d43df0 in H5T__conv_uint_lcomplex /src/hdf5/src/H5Tconv_integer.c:2775
  NEW_FUNC: 0x561d14d662e0 in H5T__conv_long_float /src/hdf5/src/H5Tconv_integer.c:2969
  NEW_FUNC: 0x561d14d6c4c0 in H5T__conv_long_double /src/hdf5/src/H5Tconv_integer.c:2987
  NEW_FUNC: 0x561d14d71860 in H5T__conv_long_ldouble /src/hdf5/src/H5Tconv_integer.c:3005
  NEW_FUNC: 0x561d14d77190 in H5T__conv_long_fcomplex /src/hdf5/src/H5Tconv_integer.c:3025
  NEW_FUNC: 0x561d14d7c790 in H5T__conv_long_dcomplex /src/hdf5/src/H5Tconv_integer.c:3044
  NEW_FUNC: 0x561d14d81b00 in H5T__conv_long_lcomplex /src/hdf5/src/H5Tconv_integer.c:3063
  NEW_FUNC: 0x561d14da4380 in H5T__conv_ulong_float /src/hdf5/src/H5Tconv_integer.c:3257
  NEW_FUNC: 0x561d14daac00 in H5T__conv_ulong_double /src/hdf5/src/H5Tconv_integer.c:3275
  NEW_FUNC: 0x561d14db0450 in H5T__conv_ulong_ldouble /src/hdf5/src/H5Tconv_integer.c:3293
  NEW_FUNC: 0x561d14db5f40 in H5T__conv_ulong_fcomplex /src/hdf5/src/H5Tconv_integer.c:3313
  NEW_FUNC: 0x561d14dbba70 in H5T__conv_ulong_dcomplex /src/hdf5/src/H5Tconv_integer.c:3332
  NEW_FUNC: 0x561d14dc10f0 in H5T__conv_ulong_lcomplex /src/hdf5/src/H5Tconv_integer.c:3351
  NEW_FUNC: 0x561d14dc7d90 in H5T__conv_llong_schar /src/hdf5/src/H5Tconv_integer.c:3369
  NEW_FUNC: 0x561d14dcaf60 in H5T__conv_llong_uchar /src/hdf5/src/H5Tconv_integer.c:3386
  NEW_FUNC: 0x561d14dce0c0 in H5T__conv_llong_short /src/hdf5/src/H5Tconv_integer.c:3403
  NEW_FUNC: 0x561d14dd14d0 in H5T__conv_llong_ushort /src/hdf5/src/H5Tconv_integer.c:3420
  NEW_FUNC: 0x561d14dd4820 in H5T__conv_llong_int /src/hdf5/src/H5Tconv_integer.c:3437
  NEW_FUNC: 0x561d14dd7ca0 in H5T__conv_llong_uint /src/hdf5/src/H5Tconv_integer.c:3454
  NEW_FUNC: 0x561d14de13c0 in H5T__conv_llong_ullong /src/hdf5/src/H5Tconv_integer.c:3505
  NEW_FUNC: 0x561d14e05f90 in H5T__conv_ullong_schar /src/hdf5/src/H5Tconv_integer.c:3661
  NEW_FUNC: 0x561d14e08f90 in H5T__conv_ullong_uchar /src/hdf5/src/H5Tconv_integer.c:3678
  NEW_FUNC: 0x561d14e0bfb0 in H5T__conv_ullong_short /src/hdf5/src/H5Tconv_integer.c:3695
  NEW_FUNC: 0x561d14e0f370 in H5T__conv_ullong_ushort /src/hdf5/src/H5Tconv_integer.c:3712
  NEW_FUNC: 0x561d14e12730 in H5T__conv_ullong_int /src/hdf5/src/H5Tconv_integer.c:3729
  NEW_FUNC: 0x561d14e15ae0 in H5T__conv_ullong_uint /src/hdf5/src/H5Tconv_integer.c:3746
  NEW_FUNC: 0x561d14e1f360 in H5T__conv_ullong_llong /src/hdf5/src/H5Tconv_integer.c:3797
  NEW_FUNC: 0x561d14e52550 in H5T__init_native_float_types /src/hdf5/src/H5Tinit_float.c:465
  NEW_FUNC: 0x561d14e56670 in H5T__fix_order /src/hdf5/src/H5Tinit_float.c:302
  NEW_FUNC: 0x561d14e57440 in H5T__imp_bit /src/hdf5/src/H5Tinit_float.c:372
  NEW_FUNC: 0x561d14e57680 in H5T__bit_cmp /src/hdf5/src/H5Tinit_float.c:254
  NEW_FUNC: 0x561d14e57b90 in H5T__find_bias /src/hdf5/src/H5Tinit_float.c:414
  NEW_FUNC: 0x561d14e5c500 in H5T__init_native_internal /src/hdf5/src/H5Tnative.c:1119
  NEW_FUNC: 0x561d14e5cd50 in H5T__init_native_complex_types /src/hdf5/src/H5Tnative.c:1425
  NEW_FUNC: 0x561d14e60b80 in H5T__ref_set_loc /src/hdf5/src/H5Tref.c:160
  NEW_FUNC: 0x561d14e66c80 in H5T__vlen_create /src/hdf5/src/H5Tvlen.c:176
  NEW_FUNC: 0x561d14e67160 in H5T__vlen_set_loc /src/hdf5/src/H5Tvlen.c:234
  NEW_FUNC: 0x561d14e84000 in H5VL_file_open /src/hdf5/src/H5VLcallback.c:3826
  NEW_FUNC: 0x561d14e84730 in H5VL__file_open /src/hdf5/src/H5VLcallback.c:3701
  NEW_FUNC: 0x561d14ea3850 in H5VL_init_phase1 /src/hdf5/src/H5VLint.c:161
  NEW_FUNC: 0x561d14ea3980 in H5VL__init_package /src/hdf5/src/H5VLint.c:237
  NEW_FUNC: 0x561d14ea3ac0 in H5VL_init_phase2 /src/hdf5/src/H5VLint.c:187
  NEW_FUNC: 0x561d14ea4190 in H5VL__set_def_conn /src/hdf5/src/H5VLint.c:366
  NEW_FUNC: 0x561d14ea5360 in H5VL_conn_prop_free /src/hdf5/src/H5VLint.c:714
  NEW_FUNC: 0x561d14ea5bf0 in H5VL_conn_inc_rc /src/hdf5/src/H5VLint.c:985
  NEW_FUNC: 0x561d14ea6380 in H5VL_conn_dec_rc /src/hdf5/src/H5VLint.c:1014
  NEW_FUNC: 0x561d14ea7710 in H5VL_conn_prop_copy /src/hdf5/src/H5VLint.c:611
  NEW_FUNC: 0x561d14eab0d0 in H5VL__register_connector /src/hdf5/src/H5VLint.c:1313
  NEW_FUNC: 0x561d14eb1890 in H5VL__is_default_conn /src/hdf5/src/H5VLint.c:2575
  NEW_FUNC: 0x561d14eb3d30 in H5VL__native_register /src/hdf5/src/H5VLnative.c:193
  NEW_FUNC: 0x561d14ebffb0 in H5VL__native_file_open /src/hdf5/src/H5VLnative_file.c:120
  NEW_FUNC: 0x561d14ece100 in H5VL__passthru_register /src/hdf5/src/H5VLpassthru_int.c:54
  NEW_FUNC: 0x561d14f0a0e0 in H5__init_package /src/hdf5/src/H5.c:114
  NEW_FUNC: 0x561d14f0a210 in H5_init_library /src/hdf5/src/H5.c:144
  NEW_FUNC: 0x561d14f0ab50 in H5_check_version /src/hdf5/src/H5.c:853
  NEW_FUNC: 0x561d14f0d510 in H5__debug_mask /src/hdf5/src/H5.c:670
  NEW_FUNC: 0x561d14f0e3c0 in H5_user_cb_prepare /src/hdf5/src/H5.c:1300
  NEW_FUNC: 0x561d14f0e5a0 in H5_user_cb_restore /src/hdf5/src/H5.c:1330
  NEW_FUNC: 0x561d14f115f0 in H5_hash_string /src/hdf5/src/H5checksum.c:499
  NEW_FUNC: 0x561d14f15fd0 in H5A_init /src/hdf5/src/H5Aint.c:148
  NEW_FUNC: 0x561d14f16100 in H5A__init_package /src/hdf5/src/H5Aint.c:172
  NEW_FUNC: 0x561d14f256b0 in H5AC_create /src/hdf5/src/H5AC.c:251
  NEW_FUNC: 0x561d14f26010 in H5AC_validate_config /src/hdf5/src/H5AC.c:1883
  NEW_FUNC: 0x561d14f26ff0 in H5AC_validate_cache_image_config /src/hdf5/src/H5AC.c:1956
  NEW_FUNC: 0x561d14f27560 in H5AC_set_cache_auto_resize_config /src/hdf5/src/H5AC.c:1794
  NEW_FUNC: 0x561d14f28320 in H5AC_dest /src/hdf5/src/H5AC.c:428
  NEW_FUNC: 0x561d14f2b220 in H5AC_prep_for_file_close /src/hdf5/src/H5AC.c:1107
  NEW_FUNC: 0x561d14f2e180 in H5AC_tag /src/hdf5/src/H5AC.c:2141
  NEW_FUNC: 0x561d14f77080 in H5C_create /src/hdf5/src/H5C.c:128
  NEW_FUNC: 0x561d14f78370 in H5C_reset_cache_hit_rate_stats /src/hdf5/src/H5C.c:785
  NEW_FUNC: 0x561d14f78520 in H5C_prep_for_file_close /src/hdf5/src/H5C.c:395
  NEW_FUNC: 0x561d14f78880 in H5C_dest /src/hdf5/src/H5C.c:482
  NEW_FUNC: 0x561d14f794a0 in H5C_set_slist_enabled /src/hdf5/src/H5C.c:1075
  NEW_FUNC: 0x561d14f7ac30 in H5C_set_cache_auto_resize_config /src/hdf5/src/H5C.c:818
  NEW_FUNC: 0x561d14f7c530 in H5C_validate_resize_config /src/hdf5/src/H5C.c:1207
  NEW_FUNC: 0x561d14f7d980 in H5C_set_evictions_enabled /src/hdf5/src/H5C.c:1005
  NEW_FUNC: 0x561d14f80b50 in H5C_stats__reset /src/hdf5/src/H5Cdbg.c:683
  NEW_FUNC: 0x561d14f9d610 in H5C_cache_image_status /src/hdf5/src/H5Cimage.c:229
  NEW_FUNC: 0x561d14fa8520 in H5C__prep_image_for_file_close /src/hdf5/src/H5Cimage.c:832
  NEW_FUNC: 0x561d14fac610 in H5C_set_cache_image_config /src/hdf5/src/H5Cimage.c:1114
  NEW_FUNC: 0x561d14fac960 in H5C_validate_cache_image_config /src/hdf5/src/H5Cimage.c:1186
  NEW_FUNC: 0x561d14fb25c0 in H5C__flush_invalidate_cache /src/hdf5/src/H5Cint.c:991
  NEW_FUNC: 0x561d14fb74a0 in H5C_get_logging_status /src/hdf5/src/H5Clog.c:257
  NEW_FUNC: 0x561d14fcf510 in H5CX__init_package /src/hdf5/src/H5CX.c:266
  NEW_FUNC: 0x561d14fd0bc0 in H5CX_pushed /src/hdf5/src/H5CX.c:507
  NEW_FUNC: 0x561d14fd0c40 in H5CX_push /src/hdf5/src/H5CX.c:533
  NEW_FUNC: 0x561d14fd3530 in H5CX_set_apl /src/hdf5/src/H5CX.c:1012
  NEW_FUNC: 0x561d14fd3e40 in H5CX_set_vol_connector_prop /src/hdf5/src/H5CX.c:1210
  NEW_FUNC: 0x561d14fd4040 in H5CX_get_dxpl /src/hdf5/src/H5CX.c:1241
  NEW_FUNC: 0x561d14fd4470 in H5CX_get_vol_connector_prop /src/hdf5/src/H5CX.c:1336
  NEW_FUNC: 0x561d14fd4690 in H5CX_get_tag /src/hdf5/src/H5CX.c:1369
  NEW_FUNC: 0x561d14fdb810 in H5CX_set_tag /src/hdf5/src/H5CX.c:2597
  NEW_FUNC: 0x561d14fdc5a0 in H5CX_pop /src/hdf5/src/H5CX.c:3317
  NEW_FUNC: 0x561d15048800 in H5D_init /src/hdf5/src/H5Dint.c:162
  NEW_FUNC: 0x561d150489d0 in H5D__init_package /src/hdf5/src/H5Dint.c:189
  NEW_FUNC: 0x561d150d1df0 in H5F__accum_reset /src/hdf5/src/H5Faccum.c:1046
  NEW_FUNC: 0x561d15119710 in H5FS_init /src/hdf5/src/H5FSint.c:80
  NEW_FUNC: 0x561d151aeac0 in H5L_register_external /src/hdf5/src/H5Lexternal.c:318
  NEW_FUNC: 0x561d151b0740 in H5M_init /src/hdf5/src/H5M.c:94
  NEW_FUNC: 0x561d151b0870 in H5M__init_package /src/hdf5/src/H5M.c:117
  NEW_FUNC: 0x561d15201740 in H5O__efl_copy /src/hdf5/src/H5Oefl.c:269
  NEW_FUNC: 0x561d15204740 in H5O__fill_copy /src/hdf5/src/H5Ofill.c:534
  NEW_FUNC: 0x561d15216a70 in H5P__dcrt_reg_prop /src/hdf5/src/H5Pdcpl.c:301
  NEW_FUNC: 0x561d15235500 in H5P__dcrt_layout_get /src/hdf5/src/H5Pdcpl.c:391
  NEW_FUNC: 0x561d1523f640 in H5P__dcrt_fill_value_get /src/hdf5/src/H5Pdcpl.c:1098
  NEW_FUNC: 0x561d15241d80 in H5P__dcrt_ext_file_list_get /src/hdf5/src/H5Pdcpl.c:1476
  NEW_FUNC: 0x561d152469b0 in H5P__dxfr_reg_prop /src/hdf5/src/H5Pdxpl.c:313
  NEW_FUNC: 0x561d152581a0 in H5P__fcrt_reg_prop /src/hdf5/src/H5Pfcpl.c:207
  NEW_FUNC: 0x561d15265c90 in H5P__fmnt_reg_prop /src/hdf5/src/H5Pfmpl.c:105
  NEW_FUNC: 0x561d15265e40 in H5P__gcrt_reg_prop /src/hdf5/src/H5Pgcpl.c:114
  NEW_FUNC: 0x561d152e4e40 in H5VL_pass_through_init /src/hdf5/src/H5VLpassthru.c:427
#852: cov: 1946 ft: 2087 corp: 2 exec/s: 175 oom/timeout/crash: 0/0/0 time: 4s job: 2 dft_time: 0
#1582: cov: 1947 ft: 2089 corp: 3 exec/s: 182 oom/timeout/crash: 0/0/0 time: 5s job: 3 dft_time: 0
#2526: cov: 1947 ft: 2089 corp: 3 exec/s: 188 oom/timeout/crash: 0/0/0 time: 5s job: 4 dft_time: 0
  NEW_FUNC: 0x561d14768fd0 in H5F__set_eoa /src/hdf5/src/H5Fint.c:3582
  NEW_FUNC: 0x561d1476e460 in H5F_block_read /src/hdf5/src/H5Fio.c:117
  NEW_FUNC: 0x561d14774e70 in H5F_get_read_attempts /src/hdf5/src/H5Fquery.c:342
  NEW_FUNC: 0x561d14775e30 in H5F_get_eoa /src/hdf5/src/H5Fquery.c:924
  NEW_FUNC: 0x561d14782530 in H5F__cache_superblock_get_initial_load_size /src/hdf5/src/H5Fsuper_cache.c:303
  NEW_FUNC: 0x561d147825f0 in H5F__cache_superblock_get_final_load_size /src/hdf5/src/H5Fsuper_cache.c:325
  NEW_FUNC: 0x561d14786e30 in H5F__superblock_prefix_decode /src/hdf5/src/H5Fsuper_cache.c:142
  NEW_FUNC: 0x561d14964ce0 in H5PB_read /src/hdf5/src/H5PB.c:653
  NEW_FUNC: 0x561d14f2bad0 in H5AC_protect /src/hdf5/src/H5AC.c:1269
  NEW_FUNC: 0x561d14f2ef90 in H5AC_set_ring /src/hdf5/src/H5AC.c:2431
  NEW_FUNC: 0x561d14f8f130 in H5C_protect /src/hdf5/src/H5Centry.c:2996
  NEW_FUNC: 0x561d14f9c3c0 in H5C__verify_len_eoa /src/hdf5/src/H5Centry.c:950
  NEW_FUNC: 0x561d14fd4720 in H5CX_get_ring /src/hdf5/src/H5CX.c:1396
  NEW_FUNC: 0x561d14fdb8a0 in H5CX_set_ring /src/hdf5/src/H5CX.c:2622
  NEW_FUNC: 0x561d150cdc30 in H5F__accum_read /src/hdf5/src/H5Faccum.c:99
#3826: cov: 2013 ft: 2180 corp: 4 exec/s: 216 oom/timeout/crash: 0/0/0 time: 6s job: 5 dft_time: 0
#5385: cov: 2013 ft: 2180 corp: 4 exec/s: 222 oom/timeout/crash: 0/0/0 time: 12s job: 6 dft_time: 0
#7126: cov: 2014 ft: 2181 corp: 5 exec/s: 217 oom/timeout/crash: 0/0/0 time: 13s job: 7 dft_time: 0
#9145: cov: 2014 ft: 2181 corp: 5 exec/s: 224 oom/timeout/crash: 0/0/0 time: 14s job: 8 dft_time: 0
#11403: cov: 2014 ft: 2181 corp: 5 exec/s: 225 oom/timeout/crash: 0/0/0 time: 16s job: 9 dft_time: 0
#13842: cov: 2014 ft: 2181 corp: 5 exec/s: 221 oom/timeout/crash: 0/0/0 time: 17s job: 10 dft_time: 0
#16737: cov: 2014 ft: 2181 corp: 5 exec/s: 241 oom/timeout/crash: 0/0/0 time: 24s job: 11 dft_time: 0
#19883: cov: 2014 ft: 2181 corp: 5 exec/s: 242 oom/timeout/crash: 0/0/0 time: 27s job: 12 dft_time: 0
#23568: cov: 2014 ft: 2181 corp: 5 exec/s: 263 oom/timeout/crash: 0/0/0 time: 29s job: 13 dft_time: 0
#27184: cov: 2014 ft: 2181 corp: 5 exec/s: 241 oom/timeout/crash: 0/0/0 time: 31s job: 14 dft_time: 0
#30955: cov: 2014 ft: 2181 corp: 5 exec/s: 235 oom/timeout/crash: 0/0/0 time: 34s job: 15 dft_time: 0
#34342: cov: 2015 ft: 2182 corp: 6 exec/s: 199 oom/timeout/crash: 0/0/0 time: 42s job: 16 dft_time: 0
#38032: cov: 2015 ft: 2182 corp: 6 exec/s: 205 oom/timeout/crash: 0/0/0 time: 45s job: 17 dft_time: 0
#42053: cov: 2015 ft: 2182 corp: 6 exec/s: 211 oom/timeout/crash: 0/0/0 time: 48s job: 18 dft_time: 0
#46929: cov: 2015 ft: 2182 corp: 6 exec/s: 243 oom/timeout/crash: 0/0/0 time: 52s job: 19 dft_time: 0
#52136: cov: 2015 ft: 2182 corp: 6 exec/s: 247 oom/timeout/crash: 0/0/0 time: 56s job: 20 dft_time: 0
#57968: cov: 2017 ft: 2184 corp: 7 exec/s: 265 oom/timeout/crash: 0/0/0 time: 65s job: 21 dft_time: 0
#64094: cov: 2018 ft: 2192 corp: 9 exec/s: 266 oom/timeout/crash: 0/0/0 time: 69s job: 22 dft_time: 0
#70205: cov: 2018 ft: 2192 corp: 9 exec/s: 254 oom/timeout/crash: 0/0/0 time: 73s job: 23 dft_time: 0
#75824: cov: 2019 ft: 2193 corp: 10 exec/s: 224 oom/timeout/crash: 0/0/0 time: 78s job: 24 dft_time: 0
#81602: cov: 2019 ft: 2193 corp: 10 exec/s: 222 oom/timeout/crash: 0/0/0 time: 82s job: 25 dft_time: 0
  NEW_FUNC: 0x561d14780e70 in H5F__super_free /src/hdf5/src/H5Fsuper.c:1573
  NEW_FUNC: 0x561d14782880 in H5F__cache_superblock_verify_chksum /src/hdf5/src/H5Fsuper_cache.c:366
  NEW_FUNC: 0x561d14782ba0 in H5F__cache_superblock_deserialize /src/hdf5/src/H5Fsuper_cache.c:404
#86761: cov: 2037 ft: 2272 corp: 11 exec/s: 191 oom/timeout/crash: 0/0/0 time: 92s job: 26 dft_time: 0
  NEW_FUNC: 0x561d14770650 in H5F_get_checksums /src/hdf5/src/H5Fio.c:500
  NEW_FUNC: 0x561d14f10d70 in H5_checksum_lookup3 /src/hdf5/src/H5checksum.c:366
  NEW_FUNC: 0x561d14f115c0 in H5_checksum_metadata /src/hdf5/src/H5checksum.c:473
  NEW_FUNC: 0x561d14f126f0 in H5_nanosleep /src/hdf5/src/H5system.c:858
#92045: cov: 2056 ft: 2291 corp: 12 exec/s: 188 oom/timeout/crash: 0/0/0 time: 97s job: 27 dft_time: 0
#97366: cov: 2056 ft: 2291 corp: 12 exec/s: 183 oom/timeout/crash: 0/0/0 time: 103s job: 28 dft_time: 0
#103062: cov: 2058 ft: 2294 corp: 14 exec/s: 189 oom/timeout/crash: 0/0/0 time: 108s job: 29 dft_time: 0
#108876: cov: 2059 ft: 2296 corp: 15 exec/s: 187 oom/timeout/crash: 0/0/0 time: 114s job: 30 dft_time: 0
#114933: cov: 2065 ft: 2306 corp: 21 exec/s: 189 oom/timeout/crash: 0/0/0 time: 125s job: 31 dft_time: 0
#121181: cov: 2067 ft: 2328 corp: 26 exec/s: 189 oom/timeout/crash: 0/0/0 time: 131s job: 32 dft_time: 0
#127358: cov: 2067 ft: 2328 corp: 26 exec/s: 181 oom/timeout/crash: 0/0/0 time: 137s job: 33 dft_time: 0
#133363: cov: 2067 ft: 2328 corp: 26 exec/s: 171 oom/timeout/crash: 0/0/0 time: 144s job: 34 dft_time: 0
#139679: cov: 2067 ft: 2328 corp: 26 exec/s: 175 oom/timeout/crash: 0/0/0 time: 151s job: 35 dft_time: 0
#146373: cov: 2069 ft: 2333 corp: 28 exec/s: 180 oom/timeout/crash: 0/0/0 time: 163s job: 36 dft_time: 0
#153427: cov: 2069 ft: 2333 corp: 28 exec/s: 185 oom/timeout/crash: 0/0/0 time: 170s job: 37 dft_time: 0
#160540: cov: 2072 ft: 2336 corp: 31 exec/s: 182 oom/timeout/crash: 0/0/0 time: 177s job: 38 dft_time: 0
#167556: cov: 2072 ft: 2336 corp: 31 exec/s: 175 oom/timeout/crash: 0/0/0 time: 185s job: 39 dft_time: 0
#174703: cov: 2072 ft: 2336 corp: 31 exec/s: 174 oom/timeout/crash: 0/0/0 time: 193s job: 40 dft_time: 0
#182336: cov: 2072 ft: 2336 corp: 31 exec/s: 181 oom/timeout/crash: 0/0/0 time: 206s job: 41 dft_time: 0
#190264: cov: 2072 ft: 2336 corp: 31 exec/s: 184 oom/timeout/crash: 0/0/0 time: 214s job: 42 dft_time: 0
  NEW_FUNC: 0x561d14766e70 in H5F_addr_decode /src/hdf5/src/H5Fint.c:3071
  NEW_FUNC: 0x561d14774f20 in H5F_sizeof_addr /src/hdf5/src/H5Fquery.c:383
  NEW_FUNC: 0x561d14774f70 in H5F_sizeof_size /src/hdf5/src/H5Fquery.c:404
  NEW_FUNC: 0x561d147860f0 in H5F__cache_superblock_free_icr /src/hdf5/src/H5Fsuper_cache.c:786
  NEW_FUNC: 0x561d147fc350 in H5G_ent_decode /src/hdf5/src/H5Gent.c:109
  NEW_FUNC: 0x561d14937f70 in H5P__set_pclass_cb /src/hdf5/src/H5Pint.c:3138
  NEW_FUNC: 0x561d14938f30 in H5P_exist_plist /src/hdf5/src/H5Pint.c:3388
  NEW_FUNC: 0x561d14f274d0 in H5AC__check_if_write_permitted /src/hdf5/src/H5AC.c:2009
  NEW_FUNC: 0x561d14f28bd0 in H5AC_expunge_entry /src/hdf5/src/H5AC.c:580
  NEW_FUNC: 0x561d14f2af10 in H5AC_pin_protected_entry /src/hdf5/src/H5AC.c:1062
  NEW_FUNC: 0x561d14f2c200 in H5AC_unpin_entry /src/hdf5/src/H5AC.c:1427
  NEW_FUNC: 0x561d14f2c830 in H5AC_unprotect /src/hdf5/src/H5AC.c:1532
  NEW_FUNC: 0x561d14f814a0 in H5C__flush_single_entry /src/hdf5/src/H5Centry.c:430
  NEW_FUNC: 0x561d14f8ec90 in H5C_pin_protected_entry /src/hdf5/src/H5Centry.c:2937
  NEW_FUNC: 0x561d14f95a60 in H5C_unpin_entry /src/hdf5/src/H5Centry.c:3398
  NEW_FUNC: 0x561d14f95cd0 in H5C__unpin_entry_from_client /src/hdf5/src/H5Centry.c:200
  NEW_FUNC: 0x561d14f964c0 in H5C_unprotect /src/hdf5/src/H5Centry.c:3454
  NEW_FUNC: 0x561d14f9ac20 in H5C_expunge_entry /src/hdf5/src/H5Centry.c:4061
  NEW_FUNC: 0x561d14fc8610 in H5C__tag_entry /src/hdf5/src/H5Ctag.c:186
  NEW_FUNC: 0x561d14fca360 in H5C__untag_entry /src/hdf5/src/H5Ctag.c:266
#198105: cov: 2242 ft: 2566 corp: 34 exec/s: 178 oom/timeout/crash: 0/0/0 time: 222s job: 43 dft_time: 0
  NEW_FUNC: 0x561d14768e60 in H5F__set_base_addr /src/hdf5/src/H5Fint.c:3556
  NEW_FUNC: 0x561d14786260 in H5F__cache_drvrinfo_get_initial_load_size /src/hdf5/src/H5Fsuper_cache.c:813
  NEW_FUNC: 0x561d14786320 in H5F__cache_drvrinfo_get_final_load_size /src/hdf5/src/H5Fsuper_cache.c:835
  NEW_FUNC: 0x561d147864e0 in H5F__cache_drvrinfo_deserialize /src/hdf5/src/H5Fsuper_cache.c:871
  NEW_FUNC: 0x561d14786d70 in H5F__cache_drvrinfo_free_icr /src/hdf5/src/H5Fsuper_cache.c:1000
  NEW_FUNC: 0x561d14787780 in H5F__drvrinfo_prefix_decode /src/hdf5/src/H5Fsuper_cache.c:227
  NEW_FUNC: 0x561d1478b9e0 in H5FD_sb_load /src/hdf5/src/H5FD.c:682
  NEW_FUNC: 0x561d1479f830 in H5FD_set_base_addr /src/hdf5/src/H5FD.c:2921
#206338: cov: 2299 ft: 2761 corp: 38 exec/s: 182 oom/timeout/crash: 0/0/0 time: 231s job: 44 dft_time: 0
#215162: cov: 2299 ft: 2762 corp: 39 exec/s: 191 oom/timeout/crash: 0/0/0 time: 239s job: 45 dft_time: 0
#223933: cov: 2299 ft: 2762 corp: 39 exec/s: 186 oom/timeout/crash: 0/0/0 time: 253s job: 46 dft_time: 0
#233450: cov: 2300 ft: 2768 corp: 45 exec/s: 198 oom/timeout/crash: 0/0/0 time: 262s job: 47 dft_time: 0
#243291: cov: 2300 ft: 2768 corp: 45 exec/s: 200 oom/timeout/crash: 0/0/0 time: 272s job: 48 dft_time: 0
#253168: cov: 2301 ft: 2772 corp: 48 exec/s: 197 oom/timeout/crash: 0/0/0 time: 282s job: 49 dft_time: 0
#263357: cov: 2301 ft: 2778 corp: 51 exec/s: 199 oom/timeout/crash: 0/0/0 time: 291s job: 50 dft_time: 0
#274616: cov: 2305 ft: 2783 corp: 54 exec/s: 216 oom/timeout/crash: 0/0/0 time: 306s job: 51 dft_time: 0
INFO: fuzzed for 306 seconds, wrapping up soon
INFO: exiting: 0 time: 307s
