INFO: Running with entropic power schedule (0xFF, 100).
INFO: Seed: 1993513972
INFO: Loaded 1 modules   (122624 inline 8-bit counters): 122624 [0x5641faa5bb20, 0x5641faa79a20), 
INFO: Loaded 1 PC tables (122624 PCs): 122624 [0x5641faa79a20,0x5641fac58a20), 
INFO: -fork=5: fuzzing in separate process(s)
INFO: -fork=5: 6 seed inputs, starting to fuzz in /tmp/libFuzzerTemp.FuzzWithFork4805.dir
#299: cov: 2197 ft: 2546 corp: 6 exec/s: 149 oom/timeout/crash: 0/0/0 time: 2s job: 1 dft_time: 0
#722: cov: 2197 ft: 2548 corp: 7 exec/s: 141 oom/timeout/crash: 0/0/0 time: 3s job: 2 dft_time: 0
#1327: cov: 2197 ft: 2548 corp: 7 exec/s: 151 oom/timeout/crash: 0/0/0 time: 4s job: 3 dft_time: 0
#2090: cov: 2197 ft: 2548 corp: 7 exec/s: 152 oom/timeout/crash: 0/0/0 time: 5s job: 4 dft_time: 0
#3144: cov: 2197 ft: 2548 corp: 7 exec/s: 175 oom/timeout/crash: 0/0/0 time: 6s job: 5 dft_time: 0
#4094: cov: 2197 ft: 2548 corp: 7 exec/s: 135 oom/timeout/crash: 0/0/0 time: 10s job: 6 dft_time: 0
#5084: cov: 2197 ft: 2548 corp: 7 exec/s: 123 oom/timeout/crash: 0/0/0 time: 12s job: 7 dft_time: 0
#6028: cov: 2197 ft: 2548 corp: 7 exec/s: 104 oom/timeout/crash: 0/0/0 time: 14s job: 8 dft_time: 0
#7286: cov: 2197 ft: 2548 corp: 7 exec/s: 125 oom/timeout/crash: 0/0/0 time: 16s job: 9 dft_time: 0
#8712: cov: 2197 ft: 2548 corp: 7 exec/s: 129 oom/timeout/crash: 0/0/0 time: 18s job: 10 dft_time: 0
#10010: cov: 2197 ft: 2548 corp: 7 exec/s: 108 oom/timeout/crash: 0/0/0 time: 23s job: 11 dft_time: 0
#11382: cov: 2197 ft: 2548 corp: 7 exec/s: 105 oom/timeout/crash: 0/0/0 time: 26s job: 12 dft_time: 0
#12902: cov: 2197 ft: 2548 corp: 7 exec/s: 108 oom/timeout/crash: 0/0/0 time: 30s job: 13 dft_time: 0
#14585: cov: 2197 ft: 2548 corp: 7 exec/s: 112 oom/timeout/crash: 0/0/0 time: 32s job: 14 dft_time: 0
#16389: cov: 2197 ft: 2548 corp: 7 exec/s: 112 oom/timeout/crash: 0/0/0 time: 35s job: 15 dft_time: 0
#18547: cov: 2197 ft: 2548 corp: 7 exec/s: 126 oom/timeout/crash: 0/0/0 time: 41s job: 16 dft_time: 0
#21008: cov: 2207 ft: 2647 corp: 10 exec/s: 136 oom/timeout/crash: 0/0/0 time: 45s job: 17 dft_time: 0
#22136: cov: 2207 ft: 2647 corp: 10 exec/s: 59 oom/timeout/crash: 0/0/0 time: 50s job: 18 dft_time: 0
#25092: cov: 2207 ft: 2647 corp: 10 exec/s: 147 oom/timeout/crash: 0/0/0 time: 53s job: 19 dft_time: 0
#28102: cov: 2207 ft: 2647 corp: 10 exec/s: 143 oom/timeout/crash: 0/0/0 time: 57s job: 20 dft_time: 0
#30691: cov: 2207 ft: 2647 corp: 10 exec/s: 117 oom/timeout/crash: 0/0/0 time: 64s job: 21 dft_time: 0
#33797: cov: 2207 ft: 2647 corp: 10 exec/s: 135 oom/timeout/crash: 0/0/0 time: 69s job: 22 dft_time: 0
#36872: cov: 2225 ft: 2674 corp: 26 exec/s: 128 oom/timeout/crash: 0/0/0 time: 75s job: 23 dft_time: 0
#39279: cov: 2225 ft: 2674 corp: 26 exec/s: 96 oom/timeout/crash: 0/0/0 time: 79s job: 24 dft_time: 0
#41323: cov: 2225 ft: 2674 corp: 26 exec/s: 78 oom/timeout/crash: 0/0/0 time: 84s job: 25 dft_time: 0
#42811: cov: 2225 ft: 2674 corp: 26 exec/s: 55 oom/timeout/crash: 0/0/0 time: 92s job: 26 dft_time: 0
#46386: cov: 2225 ft: 2674 corp: 26 exec/s: 127 oom/timeout/crash: 0/0/0 time: 98s job: 27 dft_time: 0
#50528: cov: 2226 ft: 2676 corp: 28 exec/s: 142 oom/timeout/crash: 0/0/0 time: 105s job: 28 dft_time: 0
#54203: cov: 2226 ft: 2676 corp: 28 exec/s: 122 oom/timeout/crash: 0/0/0 time: 111s job: 29 dft_time: 0
#58340: cov: 2226 ft: 2676 corp: 28 exec/s: 133 oom/timeout/crash: 0/0/0 time: 116s job: 30 dft_time: 0
#62533: cov: 2226 ft: 2676 corp: 28 exec/s: 131 oom/timeout/crash: 0/0/0 time: 125s job: 31 dft_time: 0
#66933: cov: 2226 ft: 2676 corp: 28 exec/s: 133 oom/timeout/crash: 0/0/0 time: 132s job: 32 dft_time: 0
#71604: cov: 2226 ft: 2676 corp: 28 exec/s: 137 oom/timeout/crash: 0/0/0 time: 140s job: 33 dft_time: 0
#74909: cov: 2226 ft: 2677 corp: 29 exec/s: 94 oom/timeout/crash: 0/0/0 time: 147s job: 34 dft_time: 0
#79281: cov: 2226 ft: 2677 corp: 29 exec/s: 121 oom/timeout/crash: 0/0/0 time: 153s job: 35 dft_time: 0
#84258: cov: 2226 ft: 2677 corp: 29 exec/s: 134 oom/timeout/crash: 0/0/0 time: 164s job: 36 dft_time: 0
#87718: cov: 2226 ft: 2677 corp: 29 exec/s: 91 oom/timeout/crash: 0/0/0 time: 171s job: 37 dft_time: 0
#92433: cov: 2226 ft: 2677 corp: 29 exec/s: 120 oom/timeout/crash: 0/0/0 time: 180s job: 38 dft_time: 0
#97120: cov: 2226 ft: 2677 corp: 29 exec/s: 117 oom/timeout/crash: 0/0/0 time: 188s job: 39 dft_time: 0
#102889: cov: 2226 ft: 2677 corp: 29 exec/s: 140 oom/timeout/crash: 0/0/0 time: 195s job: 40 dft_time: 0
#109656: cov: 2226 ft: 2677 corp: 29 exec/s: 161 oom/timeout/crash: 0/0/0 time: 207s job: 41 dft_time: 0
#117852: cov: 2226 ft: 2677 corp: 29 exec/s: 190 oom/timeout/crash: 0/0/0 time: 216s job: 42 dft_time: 0
#126710: cov: 2226 ft: 2677 corp: 29 exec/s: 201 oom/timeout/crash: 0/0/0 time: 225s job: 43 dft_time: 0
#137362: cov: 2226 ft: 2677 corp: 29 exec/s: 236 oom/timeout/crash: 0/0/0 time: 234s job: 44 dft_time: 0
#143856: cov: 2226 ft: 2677 corp: 29 exec/s: 141 oom/timeout/crash: 0/0/0 time: 242s job: 45 dft_time: 0
#154435: cov: 2226 ft: 2677 corp: 29 exec/s: 225 oom/timeout/crash: 0/0/0 time: 254s job: 46 dft_time: 0
#164893: cov: 2226 ft: 2677 corp: 29 exec/s: 217 oom/timeout/crash: 0/0/0 time: 264s job: 47 dft_time: 0
#173865: cov: 2226 ft: 2677 corp: 29 exec/s: 183 oom/timeout/crash: 0/0/0 time: 275s job: 48 dft_time: 0
#185838: cov: 2226 ft: 2677 corp: 29 exec/s: 239 oom/timeout/crash: 0/0/0 time: 285s job: 49 dft_time: 0
#194647: cov: 2226 ft: 2677 corp: 29 exec/s: 172 oom/timeout/crash: 0/0/0 time: 294s job: 50 dft_time: 0
#206850: cov: 2226 ft: 2677 corp: 29 exec/s: 234 oom/timeout/crash: 0/0/0 time: 307s job: 51 dft_time: 0
INFO: fuzzed for 308 seconds, wrapping up soon
INFO: exiting: 0 time: 308s
